INFO - 2023-09-13 03:24:31 --> Session: Class initialized using 'CodeIgniter\Session\Handlers\FileHandler' driver.
INFO - 2023-09-13 03:25:42 --> Session: Class initialized using 'CodeIgniter\Session\Handlers\FileHandler' driver.
INFO - 2023-09-13 03:26:08 --> Session: Class initialized using 'CodeIgniter\Session\Handlers\FileHandler' driver.
INFO - 2023-09-13 03:26:14 --> Session: Class initialized using 'CodeIgniter\Session\Handlers\FileHandler' driver.
ERROR - 2023-09-13 03:26:41 --> Error connecting to the database: ErrorException: pg_connect(): Unable to connect to PostgreSQL server: connection to server at &quot;192.168.13.28&quot;, port 5432 failed: Connection timed out
	Is the server running on that host and accepting TCP/IP connections? in /var/www/html/ci4-admin-lte/vendor/codeigniter4/framework/system/Database/postgre/Connection.php:72
Stack trace:
#0 [internal function]: CodeIgniter\Debug\Exceptions->errorHandler()
#1 /var/www/html/ci4-admin-lte/vendor/codeigniter4/framework/system/Database/postgre/Connection.php(72): pg_connect()
#2 /var/www/html/ci4-admin-lte/vendor/codeigniter4/framework/system/Database/BaseConnection.php(391): CodeIgniter\Database\Postgre\Connection->connect()
#3 /var/www/html/ci4-admin-lte/vendor/codeigniter4/framework/system/Database/BaseConnection.php(574): CodeIgniter\Database\BaseConnection->initialize()
#4 /var/www/html/ci4-admin-lte/app/Models/IndexModel.php(32): CodeIgniter\Database\BaseConnection->query()
#5 /var/www/html/ci4-admin-lte/app/Controllers/index.php(56): App\Models\IndexModel->radicado()
#6 /var/www/html/ci4-admin-lte/vendor/codeigniter4/framework/system/CodeIgniter.php(932): App\Controllers\Index->radicar()
#7 /var/www/html/ci4-admin-lte/vendor/codeigniter4/framework/system/CodeIgniter.php(497): CodeIgniter\CodeIgniter->runController()
#8 /var/www/html/ci4-admin-lte/vendor/codeigniter4/framework/system/CodeIgniter.php(366): CodeIgniter\CodeIgniter->handleRequest()
#9 /var/www/html/ci4-admin-lte/public/index.php(72): CodeIgniter\CodeIgniter->run()
#10 {main}
CRITICAL - 2023-09-13 03:26:41 --> Unable to connect to the database.
Main connection [postgre]: pg_connect(): Unable to connect to PostgreSQL server: connection to server at &quot;192.168.13.28&quot;, port 5432 failed: Connection timed out
	Is the server running on that host and accepting TCP/IP connections?
in SYSTEMPATH/Database/BaseConnection.php on line 427.
 1 SYSTEMPATH/Database/BaseConnection.php(574): CodeIgniter\Database\BaseConnection->initialize()
 2 APPPATH/Models/IndexModel.php(32): CodeIgniter\Database\BaseConnection->query()
 3 APPPATH/Controllers/index.php(56): App\Models\IndexModel->radicado()
 4 SYSTEMPATH/CodeIgniter.php(932): App\Controllers\Index->radicar()
 5 SYSTEMPATH/CodeIgniter.php(497): CodeIgniter\CodeIgniter->runController()
 6 SYSTEMPATH/CodeIgniter.php(366): CodeIgniter\CodeIgniter->handleRequest()
 7 FCPATH/index.php(72): CodeIgniter\CodeIgniter->run()
INFO - 2023-09-13 03:27:08 --> Session: Class initialized using 'CodeIgniter\Session\Handlers\FileHandler' driver.
INFO - 2023-09-13 03:27:12 --> Session: Class initialized using 'CodeIgniter\Session\Handlers\FileHandler' driver.
ERROR - 2023-09-13 03:27:55 --> Error connecting to the database: ErrorException: pg_connect(): Unable to connect to PostgreSQL server: connection to server at &quot;192.168.13.28&quot;, port 5432 failed: Connection timed out
	Is the server running on that host and accepting TCP/IP connections? in /var/www/html/ci4-admin-lte/vendor/codeigniter4/framework/system/Database/postgre/Connection.php:72
Stack trace:
#0 [internal function]: CodeIgniter\Debug\Exceptions->errorHandler()
#1 /var/www/html/ci4-admin-lte/vendor/codeigniter4/framework/system/Database/postgre/Connection.php(72): pg_connect()
#2 /var/www/html/ci4-admin-lte/vendor/codeigniter4/framework/system/Database/BaseConnection.php(391): CodeIgniter\Database\Postgre\Connection->connect()
#3 /var/www/html/ci4-admin-lte/vendor/codeigniter4/framework/system/Database/BaseConnection.php(574): CodeIgniter\Database\BaseConnection->initialize()
#4 /var/www/html/ci4-admin-lte/app/Models/IndexModel.php(32): CodeIgniter\Database\BaseConnection->query()
#5 /var/www/html/ci4-admin-lte/app/Controllers/index.php(56): App\Models\IndexModel->radicado()
#6 /var/www/html/ci4-admin-lte/vendor/codeigniter4/framework/system/CodeIgniter.php(932): App\Controllers\Index->radicar()
#7 /var/www/html/ci4-admin-lte/vendor/codeigniter4/framework/system/CodeIgniter.php(497): CodeIgniter\CodeIgniter->runController()
#8 /var/www/html/ci4-admin-lte/vendor/codeigniter4/framework/system/CodeIgniter.php(366): CodeIgniter\CodeIgniter->handleRequest()
#9 /var/www/html/ci4-admin-lte/public/index.php(72): CodeIgniter\CodeIgniter->run()
#10 {main}
CRITICAL - 2023-09-13 03:27:55 --> Unable to connect to the database.
Main connection [postgre]: pg_connect(): Unable to connect to PostgreSQL server: connection to server at &quot;192.168.13.28&quot;, port 5432 failed: Connection timed out
	Is the server running on that host and accepting TCP/IP connections?
in SYSTEMPATH/Database/BaseConnection.php on line 427.
 1 SYSTEMPATH/Database/BaseConnection.php(574): CodeIgniter\Database\BaseConnection->initialize()
 2 APPPATH/Models/IndexModel.php(32): CodeIgniter\Database\BaseConnection->query()
 3 APPPATH/Controllers/index.php(56): App\Models\IndexModel->radicado()
 4 SYSTEMPATH/CodeIgniter.php(932): App\Controllers\Index->radicar()
 5 SYSTEMPATH/CodeIgniter.php(497): CodeIgniter\CodeIgniter->runController()
 6 SYSTEMPATH/CodeIgniter.php(366): CodeIgniter\CodeIgniter->handleRequest()
 7 FCPATH/index.php(72): CodeIgniter\CodeIgniter->run()
INFO - 2023-09-13 03:27:57 --> Session: Class initialized using 'CodeIgniter\Session\Handlers\FileHandler' driver.
INFO - 2023-09-13 03:28:03 --> Session: Class initialized using 'CodeIgniter\Session\Handlers\FileHandler' driver.
CRITICAL - 2023-09-13 03:28:03 --> Trying to access array offset on value of type null
in APPPATH/views/index/radicar.php on line 238.
 1 APPPATH/views/index/radicar.php(238): CodeIgniter\Debug\Exceptions->errorHandler()
 2 APPPATH/Views/template/template.php(16): include('/var/www/html/ci4-admin-lte/app/views/index/radicar.php')
 3 SYSTEMPATH/View/View.php(224): include('/var/www/html/ci4-admin-lte/app/Views/template/template.php')
 4 SYSTEMPATH/View/View.php(227): CodeIgniter\View\View->CodeIgniter\View\{closure}()
 5 SYSTEMPATH/Common.php(1180): CodeIgniter\View\View->render()
 6 APPPATH/Entities/Template.php(27): view()
 7 APPPATH/Controllers/index.php(168): App\Entities\Template->renderview()
 8 SYSTEMPATH/CodeIgniter.php(932): App\Controllers\Index->radicar()
 9 SYSTEMPATH/CodeIgniter.php(497): CodeIgniter\CodeIgniter->runController()
10 SYSTEMPATH/CodeIgniter.php(366): CodeIgniter\CodeIgniter->handleRequest()
11 FCPATH/index.php(72): CodeIgniter\CodeIgniter->run()
ERROR - 2023-09-13 03:28:23 --> Error connecting to the database: ErrorException: pg_connect(): Unable to connect to PostgreSQL server: connection to server at &quot;192.168.13.28&quot;, port 5432 failed: Connection timed out
	Is the server running on that host and accepting TCP/IP connections? in /var/www/html/ci4-admin-lte/vendor/codeigniter4/framework/system/Database/postgre/Connection.php:72
Stack trace:
#0 [internal function]: CodeIgniter\Debug\Exceptions->errorHandler()
#1 /var/www/html/ci4-admin-lte/vendor/codeigniter4/framework/system/Database/postgre/Connection.php(72): pg_connect()
#2 /var/www/html/ci4-admin-lte/vendor/codeigniter4/framework/system/Database/BaseConnection.php(391): CodeIgniter\Database\Postgre\Connection->connect()
#3 /var/www/html/ci4-admin-lte/vendor/codeigniter4/framework/system/Database/BaseConnection.php(574): CodeIgniter\Database\BaseConnection->initialize()
#4 /var/www/html/ci4-admin-lte/app/Models/IndexModel.php(32): CodeIgniter\Database\BaseConnection->query()
#5 /var/www/html/ci4-admin-lte/app/Controllers/index.php(56): App\Models\IndexModel->radicado()
#6 /var/www/html/ci4-admin-lte/vendor/codeigniter4/framework/system/CodeIgniter.php(932): App\Controllers\Index->radicar()
#7 /var/www/html/ci4-admin-lte/vendor/codeigniter4/framework/system/CodeIgniter.php(497): CodeIgniter\CodeIgniter->runController()
#8 /var/www/html/ci4-admin-lte/vendor/codeigniter4/framework/system/CodeIgniter.php(366): CodeIgniter\CodeIgniter->handleRequest()
#9 /var/www/html/ci4-admin-lte/public/index.php(72): CodeIgniter\CodeIgniter->run()
#10 {main}
CRITICAL - 2023-09-13 03:28:23 --> Unable to connect to the database.
Main connection [postgre]: pg_connect(): Unable to connect to PostgreSQL server: connection to server at &quot;192.168.13.28&quot;, port 5432 failed: Connection timed out
	Is the server running on that host and accepting TCP/IP connections?
in SYSTEMPATH/Database/BaseConnection.php on line 427.
 1 SYSTEMPATH/Database/BaseConnection.php(574): CodeIgniter\Database\BaseConnection->initialize()
 2 APPPATH/Models/IndexModel.php(32): CodeIgniter\Database\BaseConnection->query()
 3 APPPATH/Controllers/index.php(56): App\Models\IndexModel->radicado()
 4 SYSTEMPATH/CodeIgniter.php(932): App\Controllers\Index->radicar()
 5 SYSTEMPATH/CodeIgniter.php(497): CodeIgniter\CodeIgniter->runController()
 6 SYSTEMPATH/CodeIgniter.php(366): CodeIgniter\CodeIgniter->handleRequest()
 7 FCPATH/index.php(72): CodeIgniter\CodeIgniter->run()
INFO - 2023-09-13 03:28:23 --> Session: Class initialized using 'CodeIgniter\Session\Handlers\FileHandler' driver.
INFO - 2023-09-13 03:28:24 --> Session: Class initialized using 'CodeIgniter\Session\Handlers\FileHandler' driver.
INFO - 2023-09-13 03:28:24 --> Session: Class initialized using 'CodeIgniter\Session\Handlers\FileHandler' driver.
INFO - 2023-09-13 03:28:28 --> Session: Class initialized using 'CodeIgniter\Session\Handlers\FileHandler' driver.
ERROR - 2023-09-13 03:29:21 --> Error connecting to the database: ErrorException: pg_connect(): Unable to connect to PostgreSQL server: connection to server at &quot;192.168.13.28&quot;, port 5432 failed: Connection timed out
	Is the server running on that host and accepting TCP/IP connections? in /var/www/html/ci4-admin-lte/vendor/codeigniter4/framework/system/Database/postgre/Connection.php:72
Stack trace:
#0 [internal function]: CodeIgniter\Debug\Exceptions->errorHandler()
#1 /var/www/html/ci4-admin-lte/vendor/codeigniter4/framework/system/Database/postgre/Connection.php(72): pg_connect()
#2 /var/www/html/ci4-admin-lte/vendor/codeigniter4/framework/system/Database/BaseConnection.php(391): CodeIgniter\Database\Postgre\Connection->connect()
#3 /var/www/html/ci4-admin-lte/vendor/codeigniter4/framework/system/Database/BaseConnection.php(574): CodeIgniter\Database\BaseConnection->initialize()
#4 /var/www/html/ci4-admin-lte/app/Models/IndexModel.php(32): CodeIgniter\Database\BaseConnection->query()
#5 /var/www/html/ci4-admin-lte/app/Controllers/index.php(56): App\Models\IndexModel->radicado()
#6 /var/www/html/ci4-admin-lte/vendor/codeigniter4/framework/system/CodeIgniter.php(932): App\Controllers\Index->radicar()
#7 /var/www/html/ci4-admin-lte/vendor/codeigniter4/framework/system/CodeIgniter.php(497): CodeIgniter\CodeIgniter->runController()
#8 /var/www/html/ci4-admin-lte/vendor/codeigniter4/framework/system/CodeIgniter.php(366): CodeIgniter\CodeIgniter->handleRequest()
#9 /var/www/html/ci4-admin-lte/public/index.php(72): CodeIgniter\CodeIgniter->run()
#10 {main}
CRITICAL - 2023-09-13 03:29:21 --> Unable to connect to the database.
Main connection [postgre]: pg_connect(): Unable to connect to PostgreSQL server: connection to server at &quot;192.168.13.28&quot;, port 5432 failed: Connection timed out
	Is the server running on that host and accepting TCP/IP connections?
in SYSTEMPATH/Database/BaseConnection.php on line 427.
 1 SYSTEMPATH/Database/BaseConnection.php(574): CodeIgniter\Database\BaseConnection->initialize()
 2 APPPATH/Models/IndexModel.php(32): CodeIgniter\Database\BaseConnection->query()
 3 APPPATH/Controllers/index.php(56): App\Models\IndexModel->radicado()
 4 SYSTEMPATH/CodeIgniter.php(932): App\Controllers\Index->radicar()
 5 SYSTEMPATH/CodeIgniter.php(497): CodeIgniter\CodeIgniter->runController()
 6 SYSTEMPATH/CodeIgniter.php(366): CodeIgniter\CodeIgniter->handleRequest()
 7 FCPATH/index.php(72): CodeIgniter\CodeIgniter->run()
INFO - 2023-09-13 03:30:17 --> Session: Class initialized using 'CodeIgniter\Session\Handlers\FileHandler' driver.
ERROR - 2023-09-13 03:30:34 --> Error connecting to the database: ErrorException: pg_connect(): Unable to connect to PostgreSQL server: connection to server at &quot;192.168.13.28&quot;, port 5432 failed: Connection timed out
	Is the server running on that host and accepting TCP/IP connections? in /var/www/html/ci4-admin-lte/vendor/codeigniter4/framework/system/Database/postgre/Connection.php:72
Stack trace:
#0 [internal function]: CodeIgniter\Debug\Exceptions->errorHandler()
#1 /var/www/html/ci4-admin-lte/vendor/codeigniter4/framework/system/Database/postgre/Connection.php(72): pg_connect()
#2 /var/www/html/ci4-admin-lte/vendor/codeigniter4/framework/system/Database/BaseConnection.php(391): CodeIgniter\Database\Postgre\Connection->connect()
#3 /var/www/html/ci4-admin-lte/vendor/codeigniter4/framework/system/Database/BaseConnection.php(574): CodeIgniter\Database\BaseConnection->initialize()
#4 /var/www/html/ci4-admin-lte/app/Models/IndexModel.php(32): CodeIgniter\Database\BaseConnection->query()
#5 /var/www/html/ci4-admin-lte/app/Controllers/index.php(56): App\Models\IndexModel->radicado()
#6 /var/www/html/ci4-admin-lte/vendor/codeigniter4/framework/system/CodeIgniter.php(932): App\Controllers\Index->radicar()
#7 /var/www/html/ci4-admin-lte/vendor/codeigniter4/framework/system/CodeIgniter.php(497): CodeIgniter\CodeIgniter->runController()
#8 /var/www/html/ci4-admin-lte/vendor/codeigniter4/framework/system/CodeIgniter.php(366): CodeIgniter\CodeIgniter->handleRequest()
#9 /var/www/html/ci4-admin-lte/public/index.php(72): CodeIgniter\CodeIgniter->run()
#10 {main}
CRITICAL - 2023-09-13 03:30:34 --> Unable to connect to the database.
Main connection [postgre]: pg_connect(): Unable to connect to PostgreSQL server: connection to server at &quot;192.168.13.28&quot;, port 5432 failed: Connection timed out
	Is the server running on that host and accepting TCP/IP connections?
in SYSTEMPATH/Database/BaseConnection.php on line 427.
 1 SYSTEMPATH/Database/BaseConnection.php(574): CodeIgniter\Database\BaseConnection->initialize()
 2 APPPATH/Models/IndexModel.php(32): CodeIgniter\Database\BaseConnection->query()
 3 APPPATH/Controllers/index.php(56): App\Models\IndexModel->radicado()
 4 SYSTEMPATH/CodeIgniter.php(932): App\Controllers\Index->radicar()
 5 SYSTEMPATH/CodeIgniter.php(497): CodeIgniter\CodeIgniter->runController()
 6 SYSTEMPATH/CodeIgniter.php(366): CodeIgniter\CodeIgniter->handleRequest()
 7 FCPATH/index.php(72): CodeIgniter\CodeIgniter->run()
INFO - 2023-09-13 03:30:34 --> Session: Class initialized using 'CodeIgniter\Session\Handlers\FileHandler' driver.
INFO - 2023-09-13 03:31:14 --> Session: Class initialized using 'CodeIgniter\Session\Handlers\FileHandler' driver.
INFO - 2023-09-13 03:31:18 --> Session: Class initialized using 'CodeIgniter\Session\Handlers\FileHandler' driver.
INFO - 2023-09-13 03:31:32 --> Session: Class initialized using 'CodeIgniter\Session\Handlers\FileHandler' driver.
INFO - 2023-09-13 03:32:28 --> Session: Class initialized using 'CodeIgniter\Session\Handlers\FileHandler' driver.
ERROR - 2023-09-13 03:32:29 --> Error connecting to the database: ErrorException: pg_connect(): Unable to connect to PostgreSQL server: connection to server at &quot;192.168.13.28&quot;, port 5432 failed: Connection timed out
	Is the server running on that host and accepting TCP/IP connections? in /var/www/html/ci4-admin-lte/vendor/codeigniter4/framework/system/Database/postgre/Connection.php:72
Stack trace:
#0 [internal function]: CodeIgniter\Debug\Exceptions->errorHandler()
#1 /var/www/html/ci4-admin-lte/vendor/codeigniter4/framework/system/Database/postgre/Connection.php(72): pg_connect()
#2 /var/www/html/ci4-admin-lte/vendor/codeigniter4/framework/system/Database/BaseConnection.php(391): CodeIgniter\Database\Postgre\Connection->connect()
#3 /var/www/html/ci4-admin-lte/vendor/codeigniter4/framework/system/Database/BaseConnection.php(574): CodeIgniter\Database\BaseConnection->initialize()
#4 /var/www/html/ci4-admin-lte/app/Models/IndexModel.php(32): CodeIgniter\Database\BaseConnection->query()
#5 /var/www/html/ci4-admin-lte/app/Controllers/index.php(56): App\Models\IndexModel->radicado()
#6 /var/www/html/ci4-admin-lte/vendor/codeigniter4/framework/system/CodeIgniter.php(932): App\Controllers\Index->radicar()
#7 /var/www/html/ci4-admin-lte/vendor/codeigniter4/framework/system/CodeIgniter.php(497): CodeIgniter\CodeIgniter->runController()
#8 /var/www/html/ci4-admin-lte/vendor/codeigniter4/framework/system/CodeIgniter.php(366): CodeIgniter\CodeIgniter->handleRequest()
#9 /var/www/html/ci4-admin-lte/public/index.php(72): CodeIgniter\CodeIgniter->run()
#10 {main}
CRITICAL - 2023-09-13 03:32:29 --> Unable to connect to the database.
Main connection [postgre]: pg_connect(): Unable to connect to PostgreSQL server: connection to server at &quot;192.168.13.28&quot;, port 5432 failed: Connection timed out
	Is the server running on that host and accepting TCP/IP connections?
in SYSTEMPATH/Database/BaseConnection.php on line 427.
 1 SYSTEMPATH/Database/BaseConnection.php(574): CodeIgniter\Database\BaseConnection->initialize()
 2 APPPATH/Models/IndexModel.php(32): CodeIgniter\Database\BaseConnection->query()
 3 APPPATH/Controllers/index.php(56): App\Models\IndexModel->radicado()
 4 SYSTEMPATH/CodeIgniter.php(932): App\Controllers\Index->radicar()
 5 SYSTEMPATH/CodeIgniter.php(497): CodeIgniter\CodeIgniter->runController()
 6 SYSTEMPATH/CodeIgniter.php(366): CodeIgniter\CodeIgniter->handleRequest()
 7 FCPATH/index.php(72): CodeIgniter\CodeIgniter->run()
INFO - 2023-09-13 03:32:32 --> Session: Class initialized using 'CodeIgniter\Session\Handlers\FileHandler' driver.
INFO - 2023-09-13 03:33:16 --> Session: Class initialized using 'CodeIgniter\Session\Handlers\FileHandler' driver.
INFO - 2023-09-13 03:33:32 --> Session: Class initialized using 'CodeIgniter\Session\Handlers\FileHandler' driver.
INFO - 2023-09-13 03:33:34 --> Session: Class initialized using 'CodeIgniter\Session\Handlers\FileHandler' driver.
ERROR - 2023-09-13 03:33:43 --> Error connecting to the database: ErrorException: pg_connect(): Unable to connect to PostgreSQL server: connection to server at &quot;192.168.13.28&quot;, port 5432 failed: Connection timed out
	Is the server running on that host and accepting TCP/IP connections? in /var/www/html/ci4-admin-lte/vendor/codeigniter4/framework/system/Database/postgre/Connection.php:72
Stack trace:
#0 [internal function]: CodeIgniter\Debug\Exceptions->errorHandler()
#1 /var/www/html/ci4-admin-lte/vendor/codeigniter4/framework/system/Database/postgre/Connection.php(72): pg_connect()
#2 /var/www/html/ci4-admin-lte/vendor/codeigniter4/framework/system/Database/BaseConnection.php(391): CodeIgniter\Database\Postgre\Connection->connect()
#3 /var/www/html/ci4-admin-lte/vendor/codeigniter4/framework/system/Database/BaseConnection.php(574): CodeIgniter\Database\BaseConnection->initialize()
#4 /var/www/html/ci4-admin-lte/app/Models/IndexModel.php(32): CodeIgniter\Database\BaseConnection->query()
#5 /var/www/html/ci4-admin-lte/app/Controllers/index.php(56): App\Models\IndexModel->radicado()
#6 /var/www/html/ci4-admin-lte/vendor/codeigniter4/framework/system/CodeIgniter.php(932): App\Controllers\Index->radicar()
#7 /var/www/html/ci4-admin-lte/vendor/codeigniter4/framework/system/CodeIgniter.php(497): CodeIgniter\CodeIgniter->runController()
#8 /var/www/html/ci4-admin-lte/vendor/codeigniter4/framework/system/CodeIgniter.php(366): CodeIgniter\CodeIgniter->handleRequest()
#9 /var/www/html/ci4-admin-lte/public/index.php(72): CodeIgniter\CodeIgniter->run()
#10 {main}
CRITICAL - 2023-09-13 03:33:43 --> Unable to connect to the database.
Main connection [postgre]: pg_connect(): Unable to connect to PostgreSQL server: connection to server at &quot;192.168.13.28&quot;, port 5432 failed: Connection timed out
	Is the server running on that host and accepting TCP/IP connections?
in SYSTEMPATH/Database/BaseConnection.php on line 427.
 1 SYSTEMPATH/Database/BaseConnection.php(574): CodeIgniter\Database\BaseConnection->initialize()
 2 APPPATH/Models/IndexModel.php(32): CodeIgniter\Database\BaseConnection->query()
 3 APPPATH/Controllers/index.php(56): App\Models\IndexModel->radicado()
 4 SYSTEMPATH/CodeIgniter.php(932): App\Controllers\Index->radicar()
 5 SYSTEMPATH/CodeIgniter.php(497): CodeIgniter\CodeIgniter->runController()
 6 SYSTEMPATH/CodeIgniter.php(366): CodeIgniter\CodeIgniter->handleRequest()
 7 FCPATH/index.php(72): CodeIgniter\CodeIgniter->run()
ERROR - 2023-09-13 03:34:40 --> Error connecting to the database: ErrorException: pg_connect(): Unable to connect to PostgreSQL server: connection to server at &quot;192.168.13.28&quot;, port 5432 failed: Connection timed out
	Is the server running on that host and accepting TCP/IP connections? in /var/www/html/ci4-admin-lte/vendor/codeigniter4/framework/system/Database/postgre/Connection.php:72
Stack trace:
#0 [internal function]: CodeIgniter\Debug\Exceptions->errorHandler()
#1 /var/www/html/ci4-admin-lte/vendor/codeigniter4/framework/system/Database/postgre/Connection.php(72): pg_connect()
#2 /var/www/html/ci4-admin-lte/vendor/codeigniter4/framework/system/Database/BaseConnection.php(391): CodeIgniter\Database\Postgre\Connection->connect()
#3 /var/www/html/ci4-admin-lte/vendor/codeigniter4/framework/system/Database/BaseConnection.php(574): CodeIgniter\Database\BaseConnection->initialize()
#4 /var/www/html/ci4-admin-lte/app/Models/IndexModel.php(32): CodeIgniter\Database\BaseConnection->query()
#5 /var/www/html/ci4-admin-lte/app/Controllers/index.php(57): App\Models\IndexModel->radicado()
#6 /var/www/html/ci4-admin-lte/vendor/codeigniter4/framework/system/CodeIgniter.php(932): App\Controllers\Index->radicar()
#7 /var/www/html/ci4-admin-lte/vendor/codeigniter4/framework/system/CodeIgniter.php(497): CodeIgniter\CodeIgniter->runController()
#8 /var/www/html/ci4-admin-lte/vendor/codeigniter4/framework/system/CodeIgniter.php(366): CodeIgniter\CodeIgniter->handleRequest()
#9 /var/www/html/ci4-admin-lte/public/index.php(72): CodeIgniter\CodeIgniter->run()
#10 {main}
CRITICAL - 2023-09-13 03:34:40 --> Unable to connect to the database.
Main connection [postgre]: pg_connect(): Unable to connect to PostgreSQL server: connection to server at &quot;192.168.13.28&quot;, port 5432 failed: Connection timed out
	Is the server running on that host and accepting TCP/IP connections?
in SYSTEMPATH/Database/BaseConnection.php on line 427.
 1 SYSTEMPATH/Database/BaseConnection.php(574): CodeIgniter\Database\BaseConnection->initialize()
 2 APPPATH/Models/IndexModel.php(32): CodeIgniter\Database\BaseConnection->query()
 3 APPPATH/Controllers/index.php(57): App\Models\IndexModel->radicado()
 4 SYSTEMPATH/CodeIgniter.php(932): App\Controllers\Index->radicar()
 5 SYSTEMPATH/CodeIgniter.php(497): CodeIgniter\CodeIgniter->runController()
 6 SYSTEMPATH/CodeIgniter.php(366): CodeIgniter\CodeIgniter->handleRequest()
 7 FCPATH/index.php(72): CodeIgniter\CodeIgniter->run()
INFO - 2023-09-13 03:34:40 --> Session: Class initialized using 'CodeIgniter\Session\Handlers\FileHandler' driver.
INFO - 2023-09-13 03:35:12 --> Session: Class initialized using 'CodeIgniter\Session\Handlers\FileHandler' driver.
INFO - 2023-09-13 03:35:16 --> Session: Class initialized using 'CodeIgniter\Session\Handlers\FileHandler' driver.
ERROR - 2023-09-13 03:35:46 --> Error connecting to the database: ErrorException: pg_connect(): Unable to connect to PostgreSQL server: connection to server at &quot;192.168.13.28&quot;, port 5432 failed: Connection timed out
	Is the server running on that host and accepting TCP/IP connections? in /var/www/html/ci4-admin-lte/vendor/codeigniter4/framework/system/Database/postgre/Connection.php:72
Stack trace:
#0 [internal function]: CodeIgniter\Debug\Exceptions->errorHandler()
#1 /var/www/html/ci4-admin-lte/vendor/codeigniter4/framework/system/Database/postgre/Connection.php(72): pg_connect()
#2 /var/www/html/ci4-admin-lte/vendor/codeigniter4/framework/system/Database/BaseConnection.php(391): CodeIgniter\Database\Postgre\Connection->connect()
#3 /var/www/html/ci4-admin-lte/vendor/codeigniter4/framework/system/Database/BaseConnection.php(574): CodeIgniter\Database\BaseConnection->initialize()
#4 /var/www/html/ci4-admin-lte/app/Models/IndexModel.php(32): CodeIgniter\Database\BaseConnection->query()
#5 /var/www/html/ci4-admin-lte/app/Controllers/index.php(59): App\Models\IndexModel->radicado()
#6 /var/www/html/ci4-admin-lte/vendor/codeigniter4/framework/system/CodeIgniter.php(932): App\Controllers\Index->radicar()
#7 /var/www/html/ci4-admin-lte/vendor/codeigniter4/framework/system/CodeIgniter.php(497): CodeIgniter\CodeIgniter->runController()
#8 /var/www/html/ci4-admin-lte/vendor/codeigniter4/framework/system/CodeIgniter.php(366): CodeIgniter\CodeIgniter->handleRequest()
#9 /var/www/html/ci4-admin-lte/public/index.php(72): CodeIgniter\CodeIgniter->run()
#10 {main}
CRITICAL - 2023-09-13 03:35:46 --> Unable to connect to the database.
Main connection [postgre]: pg_connect(): Unable to connect to PostgreSQL server: connection to server at &quot;192.168.13.28&quot;, port 5432 failed: Connection timed out
	Is the server running on that host and accepting TCP/IP connections?
in SYSTEMPATH/Database/BaseConnection.php on line 427.
 1 SYSTEMPATH/Database/BaseConnection.php(574): CodeIgniter\Database\BaseConnection->initialize()
 2 APPPATH/Models/IndexModel.php(32): CodeIgniter\Database\BaseConnection->query()
 3 APPPATH/Controllers/index.php(59): App\Models\IndexModel->radicado()
 4 SYSTEMPATH/CodeIgniter.php(932): App\Controllers\Index->radicar()
 5 SYSTEMPATH/CodeIgniter.php(497): CodeIgniter\CodeIgniter->runController()
 6 SYSTEMPATH/CodeIgniter.php(366): CodeIgniter\CodeIgniter->handleRequest()
 7 FCPATH/index.php(72): CodeIgniter\CodeIgniter->run()
INFO - 2023-09-13 03:35:46 --> Session: Class initialized using 'CodeIgniter\Session\Handlers\FileHandler' driver.
INFO - 2023-09-13 03:35:46 --> Session: Class initialized using 'CodeIgniter\Session\Handlers\FileHandler' driver.
INFO - 2023-09-13 03:36:44 --> Session: Class initialized using 'CodeIgniter\Session\Handlers\FileHandler' driver.
INFO - 2023-09-13 03:38:11 --> Session: Class initialized using 'CodeIgniter\Session\Handlers\FileHandler' driver.
INFO - 2023-09-13 03:39:02 --> Session: Class initialized using 'CodeIgniter\Session\Handlers\FileHandler' driver.
INFO - 2023-09-13 03:39:32 --> Session: Class initialized using 'CodeIgniter\Session\Handlers\FileHandler' driver.
INFO - 2023-09-13 03:45:17 --> Session: Class initialized using 'CodeIgniter\Session\Handlers\FileHandler' driver.
INFO - 2023-09-13 03:45:30 --> Session: Class initialized using 'CodeIgniter\Session\Handlers\FileHandler' driver.
INFO - 2023-09-13 03:46:18 --> Session: Class initialized using 'CodeIgniter\Session\Handlers\FileHandler' driver.
INFO - 2023-09-13 03:49:09 --> Session: Class initialized using 'CodeIgniter\Session\Handlers\FileHandler' driver.
INFO - 2023-09-13 03:49:38 --> Session: Class initialized using 'CodeIgniter\Session\Handlers\FileHandler' driver.
INFO - 2023-09-13 03:50:30 --> Session: Class initialized using 'CodeIgniter\Session\Handlers\FileHandler' driver.
INFO - 2023-09-13 03:57:23 --> Session: Class initialized using 'CodeIgniter\Session\Handlers\FileHandler' driver.
INFO - 2023-09-13 03:58:26 --> Session: Class initialized using 'CodeIgniter\Session\Handlers\FileHandler' driver.
INFO - 2023-09-13 03:58:43 --> Session: Class initialized using 'CodeIgniter\Session\Handlers\FileHandler' driver.
INFO - 2023-09-13 03:58:56 --> Session: Class initialized using 'CodeIgniter\Session\Handlers\FileHandler' driver.
INFO - 2023-09-13 04:00:21 --> Session: Class initialized using 'CodeIgniter\Session\Handlers\FileHandler' driver.
INFO - 2023-09-13 04:01:46 --> Session: Class initialized using 'CodeIgniter\Session\Handlers\FileHandler' driver.
INFO - 2023-09-13 04:03:05 --> Session: Class initialized using 'CodeIgniter\Session\Handlers\FileHandler' driver.
INFO - 2023-09-13 04:06:50 --> Session: Class initialized using 'CodeIgniter\Session\Handlers\FileHandler' driver.
INFO - 2023-09-13 04:17:08 --> Session: Class initialized using 'CodeIgniter\Session\Handlers\FileHandler' driver.
INFO - 2023-09-13 04:18:12 --> Session: Class initialized using 'CodeIgniter\Session\Handlers\FileHandler' driver.
INFO - 2023-09-13 04:18:45 --> Session: Class initialized using 'CodeIgniter\Session\Handlers\FileHandler' driver.
INFO - 2023-09-13 04:22:12 --> Session: Class initialized using 'CodeIgniter\Session\Handlers\FileHandler' driver.
INFO - 2023-09-13 04:22:30 --> Session: Class initialized using 'CodeIgniter\Session\Handlers\FileHandler' driver.
INFO - 2023-09-13 04:23:16 --> Session: Class initialized using 'CodeIgniter\Session\Handlers\FileHandler' driver.
INFO - 2023-09-13 04:27:38 --> Session: Class initialized using 'CodeIgniter\Session\Handlers\FileHandler' driver.
INFO - 2023-09-13 04:27:56 --> Session: Class initialized using 'CodeIgniter\Session\Handlers\FileHandler' driver.
INFO - 2023-09-13 04:28:24 --> Session: Class initialized using 'CodeIgniter\Session\Handlers\FileHandler' driver.
INFO - 2023-09-13 04:28:33 --> Session: Class initialized using 'CodeIgniter\Session\Handlers\FileHandler' driver.
INFO - 2023-09-13 04:29:49 --> Session: Class initialized using 'CodeIgniter\Session\Handlers\FileHandler' driver.
INFO - 2023-09-13 04:30:02 --> Session: Class initialized using 'CodeIgniter\Session\Handlers\FileHandler' driver.
INFO - 2023-09-13 04:30:17 --> Session: Class initialized using 'CodeIgniter\Session\Handlers\FileHandler' driver.
INFO - 2023-09-13 04:33:53 --> Session: Class initialized using 'CodeIgniter\Session\Handlers\FileHandler' driver.
INFO - 2023-09-13 04:38:29 --> Session: Class initialized using 'CodeIgniter\Session\Handlers\FileHandler' driver.
INFO - 2023-09-13 04:39:05 --> Session: Class initialized using 'CodeIgniter\Session\Handlers\FileHandler' driver.
INFO - 2023-09-13 04:39:50 --> Session: Class initialized using 'CodeIgniter\Session\Handlers\FileHandler' driver.
INFO - 2023-09-13 04:40:19 --> Session: Class initialized using 'CodeIgniter\Session\Handlers\FileHandler' driver.
INFO - 2023-09-13 14:53:19 --> Session: Class initialized using 'CodeIgniter\Session\Handlers\FileHandler' driver.
INFO - 2023-09-13 14:53:27 --> Session: Class initialized using 'CodeIgniter\Session\Handlers\FileHandler' driver.
INFO - 2023-09-13 16:16:59 --> Session: Class initialized using 'CodeIgniter\Session\Handlers\FileHandler' driver.
INFO - 2023-09-13 16:18:36 --> Session: Class initialized using 'CodeIgniter\Session\Handlers\FileHandler' driver.
INFO - 2023-09-13 16:23:04 --> Session: Class initialized using 'CodeIgniter\Session\Handlers\FileHandler' driver.
INFO - 2023-09-13 16:23:55 --> Session: Class initialized using 'CodeIgniter\Session\Handlers\FileHandler' driver.
INFO - 2023-09-13 16:24:46 --> Session: Class initialized using 'CodeIgniter\Session\Handlers\FileHandler' driver.
INFO - 2023-09-13 16:25:46 --> Session: Class initialized using 'CodeIgniter\Session\Handlers\FileHandler' driver.
INFO - 2023-09-13 20:17:36 --> Session: Class initialized using 'CodeIgniter\Session\Handlers\FileHandler' driver.
INFO - 2023-09-13 20:57:39 --> Session: Class initialized using 'CodeIgniter\Session\Handlers\FileHandler' driver.
INFO - 2023-09-13 20:58:11 --> Session: Class initialized using 'CodeIgniter\Session\Handlers\FileHandler' driver.
INFO - 2023-09-13 20:59:39 --> Session: Class initialized using 'CodeIgniter\Session\Handlers\FileHandler' driver.
INFO - 2023-09-13 21:00:57 --> Session: Class initialized using 'CodeIgniter\Session\Handlers\FileHandler' driver.
INFO - 2023-09-13 21:02:19 --> Session: Class initialized using 'CodeIgniter\Session\Handlers\FileHandler' driver.
INFO - 2023-09-13 21:03:03 --> Session: Class initialized using 'CodeIgniter\Session\Handlers\FileHandler' driver.
INFO - 2023-09-13 21:03:41 --> Session: Class initialized using 'CodeIgniter\Session\Handlers\FileHandler' driver.
INFO - 2023-09-13 21:04:35 --> Session: Class initialized using 'CodeIgniter\Session\Handlers\FileHandler' driver.
INFO - 2023-09-13 21:06:44 --> Session: Class initialized using 'CodeIgniter\Session\Handlers\FileHandler' driver.
INFO - 2023-09-13 21:06:59 --> Session: Class initialized using 'CodeIgniter\Session\Handlers\FileHandler' driver.
INFO - 2023-09-13 21:07:10 --> Session: Class initialized using 'CodeIgniter\Session\Handlers\FileHandler' driver.
INFO - 2023-09-13 21:08:43 --> Session: Class initialized using 'CodeIgniter\Session\Handlers\FileHandler' driver.
INFO - 2023-09-13 21:08:51 --> Session: Class initialized using 'CodeIgniter\Session\Handlers\FileHandler' driver.
INFO - 2023-09-13 21:11:04 --> Session: Class initialized using 'CodeIgniter\Session\Handlers\FileHandler' driver.
INFO - 2023-09-13 21:11:06 --> Session: Class initialized using 'CodeIgniter\Session\Handlers\FileHandler' driver.
INFO - 2023-09-13 21:16:02 --> Session: Class initialized using 'CodeIgniter\Session\Handlers\FileHandler' driver.
INFO - 2023-09-13 21:17:49 --> Session: Class initialized using 'CodeIgniter\Session\Handlers\FileHandler' driver.
INFO - 2023-09-13 21:19:51 --> Session: Class initialized using 'CodeIgniter\Session\Handlers\FileHandler' driver.
INFO - 2023-09-13 21:21:48 --> Session: Class initialized using 'CodeIgniter\Session\Handlers\FileHandler' driver.
INFO - 2023-09-13 21:21:57 --> Session: Class initialized using 'CodeIgniter\Session\Handlers\FileHandler' driver.
INFO - 2023-09-13 21:22:26 --> Session: Class initialized using 'CodeIgniter\Session\Handlers\FileHandler' driver.
INFO - 2023-09-13 21:23:00 --> Session: Class initialized using 'CodeIgniter\Session\Handlers\FileHandler' driver.
INFO - 2023-09-13 21:23:10 --> Session: Class initialized using 'CodeIgniter\Session\Handlers\FileHandler' driver.
INFO - 2023-09-13 21:23:50 --> Session: Class initialized using 'CodeIgniter\Session\Handlers\FileHandler' driver.
INFO - 2023-09-13 21:24:08 --> Session: Class initialized using 'CodeIgniter\Session\Handlers\FileHandler' driver.
INFO - 2023-09-13 21:24:29 --> Session: Class initialized using 'CodeIgniter\Session\Handlers\FileHandler' driver.
INFO - 2023-09-13 21:24:49 --> Session: Class initialized using 'CodeIgniter\Session\Handlers\FileHandler' driver.
INFO - 2023-09-13 21:25:05 --> Session: Class initialized using 'CodeIgniter\Session\Handlers\FileHandler' driver.
INFO - 2023-09-13 21:25:32 --> Session: Class initialized using 'CodeIgniter\Session\Handlers\FileHandler' driver.
INFO - 2023-09-13 21:26:02 --> Session: Class initialized using 'CodeIgniter\Session\Handlers\FileHandler' driver.
INFO - 2023-09-13 21:26:42 --> Session: Class initialized using 'CodeIgniter\Session\Handlers\FileHandler' driver.
INFO - 2023-09-13 21:27:20 --> Session: Class initialized using 'CodeIgniter\Session\Handlers\FileHandler' driver.
INFO - 2023-09-13 21:27:24 --> Session: Class initialized using 'CodeIgniter\Session\Handlers\FileHandler' driver.
INFO - 2023-09-13 21:27:53 --> Session: Class initialized using 'CodeIgniter\Session\Handlers\FileHandler' driver.
INFO - 2023-09-13 21:29:26 --> Session: Class initialized using 'CodeIgniter\Session\Handlers\FileHandler' driver.
INFO - 2023-09-13 21:44:11 --> Session: Class initialized using 'CodeIgniter\Session\Handlers\FileHandler' driver.
INFO - 2023-09-13 21:44:29 --> Session: Class initialized using 'CodeIgniter\Session\Handlers\FileHandler' driver.
INFO - 2023-09-13 21:44:44 --> Session: Class initialized using 'CodeIgniter\Session\Handlers\FileHandler' driver.
INFO - 2023-09-13 21:45:02 --> Session: Class initialized using 'CodeIgniter\Session\Handlers\FileHandler' driver.
INFO - 2023-09-13 21:47:23 --> Session: Class initialized using 'CodeIgniter\Session\Handlers\FileHandler' driver.
INFO - 2023-09-13 21:48:27 --> Session: Class initialized using 'CodeIgniter\Session\Handlers\FileHandler' driver.
INFO - 2023-09-13 21:49:11 --> Session: Class initialized using 'CodeIgniter\Session\Handlers\FileHandler' driver.
INFO - 2023-09-13 21:49:13 --> Session: Class initialized using 'CodeIgniter\Session\Handlers\FileHandler' driver.
INFO - 2023-09-13 21:55:38 --> Session: Class initialized using 'CodeIgniter\Session\Handlers\FileHandler' driver.
INFO - 2023-09-13 21:55:44 --> Session: Class initialized using 'CodeIgniter\Session\Handlers\FileHandler' driver.
INFO - 2023-09-13 21:55:54 --> Session: Class initialized using 'CodeIgniter\Session\Handlers\FileHandler' driver.
INFO - 2023-09-13 21:58:08 --> Session: Class initialized using 'CodeIgniter\Session\Handlers\FileHandler' driver.
INFO - 2023-09-13 21:58:47 --> Session: Class initialized using 'CodeIgniter\Session\Handlers\FileHandler' driver.
INFO - 2023-09-13 22:02:47 --> Session: Class initialized using 'CodeIgniter\Session\Handlers\FileHandler' driver.
INFO - 2023-09-13 22:03:03 --> Session: Class initialized using 'CodeIgniter\Session\Handlers\FileHandler' driver.
INFO - 2023-09-13 22:16:35 --> Session: Class initialized using 'CodeIgniter\Session\Handlers\FileHandler' driver.
CRITICAL - 2023-09-13 22:16:35 --> Undefined property: App\Controllers\Index::$load
in APPPATH/Controllers/BaseController.php on line 120.
 1 APPPATH/Controllers/BaseController.php(120): CodeIgniter\Debug\Exceptions->errorHandler()
 2 APPPATH/Controllers/index.php(62): App\Controllers\BaseController->send_email()
 3 SYSTEMPATH/CodeIgniter.php(932): App\Controllers\Index->radicar()
 4 SYSTEMPATH/CodeIgniter.php(497): CodeIgniter\CodeIgniter->runController()
 5 SYSTEMPATH/CodeIgniter.php(366): CodeIgniter\CodeIgniter->handleRequest()
 6 FCPATH/index.php(72): CodeIgniter\CodeIgniter->run()
INFO - 2023-09-13 22:17:24 --> Session: Class initialized using 'CodeIgniter\Session\Handlers\FileHandler' driver.
CRITICAL - 2023-09-13 22:17:24 --> Class "App\Controllers\Email" not found
in APPPATH/Controllers/BaseController.php on line 119.
 1 APPPATH/Controllers/index.php(62): App\Controllers\BaseController->send_email()
 2 SYSTEMPATH/CodeIgniter.php(932): App\Controllers\Index->radicar()
 3 SYSTEMPATH/CodeIgniter.php(497): CodeIgniter\CodeIgniter->runController()
 4 SYSTEMPATH/CodeIgniter.php(366): CodeIgniter\CodeIgniter->handleRequest()
 5 FCPATH/index.php(72): CodeIgniter\CodeIgniter->run()
INFO - 2023-09-13 22:18:40 --> Session: Class initialized using 'CodeIgniter\Session\Handlers\FileHandler' driver.
CRITICAL - 2023-09-13 22:18:40 --> Undefined property: App\Controllers\Index::$load
in APPPATH/Controllers/BaseController.php on line 120.
 1 APPPATH/Controllers/BaseController.php(120): CodeIgniter\Debug\Exceptions->errorHandler()
 2 APPPATH/Controllers/index.php(62): App\Controllers\BaseController->send_email()
 3 SYSTEMPATH/CodeIgniter.php(932): App\Controllers\Index->radicar()
 4 SYSTEMPATH/CodeIgniter.php(497): CodeIgniter\CodeIgniter->runController()
 5 SYSTEMPATH/CodeIgniter.php(366): CodeIgniter\CodeIgniter->handleRequest()
 6 FCPATH/index.php(72): CodeIgniter\CodeIgniter->run()
INFO - 2023-09-13 22:18:46 --> Session: Class initialized using 'CodeIgniter\Session\Handlers\FileHandler' driver.
CRITICAL - 2023-09-13 22:18:46 --> Call to undefined method CodeIgniter\Email\Email::from()
in APPPATH/Controllers/BaseController.php on line 139.
 1 APPPATH/Controllers/index.php(62): App\Controllers\BaseController->send_email()
 2 SYSTEMPATH/CodeIgniter.php(932): App\Controllers\Index->radicar()
 3 SYSTEMPATH/CodeIgniter.php(497): CodeIgniter\CodeIgniter->runController()
 4 SYSTEMPATH/CodeIgniter.php(366): CodeIgniter\CodeIgniter->handleRequest()
 5 FCPATH/index.php(72): CodeIgniter\CodeIgniter->run()
INFO - 2023-09-13 22:20:49 --> Session: Class initialized using 'CodeIgniter\Session\Handlers\FileHandler' driver.
CRITICAL - 2023-09-13 22:20:49 --> Call to undefined method CodeIgniter\Email\Email::fromEmail()
in APPPATH/Controllers/BaseController.php on line 139.
 1 APPPATH/Controllers/index.php(62): App\Controllers\BaseController->send_email()
 2 SYSTEMPATH/CodeIgniter.php(932): App\Controllers\Index->radicar()
 3 SYSTEMPATH/CodeIgniter.php(497): CodeIgniter\CodeIgniter->runController()
 4 SYSTEMPATH/CodeIgniter.php(366): CodeIgniter\CodeIgniter->handleRequest()
 5 FCPATH/index.php(72): CodeIgniter\CodeIgniter->run()
INFO - 2023-09-13 22:22:52 --> Session: Class initialized using 'CodeIgniter\Session\Handlers\FileHandler' driver.
CRITICAL - 2023-09-13 22:22:52 --> Class "App\Controllers\CI_Email" not found
in APPPATH/Controllers/BaseController.php on line 119.
 1 APPPATH/Controllers/index.php(62): App\Controllers\BaseController->send_email()
 2 SYSTEMPATH/CodeIgniter.php(932): App\Controllers\Index->radicar()
 3 SYSTEMPATH/CodeIgniter.php(497): CodeIgniter\CodeIgniter->runController()
 4 SYSTEMPATH/CodeIgniter.php(366): CodeIgniter\CodeIgniter->handleRequest()
 5 FCPATH/index.php(72): CodeIgniter\CodeIgniter->run()
INFO - 2023-09-13 22:23:34 --> Session: Class initialized using 'CodeIgniter\Session\Handlers\FileHandler' driver.
INFO - 2023-09-13 22:23:47 --> Session: Class initialized using 'CodeIgniter\Session\Handlers\FileHandler' driver.
CRITICAL - 2023-09-13 22:23:47 --> Call to undefined function App\Libraries\config_item()
in APPPATH/Libraries/CI_Email.php on line 410.
 1 APPPATH/Controllers/BaseController.php(120): App\Libraries\CI_Email->__construct()
 2 APPPATH/Controllers/index.php(62): App\Controllers\BaseController->send_email()
 3 SYSTEMPATH/CodeIgniter.php(932): App\Controllers\Index->radicar()
 4 SYSTEMPATH/CodeIgniter.php(497): CodeIgniter\CodeIgniter->runController()
 5 SYSTEMPATH/CodeIgniter.php(366): CodeIgniter\CodeIgniter->handleRequest()
 6 FCPATH/index.php(72): CodeIgniter\CodeIgniter->run()
INFO - 2023-09-13 22:26:37 --> Session: Class initialized using 'CodeIgniter\Session\Handlers\FileHandler' driver.
CRITICAL - 2023-09-13 22:26:37 --> Call to undefined method App\Controllers\Index::send_email()
in APPPATH/Controllers/index.php on line 62.
 1 SYSTEMPATH/CodeIgniter.php(932): App\Controllers\Index->radicar()
 2 SYSTEMPATH/CodeIgniter.php(497): CodeIgniter\CodeIgniter->runController()
 3 SYSTEMPATH/CodeIgniter.php(366): CodeIgniter\CodeIgniter->handleRequest()
 4 FCPATH/index.php(72): CodeIgniter\CodeIgniter->run()
INFO - 2023-09-13 22:26:51 --> Session: Class initialized using 'CodeIgniter\Session\Handlers\FileHandler' driver.
ERROR - 2023-09-13 22:26:51 --> Email: Unable to send email using PHP mail(). Your server might not be configured to send mail using this method.
ERROR - 2023-09-13 22:26:51 --> 
INFO - 2023-09-13 22:29:13 --> Session: Class initialized using 'CodeIgniter\Session\Handlers\FileHandler' driver.
ERROR - 2023-09-13 22:29:14 --> Email: sendWithSmtp throwed ErrorException: fsockopen(): php_network_getaddresses: getaddrinfo for ssl failed: Name or service not known in /var/www/html/ci4-admin-lte/vendor/codeigniter4/framework/system/Email/Email.php:1868
Stack trace:
#0 [internal function]: CodeIgniter\Debug\Exceptions->errorHandler()
#1 /var/www/html/ci4-admin-lte/vendor/codeigniter4/framework/system/Email/Email.php(1868): fsockopen()
#2 /var/www/html/ci4-admin-lte/vendor/codeigniter4/framework/system/Email/Email.php(1782): CodeIgniter\Email\Email->SMTPConnect()
#3 /var/www/html/ci4-admin-lte/vendor/codeigniter4/framework/system/Email/Email.php(1667): CodeIgniter\Email\Email->sendWithSmtp()
#4 /var/www/html/ci4-admin-lte/vendor/codeigniter4/framework/system/Email/Email.php(1565): CodeIgniter\Email\Email->spoolEmail()
#5 /var/www/html/ci4-admin-lte/app/Controllers/BaseController.php(205): CodeIgniter\Email\Email->send()
#6 /var/www/html/ci4-admin-lte/app/Controllers/index.php(62): App\Controllers\BaseController->sendMail()
#7 /var/www/html/ci4-admin-lte/vendor/codeigniter4/framework/system/CodeIgniter.php(932): App\Controllers\Index->radicar()
#8 /var/www/html/ci4-admin-lte/vendor/codeigniter4/framework/system/CodeIgniter.php(497): CodeIgniter\CodeIgniter->runController()
#9 /var/www/html/ci4-admin-lte/vendor/codeigniter4/framework/system/CodeIgniter.php(366): CodeIgniter\CodeIgniter->handleRequest()
#10 /var/www/html/ci4-admin-lte/public/index.php(72): CodeIgniter\CodeIgniter->run()
#11 {main}
ERROR - 2023-09-13 22:29:14 --> Email: Unable to send email using SMTP. Your server might not be configured to send mail using this method.
ERROR - 2023-09-13 22:29:14 --> 
INFO - 2023-09-13 22:30:39 --> Session: Class initialized using 'CodeIgniter\Session\Handlers\FileHandler' driver.
ERROR - 2023-09-13 22:30:43 --> Email: sendWithSmtp throwed ErrorException: fsockopen(): php_network_getaddresses: getaddrinfo for ssl failed: Name or service not known in /var/www/html/ci4-admin-lte/vendor/codeigniter4/framework/system/Email/Email.php:1868
Stack trace:
#0 [internal function]: CodeIgniter\Debug\Exceptions->errorHandler()
#1 /var/www/html/ci4-admin-lte/vendor/codeigniter4/framework/system/Email/Email.php(1868): fsockopen()
#2 /var/www/html/ci4-admin-lte/vendor/codeigniter4/framework/system/Email/Email.php(1782): CodeIgniter\Email\Email->SMTPConnect()
#3 /var/www/html/ci4-admin-lte/vendor/codeigniter4/framework/system/Email/Email.php(1667): CodeIgniter\Email\Email->sendWithSmtp()
#4 /var/www/html/ci4-admin-lte/vendor/codeigniter4/framework/system/Email/Email.php(1565): CodeIgniter\Email\Email->spoolEmail()
#5 /var/www/html/ci4-admin-lte/app/Controllers/BaseController.php(205): CodeIgniter\Email\Email->send()
#6 /var/www/html/ci4-admin-lte/app/Controllers/index.php(62): App\Controllers\BaseController->sendMail()
#7 /var/www/html/ci4-admin-lte/vendor/codeigniter4/framework/system/CodeIgniter.php(932): App\Controllers\Index->radicar()
#8 /var/www/html/ci4-admin-lte/vendor/codeigniter4/framework/system/CodeIgniter.php(497): CodeIgniter\CodeIgniter->runController()
#9 /var/www/html/ci4-admin-lte/vendor/codeigniter4/framework/system/CodeIgniter.php(366): CodeIgniter\CodeIgniter->handleRequest()
#10 /var/www/html/ci4-admin-lte/public/index.php(72): CodeIgniter\CodeIgniter->run()
#11 {main}
ERROR - 2023-09-13 22:30:43 --> Email: Unable to send email using SMTP. Your server might not be configured to send mail using this method.
ERROR - 2023-09-13 22:30:43 --> 
INFO - 2023-09-13 22:31:42 --> Session: Class initialized using 'CodeIgniter\Session\Handlers\FileHandler' driver.
INFO - 2023-09-13 22:33:05 --> Session: Class initialized using 'CodeIgniter\Session\Handlers\FileHandler' driver.
INFO - 2023-09-13 22:36:22 --> Session: Class initialized using 'CodeIgniter\Session\Handlers\FileHandler' driver.
INFO - 2023-09-13 22:36:57 --> Session: Class initialized using 'CodeIgniter\Session\Handlers\FileHandler' driver.
