INFO - 2023-08-30 15:42:32 --> Session: Class initialized using 'CodeIgniter\Session\Handlers\FileHandler' driver.
ERROR - 2023-08-30 15:42:33 --> ErrorException: pg_query(): Query failed: ERROR:  relation &quot;article&quot; does not exist
LINE 2: FROM &quot;article&quot;
             ^ in /var/www/html/ci4-admin-lte/vendor/codeigniter4/framework/system/Database/postgre/Connection.php:187
Stack trace:
#0 [internal function]: CodeIgniter\Debug\Exceptions->errorHandler()
#1 /var/www/html/ci4-admin-lte/vendor/codeigniter4/framework/system/Database/postgre/Connection.php(187): pg_query()
#2 /var/www/html/ci4-admin-lte/vendor/codeigniter4/framework/system/Database/BaseConnection.php(692): CodeIgniter\Database\Postgre\Connection->execute()
#3 /var/www/html/ci4-admin-lte/vendor/codeigniter4/framework/system/Database/BaseConnection.php(606): CodeIgniter\Database\BaseConnection->simpleQuery()
#4 /var/www/html/ci4-admin-lte/vendor/codeigniter4/framework/system/Database/BaseBuilder.php(1700): CodeIgniter\Database\BaseConnection->query()
#5 /var/www/html/ci4-admin-lte/vendor/codeigniter4/framework/system/Model.php(606): CodeIgniter\Database\BaseBuilder->countAllResults()
#6 /var/www/html/ci4-admin-lte/app/Common.php(32): CodeIgniter\Model->countAllResults()
#7 /var/www/html/ci4-admin-lte/app/Controllers/Home.php(16): find_with_filter()
#8 /var/www/html/ci4-admin-lte/vendor/codeigniter4/framework/system/CodeIgniter.php(932): App\Controllers\Home->index()
#9 /var/www/html/ci4-admin-lte/vendor/codeigniter4/framework/system/CodeIgniter.php(497): CodeIgniter\CodeIgniter->runController()
#10 /var/www/html/ci4-admin-lte/vendor/codeigniter4/framework/system/CodeIgniter.php(366): CodeIgniter\CodeIgniter->handleRequest()
#11 /var/www/html/ci4-admin-lte/public/index.php(72): CodeIgniter\CodeIgniter->run()
#12 {main}
CRITICAL - 2023-08-30 15:42:33 --> pg_query(): Query failed: ERROR:  relation &quot;article&quot; does not exist
LINE 2: FROM &quot;article&quot;
             ^
in SYSTEMPATH/Database/postgre/Connection.php on line 187.
 1 [internal function]: CodeIgniter\Debug\Exceptions->errorHandler()
 2 SYSTEMPATH/Database/postgre/Connection.php(187): pg_query()
 3 SYSTEMPATH/Database/BaseConnection.php(692): CodeIgniter\Database\Postgre\Connection->execute()
 4 SYSTEMPATH/Database/BaseConnection.php(606): CodeIgniter\Database\BaseConnection->simpleQuery()
 5 SYSTEMPATH/Database/BaseBuilder.php(1700): CodeIgniter\Database\BaseConnection->query()
 6 SYSTEMPATH/Model.php(606): CodeIgniter\Database\BaseBuilder->countAllResults()
 7 APPPATH/Common.php(32): CodeIgniter\Model->countAllResults()
 8 APPPATH/Controllers/Home.php(16): find_with_filter()
 9 SYSTEMPATH/CodeIgniter.php(932): App\Controllers\Home->index()
10 SYSTEMPATH/CodeIgniter.php(497): CodeIgniter\CodeIgniter->runController()
11 SYSTEMPATH/CodeIgniter.php(366): CodeIgniter\CodeIgniter->handleRequest()
12 FCPATH/index.php(72): CodeIgniter\CodeIgniter->run()
INFO - 2023-08-30 15:42:34 --> Session: Class initialized using 'CodeIgniter\Session\Handlers\FileHandler' driver.
ERROR - 2023-08-30 15:42:34 --> ErrorException: pg_query(): Query failed: ERROR:  relation &quot;article&quot; does not exist
LINE 2: FROM &quot;article&quot;
             ^ in /var/www/html/ci4-admin-lte/vendor/codeigniter4/framework/system/Database/postgre/Connection.php:187
Stack trace:
#0 [internal function]: CodeIgniter\Debug\Exceptions->errorHandler()
#1 /var/www/html/ci4-admin-lte/vendor/codeigniter4/framework/system/Database/postgre/Connection.php(187): pg_query()
#2 /var/www/html/ci4-admin-lte/vendor/codeigniter4/framework/system/Database/BaseConnection.php(692): CodeIgniter\Database\Postgre\Connection->execute()
#3 /var/www/html/ci4-admin-lte/vendor/codeigniter4/framework/system/Database/BaseConnection.php(606): CodeIgniter\Database\BaseConnection->simpleQuery()
#4 /var/www/html/ci4-admin-lte/vendor/codeigniter4/framework/system/Database/BaseBuilder.php(1700): CodeIgniter\Database\BaseConnection->query()
#5 /var/www/html/ci4-admin-lte/vendor/codeigniter4/framework/system/Model.php(606): CodeIgniter\Database\BaseBuilder->countAllResults()
#6 /var/www/html/ci4-admin-lte/app/Common.php(32): CodeIgniter\Model->countAllResults()
#7 /var/www/html/ci4-admin-lte/app/Controllers/Home.php(16): find_with_filter()
#8 /var/www/html/ci4-admin-lte/vendor/codeigniter4/framework/system/CodeIgniter.php(932): App\Controllers\Home->index()
#9 /var/www/html/ci4-admin-lte/vendor/codeigniter4/framework/system/CodeIgniter.php(497): CodeIgniter\CodeIgniter->runController()
#10 /var/www/html/ci4-admin-lte/vendor/codeigniter4/framework/system/CodeIgniter.php(366): CodeIgniter\CodeIgniter->handleRequest()
#11 /var/www/html/ci4-admin-lte/public/index.php(72): CodeIgniter\CodeIgniter->run()
#12 {main}
CRITICAL - 2023-08-30 15:42:34 --> pg_query(): Query failed: ERROR:  relation &quot;article&quot; does not exist
LINE 2: FROM &quot;article&quot;
             ^
in SYSTEMPATH/Database/postgre/Connection.php on line 187.
 1 [internal function]: CodeIgniter\Debug\Exceptions->errorHandler()
 2 SYSTEMPATH/Database/postgre/Connection.php(187): pg_query()
 3 SYSTEMPATH/Database/BaseConnection.php(692): CodeIgniter\Database\Postgre\Connection->execute()
 4 SYSTEMPATH/Database/BaseConnection.php(606): CodeIgniter\Database\BaseConnection->simpleQuery()
 5 SYSTEMPATH/Database/BaseBuilder.php(1700): CodeIgniter\Database\BaseConnection->query()
 6 SYSTEMPATH/Model.php(606): CodeIgniter\Database\BaseBuilder->countAllResults()
 7 APPPATH/Common.php(32): CodeIgniter\Model->countAllResults()
 8 APPPATH/Controllers/Home.php(16): find_with_filter()
 9 SYSTEMPATH/CodeIgniter.php(932): App\Controllers\Home->index()
10 SYSTEMPATH/CodeIgniter.php(497): CodeIgniter\CodeIgniter->runController()
11 SYSTEMPATH/CodeIgniter.php(366): CodeIgniter\CodeIgniter->handleRequest()
12 FCPATH/index.php(72): CodeIgniter\CodeIgniter->run()
INFO - 2023-08-30 15:43:16 --> Session: Class initialized using 'CodeIgniter\Session\Handlers\FileHandler' driver.
ERROR - 2023-08-30 15:43:16 --> ErrorException: pg_query(): Query failed: ERROR:  relation &quot;article&quot; does not exist
LINE 2: FROM &quot;article&quot;
             ^ in /var/www/html/ci4-admin-lte/vendor/codeigniter4/framework/system/Database/postgre/Connection.php:187
Stack trace:
#0 [internal function]: CodeIgniter\Debug\Exceptions->errorHandler()
#1 /var/www/html/ci4-admin-lte/vendor/codeigniter4/framework/system/Database/postgre/Connection.php(187): pg_query()
#2 /var/www/html/ci4-admin-lte/vendor/codeigniter4/framework/system/Database/BaseConnection.php(692): CodeIgniter\Database\Postgre\Connection->execute()
#3 /var/www/html/ci4-admin-lte/vendor/codeigniter4/framework/system/Database/BaseConnection.php(606): CodeIgniter\Database\BaseConnection->simpleQuery()
#4 /var/www/html/ci4-admin-lte/vendor/codeigniter4/framework/system/Database/BaseBuilder.php(1700): CodeIgniter\Database\BaseConnection->query()
#5 /var/www/html/ci4-admin-lte/vendor/codeigniter4/framework/system/Model.php(606): CodeIgniter\Database\BaseBuilder->countAllResults()
#6 /var/www/html/ci4-admin-lte/app/Common.php(32): CodeIgniter\Model->countAllResults()
#7 /var/www/html/ci4-admin-lte/app/Controllers/Home.php(16): find_with_filter()
#8 /var/www/html/ci4-admin-lte/vendor/codeigniter4/framework/system/CodeIgniter.php(932): App\Controllers\Home->index()
#9 /var/www/html/ci4-admin-lte/vendor/codeigniter4/framework/system/CodeIgniter.php(497): CodeIgniter\CodeIgniter->runController()
#10 /var/www/html/ci4-admin-lte/vendor/codeigniter4/framework/system/CodeIgniter.php(366): CodeIgniter\CodeIgniter->handleRequest()
#11 /var/www/html/ci4-admin-lte/public/index.php(72): CodeIgniter\CodeIgniter->run()
#12 {main}
CRITICAL - 2023-08-30 15:43:16 --> pg_query(): Query failed: ERROR:  relation &quot;article&quot; does not exist
LINE 2: FROM &quot;article&quot;
             ^
in SYSTEMPATH/Database/postgre/Connection.php on line 187.
 1 [internal function]: CodeIgniter\Debug\Exceptions->errorHandler()
 2 SYSTEMPATH/Database/postgre/Connection.php(187): pg_query()
 3 SYSTEMPATH/Database/BaseConnection.php(692): CodeIgniter\Database\Postgre\Connection->execute()
 4 SYSTEMPATH/Database/BaseConnection.php(606): CodeIgniter\Database\BaseConnection->simpleQuery()
 5 SYSTEMPATH/Database/BaseBuilder.php(1700): CodeIgniter\Database\BaseConnection->query()
 6 SYSTEMPATH/Model.php(606): CodeIgniter\Database\BaseBuilder->countAllResults()
 7 APPPATH/Common.php(32): CodeIgniter\Model->countAllResults()
 8 APPPATH/Controllers/Home.php(16): find_with_filter()
 9 SYSTEMPATH/CodeIgniter.php(932): App\Controllers\Home->index()
10 SYSTEMPATH/CodeIgniter.php(497): CodeIgniter\CodeIgniter->runController()
11 SYSTEMPATH/CodeIgniter.php(366): CodeIgniter\CodeIgniter->handleRequest()
12 FCPATH/index.php(72): CodeIgniter\CodeIgniter->run()
INFO - 2023-08-30 15:43:26 --> Session: Class initialized using 'CodeIgniter\Session\Handlers\FileHandler' driver.
ERROR - 2023-08-30 15:43:26 --> ErrorException: pg_query(): Query failed: ERROR:  relation &quot;article&quot; does not exist
LINE 2: FROM &quot;article&quot;
             ^ in /var/www/html/ci4-admin-lte/vendor/codeigniter4/framework/system/Database/postgre/Connection.php:187
Stack trace:
#0 [internal function]: CodeIgniter\Debug\Exceptions->errorHandler()
#1 /var/www/html/ci4-admin-lte/vendor/codeigniter4/framework/system/Database/postgre/Connection.php(187): pg_query()
#2 /var/www/html/ci4-admin-lte/vendor/codeigniter4/framework/system/Database/BaseConnection.php(692): CodeIgniter\Database\Postgre\Connection->execute()
#3 /var/www/html/ci4-admin-lte/vendor/codeigniter4/framework/system/Database/BaseConnection.php(606): CodeIgniter\Database\BaseConnection->simpleQuery()
#4 /var/www/html/ci4-admin-lte/vendor/codeigniter4/framework/system/Database/BaseBuilder.php(1700): CodeIgniter\Database\BaseConnection->query()
#5 /var/www/html/ci4-admin-lte/vendor/codeigniter4/framework/system/Model.php(606): CodeIgniter\Database\BaseBuilder->countAllResults()
#6 /var/www/html/ci4-admin-lte/app/Common.php(32): CodeIgniter\Model->countAllResults()
#7 /var/www/html/ci4-admin-lte/app/Controllers/Home.php(16): find_with_filter()
#8 /var/www/html/ci4-admin-lte/vendor/codeigniter4/framework/system/CodeIgniter.php(932): App\Controllers\Home->index()
#9 /var/www/html/ci4-admin-lte/vendor/codeigniter4/framework/system/CodeIgniter.php(497): CodeIgniter\CodeIgniter->runController()
#10 /var/www/html/ci4-admin-lte/vendor/codeigniter4/framework/system/CodeIgniter.php(366): CodeIgniter\CodeIgniter->handleRequest()
#11 /var/www/html/ci4-admin-lte/public/index.php(72): CodeIgniter\CodeIgniter->run()
#12 {main}
CRITICAL - 2023-08-30 15:43:26 --> pg_query(): Query failed: ERROR:  relation &quot;article&quot; does not exist
LINE 2: FROM &quot;article&quot;
             ^
in SYSTEMPATH/Database/postgre/Connection.php on line 187.
 1 [internal function]: CodeIgniter\Debug\Exceptions->errorHandler()
 2 SYSTEMPATH/Database/postgre/Connection.php(187): pg_query()
 3 SYSTEMPATH/Database/BaseConnection.php(692): CodeIgniter\Database\Postgre\Connection->execute()
 4 SYSTEMPATH/Database/BaseConnection.php(606): CodeIgniter\Database\BaseConnection->simpleQuery()
 5 SYSTEMPATH/Database/BaseBuilder.php(1700): CodeIgniter\Database\BaseConnection->query()
 6 SYSTEMPATH/Model.php(606): CodeIgniter\Database\BaseBuilder->countAllResults()
 7 APPPATH/Common.php(32): CodeIgniter\Model->countAllResults()
 8 APPPATH/Controllers/Home.php(16): find_with_filter()
 9 SYSTEMPATH/CodeIgniter.php(932): App\Controllers\Home->index()
10 SYSTEMPATH/CodeIgniter.php(497): CodeIgniter\CodeIgniter->runController()
11 SYSTEMPATH/CodeIgniter.php(366): CodeIgniter\CodeIgniter->handleRequest()
12 FCPATH/index.php(72): CodeIgniter\CodeIgniter->run()
INFO - 2023-08-30 15:46:13 --> Session: Class initialized using 'CodeIgniter\Session\Handlers\FileHandler' driver.
ERROR - 2023-08-30 15:46:13 --> ErrorException: pg_query(): Query failed: ERROR:  relation &quot;user&quot; does not exist
LINE 2: FROM &quot;user&quot;
             ^ in /var/www/html/ci4-admin-lte/vendor/codeigniter4/framework/system/Database/postgre/Connection.php:187
Stack trace:
#0 [internal function]: CodeIgniter\Debug\Exceptions->errorHandler()
#1 /var/www/html/ci4-admin-lte/vendor/codeigniter4/framework/system/Database/postgre/Connection.php(187): pg_query()
#2 /var/www/html/ci4-admin-lte/vendor/codeigniter4/framework/system/Database/BaseConnection.php(692): CodeIgniter\Database\Postgre\Connection->execute()
#3 /var/www/html/ci4-admin-lte/vendor/codeigniter4/framework/system/Database/BaseConnection.php(606): CodeIgniter\Database\BaseConnection->simpleQuery()
#4 /var/www/html/ci4-admin-lte/vendor/codeigniter4/framework/system/Database/BaseBuilder.php(1616): CodeIgniter\Database\BaseConnection->query()
#5 /var/www/html/ci4-admin-lte/vendor/codeigniter4/framework/system/Model.php(200): CodeIgniter\Database\BaseBuilder->get()
#6 /var/www/html/ci4-admin-lte/vendor/codeigniter4/framework/system/BaseModel.php(557): CodeIgniter\Model->doFind()
#7 /var/www/html/ci4-admin-lte/app/Config/Services.php(32): CodeIgniter\BaseModel->find()
#8 /var/www/html/ci4-admin-lte/vendor/codeigniter4/framework/system/Config/BaseService.php(193): Config\Services::login()
#9 /var/www/html/ci4-admin-lte/app/Config/Services.php(29): CodeIgniter\Config\BaseService::getSharedInstance()
#10 /var/www/html/ci4-admin-lte/app/Views/home/navbar.php(1): Config\Services::login()
#11 /var/www/html/ci4-admin-lte/vendor/codeigniter4/framework/system/View/View.php(224): include('...')
#12 /var/www/html/ci4-admin-lte/vendor/codeigniter4/framework/system/View/View.php(227): CodeIgniter\View\View->CodeIgniter\View\{closure}()
#13 /var/www/html/ci4-admin-lte/vendor/codeigniter4/framework/system/Common.php(1180): CodeIgniter\View\View->render()
#14 /var/www/html/ci4-admin-lte/app/Views/home/index.php(7): view()
#15 /var/www/html/ci4-admin-lte/vendor/codeigniter4/framework/system/View/View.php(224): include('...')
#16 /var/www/html/ci4-admin-lte/vendor/codeigniter4/framework/system/View/View.php(227): CodeIgniter\View\View->CodeIgniter\View\{closure}()
#17 /var/www/html/ci4-admin-lte/vendor/codeigniter4/framework/system/Common.php(1180): CodeIgniter\View\View->render()
#18 /var/www/html/ci4-admin-lte/app/Controllers/Home.php(16): view()
#19 /var/www/html/ci4-admin-lte/vendor/codeigniter4/framework/system/CodeIgniter.php(932): App\Controllers\Home->index()
#20 /var/www/html/ci4-admin-lte/vendor/codeigniter4/framework/system/CodeIgniter.php(497): CodeIgniter\CodeIgniter->runController()
#21 /var/www/html/ci4-admin-lte/vendor/codeigniter4/framework/system/CodeIgniter.php(366): CodeIgniter\CodeIgniter->handleRequest()
#22 /var/www/html/ci4-admin-lte/public/index.php(72): CodeIgniter\CodeIgniter->run()
#23 {main}
CRITICAL - 2023-08-30 15:46:13 --> pg_query(): Query failed: ERROR:  relation &quot;user&quot; does not exist
LINE 2: FROM &quot;user&quot;
             ^
in SYSTEMPATH/Database/postgre/Connection.php on line 187.
 1 [internal function]: CodeIgniter\Debug\Exceptions->errorHandler()
 2 SYSTEMPATH/Database/postgre/Connection.php(187): pg_query()
 3 SYSTEMPATH/Database/BaseConnection.php(692): CodeIgniter\Database\Postgre\Connection->execute()
 4 SYSTEMPATH/Database/BaseConnection.php(606): CodeIgniter\Database\BaseConnection->simpleQuery()
 5 SYSTEMPATH/Database/BaseBuilder.php(1616): CodeIgniter\Database\BaseConnection->query()
 6 SYSTEMPATH/Model.php(200): CodeIgniter\Database\BaseBuilder->get()
 7 SYSTEMPATH/BaseModel.php(557): CodeIgniter\Model->doFind()
 8 APPPATH/Config/Services.php(32): CodeIgniter\BaseModel->find()
 9 SYSTEMPATH/Config/BaseService.php(193): Config\Services::login()
10 APPPATH/Config/Services.php(29): CodeIgniter\Config\BaseService::getSharedInstance()
11 APPPATH/Views/home/navbar.php(1): Config\Services::login()
12 SYSTEMPATH/View/View.php(224): include('/var/www/html/ci4-admin-lte/app/Views/home/navbar.php')
13 SYSTEMPATH/View/View.php(227): CodeIgniter\View\View->CodeIgniter\View\{closure}()
14 SYSTEMPATH/Common.php(1180): CodeIgniter\View\View->render()
15 APPPATH/Views/home/index.php(7): view()
16 SYSTEMPATH/View/View.php(224): include('/var/www/html/ci4-admin-lte/app/Views/home/index.php')
17 SYSTEMPATH/View/View.php(227): CodeIgniter\View\View->CodeIgniter\View\{closure}()
18 SYSTEMPATH/Common.php(1180): CodeIgniter\View\View->render()
19 APPPATH/Controllers/Home.php(16): view()
20 SYSTEMPATH/CodeIgniter.php(932): App\Controllers\Home->index()
21 SYSTEMPATH/CodeIgniter.php(497): CodeIgniter\CodeIgniter->runController()
22 SYSTEMPATH/CodeIgniter.php(366): CodeIgniter\CodeIgniter->handleRequest()
23 FCPATH/index.php(72): CodeIgniter\CodeIgniter->run()
INFO - 2023-08-30 15:49:01 --> Session: Class initialized using 'CodeIgniter\Session\Handlers\FileHandler' driver.
ERROR - 2023-08-30 15:49:01 --> ErrorException: pg_query(): Query failed: ERROR:  relation &quot;user&quot; does not exist
LINE 2: FROM &quot;user&quot;
             ^ in /var/www/html/ci4-admin-lte/vendor/codeigniter4/framework/system/Database/postgre/Connection.php:187
Stack trace:
#0 [internal function]: CodeIgniter\Debug\Exceptions->errorHandler()
#1 /var/www/html/ci4-admin-lte/vendor/codeigniter4/framework/system/Database/postgre/Connection.php(187): pg_query()
#2 /var/www/html/ci4-admin-lte/vendor/codeigniter4/framework/system/Database/BaseConnection.php(692): CodeIgniter\Database\Postgre\Connection->execute()
#3 /var/www/html/ci4-admin-lte/vendor/codeigniter4/framework/system/Database/BaseConnection.php(606): CodeIgniter\Database\BaseConnection->simpleQuery()
#4 /var/www/html/ci4-admin-lte/vendor/codeigniter4/framework/system/Database/BaseBuilder.php(1616): CodeIgniter\Database\BaseConnection->query()
#5 /var/www/html/ci4-admin-lte/vendor/codeigniter4/framework/system/Model.php(200): CodeIgniter\Database\BaseBuilder->get()
#6 /var/www/html/ci4-admin-lte/vendor/codeigniter4/framework/system/BaseModel.php(557): CodeIgniter\Model->doFind()
#7 /var/www/html/ci4-admin-lte/app/Config/Services.php(32): CodeIgniter\BaseModel->find()
#8 /var/www/html/ci4-admin-lte/vendor/codeigniter4/framework/system/Config/BaseService.php(193): Config\Services::login()
#9 /var/www/html/ci4-admin-lte/app/Config/Services.php(29): CodeIgniter\Config\BaseService::getSharedInstance()
#10 /var/www/html/ci4-admin-lte/app/Views/home/navbar.php(1): Config\Services::login()
#11 /var/www/html/ci4-admin-lte/vendor/codeigniter4/framework/system/View/View.php(224): include('...')
#12 /var/www/html/ci4-admin-lte/vendor/codeigniter4/framework/system/View/View.php(227): CodeIgniter\View\View->CodeIgniter\View\{closure}()
#13 /var/www/html/ci4-admin-lte/vendor/codeigniter4/framework/system/Common.php(1180): CodeIgniter\View\View->render()
#14 /var/www/html/ci4-admin-lte/app/Views/home/index.php(7): view()
#15 /var/www/html/ci4-admin-lte/vendor/codeigniter4/framework/system/View/View.php(224): include('...')
#16 /var/www/html/ci4-admin-lte/vendor/codeigniter4/framework/system/View/View.php(227): CodeIgniter\View\View->CodeIgniter\View\{closure}()
#17 /var/www/html/ci4-admin-lte/vendor/codeigniter4/framework/system/Common.php(1180): CodeIgniter\View\View->render()
#18 /var/www/html/ci4-admin-lte/app/Controllers/Home.php(16): view()
#19 /var/www/html/ci4-admin-lte/vendor/codeigniter4/framework/system/CodeIgniter.php(932): App\Controllers\Home->index()
#20 /var/www/html/ci4-admin-lte/vendor/codeigniter4/framework/system/CodeIgniter.php(497): CodeIgniter\CodeIgniter->runController()
#21 /var/www/html/ci4-admin-lte/vendor/codeigniter4/framework/system/CodeIgniter.php(366): CodeIgniter\CodeIgniter->handleRequest()
#22 /var/www/html/ci4-admin-lte/public/index.php(72): CodeIgniter\CodeIgniter->run()
#23 {main}
CRITICAL - 2023-08-30 15:49:01 --> pg_query(): Query failed: ERROR:  relation &quot;user&quot; does not exist
LINE 2: FROM &quot;user&quot;
             ^
in SYSTEMPATH/Database/postgre/Connection.php on line 187.
 1 [internal function]: CodeIgniter\Debug\Exceptions->errorHandler()
 2 SYSTEMPATH/Database/postgre/Connection.php(187): pg_query()
 3 SYSTEMPATH/Database/BaseConnection.php(692): CodeIgniter\Database\Postgre\Connection->execute()
 4 SYSTEMPATH/Database/BaseConnection.php(606): CodeIgniter\Database\BaseConnection->simpleQuery()
 5 SYSTEMPATH/Database/BaseBuilder.php(1616): CodeIgniter\Database\BaseConnection->query()
 6 SYSTEMPATH/Model.php(200): CodeIgniter\Database\BaseBuilder->get()
 7 SYSTEMPATH/BaseModel.php(557): CodeIgniter\Model->doFind()
 8 APPPATH/Config/Services.php(32): CodeIgniter\BaseModel->find()
 9 SYSTEMPATH/Config/BaseService.php(193): Config\Services::login()
10 APPPATH/Config/Services.php(29): CodeIgniter\Config\BaseService::getSharedInstance()
11 APPPATH/Views/home/navbar.php(1): Config\Services::login()
12 SYSTEMPATH/View/View.php(224): include('/var/www/html/ci4-admin-lte/app/Views/home/navbar.php')
13 SYSTEMPATH/View/View.php(227): CodeIgniter\View\View->CodeIgniter\View\{closure}()
14 SYSTEMPATH/Common.php(1180): CodeIgniter\View\View->render()
15 APPPATH/Views/home/index.php(7): view()
16 SYSTEMPATH/View/View.php(224): include('/var/www/html/ci4-admin-lte/app/Views/home/index.php')
17 SYSTEMPATH/View/View.php(227): CodeIgniter\View\View->CodeIgniter\View\{closure}()
18 SYSTEMPATH/Common.php(1180): CodeIgniter\View\View->render()
19 APPPATH/Controllers/Home.php(16): view()
20 SYSTEMPATH/CodeIgniter.php(932): App\Controllers\Home->index()
21 SYSTEMPATH/CodeIgniter.php(497): CodeIgniter\CodeIgniter->runController()
22 SYSTEMPATH/CodeIgniter.php(366): CodeIgniter\CodeIgniter->handleRequest()
23 FCPATH/index.php(72): CodeIgniter\CodeIgniter->run()
INFO - 2023-08-30 15:49:10 --> Session: Class initialized using 'CodeIgniter\Session\Handlers\FileHandler' driver.
ERROR - 2023-08-30 15:49:10 --> ErrorException: pg_query(): Query failed: ERROR:  relation &quot;user&quot; does not exist
LINE 2: FROM &quot;user&quot;
             ^ in /var/www/html/ci4-admin-lte/vendor/codeigniter4/framework/system/Database/postgre/Connection.php:187
Stack trace:
#0 [internal function]: CodeIgniter\Debug\Exceptions->errorHandler()
#1 /var/www/html/ci4-admin-lte/vendor/codeigniter4/framework/system/Database/postgre/Connection.php(187): pg_query()
#2 /var/www/html/ci4-admin-lte/vendor/codeigniter4/framework/system/Database/BaseConnection.php(692): CodeIgniter\Database\Postgre\Connection->execute()
#3 /var/www/html/ci4-admin-lte/vendor/codeigniter4/framework/system/Database/BaseConnection.php(606): CodeIgniter\Database\BaseConnection->simpleQuery()
#4 /var/www/html/ci4-admin-lte/vendor/codeigniter4/framework/system/Database/BaseBuilder.php(1616): CodeIgniter\Database\BaseConnection->query()
#5 /var/www/html/ci4-admin-lte/vendor/codeigniter4/framework/system/Model.php(200): CodeIgniter\Database\BaseBuilder->get()
#6 /var/www/html/ci4-admin-lte/vendor/codeigniter4/framework/system/BaseModel.php(557): CodeIgniter\Model->doFind()
#7 /var/www/html/ci4-admin-lte/app/Config/Services.php(32): CodeIgniter\BaseModel->find()
#8 /var/www/html/ci4-admin-lte/vendor/codeigniter4/framework/system/Config/BaseService.php(193): Config\Services::login()
#9 /var/www/html/ci4-admin-lte/app/Config/Services.php(29): CodeIgniter\Config\BaseService::getSharedInstance()
#10 /var/www/html/ci4-admin-lte/app/Views/home/navbar.php(1): Config\Services::login()
#11 /var/www/html/ci4-admin-lte/vendor/codeigniter4/framework/system/View/View.php(224): include('...')
#12 /var/www/html/ci4-admin-lte/vendor/codeigniter4/framework/system/View/View.php(227): CodeIgniter\View\View->CodeIgniter\View\{closure}()
#13 /var/www/html/ci4-admin-lte/vendor/codeigniter4/framework/system/Common.php(1180): CodeIgniter\View\View->render()
#14 /var/www/html/ci4-admin-lte/app/Views/home/index.php(7): view()
#15 /var/www/html/ci4-admin-lte/vendor/codeigniter4/framework/system/View/View.php(224): include('...')
#16 /var/www/html/ci4-admin-lte/vendor/codeigniter4/framework/system/View/View.php(227): CodeIgniter\View\View->CodeIgniter\View\{closure}()
#17 /var/www/html/ci4-admin-lte/vendor/codeigniter4/framework/system/Common.php(1180): CodeIgniter\View\View->render()
#18 /var/www/html/ci4-admin-lte/app/Controllers/Home.php(16): view()
#19 /var/www/html/ci4-admin-lte/vendor/codeigniter4/framework/system/CodeIgniter.php(932): App\Controllers\Home->index()
#20 /var/www/html/ci4-admin-lte/vendor/codeigniter4/framework/system/CodeIgniter.php(497): CodeIgniter\CodeIgniter->runController()
#21 /var/www/html/ci4-admin-lte/vendor/codeigniter4/framework/system/CodeIgniter.php(366): CodeIgniter\CodeIgniter->handleRequest()
#22 /var/www/html/ci4-admin-lte/public/index.php(72): CodeIgniter\CodeIgniter->run()
#23 {main}
CRITICAL - 2023-08-30 15:49:10 --> pg_query(): Query failed: ERROR:  relation &quot;user&quot; does not exist
LINE 2: FROM &quot;user&quot;
             ^
in SYSTEMPATH/Database/postgre/Connection.php on line 187.
 1 [internal function]: CodeIgniter\Debug\Exceptions->errorHandler()
 2 SYSTEMPATH/Database/postgre/Connection.php(187): pg_query()
 3 SYSTEMPATH/Database/BaseConnection.php(692): CodeIgniter\Database\Postgre\Connection->execute()
 4 SYSTEMPATH/Database/BaseConnection.php(606): CodeIgniter\Database\BaseConnection->simpleQuery()
 5 SYSTEMPATH/Database/BaseBuilder.php(1616): CodeIgniter\Database\BaseConnection->query()
 6 SYSTEMPATH/Model.php(200): CodeIgniter\Database\BaseBuilder->get()
 7 SYSTEMPATH/BaseModel.php(557): CodeIgniter\Model->doFind()
 8 APPPATH/Config/Services.php(32): CodeIgniter\BaseModel->find()
 9 SYSTEMPATH/Config/BaseService.php(193): Config\Services::login()
10 APPPATH/Config/Services.php(29): CodeIgniter\Config\BaseService::getSharedInstance()
11 APPPATH/Views/home/navbar.php(1): Config\Services::login()
12 SYSTEMPATH/View/View.php(224): include('/var/www/html/ci4-admin-lte/app/Views/home/navbar.php')
13 SYSTEMPATH/View/View.php(227): CodeIgniter\View\View->CodeIgniter\View\{closure}()
14 SYSTEMPATH/Common.php(1180): CodeIgniter\View\View->render()
15 APPPATH/Views/home/index.php(7): view()
16 SYSTEMPATH/View/View.php(224): include('/var/www/html/ci4-admin-lte/app/Views/home/index.php')
17 SYSTEMPATH/View/View.php(227): CodeIgniter\View\View->CodeIgniter\View\{closure}()
18 SYSTEMPATH/Common.php(1180): CodeIgniter\View\View->render()
19 APPPATH/Controllers/Home.php(16): view()
20 SYSTEMPATH/CodeIgniter.php(932): App\Controllers\Home->index()
21 SYSTEMPATH/CodeIgniter.php(497): CodeIgniter\CodeIgniter->runController()
22 SYSTEMPATH/CodeIgniter.php(366): CodeIgniter\CodeIgniter->handleRequest()
23 FCPATH/index.php(72): CodeIgniter\CodeIgniter->run()
INFO - 2023-08-30 15:50:00 --> Session: Class initialized using 'CodeIgniter\Session\Handlers\FileHandler' driver.
ERROR - 2023-08-30 15:50:00 --> ErrorException: pg_query(): Query failed: ERROR:  relation &quot;user&quot; does not exist
LINE 2: FROM &quot;user&quot;
             ^ in /var/www/html/ci4-admin-lte/vendor/codeigniter4/framework/system/Database/postgre/Connection.php:187
Stack trace:
#0 [internal function]: CodeIgniter\Debug\Exceptions->errorHandler()
#1 /var/www/html/ci4-admin-lte/vendor/codeigniter4/framework/system/Database/postgre/Connection.php(187): pg_query()
#2 /var/www/html/ci4-admin-lte/vendor/codeigniter4/framework/system/Database/BaseConnection.php(692): CodeIgniter\Database\Postgre\Connection->execute()
#3 /var/www/html/ci4-admin-lte/vendor/codeigniter4/framework/system/Database/BaseConnection.php(606): CodeIgniter\Database\BaseConnection->simpleQuery()
#4 /var/www/html/ci4-admin-lte/vendor/codeigniter4/framework/system/Database/BaseBuilder.php(1616): CodeIgniter\Database\BaseConnection->query()
#5 /var/www/html/ci4-admin-lte/vendor/codeigniter4/framework/system/Model.php(200): CodeIgniter\Database\BaseBuilder->get()
#6 /var/www/html/ci4-admin-lte/vendor/codeigniter4/framework/system/BaseModel.php(557): CodeIgniter\Model->doFind()
#7 /var/www/html/ci4-admin-lte/app/Config/Services.php(32): CodeIgniter\BaseModel->find()
#8 /var/www/html/ci4-admin-lte/vendor/codeigniter4/framework/system/Config/BaseService.php(193): Config\Services::login()
#9 /var/www/html/ci4-admin-lte/app/Config/Services.php(29): CodeIgniter\Config\BaseService::getSharedInstance()
#10 /var/www/html/ci4-admin-lte/app/Views/home/navbar.php(1): Config\Services::login()
#11 /var/www/html/ci4-admin-lte/vendor/codeigniter4/framework/system/View/View.php(224): include('...')
#12 /var/www/html/ci4-admin-lte/vendor/codeigniter4/framework/system/View/View.php(227): CodeIgniter\View\View->CodeIgniter\View\{closure}()
#13 /var/www/html/ci4-admin-lte/vendor/codeigniter4/framework/system/Common.php(1180): CodeIgniter\View\View->render()
#14 /var/www/html/ci4-admin-lte/app/Views/home/index.php(7): view()
#15 /var/www/html/ci4-admin-lte/vendor/codeigniter4/framework/system/View/View.php(224): include('...')
#16 /var/www/html/ci4-admin-lte/vendor/codeigniter4/framework/system/View/View.php(227): CodeIgniter\View\View->CodeIgniter\View\{closure}()
#17 /var/www/html/ci4-admin-lte/vendor/codeigniter4/framework/system/Common.php(1180): CodeIgniter\View\View->render()
#18 /var/www/html/ci4-admin-lte/app/Controllers/Home.php(16): view()
#19 /var/www/html/ci4-admin-lte/vendor/codeigniter4/framework/system/CodeIgniter.php(932): App\Controllers\Home->index()
#20 /var/www/html/ci4-admin-lte/vendor/codeigniter4/framework/system/CodeIgniter.php(497): CodeIgniter\CodeIgniter->runController()
#21 /var/www/html/ci4-admin-lte/vendor/codeigniter4/framework/system/CodeIgniter.php(366): CodeIgniter\CodeIgniter->handleRequest()
#22 /var/www/html/ci4-admin-lte/public/index.php(72): CodeIgniter\CodeIgniter->run()
#23 {main}
CRITICAL - 2023-08-30 15:50:00 --> pg_query(): Query failed: ERROR:  relation &quot;user&quot; does not exist
LINE 2: FROM &quot;user&quot;
             ^
in SYSTEMPATH/Database/postgre/Connection.php on line 187.
 1 [internal function]: CodeIgniter\Debug\Exceptions->errorHandler()
 2 SYSTEMPATH/Database/postgre/Connection.php(187): pg_query()
 3 SYSTEMPATH/Database/BaseConnection.php(692): CodeIgniter\Database\Postgre\Connection->execute()
 4 SYSTEMPATH/Database/BaseConnection.php(606): CodeIgniter\Database\BaseConnection->simpleQuery()
 5 SYSTEMPATH/Database/BaseBuilder.php(1616): CodeIgniter\Database\BaseConnection->query()
 6 SYSTEMPATH/Model.php(200): CodeIgniter\Database\BaseBuilder->get()
 7 SYSTEMPATH/BaseModel.php(557): CodeIgniter\Model->doFind()
 8 APPPATH/Config/Services.php(32): CodeIgniter\BaseModel->find()
 9 SYSTEMPATH/Config/BaseService.php(193): Config\Services::login()
10 APPPATH/Config/Services.php(29): CodeIgniter\Config\BaseService::getSharedInstance()
11 APPPATH/Views/home/navbar.php(1): Config\Services::login()
12 SYSTEMPATH/View/View.php(224): include('/var/www/html/ci4-admin-lte/app/Views/home/navbar.php')
13 SYSTEMPATH/View/View.php(227): CodeIgniter\View\View->CodeIgniter\View\{closure}()
14 SYSTEMPATH/Common.php(1180): CodeIgniter\View\View->render()
15 APPPATH/Views/home/index.php(7): view()
16 SYSTEMPATH/View/View.php(224): include('/var/www/html/ci4-admin-lte/app/Views/home/index.php')
17 SYSTEMPATH/View/View.php(227): CodeIgniter\View\View->CodeIgniter\View\{closure}()
18 SYSTEMPATH/Common.php(1180): CodeIgniter\View\View->render()
19 APPPATH/Controllers/Home.php(16): view()
20 SYSTEMPATH/CodeIgniter.php(932): App\Controllers\Home->index()
21 SYSTEMPATH/CodeIgniter.php(497): CodeIgniter\CodeIgniter->runController()
22 SYSTEMPATH/CodeIgniter.php(366): CodeIgniter\CodeIgniter->handleRequest()
23 FCPATH/index.php(72): CodeIgniter\CodeIgniter->run()
INFO - 2023-08-30 15:50:22 --> Session: Class initialized using 'CodeIgniter\Session\Handlers\FileHandler' driver.
ERROR - 2023-08-30 15:50:22 --> ErrorException: pg_query(): Query failed: ERROR:  relation &quot;user&quot; does not exist
LINE 2: FROM &quot;user&quot;
             ^ in /var/www/html/ci4-admin-lte/vendor/codeigniter4/framework/system/Database/postgre/Connection.php:187
Stack trace:
#0 [internal function]: CodeIgniter\Debug\Exceptions->errorHandler()
#1 /var/www/html/ci4-admin-lte/vendor/codeigniter4/framework/system/Database/postgre/Connection.php(187): pg_query()
#2 /var/www/html/ci4-admin-lte/vendor/codeigniter4/framework/system/Database/BaseConnection.php(692): CodeIgniter\Database\Postgre\Connection->execute()
#3 /var/www/html/ci4-admin-lte/vendor/codeigniter4/framework/system/Database/BaseConnection.php(606): CodeIgniter\Database\BaseConnection->simpleQuery()
#4 /var/www/html/ci4-admin-lte/vendor/codeigniter4/framework/system/Database/BaseBuilder.php(1616): CodeIgniter\Database\BaseConnection->query()
#5 /var/www/html/ci4-admin-lte/vendor/codeigniter4/framework/system/Model.php(200): CodeIgniter\Database\BaseBuilder->get()
#6 /var/www/html/ci4-admin-lte/vendor/codeigniter4/framework/system/BaseModel.php(557): CodeIgniter\Model->doFind()
#7 /var/www/html/ci4-admin-lte/app/Config/Services.php(32): CodeIgniter\BaseModel->find()
#8 /var/www/html/ci4-admin-lte/vendor/codeigniter4/framework/system/Config/BaseService.php(193): Config\Services::login()
#9 /var/www/html/ci4-admin-lte/app/Config/Services.php(29): CodeIgniter\Config\BaseService::getSharedInstance()
#10 /var/www/html/ci4-admin-lte/app/Views/home/navbar.php(1): Config\Services::login()
#11 /var/www/html/ci4-admin-lte/vendor/codeigniter4/framework/system/View/View.php(224): include('...')
#12 /var/www/html/ci4-admin-lte/vendor/codeigniter4/framework/system/View/View.php(227): CodeIgniter\View\View->CodeIgniter\View\{closure}()
#13 /var/www/html/ci4-admin-lte/vendor/codeigniter4/framework/system/Common.php(1180): CodeIgniter\View\View->render()
#14 /var/www/html/ci4-admin-lte/app/Views/home/index.php(7): view()
#15 /var/www/html/ci4-admin-lte/vendor/codeigniter4/framework/system/View/View.php(224): include('...')
#16 /var/www/html/ci4-admin-lte/vendor/codeigniter4/framework/system/View/View.php(227): CodeIgniter\View\View->CodeIgniter\View\{closure}()
#17 /var/www/html/ci4-admin-lte/vendor/codeigniter4/framework/system/Common.php(1180): CodeIgniter\View\View->render()
#18 /var/www/html/ci4-admin-lte/app/Controllers/Home.php(16): view()
#19 /var/www/html/ci4-admin-lte/vendor/codeigniter4/framework/system/CodeIgniter.php(932): App\Controllers\Home->index()
#20 /var/www/html/ci4-admin-lte/vendor/codeigniter4/framework/system/CodeIgniter.php(497): CodeIgniter\CodeIgniter->runController()
#21 /var/www/html/ci4-admin-lte/vendor/codeigniter4/framework/system/CodeIgniter.php(366): CodeIgniter\CodeIgniter->handleRequest()
#22 /var/www/html/ci4-admin-lte/public/index.php(72): CodeIgniter\CodeIgniter->run()
#23 {main}
CRITICAL - 2023-08-30 15:50:22 --> pg_query(): Query failed: ERROR:  relation &quot;user&quot; does not exist
LINE 2: FROM &quot;user&quot;
             ^
in SYSTEMPATH/Database/postgre/Connection.php on line 187.
 1 [internal function]: CodeIgniter\Debug\Exceptions->errorHandler()
 2 SYSTEMPATH/Database/postgre/Connection.php(187): pg_query()
 3 SYSTEMPATH/Database/BaseConnection.php(692): CodeIgniter\Database\Postgre\Connection->execute()
 4 SYSTEMPATH/Database/BaseConnection.php(606): CodeIgniter\Database\BaseConnection->simpleQuery()
 5 SYSTEMPATH/Database/BaseBuilder.php(1616): CodeIgniter\Database\BaseConnection->query()
 6 SYSTEMPATH/Model.php(200): CodeIgniter\Database\BaseBuilder->get()
 7 SYSTEMPATH/BaseModel.php(557): CodeIgniter\Model->doFind()
 8 APPPATH/Config/Services.php(32): CodeIgniter\BaseModel->find()
 9 SYSTEMPATH/Config/BaseService.php(193): Config\Services::login()
10 APPPATH/Config/Services.php(29): CodeIgniter\Config\BaseService::getSharedInstance()
11 APPPATH/Views/home/navbar.php(1): Config\Services::login()
12 SYSTEMPATH/View/View.php(224): include('/var/www/html/ci4-admin-lte/app/Views/home/navbar.php')
13 SYSTEMPATH/View/View.php(227): CodeIgniter\View\View->CodeIgniter\View\{closure}()
14 SYSTEMPATH/Common.php(1180): CodeIgniter\View\View->render()
15 APPPATH/Views/home/index.php(7): view()
16 SYSTEMPATH/View/View.php(224): include('/var/www/html/ci4-admin-lte/app/Views/home/index.php')
17 SYSTEMPATH/View/View.php(227): CodeIgniter\View\View->CodeIgniter\View\{closure}()
18 SYSTEMPATH/Common.php(1180): CodeIgniter\View\View->render()
19 APPPATH/Controllers/Home.php(16): view()
20 SYSTEMPATH/CodeIgniter.php(932): App\Controllers\Home->index()
21 SYSTEMPATH/CodeIgniter.php(497): CodeIgniter\CodeIgniter->runController()
22 SYSTEMPATH/CodeIgniter.php(366): CodeIgniter\CodeIgniter->handleRequest()
23 FCPATH/index.php(72): CodeIgniter\CodeIgniter->run()
INFO - 2023-08-30 15:50:25 --> Session: Class initialized using 'CodeIgniter\Session\Handlers\FileHandler' driver.
ERROR - 2023-08-30 15:50:25 --> ErrorException: pg_query(): Query failed: ERROR:  relation &quot;user&quot; does not exist
LINE 2: FROM &quot;user&quot;
             ^ in /var/www/html/ci4-admin-lte/vendor/codeigniter4/framework/system/Database/postgre/Connection.php:187
Stack trace:
#0 [internal function]: CodeIgniter\Debug\Exceptions->errorHandler()
#1 /var/www/html/ci4-admin-lte/vendor/codeigniter4/framework/system/Database/postgre/Connection.php(187): pg_query()
#2 /var/www/html/ci4-admin-lte/vendor/codeigniter4/framework/system/Database/BaseConnection.php(692): CodeIgniter\Database\Postgre\Connection->execute()
#3 /var/www/html/ci4-admin-lte/vendor/codeigniter4/framework/system/Database/BaseConnection.php(606): CodeIgniter\Database\BaseConnection->simpleQuery()
#4 /var/www/html/ci4-admin-lte/vendor/codeigniter4/framework/system/Database/BaseBuilder.php(1616): CodeIgniter\Database\BaseConnection->query()
#5 /var/www/html/ci4-admin-lte/vendor/codeigniter4/framework/system/Model.php(200): CodeIgniter\Database\BaseBuilder->get()
#6 /var/www/html/ci4-admin-lte/vendor/codeigniter4/framework/system/BaseModel.php(557): CodeIgniter\Model->doFind()
#7 /var/www/html/ci4-admin-lte/app/Config/Services.php(32): CodeIgniter\BaseModel->find()
#8 /var/www/html/ci4-admin-lte/vendor/codeigniter4/framework/system/Config/BaseService.php(193): Config\Services::login()
#9 /var/www/html/ci4-admin-lte/app/Config/Services.php(29): CodeIgniter\Config\BaseService::getSharedInstance()
#10 /var/www/html/ci4-admin-lte/app/Views/home/navbar.php(1): Config\Services::login()
#11 /var/www/html/ci4-admin-lte/vendor/codeigniter4/framework/system/View/View.php(224): include('...')
#12 /var/www/html/ci4-admin-lte/vendor/codeigniter4/framework/system/View/View.php(227): CodeIgniter\View\View->CodeIgniter\View\{closure}()
#13 /var/www/html/ci4-admin-lte/vendor/codeigniter4/framework/system/Common.php(1180): CodeIgniter\View\View->render()
#14 /var/www/html/ci4-admin-lte/app/Views/home/index.php(7): view()
#15 /var/www/html/ci4-admin-lte/vendor/codeigniter4/framework/system/View/View.php(224): include('...')
#16 /var/www/html/ci4-admin-lte/vendor/codeigniter4/framework/system/View/View.php(227): CodeIgniter\View\View->CodeIgniter\View\{closure}()
#17 /var/www/html/ci4-admin-lte/vendor/codeigniter4/framework/system/Common.php(1180): CodeIgniter\View\View->render()
#18 /var/www/html/ci4-admin-lte/app/Controllers/Home.php(16): view()
#19 /var/www/html/ci4-admin-lte/vendor/codeigniter4/framework/system/CodeIgniter.php(932): App\Controllers\Home->index()
#20 /var/www/html/ci4-admin-lte/vendor/codeigniter4/framework/system/CodeIgniter.php(497): CodeIgniter\CodeIgniter->runController()
#21 /var/www/html/ci4-admin-lte/vendor/codeigniter4/framework/system/CodeIgniter.php(366): CodeIgniter\CodeIgniter->handleRequest()
#22 /var/www/html/ci4-admin-lte/public/index.php(72): CodeIgniter\CodeIgniter->run()
#23 {main}
CRITICAL - 2023-08-30 15:50:25 --> pg_query(): Query failed: ERROR:  relation &quot;user&quot; does not exist
LINE 2: FROM &quot;user&quot;
             ^
in SYSTEMPATH/Database/postgre/Connection.php on line 187.
 1 [internal function]: CodeIgniter\Debug\Exceptions->errorHandler()
 2 SYSTEMPATH/Database/postgre/Connection.php(187): pg_query()
 3 SYSTEMPATH/Database/BaseConnection.php(692): CodeIgniter\Database\Postgre\Connection->execute()
 4 SYSTEMPATH/Database/BaseConnection.php(606): CodeIgniter\Database\BaseConnection->simpleQuery()
 5 SYSTEMPATH/Database/BaseBuilder.php(1616): CodeIgniter\Database\BaseConnection->query()
 6 SYSTEMPATH/Model.php(200): CodeIgniter\Database\BaseBuilder->get()
 7 SYSTEMPATH/BaseModel.php(557): CodeIgniter\Model->doFind()
 8 APPPATH/Config/Services.php(32): CodeIgniter\BaseModel->find()
 9 SYSTEMPATH/Config/BaseService.php(193): Config\Services::login()
10 APPPATH/Config/Services.php(29): CodeIgniter\Config\BaseService::getSharedInstance()
11 APPPATH/Views/home/navbar.php(1): Config\Services::login()
12 SYSTEMPATH/View/View.php(224): include('/var/www/html/ci4-admin-lte/app/Views/home/navbar.php')
13 SYSTEMPATH/View/View.php(227): CodeIgniter\View\View->CodeIgniter\View\{closure}()
14 SYSTEMPATH/Common.php(1180): CodeIgniter\View\View->render()
15 APPPATH/Views/home/index.php(7): view()
16 SYSTEMPATH/View/View.php(224): include('/var/www/html/ci4-admin-lte/app/Views/home/index.php')
17 SYSTEMPATH/View/View.php(227): CodeIgniter\View\View->CodeIgniter\View\{closure}()
18 SYSTEMPATH/Common.php(1180): CodeIgniter\View\View->render()
19 APPPATH/Controllers/Home.php(16): view()
20 SYSTEMPATH/CodeIgniter.php(932): App\Controllers\Home->index()
21 SYSTEMPATH/CodeIgniter.php(497): CodeIgniter\CodeIgniter->runController()
22 SYSTEMPATH/CodeIgniter.php(366): CodeIgniter\CodeIgniter->handleRequest()
23 FCPATH/index.php(72): CodeIgniter\CodeIgniter->run()
INFO - 2023-08-30 15:55:59 --> Session: Class initialized using 'CodeIgniter\Session\Handlers\FileHandler' driver.
ERROR - 2023-08-30 15:55:59 --> ErrorException: pg_query(): Query failed: ERROR:  relation &quot;user&quot; does not exist
LINE 2: FROM &quot;user&quot;
             ^ in /var/www/html/ci4-admin-lte/vendor/codeigniter4/framework/system/Database/postgre/Connection.php:187
Stack trace:
#0 [internal function]: CodeIgniter\Debug\Exceptions->errorHandler()
#1 /var/www/html/ci4-admin-lte/vendor/codeigniter4/framework/system/Database/postgre/Connection.php(187): pg_query()
#2 /var/www/html/ci4-admin-lte/vendor/codeigniter4/framework/system/Database/BaseConnection.php(692): CodeIgniter\Database\Postgre\Connection->execute()
#3 /var/www/html/ci4-admin-lte/vendor/codeigniter4/framework/system/Database/BaseConnection.php(606): CodeIgniter\Database\BaseConnection->simpleQuery()
#4 /var/www/html/ci4-admin-lte/vendor/codeigniter4/framework/system/Database/BaseBuilder.php(1616): CodeIgniter\Database\BaseConnection->query()
#5 /var/www/html/ci4-admin-lte/vendor/codeigniter4/framework/system/Model.php(200): CodeIgniter\Database\BaseBuilder->get()
#6 /var/www/html/ci4-admin-lte/vendor/codeigniter4/framework/system/BaseModel.php(557): CodeIgniter\Model->doFind()
#7 /var/www/html/ci4-admin-lte/app/Config/Services.php(32): CodeIgniter\BaseModel->find()
#8 /var/www/html/ci4-admin-lte/vendor/codeigniter4/framework/system/Config/BaseService.php(193): Config\Services::login()
#9 /var/www/html/ci4-admin-lte/app/Config/Services.php(29): CodeIgniter\Config\BaseService::getSharedInstance()
#10 /var/www/html/ci4-admin-lte/app/Views/home/navbar.php(1): Config\Services::login()
#11 /var/www/html/ci4-admin-lte/vendor/codeigniter4/framework/system/View/View.php(224): include('...')
#12 /var/www/html/ci4-admin-lte/vendor/codeigniter4/framework/system/View/View.php(227): CodeIgniter\View\View->CodeIgniter\View\{closure}()
#13 /var/www/html/ci4-admin-lte/vendor/codeigniter4/framework/system/Common.php(1180): CodeIgniter\View\View->render()
#14 /var/www/html/ci4-admin-lte/app/Views/home/index.php(7): view()
#15 /var/www/html/ci4-admin-lte/vendor/codeigniter4/framework/system/View/View.php(224): include('...')
#16 /var/www/html/ci4-admin-lte/vendor/codeigniter4/framework/system/View/View.php(227): CodeIgniter\View\View->CodeIgniter\View\{closure}()
#17 /var/www/html/ci4-admin-lte/vendor/codeigniter4/framework/system/Common.php(1180): CodeIgniter\View\View->render()
#18 /var/www/html/ci4-admin-lte/app/Controllers/Home.php(16): view()
#19 /var/www/html/ci4-admin-lte/vendor/codeigniter4/framework/system/CodeIgniter.php(932): App\Controllers\Home->index()
#20 /var/www/html/ci4-admin-lte/vendor/codeigniter4/framework/system/CodeIgniter.php(497): CodeIgniter\CodeIgniter->runController()
#21 /var/www/html/ci4-admin-lte/vendor/codeigniter4/framework/system/CodeIgniter.php(366): CodeIgniter\CodeIgniter->handleRequest()
#22 /var/www/html/ci4-admin-lte/public/index.php(72): CodeIgniter\CodeIgniter->run()
#23 {main}
CRITICAL - 2023-08-30 15:55:59 --> pg_query(): Query failed: ERROR:  relation &quot;user&quot; does not exist
LINE 2: FROM &quot;user&quot;
             ^
in SYSTEMPATH/Database/postgre/Connection.php on line 187.
 1 [internal function]: CodeIgniter\Debug\Exceptions->errorHandler()
 2 SYSTEMPATH/Database/postgre/Connection.php(187): pg_query()
 3 SYSTEMPATH/Database/BaseConnection.php(692): CodeIgniter\Database\Postgre\Connection->execute()
 4 SYSTEMPATH/Database/BaseConnection.php(606): CodeIgniter\Database\BaseConnection->simpleQuery()
 5 SYSTEMPATH/Database/BaseBuilder.php(1616): CodeIgniter\Database\BaseConnection->query()
 6 SYSTEMPATH/Model.php(200): CodeIgniter\Database\BaseBuilder->get()
 7 SYSTEMPATH/BaseModel.php(557): CodeIgniter\Model->doFind()
 8 APPPATH/Config/Services.php(32): CodeIgniter\BaseModel->find()
 9 SYSTEMPATH/Config/BaseService.php(193): Config\Services::login()
10 APPPATH/Config/Services.php(29): CodeIgniter\Config\BaseService::getSharedInstance()
11 APPPATH/Views/home/navbar.php(1): Config\Services::login()
12 SYSTEMPATH/View/View.php(224): include('/var/www/html/ci4-admin-lte/app/Views/home/navbar.php')
13 SYSTEMPATH/View/View.php(227): CodeIgniter\View\View->CodeIgniter\View\{closure}()
14 SYSTEMPATH/Common.php(1180): CodeIgniter\View\View->render()
15 APPPATH/Views/home/index.php(7): view()
16 SYSTEMPATH/View/View.php(224): include('/var/www/html/ci4-admin-lte/app/Views/home/index.php')
17 SYSTEMPATH/View/View.php(227): CodeIgniter\View\View->CodeIgniter\View\{closure}()
18 SYSTEMPATH/Common.php(1180): CodeIgniter\View\View->render()
19 APPPATH/Controllers/Home.php(16): view()
20 SYSTEMPATH/CodeIgniter.php(932): App\Controllers\Home->index()
21 SYSTEMPATH/CodeIgniter.php(497): CodeIgniter\CodeIgniter->runController()
22 SYSTEMPATH/CodeIgniter.php(366): CodeIgniter\CodeIgniter->handleRequest()
23 FCPATH/index.php(72): CodeIgniter\CodeIgniter->run()
INFO - 2023-08-30 15:56:02 --> Session: Class initialized using 'CodeIgniter\Session\Handlers\FileHandler' driver.
ERROR - 2023-08-30 15:56:02 --> ErrorException: pg_query(): Query failed: ERROR:  relation &quot;user&quot; does not exist
LINE 2: FROM &quot;user&quot;
             ^ in /var/www/html/ci4-admin-lte/vendor/codeigniter4/framework/system/Database/postgre/Connection.php:187
Stack trace:
#0 [internal function]: CodeIgniter\Debug\Exceptions->errorHandler()
#1 /var/www/html/ci4-admin-lte/vendor/codeigniter4/framework/system/Database/postgre/Connection.php(187): pg_query()
#2 /var/www/html/ci4-admin-lte/vendor/codeigniter4/framework/system/Database/BaseConnection.php(692): CodeIgniter\Database\Postgre\Connection->execute()
#3 /var/www/html/ci4-admin-lte/vendor/codeigniter4/framework/system/Database/BaseConnection.php(606): CodeIgniter\Database\BaseConnection->simpleQuery()
#4 /var/www/html/ci4-admin-lte/vendor/codeigniter4/framework/system/Database/BaseBuilder.php(1616): CodeIgniter\Database\BaseConnection->query()
#5 /var/www/html/ci4-admin-lte/vendor/codeigniter4/framework/system/Model.php(200): CodeIgniter\Database\BaseBuilder->get()
#6 /var/www/html/ci4-admin-lte/vendor/codeigniter4/framework/system/BaseModel.php(557): CodeIgniter\Model->doFind()
#7 /var/www/html/ci4-admin-lte/app/Config/Services.php(32): CodeIgniter\BaseModel->find()
#8 /var/www/html/ci4-admin-lte/vendor/codeigniter4/framework/system/Config/BaseService.php(193): Config\Services::login()
#9 /var/www/html/ci4-admin-lte/app/Config/Services.php(29): CodeIgniter\Config\BaseService::getSharedInstance()
#10 /var/www/html/ci4-admin-lte/app/Views/home/navbar.php(1): Config\Services::login()
#11 /var/www/html/ci4-admin-lte/vendor/codeigniter4/framework/system/View/View.php(224): include('...')
#12 /var/www/html/ci4-admin-lte/vendor/codeigniter4/framework/system/View/View.php(227): CodeIgniter\View\View->CodeIgniter\View\{closure}()
#13 /var/www/html/ci4-admin-lte/vendor/codeigniter4/framework/system/Common.php(1180): CodeIgniter\View\View->render()
#14 /var/www/html/ci4-admin-lte/app/Views/home/index.php(7): view()
#15 /var/www/html/ci4-admin-lte/vendor/codeigniter4/framework/system/View/View.php(224): include('...')
#16 /var/www/html/ci4-admin-lte/vendor/codeigniter4/framework/system/View/View.php(227): CodeIgniter\View\View->CodeIgniter\View\{closure}()
#17 /var/www/html/ci4-admin-lte/vendor/codeigniter4/framework/system/Common.php(1180): CodeIgniter\View\View->render()
#18 /var/www/html/ci4-admin-lte/app/Controllers/Home.php(16): view()
#19 /var/www/html/ci4-admin-lte/vendor/codeigniter4/framework/system/CodeIgniter.php(932): App\Controllers\Home->index()
#20 /var/www/html/ci4-admin-lte/vendor/codeigniter4/framework/system/CodeIgniter.php(497): CodeIgniter\CodeIgniter->runController()
#21 /var/www/html/ci4-admin-lte/vendor/codeigniter4/framework/system/CodeIgniter.php(366): CodeIgniter\CodeIgniter->handleRequest()
#22 /var/www/html/ci4-admin-lte/public/index.php(72): CodeIgniter\CodeIgniter->run()
#23 {main}
CRITICAL - 2023-08-30 15:56:02 --> pg_query(): Query failed: ERROR:  relation &quot;user&quot; does not exist
LINE 2: FROM &quot;user&quot;
             ^
in SYSTEMPATH/Database/postgre/Connection.php on line 187.
 1 [internal function]: CodeIgniter\Debug\Exceptions->errorHandler()
 2 SYSTEMPATH/Database/postgre/Connection.php(187): pg_query()
 3 SYSTEMPATH/Database/BaseConnection.php(692): CodeIgniter\Database\Postgre\Connection->execute()
 4 SYSTEMPATH/Database/BaseConnection.php(606): CodeIgniter\Database\BaseConnection->simpleQuery()
 5 SYSTEMPATH/Database/BaseBuilder.php(1616): CodeIgniter\Database\BaseConnection->query()
 6 SYSTEMPATH/Model.php(200): CodeIgniter\Database\BaseBuilder->get()
 7 SYSTEMPATH/BaseModel.php(557): CodeIgniter\Model->doFind()
 8 APPPATH/Config/Services.php(32): CodeIgniter\BaseModel->find()
 9 SYSTEMPATH/Config/BaseService.php(193): Config\Services::login()
10 APPPATH/Config/Services.php(29): CodeIgniter\Config\BaseService::getSharedInstance()
11 APPPATH/Views/home/navbar.php(1): Config\Services::login()
12 SYSTEMPATH/View/View.php(224): include('/var/www/html/ci4-admin-lte/app/Views/home/navbar.php')
13 SYSTEMPATH/View/View.php(227): CodeIgniter\View\View->CodeIgniter\View\{closure}()
14 SYSTEMPATH/Common.php(1180): CodeIgniter\View\View->render()
15 APPPATH/Views/home/index.php(7): view()
16 SYSTEMPATH/View/View.php(224): include('/var/www/html/ci4-admin-lte/app/Views/home/index.php')
17 SYSTEMPATH/View/View.php(227): CodeIgniter\View\View->CodeIgniter\View\{closure}()
18 SYSTEMPATH/Common.php(1180): CodeIgniter\View\View->render()
19 APPPATH/Controllers/Home.php(16): view()
20 SYSTEMPATH/CodeIgniter.php(932): App\Controllers\Home->index()
21 SYSTEMPATH/CodeIgniter.php(497): CodeIgniter\CodeIgniter->runController()
22 SYSTEMPATH/CodeIgniter.php(366): CodeIgniter\CodeIgniter->handleRequest()
23 FCPATH/index.php(72): CodeIgniter\CodeIgniter->run()
INFO - 2023-08-30 15:57:06 --> Session: Class initialized using 'CodeIgniter\Session\Handlers\FileHandler' driver.
ERROR - 2023-08-30 15:57:06 --> ErrorException: pg_query(): Query failed: ERROR:  column user.id does not exist
LINE 3: WHERE &quot;user&quot;.&quot;id&quot; = 0
              ^ in /var/www/html/ci4-admin-lte/vendor/codeigniter4/framework/system/Database/postgre/Connection.php:187
Stack trace:
#0 [internal function]: CodeIgniter\Debug\Exceptions->errorHandler()
#1 /var/www/html/ci4-admin-lte/vendor/codeigniter4/framework/system/Database/postgre/Connection.php(187): pg_query()
#2 /var/www/html/ci4-admin-lte/vendor/codeigniter4/framework/system/Database/BaseConnection.php(692): CodeIgniter\Database\Postgre\Connection->execute()
#3 /var/www/html/ci4-admin-lte/vendor/codeigniter4/framework/system/Database/BaseConnection.php(606): CodeIgniter\Database\BaseConnection->simpleQuery()
#4 /var/www/html/ci4-admin-lte/vendor/codeigniter4/framework/system/Database/BaseBuilder.php(1616): CodeIgniter\Database\BaseConnection->query()
#5 /var/www/html/ci4-admin-lte/vendor/codeigniter4/framework/system/Model.php(200): CodeIgniter\Database\BaseBuilder->get()
#6 /var/www/html/ci4-admin-lte/vendor/codeigniter4/framework/system/BaseModel.php(557): CodeIgniter\Model->doFind()
#7 /var/www/html/ci4-admin-lte/app/Config/Services.php(32): CodeIgniter\BaseModel->find()
#8 /var/www/html/ci4-admin-lte/vendor/codeigniter4/framework/system/Config/BaseService.php(193): Config\Services::login()
#9 /var/www/html/ci4-admin-lte/app/Config/Services.php(29): CodeIgniter\Config\BaseService::getSharedInstance()
#10 /var/www/html/ci4-admin-lte/app/Views/home/navbar.php(1): Config\Services::login()
#11 /var/www/html/ci4-admin-lte/vendor/codeigniter4/framework/system/View/View.php(224): include('...')
#12 /var/www/html/ci4-admin-lte/vendor/codeigniter4/framework/system/View/View.php(227): CodeIgniter\View\View->CodeIgniter\View\{closure}()
#13 /var/www/html/ci4-admin-lte/vendor/codeigniter4/framework/system/Common.php(1180): CodeIgniter\View\View->render()
#14 /var/www/html/ci4-admin-lte/app/Views/home/index.php(7): view()
#15 /var/www/html/ci4-admin-lte/vendor/codeigniter4/framework/system/View/View.php(224): include('...')
#16 /var/www/html/ci4-admin-lte/vendor/codeigniter4/framework/system/View/View.php(227): CodeIgniter\View\View->CodeIgniter\View\{closure}()
#17 /var/www/html/ci4-admin-lte/vendor/codeigniter4/framework/system/Common.php(1180): CodeIgniter\View\View->render()
#18 /var/www/html/ci4-admin-lte/app/Controllers/Home.php(16): view()
#19 /var/www/html/ci4-admin-lte/vendor/codeigniter4/framework/system/CodeIgniter.php(932): App\Controllers\Home->index()
#20 /var/www/html/ci4-admin-lte/vendor/codeigniter4/framework/system/CodeIgniter.php(497): CodeIgniter\CodeIgniter->runController()
#21 /var/www/html/ci4-admin-lte/vendor/codeigniter4/framework/system/CodeIgniter.php(366): CodeIgniter\CodeIgniter->handleRequest()
#22 /var/www/html/ci4-admin-lte/public/index.php(72): CodeIgniter\CodeIgniter->run()
#23 {main}
CRITICAL - 2023-08-30 15:57:06 --> pg_query(): Query failed: ERROR:  column user.id does not exist
LINE 3: WHERE &quot;user&quot;.&quot;id&quot; = 0
              ^
in SYSTEMPATH/Database/postgre/Connection.php on line 187.
 1 [internal function]: CodeIgniter\Debug\Exceptions->errorHandler()
 2 SYSTEMPATH/Database/postgre/Connection.php(187): pg_query()
 3 SYSTEMPATH/Database/BaseConnection.php(692): CodeIgniter\Database\Postgre\Connection->execute()
 4 SYSTEMPATH/Database/BaseConnection.php(606): CodeIgniter\Database\BaseConnection->simpleQuery()
 5 SYSTEMPATH/Database/BaseBuilder.php(1616): CodeIgniter\Database\BaseConnection->query()
 6 SYSTEMPATH/Model.php(200): CodeIgniter\Database\BaseBuilder->get()
 7 SYSTEMPATH/BaseModel.php(557): CodeIgniter\Model->doFind()
 8 APPPATH/Config/Services.php(32): CodeIgniter\BaseModel->find()
 9 SYSTEMPATH/Config/BaseService.php(193): Config\Services::login()
10 APPPATH/Config/Services.php(29): CodeIgniter\Config\BaseService::getSharedInstance()
11 APPPATH/Views/home/navbar.php(1): Config\Services::login()
12 SYSTEMPATH/View/View.php(224): include('/var/www/html/ci4-admin-lte/app/Views/home/navbar.php')
13 SYSTEMPATH/View/View.php(227): CodeIgniter\View\View->CodeIgniter\View\{closure}()
14 SYSTEMPATH/Common.php(1180): CodeIgniter\View\View->render()
15 APPPATH/Views/home/index.php(7): view()
16 SYSTEMPATH/View/View.php(224): include('/var/www/html/ci4-admin-lte/app/Views/home/index.php')
17 SYSTEMPATH/View/View.php(227): CodeIgniter\View\View->CodeIgniter\View\{closure}()
18 SYSTEMPATH/Common.php(1180): CodeIgniter\View\View->render()
19 APPPATH/Controllers/Home.php(16): view()
20 SYSTEMPATH/CodeIgniter.php(932): App\Controllers\Home->index()
21 SYSTEMPATH/CodeIgniter.php(497): CodeIgniter\CodeIgniter->runController()
22 SYSTEMPATH/CodeIgniter.php(366): CodeIgniter\CodeIgniter->handleRequest()
23 FCPATH/index.php(72): CodeIgniter\CodeIgniter->run()
INFO - 2023-08-30 15:57:33 --> Session: Class initialized using 'CodeIgniter\Session\Handlers\FileHandler' driver.
CRITICAL - 2023-08-30 15:57:33 --> foreach() argument must be of type array|object, string given
in APPPATH/Views/home/index.php on line 28.
 1 APPPATH/Views/home/index.php(28): CodeIgniter\Debug\Exceptions->errorHandler()
 2 SYSTEMPATH/View/View.php(224): include('/var/www/html/ci4-admin-lte/app/Views/home/index.php')
 3 SYSTEMPATH/View/View.php(227): CodeIgniter\View\View->CodeIgniter\View\{closure}()
 4 SYSTEMPATH/Common.php(1180): CodeIgniter\View\View->render()
 5 APPPATH/Controllers/Home.php(16): view()
 6 SYSTEMPATH/CodeIgniter.php(932): App\Controllers\Home->index()
 7 SYSTEMPATH/CodeIgniter.php(497): CodeIgniter\CodeIgniter->runController()
 8 SYSTEMPATH/CodeIgniter.php(366): CodeIgniter\CodeIgniter->handleRequest()
 9 FCPATH/index.php(72): CodeIgniter\CodeIgniter->run()
INFO - 2023-08-30 15:58:48 --> Session: Class initialized using 'CodeIgniter\Session\Handlers\FileHandler' driver.
INFO - 2023-08-30 15:58:58 --> Session: Class initialized using 'CodeIgniter\Session\Handlers\FileHandler' driver.
INFO - 2023-08-30 15:59:00 --> Session: Class initialized using 'CodeIgniter\Session\Handlers\FileHandler' driver.
INFO - 2023-08-30 15:59:02 --> Session: Class initialized using 'CodeIgniter\Session\Handlers\FileHandler' driver.
INFO - 2023-08-30 15:59:27 --> Session: Class initialized using 'CodeIgniter\Session\Handlers\FileHandler' driver.
INFO - 2023-08-30 15:59:36 --> Session: Class initialized using 'CodeIgniter\Session\Handlers\FileHandler' driver.
INFO - 2023-08-30 15:59:43 --> Session: Class initialized using 'CodeIgniter\Session\Handlers\FileHandler' driver.
INFO - 2023-08-30 15:59:46 --> Session: Class initialized using 'CodeIgniter\Session\Handlers\FileHandler' driver.
INFO - 2023-08-30 15:59:53 --> Session: Class initialized using 'CodeIgniter\Session\Handlers\FileHandler' driver.
INFO - 2023-08-30 16:02:30 --> Session: Class initialized using 'CodeIgniter\Session\Handlers\FileHandler' driver.
INFO - 2023-08-30 16:02:34 --> Session: Class initialized using 'CodeIgniter\Session\Handlers\FileHandler' driver.
INFO - 2023-08-30 16:02:36 --> Session: Class initialized using 'CodeIgniter\Session\Handlers\FileHandler' driver.
INFO - 2023-08-30 16:02:38 --> Session: Class initialized using 'CodeIgniter\Session\Handlers\FileHandler' driver.
INFO - 2023-08-30 16:03:45 --> Session: Class initialized using 'CodeIgniter\Session\Handlers\FileHandler' driver.
INFO - 2023-08-30 16:05:40 --> Session: Class initialized using 'CodeIgniter\Session\Handlers\FileHandler' driver.
INFO - 2023-08-30 16:06:00 --> Session: Class initialized using 'CodeIgniter\Session\Handlers\FileHandler' driver.
INFO - 2023-08-30 16:07:40 --> Session: Class initialized using 'CodeIgniter\Session\Handlers\FileHandler' driver.
CRITICAL - 2023-08-30 16:07:40 --> Undefined array key "NAME_PORTAL"
in APPPATH/Views/home/navbar.php on line 53.
 1 APPPATH/Views/home/navbar.php(53): CodeIgniter\Debug\Exceptions->errorHandler()
 2 SYSTEMPATH/View/View.php(224): include('/var/www/html/ci4-admin-lte/app/Views/home/navbar.php')
 3 SYSTEMPATH/View/View.php(227): CodeIgniter\View\View->CodeIgniter\View\{closure}()
 4 SYSTEMPATH/Common.php(1180): CodeIgniter\View\View->render()
 5 APPPATH/Views/home/index.php(7): view()
 6 SYSTEMPATH/View/View.php(224): include('/var/www/html/ci4-admin-lte/app/Views/home/index.php')
 7 SYSTEMPATH/View/View.php(227): CodeIgniter\View\View->CodeIgniter\View\{closure}()
 8 SYSTEMPATH/Common.php(1180): CodeIgniter\View\View->render()
 9 APPPATH/Controllers/Home.php(18): view()
10 SYSTEMPATH/CodeIgniter.php(932): App\Controllers\Home->index()
11 SYSTEMPATH/CodeIgniter.php(497): CodeIgniter\CodeIgniter->runController()
12 SYSTEMPATH/CodeIgniter.php(366): CodeIgniter\CodeIgniter->handleRequest()
13 FCPATH/index.php(72): CodeIgniter\CodeIgniter->run()
INFO - 2023-08-30 16:08:44 --> Session: Class initialized using 'CodeIgniter\Session\Handlers\FileHandler' driver.
CRITICAL - 2023-08-30 16:08:44 --> Undefined array key "NAME_PORTAL"
in APPPATH/Views/home/navbar.php on line 53.
 1 APPPATH/Views/home/navbar.php(53): CodeIgniter\Debug\Exceptions->errorHandler()
 2 SYSTEMPATH/View/View.php(224): include('/var/www/html/ci4-admin-lte/app/Views/home/navbar.php')
 3 SYSTEMPATH/View/View.php(227): CodeIgniter\View\View->CodeIgniter\View\{closure}()
 4 SYSTEMPATH/Common.php(1180): CodeIgniter\View\View->render()
 5 APPPATH/Views/home/index.php(7): view()
 6 SYSTEMPATH/View/View.php(224): include('/var/www/html/ci4-admin-lte/app/Views/home/index.php')
 7 SYSTEMPATH/View/View.php(227): CodeIgniter\View\View->CodeIgniter\View\{closure}()
 8 SYSTEMPATH/Common.php(1180): CodeIgniter\View\View->render()
 9 APPPATH/Controllers/Home.php(18): view()
10 SYSTEMPATH/CodeIgniter.php(932): App\Controllers\Home->index()
11 SYSTEMPATH/CodeIgniter.php(497): CodeIgniter\CodeIgniter->runController()
12 SYSTEMPATH/CodeIgniter.php(366): CodeIgniter\CodeIgniter->handleRequest()
13 FCPATH/index.php(72): CodeIgniter\CodeIgniter->run()
INFO - 2023-08-30 16:08:46 --> Session: Class initialized using 'CodeIgniter\Session\Handlers\FileHandler' driver.
CRITICAL - 2023-08-30 16:08:46 --> Undefined array key "NAME_PORTAL"
in APPPATH/Views/home/navbar.php on line 53.
 1 APPPATH/Views/home/navbar.php(53): CodeIgniter\Debug\Exceptions->errorHandler()
 2 SYSTEMPATH/View/View.php(224): include('/var/www/html/ci4-admin-lte/app/Views/home/navbar.php')
 3 SYSTEMPATH/View/View.php(227): CodeIgniter\View\View->CodeIgniter\View\{closure}()
 4 SYSTEMPATH/Common.php(1180): CodeIgniter\View\View->render()
 5 APPPATH/Views/home/index.php(7): view()
 6 SYSTEMPATH/View/View.php(224): include('/var/www/html/ci4-admin-lte/app/Views/home/index.php')
 7 SYSTEMPATH/View/View.php(227): CodeIgniter\View\View->CodeIgniter\View\{closure}()
 8 SYSTEMPATH/Common.php(1180): CodeIgniter\View\View->render()
 9 APPPATH/Controllers/Home.php(18): view()
10 SYSTEMPATH/CodeIgniter.php(932): App\Controllers\Home->index()
11 SYSTEMPATH/CodeIgniter.php(497): CodeIgniter\CodeIgniter->runController()
12 SYSTEMPATH/CodeIgniter.php(366): CodeIgniter\CodeIgniter->handleRequest()
13 FCPATH/index.php(72): CodeIgniter\CodeIgniter->run()
INFO - 2023-08-30 16:09:09 --> Session: Class initialized using 'CodeIgniter\Session\Handlers\FileHandler' driver.
CRITICAL - 2023-08-30 16:09:09 --> Call to undefined function var_dum()
in APPPATH/Views/home/navbar.php on line 53.
 1 SYSTEMPATH/View/View.php(224): include()
 2 SYSTEMPATH/View/View.php(227): CodeIgniter\View\View->CodeIgniter\View\{closure}()
 3 SYSTEMPATH/Common.php(1180): CodeIgniter\View\View->render()
 4 APPPATH/Views/home/index.php(7): view()
 5 SYSTEMPATH/View/View.php(224): include('/var/www/html/ci4-admin-lte/app/Views/home/index.php')
 6 SYSTEMPATH/View/View.php(227): CodeIgniter\View\View->CodeIgniter\View\{closure}()
 7 SYSTEMPATH/Common.php(1180): CodeIgniter\View\View->render()
 8 APPPATH/Controllers/Home.php(18): view()
 9 SYSTEMPATH/CodeIgniter.php(932): App\Controllers\Home->index()
10 SYSTEMPATH/CodeIgniter.php(497): CodeIgniter\CodeIgniter->runController()
11 SYSTEMPATH/CodeIgniter.php(366): CodeIgniter\CodeIgniter->handleRequest()
12 FCPATH/index.php(72): CodeIgniter\CodeIgniter->run()
INFO - 2023-08-30 16:09:30 --> Session: Class initialized using 'CodeIgniter\Session\Handlers\FileHandler' driver.
INFO - 2023-08-30 16:09:50 --> Session: Class initialized using 'CodeIgniter\Session\Handlers\FileHandler' driver.
INFO - 2023-08-30 16:10:10 --> Session: Class initialized using 'CodeIgniter\Session\Handlers\FileHandler' driver.
INFO - 2023-08-30 16:12:53 --> Session: Class initialized using 'CodeIgniter\Session\Handlers\FileHandler' driver.
INFO - 2023-08-30 16:15:46 --> Session: Class initialized using 'CodeIgniter\Session\Handlers\FileHandler' driver.
INFO - 2023-08-30 16:16:10 --> Session: Class initialized using 'CodeIgniter\Session\Handlers\FileHandler' driver.
INFO - 2023-08-30 16:19:15 --> Session: Class initialized using 'CodeIgniter\Session\Handlers\FileHandler' driver.
INFO - 2023-08-30 16:21:05 --> Session: Class initialized using 'CodeIgniter\Session\Handlers\FileHandler' driver.
INFO - 2023-08-30 16:21:06 --> Session: Class initialized using 'CodeIgniter\Session\Handlers\FileHandler' driver.
INFO - 2023-08-30 16:21:26 --> Session: Class initialized using 'CodeIgniter\Session\Handlers\FileHandler' driver.
INFO - 2023-08-30 20:08:36 --> Session: Class initialized using 'CodeIgniter\Session\Handlers\FileHandler' driver.
INFO - 2023-08-30 20:41:04 --> Session: Class initialized using 'CodeIgniter\Session\Handlers\FileHandler' driver.
INFO - 2023-08-30 20:58:49 --> Session: Class initialized using 'CodeIgniter\Session\Handlers\FileHandler' driver.
INFO - 2023-08-30 21:01:53 --> Session: Class initialized using 'CodeIgniter\Session\Handlers\FileHandler' driver.
INFO - 2023-08-30 21:02:49 --> Session: Class initialized using 'CodeIgniter\Session\Handlers\FileHandler' driver.
INFO - 2023-08-30 21:04:58 --> Session: Class initialized using 'CodeIgniter\Session\Handlers\FileHandler' driver.
INFO - 2023-08-30 21:05:02 --> Session: Class initialized using 'CodeIgniter\Session\Handlers\FileHandler' driver.
INFO - 2023-08-30 21:05:14 --> Session: Class initialized using 'CodeIgniter\Session\Handlers\FileHandler' driver.
INFO - 2023-08-30 21:05:15 --> Session: Class initialized using 'CodeIgniter\Session\Handlers\FileHandler' driver.
INFO - 2023-08-30 21:05:51 --> Session: Class initialized using 'CodeIgniter\Session\Handlers\FileHandler' driver.
ERROR - 2023-08-30 21:05:51 --> ErrorException: pg_query(): Query failed: ERROR:  lastval is not yet defined in this session in /var/www/html/ci4-admin-lte/vendor/codeigniter4/framework/system/Database/Postgre/Connection.php:187
Stack trace:
#0 [internal function]: CodeIgniter\Debug\Exceptions->errorHandler()
#1 /var/www/html/ci4-admin-lte/vendor/codeigniter4/framework/system/Database/Postgre/Connection.php(187): pg_query()
#2 /var/www/html/ci4-admin-lte/vendor/codeigniter4/framework/system/Database/BaseConnection.php(692): CodeIgniter\Database\Postgre\Connection->execute()
#3 /var/www/html/ci4-admin-lte/vendor/codeigniter4/framework/system/Database/BaseConnection.php(606): CodeIgniter\Database\BaseConnection->simpleQuery()
#4 /var/www/html/ci4-admin-lte/vendor/codeigniter4/framework/system/Database/Postgre/Connection.php(480): CodeIgniter\Database\BaseConnection->query()
#5 /var/www/html/ci4-admin-lte/vendor/codeigniter4/framework/system/Model.php(335): CodeIgniter\Database\Postgre\Connection->insertID()
#6 /var/www/html/ci4-admin-lte/vendor/codeigniter4/framework/system/BaseModel.php(782): CodeIgniter\Model->doInsert()
#7 /var/www/html/ci4-admin-lte/vendor/codeigniter4/framework/system/Model.php(730): CodeIgniter\BaseModel->insert()
#8 /var/www/html/ci4-admin-lte/vendor/codeigniter4/framework/system/BaseModel.php(692): CodeIgniter\Model->insert()
#9 /var/www/html/ci4-admin-lte/app/Models/UserModel.php(46): CodeIgniter\BaseModel->save()
#10 /var/www/html/ci4-admin-lte/app/Controllers/Home.php(68): App\Models\UserModel->register()
#11 /var/www/html/ci4-admin-lte/vendor/codeigniter4/framework/system/CodeIgniter.php(932): App\Controllers\Home->register()
#12 /var/www/html/ci4-admin-lte/vendor/codeigniter4/framework/system/CodeIgniter.php(497): CodeIgniter\CodeIgniter->runController()
#13 /var/www/html/ci4-admin-lte/vendor/codeigniter4/framework/system/CodeIgniter.php(366): CodeIgniter\CodeIgniter->handleRequest()
#14 /var/www/html/ci4-admin-lte/public/index.php(72): CodeIgniter\CodeIgniter->run()
#15 {main}
CRITICAL - 2023-08-30 21:05:51 --> pg_query(): Query failed: ERROR:  lastval is not yet defined in this session
in SYSTEMPATH/Database/Postgre/Connection.php on line 187.
 1 [internal function]: CodeIgniter\Debug\Exceptions->errorHandler()
 2 SYSTEMPATH/Database/Postgre/Connection.php(187): pg_query()
 3 SYSTEMPATH/Database/BaseConnection.php(692): CodeIgniter\Database\Postgre\Connection->execute()
 4 SYSTEMPATH/Database/BaseConnection.php(606): CodeIgniter\Database\BaseConnection->simpleQuery()
 5 SYSTEMPATH/Database/Postgre/Connection.php(480): CodeIgniter\Database\BaseConnection->query()
 6 SYSTEMPATH/Model.php(335): CodeIgniter\Database\Postgre\Connection->insertID()
 7 SYSTEMPATH/BaseModel.php(782): CodeIgniter\Model->doInsert()
 8 SYSTEMPATH/Model.php(730): CodeIgniter\BaseModel->insert()
 9 SYSTEMPATH/BaseModel.php(692): CodeIgniter\Model->insert()
10 APPPATH/Models/UserModel.php(46): CodeIgniter\BaseModel->save()
11 APPPATH/Controllers/Home.php(68): App\Models\UserModel->register()
12 SYSTEMPATH/CodeIgniter.php(932): App\Controllers\Home->register()
13 SYSTEMPATH/CodeIgniter.php(497): CodeIgniter\CodeIgniter->runController()
14 SYSTEMPATH/CodeIgniter.php(366): CodeIgniter\CodeIgniter->handleRequest()
15 FCPATH/index.php(72): CodeIgniter\CodeIgniter->run()
INFO - 2023-08-30 21:10:13 --> Session: Class initialized using 'CodeIgniter\Session\Handlers\FileHandler' driver.
INFO - 2023-08-30 21:10:14 --> Session: Class initialized using 'CodeIgniter\Session\Handlers\FileHandler' driver.
INFO - 2023-08-30 21:14:22 --> Session: Class initialized using 'CodeIgniter\Session\Handlers\FileHandler' driver.
INFO - 2023-08-30 21:14:32 --> Session: Class initialized using 'CodeIgniter\Session\Handlers\FileHandler' driver.
INFO - 2023-08-30 21:14:32 --> Session: Class initialized using 'CodeIgniter\Session\Handlers\FileHandler' driver.
INFO - 2023-08-30 21:14:33 --> Session: Class initialized using 'CodeIgniter\Session\Handlers\FileHandler' driver.
INFO - 2023-08-30 21:14:45 --> Session: Class initialized using 'CodeIgniter\Session\Handlers\FileHandler' driver.
INFO - 2023-08-30 21:15:52 --> Session: Class initialized using 'CodeIgniter\Session\Handlers\FileHandler' driver.
INFO - 2023-08-30 21:16:06 --> Session: Class initialized using 'CodeIgniter\Session\Handlers\FileHandler' driver.
INFO - 2023-08-30 21:16:06 --> Session: Class initialized using 'CodeIgniter\Session\Handlers\FileHandler' driver.
INFO - 2023-08-30 21:16:29 --> Session: Class initialized using 'CodeIgniter\Session\Handlers\FileHandler' driver.
ERROR - 2023-08-30 21:16:29 --> ErrorException: pg_query(): Query failed: ERROR:  lastval is not yet defined in this session in /var/www/html/ci4-admin-lte/vendor/codeigniter4/framework/system/Database/Postgre/Connection.php:187
Stack trace:
#0 [internal function]: CodeIgniter\Debug\Exceptions->errorHandler()
#1 /var/www/html/ci4-admin-lte/vendor/codeigniter4/framework/system/Database/Postgre/Connection.php(187): pg_query()
#2 /var/www/html/ci4-admin-lte/vendor/codeigniter4/framework/system/Database/BaseConnection.php(692): CodeIgniter\Database\Postgre\Connection->execute()
#3 /var/www/html/ci4-admin-lte/vendor/codeigniter4/framework/system/Database/BaseConnection.php(606): CodeIgniter\Database\BaseConnection->simpleQuery()
#4 /var/www/html/ci4-admin-lte/vendor/codeigniter4/framework/system/Database/Postgre/Connection.php(480): CodeIgniter\Database\BaseConnection->query()
#5 /var/www/html/ci4-admin-lte/vendor/codeigniter4/framework/system/Model.php(335): CodeIgniter\Database\Postgre\Connection->insertID()
#6 /var/www/html/ci4-admin-lte/vendor/codeigniter4/framework/system/BaseModel.php(782): CodeIgniter\Model->doInsert()
#7 /var/www/html/ci4-admin-lte/vendor/codeigniter4/framework/system/Model.php(730): CodeIgniter\BaseModel->insert()
#8 /var/www/html/ci4-admin-lte/vendor/codeigniter4/framework/system/BaseModel.php(692): CodeIgniter\Model->insert()
#9 /var/www/html/ci4-admin-lte/app/Models/UserModel.php(46): CodeIgniter\BaseModel->save()
#10 /var/www/html/ci4-admin-lte/app/Controllers/Home.php(68): App\Models\UserModel->register()
#11 /var/www/html/ci4-admin-lte/vendor/codeigniter4/framework/system/CodeIgniter.php(932): App\Controllers\Home->register()
#12 /var/www/html/ci4-admin-lte/vendor/codeigniter4/framework/system/CodeIgniter.php(497): CodeIgniter\CodeIgniter->runController()
#13 /var/www/html/ci4-admin-lte/vendor/codeigniter4/framework/system/CodeIgniter.php(366): CodeIgniter\CodeIgniter->handleRequest()
#14 /var/www/html/ci4-admin-lte/public/index.php(72): CodeIgniter\CodeIgniter->run()
#15 {main}
CRITICAL - 2023-08-30 21:16:29 --> pg_query(): Query failed: ERROR:  lastval is not yet defined in this session
in SYSTEMPATH/Database/Postgre/Connection.php on line 187.
 1 [internal function]: CodeIgniter\Debug\Exceptions->errorHandler()
 2 SYSTEMPATH/Database/Postgre/Connection.php(187): pg_query()
 3 SYSTEMPATH/Database/BaseConnection.php(692): CodeIgniter\Database\Postgre\Connection->execute()
 4 SYSTEMPATH/Database/BaseConnection.php(606): CodeIgniter\Database\BaseConnection->simpleQuery()
 5 SYSTEMPATH/Database/Postgre/Connection.php(480): CodeIgniter\Database\BaseConnection->query()
 6 SYSTEMPATH/Model.php(335): CodeIgniter\Database\Postgre\Connection->insertID()
 7 SYSTEMPATH/BaseModel.php(782): CodeIgniter\Model->doInsert()
 8 SYSTEMPATH/Model.php(730): CodeIgniter\BaseModel->insert()
 9 SYSTEMPATH/BaseModel.php(692): CodeIgniter\Model->insert()
10 APPPATH/Models/UserModel.php(46): CodeIgniter\BaseModel->save()
11 APPPATH/Controllers/Home.php(68): App\Models\UserModel->register()
12 SYSTEMPATH/CodeIgniter.php(932): App\Controllers\Home->register()
13 SYSTEMPATH/CodeIgniter.php(497): CodeIgniter\CodeIgniter->runController()
14 SYSTEMPATH/CodeIgniter.php(366): CodeIgniter\CodeIgniter->handleRequest()
15 FCPATH/index.php(72): CodeIgniter\CodeIgniter->run()
INFO - 2023-08-30 21:26:11 --> Session: Class initialized using 'CodeIgniter\Session\Handlers\FileHandler' driver.
INFO - 2023-08-30 21:26:12 --> Session: Class initialized using 'CodeIgniter\Session\Handlers\FileHandler' driver.
INFO - 2023-08-30 21:26:49 --> Session: Class initialized using 'CodeIgniter\Session\Handlers\FileHandler' driver.
INFO - 2023-08-30 21:26:58 --> Session: Class initialized using 'CodeIgniter\Session\Handlers\FileHandler' driver.
INFO - 2023-08-30 21:26:58 --> Session: Class initialized using 'CodeIgniter\Session\Handlers\FileHandler' driver.
INFO - 2023-08-30 21:26:59 --> Session: Class initialized using 'CodeIgniter\Session\Handlers\FileHandler' driver.
INFO - 2023-08-30 21:27:02 --> Session: Class initialized using 'CodeIgniter\Session\Handlers\FileHandler' driver.
INFO - 2023-08-30 21:33:39 --> Session: Class initialized using 'CodeIgniter\Session\Handlers\FileHandler' driver.
INFO - 2023-08-30 21:42:11 --> Session: Class initialized using 'CodeIgniter\Session\Handlers\FileHandler' driver.
CRITICAL - 2023-08-30 21:42:11 --> Call to a member function query() on null
in APPPATH/Models/UserModel.php on line 87.
 1 APPPATH/Controllers/Home.php(17): App\Models\UserModel->usuarios()
 2 SYSTEMPATH/CodeIgniter.php(932): App\Controllers\Home->index()
 3 SYSTEMPATH/CodeIgniter.php(497): CodeIgniter\CodeIgniter->runController()
 4 SYSTEMPATH/CodeIgniter.php(366): CodeIgniter\CodeIgniter->handleRequest()
 5 FCPATH/index.php(72): CodeIgniter\CodeIgniter->run()
INFO - 2023-08-30 21:42:34 --> Session: Class initialized using 'CodeIgniter\Session\Handlers\FileHandler' driver.
CRITICAL - 2023-08-30 21:42:34 --> Call to undefined method CodeIgniter\Database\Postgre\Result::row()
in APPPATH/Models/UserModel.php on line 88.
 1 APPPATH/Controllers/Home.php(17): App\Models\UserModel->usuarios()
 2 SYSTEMPATH/CodeIgniter.php(932): App\Controllers\Home->index()
 3 SYSTEMPATH/CodeIgniter.php(497): CodeIgniter\CodeIgniter->runController()
 4 SYSTEMPATH/CodeIgniter.php(366): CodeIgniter\CodeIgniter->handleRequest()
 5 FCPATH/index.php(72): CodeIgniter\CodeIgniter->run()
INFO - 2023-08-30 21:44:26 --> Session: Class initialized using 'CodeIgniter\Session\Handlers\FileHandler' driver.
INFO - 2023-08-30 21:47:14 --> Session: Class initialized using 'CodeIgniter\Session\Handlers\FileHandler' driver.
INFO - 2023-08-30 21:48:46 --> Session: Class initialized using 'CodeIgniter\Session\Handlers\FileHandler' driver.
CRITICAL - 2023-08-30 21:48:46 --> Too few arguments to function App\Models\UserModel::usuarios(), 0 passed in /var/www/html/ci4-admin-lte/app/Controllers/Home.php on line 17 and exactly 2 expected
in APPPATH/Models/UserModel.php on line 85.
 1 APPPATH/Controllers/Home.php(17): App\Models\UserModel->usuarios()
 2 SYSTEMPATH/CodeIgniter.php(932): App\Controllers\Home->index()
 3 SYSTEMPATH/CodeIgniter.php(497): CodeIgniter\CodeIgniter->runController()
 4 SYSTEMPATH/CodeIgniter.php(366): CodeIgniter\CodeIgniter->handleRequest()
 5 FCPATH/index.php(72): CodeIgniter\CodeIgniter->run()
INFO - 2023-08-30 21:49:10 --> Session: Class initialized using 'CodeIgniter\Session\Handlers\FileHandler' driver.
INFO - 2023-08-30 22:12:13 --> Session: Class initialized using 'CodeIgniter\Session\Handlers\FileHandler' driver.
INFO - 2023-08-30 22:12:40 --> Session: Class initialized using 'CodeIgniter\Session\Handlers\FileHandler' driver.
INFO - 2023-08-30 22:12:43 --> Session: Class initialized using 'CodeIgniter\Session\Handlers\FileHandler' driver.
INFO - 2023-08-30 22:12:50 --> Session: Class initialized using 'CodeIgniter\Session\Handlers\FileHandler' driver.
INFO - 2023-08-30 22:19:58 --> Session: Class initialized using 'CodeIgniter\Session\Handlers\FileHandler' driver.
INFO - 2023-08-30 22:20:01 --> Session: Class initialized using 'CodeIgniter\Session\Handlers\FileHandler' driver.
INFO - 2023-08-30 22:20:02 --> Session: Class initialized using 'CodeIgniter\Session\Handlers\FileHandler' driver.
INFO - 2023-08-30 22:20:03 --> Session: Class initialized using 'CodeIgniter\Session\Handlers\FileHandler' driver.
INFO - 2023-08-30 22:20:04 --> Session: Class initialized using 'CodeIgniter\Session\Handlers\FileHandler' driver.
INFO - 2023-08-30 22:21:15 --> Session: Class initialized using 'CodeIgniter\Session\Handlers\FileHandler' driver.
INFO - 2023-08-30 22:21:18 --> Session: Class initialized using 'CodeIgniter\Session\Handlers\FileHandler' driver.
INFO - 2023-08-30 22:21:19 --> Session: Class initialized using 'CodeIgniter\Session\Handlers\FileHandler' driver.
INFO - 2023-08-30 22:21:20 --> Session: Class initialized using 'CodeIgniter\Session\Handlers\FileHandler' driver.
INFO - 2023-08-30 22:21:21 --> Session: Class initialized using 'CodeIgniter\Session\Handlers\FileHandler' driver.
INFO - 2023-08-30 22:21:22 --> Session: Class initialized using 'CodeIgniter\Session\Handlers\FileHandler' driver.
INFO - 2023-08-30 22:21:32 --> Session: Class initialized using 'CodeIgniter\Session\Handlers\FileHandler' driver.
INFO - 2023-08-30 22:21:34 --> Session: Class initialized using 'CodeIgniter\Session\Handlers\FileHandler' driver.
INFO - 2023-08-30 22:21:35 --> Session: Class initialized using 'CodeIgniter\Session\Handlers\FileHandler' driver.
INFO - 2023-08-30 22:21:36 --> Session: Class initialized using 'CodeIgniter\Session\Handlers\FileHandler' driver.
INFO - 2023-08-30 22:23:18 --> Session: Class initialized using 'CodeIgniter\Session\Handlers\FileHandler' driver.
INFO - 2023-08-30 22:23:20 --> Session: Class initialized using 'CodeIgniter\Session\Handlers\FileHandler' driver.
INFO - 2023-08-30 22:23:22 --> Session: Class initialized using 'CodeIgniter\Session\Handlers\FileHandler' driver.
INFO - 2023-08-30 22:23:24 --> Session: Class initialized using 'CodeIgniter\Session\Handlers\FileHandler' driver.
INFO - 2023-08-30 22:23:35 --> Session: Class initialized using 'CodeIgniter\Session\Handlers\FileHandler' driver.
INFO - 2023-08-30 22:23:37 --> Session: Class initialized using 'CodeIgniter\Session\Handlers\FileHandler' driver.
INFO - 2023-08-30 22:24:15 --> Session: Class initialized using 'CodeIgniter\Session\Handlers\FileHandler' driver.
CRITICAL - 2023-08-30 22:24:15 --> syntax error, unexpected token "return"
in APPPATH/Models/UserModel.php on line 93.
 1 SYSTEMPATH/Autoloader/Autoloader.php(289): CodeIgniter\Autoloader\Autoloader->includeFile()
 2 SYSTEMPATH/Autoloader/Autoloader.php(267): CodeIgniter\Autoloader\Autoloader->loadInNamespace()
 3 APPPATH/Controllers/Home.php(16): CodeIgniter\Autoloader\Autoloader->loadClass()
 4 SYSTEMPATH/CodeIgniter.php(932): App\Controllers\Home->index()
 5 SYSTEMPATH/CodeIgniter.php(497): CodeIgniter\CodeIgniter->runController()
 6 SYSTEMPATH/CodeIgniter.php(366): CodeIgniter\CodeIgniter->handleRequest()
 7 FCPATH/index.php(72): CodeIgniter\CodeIgniter->run()
INFO - 2023-08-30 22:24:33 --> Session: Class initialized using 'CodeIgniter\Session\Handlers\FileHandler' driver.
CRITICAL - 2023-08-30 22:24:33 --> Cannot use object of type CodeIgniter\Database\Postgre\Result as array
in APPPATH/Models/UserModel.php on line 92.
 1 APPPATH/Controllers/Home.php(17): App\Models\UserModel->usuarios()
 2 SYSTEMPATH/CodeIgniter.php(932): App\Controllers\Home->index()
 3 SYSTEMPATH/CodeIgniter.php(497): CodeIgniter\CodeIgniter->runController()
 4 SYSTEMPATH/CodeIgniter.php(366): CodeIgniter\CodeIgniter->handleRequest()
 5 FCPATH/index.php(72): CodeIgniter\CodeIgniter->run()
INFO - 2023-08-30 22:29:18 --> Session: Class initialized using 'CodeIgniter\Session\Handlers\FileHandler' driver.
CRITICAL - 2023-08-30 22:29:18 --> Call to undefined method CodeIgniter\Database\Postgre\Result::num_rows()
in APPPATH/Models/UserModel.php on line 89.
 1 APPPATH/Controllers/Home.php(17): App\Models\UserModel->usuarios()
 2 SYSTEMPATH/CodeIgniter.php(932): App\Controllers\Home->index()
 3 SYSTEMPATH/CodeIgniter.php(497): CodeIgniter\CodeIgniter->runController()
 4 SYSTEMPATH/CodeIgniter.php(366): CodeIgniter\CodeIgniter->handleRequest()
 5 FCPATH/index.php(72): CodeIgniter\CodeIgniter->run()
INFO - 2023-08-30 22:29:50 --> Session: Class initialized using 'CodeIgniter\Session\Handlers\FileHandler' driver.
INFO - 2023-08-30 22:30:40 --> Session: Class initialized using 'CodeIgniter\Session\Handlers\FileHandler' driver.
CRITICAL - 2023-08-30 22:30:40 --> Undefined array key "password"
in APPPATH/Models/UserModel.php on line 93.
 1 APPPATH/Models/UserModel.php(93): CodeIgniter\Debug\Exceptions->errorHandler()
 2 APPPATH/Controllers/Home.php(17): App\Models\UserModel->usuarios()
 3 SYSTEMPATH/CodeIgniter.php(932): App\Controllers\Home->index()
 4 SYSTEMPATH/CodeIgniter.php(497): CodeIgniter\CodeIgniter->runController()
 5 SYSTEMPATH/CodeIgniter.php(366): CodeIgniter\CodeIgniter->handleRequest()
 6 FCPATH/index.php(72): CodeIgniter\CodeIgniter->run()
INFO - 2023-08-30 22:31:10 --> Session: Class initialized using 'CodeIgniter\Session\Handlers\FileHandler' driver.
CRITICAL - 2023-08-30 22:31:10 --> Attempt to read property "password" on array
in APPPATH/Models/UserModel.php on line 93.
 1 APPPATH/Models/UserModel.php(93): CodeIgniter\Debug\Exceptions->errorHandler()
 2 APPPATH/Controllers/Home.php(17): App\Models\UserModel->usuarios()
 3 SYSTEMPATH/CodeIgniter.php(932): App\Controllers\Home->index()
 4 SYSTEMPATH/CodeIgniter.php(497): CodeIgniter\CodeIgniter->runController()
 5 SYSTEMPATH/CodeIgniter.php(366): CodeIgniter\CodeIgniter->handleRequest()
 6 FCPATH/index.php(72): CodeIgniter\CodeIgniter->run()
INFO - 2023-08-30 22:31:31 --> Session: Class initialized using 'CodeIgniter\Session\Handlers\FileHandler' driver.
INFO - 2023-08-30 22:31:55 --> Session: Class initialized using 'CodeIgniter\Session\Handlers\FileHandler' driver.
CRITICAL - 2023-08-30 22:31:55 --> Call to a member function getResultArray() on array
in APPPATH/Controllers/Home.php on line 18.
 1 SYSTEMPATH/CodeIgniter.php(932): App\Controllers\Home->index()
 2 SYSTEMPATH/CodeIgniter.php(497): CodeIgniter\CodeIgniter->runController()
 3 SYSTEMPATH/CodeIgniter.php(366): CodeIgniter\CodeIgniter->handleRequest()
 4 FCPATH/index.php(72): CodeIgniter\CodeIgniter->run()
INFO - 2023-08-30 22:32:16 --> Session: Class initialized using 'CodeIgniter\Session\Handlers\FileHandler' driver.
