INFO - 2024-07-27 00:11:56 --> Session: Class initialized using 'CodeIgniter\Session\Handlers\FileHandler' driver.
INFO - 2024-07-27 00:11:58 --> Session: Class initialized using 'CodeIgniter\Session\Handlers\FileHandler' driver.
INFO - 2024-07-27 00:13:29 --> Session: Class initialized using 'CodeIgniter\Session\Handlers\FileHandler' driver.
INFO - 2024-07-27 00:13:34 --> Session: Class initialized using 'CodeIgniter\Session\Handlers\FileHandler' driver.
INFO - 2024-07-27 00:13:37 --> Session: Class initialized using 'CodeIgniter\Session\Handlers\FileHandler' driver.
INFO - 2024-07-27 00:14:08 --> Session: Class initialized using 'CodeIgniter\Session\Handlers\FileHandler' driver.
INFO - 2024-07-27 00:14:44 --> Session: Class initialized using 'CodeIgniter\Session\Handlers\FileHandler' driver.
INFO - 2024-07-27 00:17:46 --> Session: Class initialized using 'CodeIgniter\Session\Handlers\FileHandler' driver.
INFO - 2024-07-27 00:17:56 --> Session: Class initialized using 'CodeIgniter\Session\Handlers\FileHandler' driver.
INFO - 2024-07-27 00:18:51 --> Session: Class initialized using 'CodeIgniter\Session\Handlers\FileHandler' driver.
INFO - 2024-07-27 00:19:52 --> Session: Class initialized using 'CodeIgniter\Session\Handlers\FileHandler' driver.
INFO - 2024-07-27 00:20:12 --> Session: Class initialized using 'CodeIgniter\Session\Handlers\FileHandler' driver.
INFO - 2024-07-27 00:20:32 --> Session: Class initialized using 'CodeIgniter\Session\Handlers\FileHandler' driver.
INFO - 2024-07-27 00:20:54 --> Session: Class initialized using 'CodeIgniter\Session\Handlers\FileHandler' driver.
INFO - 2024-07-27 00:21:11 --> Session: Class initialized using 'CodeIgniter\Session\Handlers\FileHandler' driver.
INFO - 2024-07-27 00:21:22 --> Session: Class initialized using 'CodeIgniter\Session\Handlers\FileHandler' driver.
INFO - 2024-07-27 00:21:24 --> Session: Class initialized using 'CodeIgniter\Session\Handlers\FileHandler' driver.
INFO - 2024-07-27 00:23:32 --> Session: Class initialized using 'CodeIgniter\Session\Handlers\FileHandler' driver.
INFO - 2024-07-27 00:24:10 --> Session: Class initialized using 'CodeIgniter\Session\Handlers\FileHandler' driver.
INFO - 2024-07-27 00:24:22 --> Session: Class initialized using 'CodeIgniter\Session\Handlers\FileHandler' driver.
INFO - 2024-07-27 00:24:25 --> Session: Class initialized using 'CodeIgniter\Session\Handlers\FileHandler' driver.
INFO - 2024-07-27 00:24:31 --> Session: Class initialized using 'CodeIgniter\Session\Handlers\FileHandler' driver.
INFO - 2024-07-27 00:25:12 --> Session: Class initialized using 'CodeIgniter\Session\Handlers\FileHandler' driver.
INFO - 2024-07-27 00:25:14 --> Session: Class initialized using 'CodeIgniter\Session\Handlers\FileHandler' driver.
INFO - 2024-07-27 00:26:59 --> Session: Class initialized using 'CodeIgniter\Session\Handlers\FileHandler' driver.
INFO - 2024-07-27 00:27:01 --> Session: Class initialized using 'CodeIgniter\Session\Handlers\FileHandler' driver.
INFO - 2024-07-27 00:27:08 --> Session: Class initialized using 'CodeIgniter\Session\Handlers\FileHandler' driver.
INFO - 2024-07-27 00:27:15 --> Session: Class initialized using 'CodeIgniter\Session\Handlers\FileHandler' driver.
INFO - 2024-07-27 00:27:19 --> Session: Class initialized using 'CodeIgniter\Session\Handlers\FileHandler' driver.
INFO - 2024-07-27 00:27:52 --> Session: Class initialized using 'CodeIgniter\Session\Handlers\FileHandler' driver.
INFO - 2024-07-27 00:28:00 --> Session: Class initialized using 'CodeIgniter\Session\Handlers\FileHandler' driver.
INFO - 2024-07-27 00:28:29 --> Session: Class initialized using 'CodeIgniter\Session\Handlers\FileHandler' driver.
INFO - 2024-07-27 00:29:48 --> Session: Class initialized using 'CodeIgniter\Session\Handlers\FileHandler' driver.
INFO - 2024-07-27 00:30:14 --> Session: Class initialized using 'CodeIgniter\Session\Handlers\FileHandler' driver.
INFO - 2024-07-27 00:30:38 --> Session: Class initialized using 'CodeIgniter\Session\Handlers\FileHandler' driver.
INFO - 2024-07-27 00:30:59 --> Session: Class initialized using 'CodeIgniter\Session\Handlers\FileHandler' driver.
INFO - 2024-07-27 00:31:11 --> Session: Class initialized using 'CodeIgniter\Session\Handlers\FileHandler' driver.
INFO - 2024-07-27 00:31:26 --> Session: Class initialized using 'CodeIgniter\Session\Handlers\FileHandler' driver.
INFO - 2024-07-27 00:31:38 --> Session: Class initialized using 'CodeIgniter\Session\Handlers\FileHandler' driver.
INFO - 2024-07-27 00:32:05 --> Session: Class initialized using 'CodeIgniter\Session\Handlers\FileHandler' driver.
INFO - 2024-07-27 00:32:22 --> Session: Class initialized using 'CodeIgniter\Session\Handlers\FileHandler' driver.
INFO - 2024-07-27 00:32:32 --> Session: Class initialized using 'CodeIgniter\Session\Handlers\FileHandler' driver.
INFO - 2024-07-27 00:32:44 --> Session: Class initialized using 'CodeIgniter\Session\Handlers\FileHandler' driver.
INFO - 2024-07-27 00:32:57 --> Session: Class initialized using 'CodeIgniter\Session\Handlers\FileHandler' driver.
INFO - 2024-07-27 00:34:47 --> Session: Class initialized using 'CodeIgniter\Session\Handlers\FileHandler' driver.
INFO - 2024-07-27 00:34:55 --> Session: Class initialized using 'CodeIgniter\Session\Handlers\FileHandler' driver.
INFO - 2024-07-27 00:37:04 --> Session: Class initialized using 'CodeIgniter\Session\Handlers\FileHandler' driver.
INFO - 2024-07-27 00:37:24 --> Session: Class initialized using 'CodeIgniter\Session\Handlers\FileHandler' driver.
INFO - 2024-07-27 01:11:16 --> Session: Class initialized using 'CodeIgniter\Session\Handlers\FileHandler' driver.
INFO - 2024-07-27 01:11:48 --> Session: Class initialized using 'CodeIgniter\Session\Handlers\FileHandler' driver.
INFO - 2024-07-27 01:11:54 --> Session: Class initialized using 'CodeIgniter\Session\Handlers\FileHandler' driver.
INFO - 2024-07-27 01:12:34 --> Session: Class initialized using 'CodeIgniter\Session\Handlers\FileHandler' driver.
INFO - 2024-07-27 01:23:51 --> Session: Class initialized using 'CodeIgniter\Session\Handlers\FileHandler' driver.
INFO - 2024-07-27 01:24:01 --> Session: Class initialized using 'CodeIgniter\Session\Handlers\FileHandler' driver.
ERROR - 2024-07-27 01:24:01 --> ErrorException: pg_query(): Query failed: ERROR:  syntax error at or near &quot;FROMrr_propietario&quot;
LINE 1: SELECT * FROMrr_propietario ORDER BY nombres ASC
                 ^ in /var/www/html/rocio_romero/vendor/codeigniter4/framework/system/Database/postgre/Connection.php:187
Stack trace:
#0 [internal function]: CodeIgniter\Debug\Exceptions->errorHandler()
#1 /var/www/html/rocio_romero/vendor/codeigniter4/framework/system/Database/postgre/Connection.php(187): pg_query()
#2 /var/www/html/rocio_romero/vendor/codeigniter4/framework/system/Database/BaseConnection.php(692): CodeIgniter\Database\Postgre\Connection->execute()
#3 /var/www/html/rocio_romero/vendor/codeigniter4/framework/system/Database/BaseConnection.php(606): CodeIgniter\Database\BaseConnection->simpleQuery()
#4 /var/www/html/rocio_romero/app/Models/DependenciaModel.php(113): CodeIgniter\Database\BaseConnection->query()
#5 /var/www/html/rocio_romero/app/Controllers/dependencia.php(146): App\Models\DependenciaModel->get_propietarios()
#6 /var/www/html/rocio_romero/vendor/codeigniter4/framework/system/CodeIgniter.php(932): App\Controllers\Dependencia->propietario()
#7 /var/www/html/rocio_romero/vendor/codeigniter4/framework/system/CodeIgniter.php(497): CodeIgniter\CodeIgniter->runController()
#8 /var/www/html/rocio_romero/vendor/codeigniter4/framework/system/CodeIgniter.php(366): CodeIgniter\CodeIgniter->handleRequest()
#9 /var/www/html/rocio_romero/public/index.php(72): CodeIgniter\CodeIgniter->run()
#10 {main}
CRITICAL - 2024-07-27 01:24:01 --> pg_query(): Query failed: ERROR:  syntax error at or near &quot;FROMrr_propietario&quot;
LINE 1: SELECT * FROMrr_propietario ORDER BY nombres ASC
                 ^
in SYSTEMPATH/Database/postgre/Connection.php on line 187.
 1 [internal function]: CodeIgniter\Debug\Exceptions->errorHandler()
 2 SYSTEMPATH/Database/postgre/Connection.php(187): pg_query()
 3 SYSTEMPATH/Database/BaseConnection.php(692): CodeIgniter\Database\Postgre\Connection->execute()
 4 SYSTEMPATH/Database/BaseConnection.php(606): CodeIgniter\Database\BaseConnection->simpleQuery()
 5 APPPATH/Models/DependenciaModel.php(113): CodeIgniter\Database\BaseConnection->query()
 6 APPPATH/Controllers/dependencia.php(146): App\Models\DependenciaModel->get_propietarios()
 7 SYSTEMPATH/CodeIgniter.php(932): App\Controllers\Dependencia->propietario()
 8 SYSTEMPATH/CodeIgniter.php(497): CodeIgniter\CodeIgniter->runController()
 9 SYSTEMPATH/CodeIgniter.php(366): CodeIgniter\CodeIgniter->handleRequest()
10 FCPATH/index.php(72): CodeIgniter\CodeIgniter->run()
INFO - 2024-07-27 01:24:34 --> Session: Class initialized using 'CodeIgniter\Session\Handlers\FileHandler' driver.
INFO - 2024-07-27 01:31:35 --> Session: Class initialized using 'CodeIgniter\Session\Handlers\FileHandler' driver.
INFO - 2024-07-27 01:33:04 --> Session: Class initialized using 'CodeIgniter\Session\Handlers\FileHandler' driver.
INFO - 2024-07-27 01:35:55 --> Session: Class initialized using 'CodeIgniter\Session\Handlers\FileHandler' driver.
INFO - 2024-07-27 01:37:28 --> Session: Class initialized using 'CodeIgniter\Session\Handlers\FileHandler' driver.
INFO - 2024-07-27 01:38:09 --> Session: Class initialized using 'CodeIgniter\Session\Handlers\FileHandler' driver.
INFO - 2024-07-27 01:57:27 --> Session: Class initialized using 'CodeIgniter\Session\Handlers\FileHandler' driver.
INFO - 2024-07-27 01:58:04 --> Session: Class initialized using 'CodeIgniter\Session\Handlers\FileHandler' driver.
CRITICAL - 2024-07-27 01:58:05 --> Undefined array key "responsable"
in APPPATH/Controllers/dependencia.php on line 132.
 1 APPPATH/Controllers/dependencia.php(132): CodeIgniter\Debug\Exceptions->errorHandler()
 2 SYSTEMPATH/CodeIgniter.php(932): App\Controllers\Dependencia->propietario()
 3 SYSTEMPATH/CodeIgniter.php(497): CodeIgniter\CodeIgniter->runController()
 4 SYSTEMPATH/CodeIgniter.php(366): CodeIgniter\CodeIgniter->handleRequest()
 5 FCPATH/index.php(72): CodeIgniter\CodeIgniter->run()
INFO - 2024-07-27 01:59:27 --> Session: Class initialized using 'CodeIgniter\Session\Handlers\FileHandler' driver.
ERROR - 2024-07-27 01:59:27 --> ErrorException: pg_query(): Query failed: ERROR:  syntax error at or near &quot;INTOrr_propietario&quot;
LINE 1: INSERT INTOrr_propietario(documento,tipo_documento,nombres,e...
               ^ in /var/www/html/rocio_romero/vendor/codeigniter4/framework/system/Database/postgre/Connection.php:187
Stack trace:
#0 [internal function]: CodeIgniter\Debug\Exceptions->errorHandler()
#1 /var/www/html/rocio_romero/vendor/codeigniter4/framework/system/Database/postgre/Connection.php(187): pg_query()
#2 /var/www/html/rocio_romero/vendor/codeigniter4/framework/system/Database/BaseConnection.php(692): CodeIgniter\Database\Postgre\Connection->execute()
#3 /var/www/html/rocio_romero/vendor/codeigniter4/framework/system/Database/BaseConnection.php(606): CodeIgniter\Database\BaseConnection->simpleQuery()
#4 /var/www/html/rocio_romero/app/Models/DependenciaModel.php(103): CodeIgniter\Database\BaseConnection->query()
#5 /var/www/html/rocio_romero/app/Controllers/dependencia.php(139): App\Models\DependenciaModel->agregarpropietario()
#6 /var/www/html/rocio_romero/vendor/codeigniter4/framework/system/CodeIgniter.php(932): App\Controllers\Dependencia->propietario()
#7 /var/www/html/rocio_romero/vendor/codeigniter4/framework/system/CodeIgniter.php(497): CodeIgniter\CodeIgniter->runController()
#8 /var/www/html/rocio_romero/vendor/codeigniter4/framework/system/CodeIgniter.php(366): CodeIgniter\CodeIgniter->handleRequest()
#9 /var/www/html/rocio_romero/public/index.php(72): CodeIgniter\CodeIgniter->run()
#10 {main}
CRITICAL - 2024-07-27 01:59:27 --> pg_query(): Query failed: ERROR:  syntax error at or near &quot;INTOrr_propietario&quot;
LINE 1: INSERT INTOrr_propietario(documento,tipo_documento,nombres,e...
               ^
in SYSTEMPATH/Database/postgre/Connection.php on line 187.
 1 [internal function]: CodeIgniter\Debug\Exceptions->errorHandler()
 2 SYSTEMPATH/Database/postgre/Connection.php(187): pg_query()
 3 SYSTEMPATH/Database/BaseConnection.php(692): CodeIgniter\Database\Postgre\Connection->execute()
 4 SYSTEMPATH/Database/BaseConnection.php(606): CodeIgniter\Database\BaseConnection->simpleQuery()
 5 APPPATH/Models/DependenciaModel.php(103): CodeIgniter\Database\BaseConnection->query()
 6 APPPATH/Controllers/dependencia.php(139): App\Models\DependenciaModel->agregarpropietario()
 7 SYSTEMPATH/CodeIgniter.php(932): App\Controllers\Dependencia->propietario()
 8 SYSTEMPATH/CodeIgniter.php(497): CodeIgniter\CodeIgniter->runController()
 9 SYSTEMPATH/CodeIgniter.php(366): CodeIgniter\CodeIgniter->handleRequest()
10 FCPATH/index.php(72): CodeIgniter\CodeIgniter->run()
INFO - 2024-07-27 01:59:51 --> Session: Class initialized using 'CodeIgniter\Session\Handlers\FileHandler' driver.
INFO - 2024-07-27 02:02:30 --> Session: Class initialized using 'CodeIgniter\Session\Handlers\FileHandler' driver.
INFO - 2024-07-27 02:37:22 --> Session: Class initialized using 'CodeIgniter\Session\Handlers\FileHandler' driver.
CRITICAL - 2024-07-27 02:37:22 --> Undefined variable $cantidad
in APPPATH/Controllers/dependencia.php on line 148.
 1 APPPATH/Controllers/dependencia.php(148): CodeIgniter\Debug\Exceptions->errorHandler()
 2 SYSTEMPATH/CodeIgniter.php(932): App\Controllers\Dependencia->propietario()
 3 SYSTEMPATH/CodeIgniter.php(497): CodeIgniter\CodeIgniter->runController()
 4 SYSTEMPATH/CodeIgniter.php(366): CodeIgniter\CodeIgniter->handleRequest()
 5 FCPATH/index.php(72): CodeIgniter\CodeIgniter->run()
CRITICAL - 2024-07-27 02:39:37 --> Can't use method return value in write context
in APPPATH/Controllers/dependencia.php on line 164.
 1 [internal function]: CodeIgniter\Debug\Exceptions->shutdownHandler()
INFO - 2024-07-27 02:42:49 --> Session: Class initialized using 'CodeIgniter\Session\Handlers\FileHandler' driver.
INFO - 2024-07-27 02:43:01 --> Session: Class initialized using 'CodeIgniter\Session\Handlers\FileHandler' driver.
INFO - 2024-07-27 02:43:27 --> Session: Class initialized using 'CodeIgniter\Session\Handlers\FileHandler' driver.
INFO - 2024-07-27 02:49:16 --> Session: Class initialized using 'CodeIgniter\Session\Handlers\FileHandler' driver.
INFO - 2024-07-27 02:54:04 --> Session: Class initialized using 'CodeIgniter\Session\Handlers\FileHandler' driver.
WARNING - 2024-07-27 02:54:05 --> [DEPRECATED] explode(): Passing null to parameter #2 ($string) of type string is deprecated in APPPATH/views/dependencias/propietario.php on line 37.
 1 APPPATH/views/dependencias/propietario.php(37): explode(',', null)
 2 APPPATH/Views/template_admin/template.php(15): include('/var/www/html/rocio_romero/app/views/dependencias/propietario.php')
 3 SYSTEMPATH/View/View.php(224): include('/var/www/html/rocio_romero/app/Views/template_admin/template.php')
 4 SYSTEMPATH/View/View.php(227): CodeIgniter\View\View->CodeIgniter\View\{closure}()
 5 SYSTEMPATH/Common.php(1180): CodeIgniter\View\View->render('template_admin/template', [], true)
 6 APPPATH/Entities/Template.php(47): view('template_admin/template', [...])
 7 APPPATH/Controllers/dependencia.php(179): App\Entities\Template->renderview('dependencias/propietario', '1')
 8 SYSTEMPATH/CodeIgniter.php(932): App\Controllers\Dependencia->propietario()
 9 SYSTEMPATH/CodeIgniter.php(497): CodeIgniter\CodeIgniter->runController(Object(App\Controllers\Dependencia))
10 SYSTEMPATH/CodeIgniter.php(366): CodeIgniter\CodeIgniter->handleRequest(null, Object(Config\Cache), false)
11 FCPATH/index.php(72): CodeIgniter\CodeIgniter->run()
INFO - 2024-07-27 02:59:58 --> Session: Class initialized using 'CodeIgniter\Session\Handlers\FileHandler' driver.
INFO - 2024-07-27 03:02:08 --> Session: Class initialized using 'CodeIgniter\Session\Handlers\FileHandler' driver.
INFO - 2024-07-27 03:02:15 --> Session: Class initialized using 'CodeIgniter\Session\Handlers\FileHandler' driver.
INFO - 2024-07-27 03:04:38 --> Session: Class initialized using 'CodeIgniter\Session\Handlers\FileHandler' driver.
INFO - 2024-07-27 03:04:56 --> Session: Class initialized using 'CodeIgniter\Session\Handlers\FileHandler' driver.
INFO - 2024-07-27 03:05:26 --> Session: Class initialized using 'CodeIgniter\Session\Handlers\FileHandler' driver.
INFO - 2024-07-27 03:06:02 --> Session: Class initialized using 'CodeIgniter\Session\Handlers\FileHandler' driver.
INFO - 2024-07-27 03:09:30 --> Session: Class initialized using 'CodeIgniter\Session\Handlers\FileHandler' driver.
INFO - 2024-07-27 03:10:18 --> Session: Class initialized using 'CodeIgniter\Session\Handlers\FileHandler' driver.
INFO - 2024-07-27 03:15:56 --> Session: Class initialized using 'CodeIgniter\Session\Handlers\FileHandler' driver.
INFO - 2024-07-27 03:23:18 --> Session: Class initialized using 'CodeIgniter\Session\Handlers\FileHandler' driver.
INFO - 2024-07-27 03:23:20 --> Session: Class initialized using 'CodeIgniter\Session\Handlers\FileHandler' driver.
INFO - 2024-07-27 03:23:33 --> Session: Class initialized using 'CodeIgniter\Session\Handlers\FileHandler' driver.
INFO - 2024-07-27 03:24:14 --> Session: Class initialized using 'CodeIgniter\Session\Handlers\FileHandler' driver.
INFO - 2024-07-27 03:24:50 --> Session: Class initialized using 'CodeIgniter\Session\Handlers\FileHandler' driver.
INFO - 2024-07-27 03:28:47 --> Session: Class initialized using 'CodeIgniter\Session\Handlers\FileHandler' driver.
CRITICAL - 2024-07-27 03:28:47 --> Undefined variable $post
in APPPATH/Controllers/dependencia.php on line 104.
 1 APPPATH/Controllers/dependencia.php(104): CodeIgniter\Debug\Exceptions->errorHandler()
 2 SYSTEMPATH/CodeIgniter.php(932): App\Controllers\Dependencia->expediente()
 3 SYSTEMPATH/CodeIgniter.php(497): CodeIgniter\CodeIgniter->runController()
 4 SYSTEMPATH/CodeIgniter.php(366): CodeIgniter\CodeIgniter->handleRequest()
 5 FCPATH/index.php(72): CodeIgniter\CodeIgniter->run()
INFO - 2024-07-27 03:29:12 --> Session: Class initialized using 'CodeIgniter\Session\Handlers\FileHandler' driver.
INFO - 2024-07-27 03:29:23 --> Session: Class initialized using 'CodeIgniter\Session\Handlers\FileHandler' driver.
INFO - 2024-07-27 03:30:39 --> Session: Class initialized using 'CodeIgniter\Session\Handlers\FileHandler' driver.
INFO - 2024-07-27 03:31:05 --> Session: Class initialized using 'CodeIgniter\Session\Handlers\FileHandler' driver.
CRITICAL - 2024-07-27 03:31:06 --> Undefined array key "agregarpropietario"
in APPPATH/Controllers/dependencia.php on line 104.
 1 APPPATH/Controllers/dependencia.php(104): CodeIgniter\Debug\Exceptions->errorHandler()
 2 SYSTEMPATH/CodeIgniter.php(932): App\Controllers\Dependencia->expediente()
 3 SYSTEMPATH/CodeIgniter.php(497): CodeIgniter\CodeIgniter->runController()
 4 SYSTEMPATH/CodeIgniter.php(366): CodeIgniter\CodeIgniter->handleRequest()
 5 FCPATH/index.php(72): CodeIgniter\CodeIgniter->run()
INFO - 2024-07-27 03:36:18 --> Session: Class initialized using 'CodeIgniter\Session\Handlers\FileHandler' driver.
CRITICAL - 2024-07-27 03:36:18 --> Undefined array key "agregarpropietario"
in APPPATH/Controllers/dependencia.php on line 104.
 1 APPPATH/Controllers/dependencia.php(104): CodeIgniter\Debug\Exceptions->errorHandler()
 2 SYSTEMPATH/CodeIgniter.php(932): App\Controllers\Dependencia->expediente()
 3 SYSTEMPATH/CodeIgniter.php(497): CodeIgniter\CodeIgniter->runController()
 4 SYSTEMPATH/CodeIgniter.php(366): CodeIgniter\CodeIgniter->handleRequest()
 5 FCPATH/index.php(72): CodeIgniter\CodeIgniter->run()
INFO - 2024-07-27 03:36:44 --> Session: Class initialized using 'CodeIgniter\Session\Handlers\FileHandler' driver.
INFO - 2024-07-27 03:45:36 --> Session: Class initialized using 'CodeIgniter\Session\Handlers\FileHandler' driver.
INFO - 2024-07-27 03:45:38 --> Session: Class initialized using 'CodeIgniter\Session\Handlers\FileHandler' driver.
INFO - 2024-07-27 03:46:37 --> Session: Class initialized using 'CodeIgniter\Session\Handlers\FileHandler' driver.
INFO - 2024-07-27 03:46:40 --> Session: Class initialized using 'CodeIgniter\Session\Handlers\FileHandler' driver.
INFO - 2024-07-27 03:46:49 --> Session: Class initialized using 'CodeIgniter\Session\Handlers\FileHandler' driver.
INFO - 2024-07-27 03:47:01 --> Session: Class initialized using 'CodeIgniter\Session\Handlers\FileHandler' driver.
INFO - 2024-07-27 03:49:26 --> Session: Class initialized using 'CodeIgniter\Session\Handlers\FileHandler' driver.
INFO - 2024-07-27 03:58:13 --> Session: Class initialized using 'CodeIgniter\Session\Handlers\FileHandler' driver.
INFO - 2024-07-27 03:58:31 --> Session: Class initialized using 'CodeIgniter\Session\Handlers\FileHandler' driver.
ERROR - 2024-07-27 03:58:31 --> ErrorException: pg_query(): Query failed: ERROR:  invalid input syntax for type integer: &quot; where documento like &quot;
LINE 1: SELECT * FROM rr_propietario  WHERE documento = ' where docu...
                                                        ^ in /var/www/html/rocio_romero/vendor/codeigniter4/framework/system/Database/postgre/Connection.php:187
Stack trace:
#0 [internal function]: CodeIgniter\Debug\Exceptions->errorHandler()
#1 /var/www/html/rocio_romero/vendor/codeigniter4/framework/system/Database/postgre/Connection.php(187): pg_query()
#2 /var/www/html/rocio_romero/vendor/codeigniter4/framework/system/Database/BaseConnection.php(692): CodeIgniter\Database\Postgre\Connection->execute()
#3 /var/www/html/rocio_romero/vendor/codeigniter4/framework/system/Database/BaseConnection.php(606): CodeIgniter\Database\BaseConnection->simpleQuery()
#4 /var/www/html/rocio_romero/app/Models/DependenciaModel.php(120): CodeIgniter\Database\BaseConnection->query()
#5 /var/www/html/rocio_romero/app/Controllers/dependencia.php(257): App\Models\DependenciaModel->get_propietarios()
#6 /var/www/html/rocio_romero/vendor/codeigniter4/framework/system/CodeIgniter.php(932): App\Controllers\Dependencia->buscarpropietario()
#7 /var/www/html/rocio_romero/vendor/codeigniter4/framework/system/CodeIgniter.php(497): CodeIgniter\CodeIgniter->runController()
#8 /var/www/html/rocio_romero/vendor/codeigniter4/framework/system/CodeIgniter.php(366): CodeIgniter\CodeIgniter->handleRequest()
#9 /var/www/html/rocio_romero/public/index.php(72): CodeIgniter\CodeIgniter->run()
#10 {main}
CRITICAL - 2024-07-27 03:58:31 --> pg_query(): Query failed: ERROR:  invalid input syntax for type integer: &quot; where documento like &quot;
LINE 1: SELECT * FROM rr_propietario  WHERE documento = ' where docu...
                                                        ^
in SYSTEMPATH/Database/postgre/Connection.php on line 187.
 1 [internal function]: CodeIgniter\Debug\Exceptions->errorHandler()
 2 SYSTEMPATH/Database/postgre/Connection.php(187): pg_query()
 3 SYSTEMPATH/Database/BaseConnection.php(692): CodeIgniter\Database\Postgre\Connection->execute()
 4 SYSTEMPATH/Database/BaseConnection.php(606): CodeIgniter\Database\BaseConnection->simpleQuery()
 5 APPPATH/Models/DependenciaModel.php(120): CodeIgniter\Database\BaseConnection->query()
 6 APPPATH/Controllers/dependencia.php(257): App\Models\DependenciaModel->get_propietarios()
 7 SYSTEMPATH/CodeIgniter.php(932): App\Controllers\Dependencia->buscarpropietario()
 8 SYSTEMPATH/CodeIgniter.php(497): CodeIgniter\CodeIgniter->runController()
 9 SYSTEMPATH/CodeIgniter.php(366): CodeIgniter\CodeIgniter->handleRequest()
10 FCPATH/index.php(72): CodeIgniter\CodeIgniter->run()
INFO - 2024-07-27 03:59:34 --> Session: Class initialized using 'CodeIgniter\Session\Handlers\FileHandler' driver.
INFO - 2024-07-27 03:59:49 --> Session: Class initialized using 'CodeIgniter\Session\Handlers\FileHandler' driver.
ERROR - 2024-07-27 03:59:49 --> ErrorException: pg_query(): Query failed: ERROR:  operator does not exist: numeric ~~ unknown
LINE 1: SELECT * FROM rr_propietario  where documento like '%1090391...
                                                      ^
HINT:  No operator matches the given name and argument types. You might need to add explicit type casts. in /var/www/html/rocio_romero/vendor/codeigniter4/framework/system/Database/postgre/Connection.php:187
Stack trace:
#0 [internal function]: CodeIgniter\Debug\Exceptions->errorHandler()
#1 /var/www/html/rocio_romero/vendor/codeigniter4/framework/system/Database/postgre/Connection.php(187): pg_query()
#2 /var/www/html/rocio_romero/vendor/codeigniter4/framework/system/Database/BaseConnection.php(692): CodeIgniter\Database\Postgre\Connection->execute()
#3 /var/www/html/rocio_romero/vendor/codeigniter4/framework/system/Database/BaseConnection.php(606): CodeIgniter\Database\BaseConnection->simpleQuery()
#4 /var/www/html/rocio_romero/app/Models/DependenciaModel.php(120): CodeIgniter\Database\BaseConnection->query()
#5 /var/www/html/rocio_romero/app/Controllers/dependencia.php(257): App\Models\DependenciaModel->get_propietarios()
#6 /var/www/html/rocio_romero/vendor/codeigniter4/framework/system/CodeIgniter.php(932): App\Controllers\Dependencia->buscarpropietario()
#7 /var/www/html/rocio_romero/vendor/codeigniter4/framework/system/CodeIgniter.php(497): CodeIgniter\CodeIgniter->runController()
#8 /var/www/html/rocio_romero/vendor/codeigniter4/framework/system/CodeIgniter.php(366): CodeIgniter\CodeIgniter->handleRequest()
#9 /var/www/html/rocio_romero/public/index.php(72): CodeIgniter\CodeIgniter->run()
#10 {main}
CRITICAL - 2024-07-27 03:59:49 --> pg_query(): Query failed: ERROR:  operator does not exist: numeric ~~ unknown
LINE 1: SELECT * FROM rr_propietario  where documento like '%1090391...
                                                      ^
HINT:  No operator matches the given name and argument types. You might need to add explicit type casts.
in SYSTEMPATH/Database/postgre/Connection.php on line 187.
 1 [internal function]: CodeIgniter\Debug\Exceptions->errorHandler()
 2 SYSTEMPATH/Database/postgre/Connection.php(187): pg_query()
 3 SYSTEMPATH/Database/BaseConnection.php(692): CodeIgniter\Database\Postgre\Connection->execute()
 4 SYSTEMPATH/Database/BaseConnection.php(606): CodeIgniter\Database\BaseConnection->simpleQuery()
 5 APPPATH/Models/DependenciaModel.php(120): CodeIgniter\Database\BaseConnection->query()
 6 APPPATH/Controllers/dependencia.php(257): App\Models\DependenciaModel->get_propietarios()
 7 SYSTEMPATH/CodeIgniter.php(932): App\Controllers\Dependencia->buscarpropietario()
 8 SYSTEMPATH/CodeIgniter.php(497): CodeIgniter\CodeIgniter->runController()
 9 SYSTEMPATH/CodeIgniter.php(366): CodeIgniter\CodeIgniter->handleRequest()
10 FCPATH/index.php(72): CodeIgniter\CodeIgniter->run()
INFO - 2024-07-27 04:06:17 --> Session: Class initialized using 'CodeIgniter\Session\Handlers\FileHandler' driver.
INFO - 2024-07-27 04:06:36 --> Session: Class initialized using 'CodeIgniter\Session\Handlers\FileHandler' driver.
INFO - 2024-07-27 04:06:52 --> Session: Class initialized using 'CodeIgniter\Session\Handlers\FileHandler' driver.
INFO - 2024-07-27 04:10:37 --> Session: Class initialized using 'CodeIgniter\Session\Handlers\FileHandler' driver.
INFO - 2024-07-27 04:11:27 --> Session: Class initialized using 'CodeIgniter\Session\Handlers\FileHandler' driver.
INFO - 2024-07-27 04:14:37 --> Session: Class initialized using 'CodeIgniter\Session\Handlers\FileHandler' driver.
INFO - 2024-07-27 04:14:38 --> Session: Class initialized using 'CodeIgniter\Session\Handlers\FileHandler' driver.
INFO - 2024-07-27 04:15:02 --> Session: Class initialized using 'CodeIgniter\Session\Handlers\FileHandler' driver.
INFO - 2024-07-27 04:15:12 --> Session: Class initialized using 'CodeIgniter\Session\Handlers\FileHandler' driver.
INFO - 2024-07-27 04:46:37 --> Session: Class initialized using 'CodeIgniter\Session\Handlers\FileHandler' driver.
INFO - 2024-07-27 04:46:52 --> Session: Class initialized using 'CodeIgniter\Session\Handlers\FileHandler' driver.
INFO - 2024-07-27 04:46:59 --> Session: Class initialized using 'CodeIgniter\Session\Handlers\FileHandler' driver.
INFO - 2024-07-27 04:47:10 --> Session: Class initialized using 'CodeIgniter\Session\Handlers\FileHandler' driver.
CRITICAL - 2024-07-27 04:47:10 --> Undefined array key "agregarpropietario"
in APPPATH/Controllers/dependencia.php on line 109.
 1 APPPATH/Controllers/dependencia.php(109): CodeIgniter\Debug\Exceptions->errorHandler()
 2 SYSTEMPATH/CodeIgniter.php(932): App\Controllers\Dependencia->expediente()
 3 SYSTEMPATH/CodeIgniter.php(497): CodeIgniter\CodeIgniter->runController()
 4 SYSTEMPATH/CodeIgniter.php(366): CodeIgniter\CodeIgniter->handleRequest()
 5 FCPATH/index.php(72): CodeIgniter\CodeIgniter->run()
INFO - 2024-07-27 04:48:39 --> Session: Class initialized using 'CodeIgniter\Session\Handlers\FileHandler' driver.
CRITICAL - 2024-07-27 04:48:39 --> Undefined array key "agregarpropietario"
in APPPATH/Controllers/dependencia.php on line 109.
 1 APPPATH/Controllers/dependencia.php(109): CodeIgniter\Debug\Exceptions->errorHandler()
 2 SYSTEMPATH/CodeIgniter.php(932): App\Controllers\Dependencia->expediente()
 3 SYSTEMPATH/CodeIgniter.php(497): CodeIgniter\CodeIgniter->runController()
 4 SYSTEMPATH/CodeIgniter.php(366): CodeIgniter\CodeIgniter->handleRequest()
 5 FCPATH/index.php(72): CodeIgniter\CodeIgniter->run()
INFO - 2024-07-27 04:49:03 --> Session: Class initialized using 'CodeIgniter\Session\Handlers\FileHandler' driver.
CRITICAL - 2024-07-27 04:49:03 --> Undefined array key "cliente"
in APPPATH/Controllers/dependencia.php on line 130.
 1 APPPATH/Controllers/dependencia.php(130): CodeIgniter\Debug\Exceptions->errorHandler()
 2 SYSTEMPATH/CodeIgniter.php(932): App\Controllers\Dependencia->expediente()
 3 SYSTEMPATH/CodeIgniter.php(497): CodeIgniter\CodeIgniter->runController()
 4 SYSTEMPATH/CodeIgniter.php(366): CodeIgniter\CodeIgniter->handleRequest()
 5 FCPATH/index.php(72): CodeIgniter\CodeIgniter->run()
INFO - 2024-07-27 04:50:40 --> Session: Class initialized using 'CodeIgniter\Session\Handlers\FileHandler' driver.
CRITICAL - 2024-07-27 04:50:40 --> Undefined array key "cliente"
in APPPATH/Controllers/dependencia.php on line 130.
 1 APPPATH/Controllers/dependencia.php(130): CodeIgniter\Debug\Exceptions->errorHandler()
 2 SYSTEMPATH/CodeIgniter.php(932): App\Controllers\Dependencia->expediente()
 3 SYSTEMPATH/CodeIgniter.php(497): CodeIgniter\CodeIgniter->runController()
 4 SYSTEMPATH/CodeIgniter.php(366): CodeIgniter\CodeIgniter->handleRequest()
 5 FCPATH/index.php(72): CodeIgniter\CodeIgniter->run()
INFO - 2024-07-27 04:52:00 --> Session: Class initialized using 'CodeIgniter\Session\Handlers\FileHandler' driver.
ERROR - 2024-07-27 04:52:00 --> ErrorException: pg_query(): Query failed: ERROR:  invalid input syntax for type date: &quot;&quot;
LINE 1: ...endencia,estado,cliente) VALUES('242845','242845','','','8',...
                                                             ^ in /var/www/html/rocio_romero/vendor/codeigniter4/framework/system/Database/postgre/Connection.php:187
Stack trace:
#0 [internal function]: CodeIgniter\Debug\Exceptions->errorHandler()
#1 /var/www/html/rocio_romero/vendor/codeigniter4/framework/system/Database/postgre/Connection.php(187): pg_query()
#2 /var/www/html/rocio_romero/vendor/codeigniter4/framework/system/Database/BaseConnection.php(692): CodeIgniter\Database\Postgre\Connection->execute()
#3 /var/www/html/rocio_romero/vendor/codeigniter4/framework/system/Database/BaseConnection.php(606): CodeIgniter\Database\BaseConnection->simpleQuery()
#4 /var/www/html/rocio_romero/app/Models/DependenciaModel.php(145): CodeIgniter\Database\BaseConnection->query()
#5 /var/www/html/rocio_romero/app/Controllers/dependencia.php(137): App\Models\DependenciaModel->agregarexpediente()
#6 /var/www/html/rocio_romero/vendor/codeigniter4/framework/system/CodeIgniter.php(932): App\Controllers\Dependencia->expediente()
#7 /var/www/html/rocio_romero/vendor/codeigniter4/framework/system/CodeIgniter.php(497): CodeIgniter\CodeIgniter->runController()
#8 /var/www/html/rocio_romero/vendor/codeigniter4/framework/system/CodeIgniter.php(366): CodeIgniter\CodeIgniter->handleRequest()
#9 /var/www/html/rocio_romero/public/index.php(72): CodeIgniter\CodeIgniter->run()
#10 {main}
CRITICAL - 2024-07-27 04:52:00 --> pg_query(): Query failed: ERROR:  invalid input syntax for type date: &quot;&quot;
LINE 1: ...endencia,estado,cliente) VALUES('242845','242845','','','8',...
                                                             ^
in SYSTEMPATH/Database/postgre/Connection.php on line 187.
 1 [internal function]: CodeIgniter\Debug\Exceptions->errorHandler()
 2 SYSTEMPATH/Database/postgre/Connection.php(187): pg_query()
 3 SYSTEMPATH/Database/BaseConnection.php(692): CodeIgniter\Database\Postgre\Connection->execute()
 4 SYSTEMPATH/Database/BaseConnection.php(606): CodeIgniter\Database\BaseConnection->simpleQuery()
 5 APPPATH/Models/DependenciaModel.php(145): CodeIgniter\Database\BaseConnection->query()
 6 APPPATH/Controllers/dependencia.php(137): App\Models\DependenciaModel->agregarexpediente()
 7 SYSTEMPATH/CodeIgniter.php(932): App\Controllers\Dependencia->expediente()
 8 SYSTEMPATH/CodeIgniter.php(497): CodeIgniter\CodeIgniter->runController()
 9 SYSTEMPATH/CodeIgniter.php(366): CodeIgniter\CodeIgniter->handleRequest()
10 FCPATH/index.php(72): CodeIgniter\CodeIgniter->run()
INFO - 2024-07-27 04:52:45 --> Session: Class initialized using 'CodeIgniter\Session\Handlers\FileHandler' driver.
INFO - 2024-07-27 04:54:12 --> Session: Class initialized using 'CodeIgniter\Session\Handlers\FileHandler' driver.
INFO - 2024-07-27 04:54:45 --> Session: Class initialized using 'CodeIgniter\Session\Handlers\FileHandler' driver.
INFO - 2024-07-27 04:55:42 --> Session: Class initialized using 'CodeIgniter\Session\Handlers\FileHandler' driver.
ERROR - 2024-07-27 04:55:42 --> ErrorException: pg_query(): Query failed: ERROR:  syntax error at or near &quot;,&quot;
LINE 1: ...endencia,estado,cliente) VALUES('242845','242845',,,'8','abi...
                                                             ^ in /var/www/html/rocio_romero/vendor/codeigniter4/framework/system/Database/postgre/Connection.php:187
Stack trace:
#0 [internal function]: CodeIgniter\Debug\Exceptions->errorHandler()
#1 /var/www/html/rocio_romero/vendor/codeigniter4/framework/system/Database/postgre/Connection.php(187): pg_query()
#2 /var/www/html/rocio_romero/vendor/codeigniter4/framework/system/Database/BaseConnection.php(692): CodeIgniter\Database\Postgre\Connection->execute()
#3 /var/www/html/rocio_romero/vendor/codeigniter4/framework/system/Database/BaseConnection.php(606): CodeIgniter\Database\BaseConnection->simpleQuery()
#4 /var/www/html/rocio_romero/app/Models/DependenciaModel.php(146): CodeIgniter\Database\BaseConnection->query()
#5 /var/www/html/rocio_romero/app/Controllers/dependencia.php(137): App\Models\DependenciaModel->agregarexpediente()
#6 /var/www/html/rocio_romero/vendor/codeigniter4/framework/system/CodeIgniter.php(932): App\Controllers\Dependencia->expediente()
#7 /var/www/html/rocio_romero/vendor/codeigniter4/framework/system/CodeIgniter.php(497): CodeIgniter\CodeIgniter->runController()
#8 /var/www/html/rocio_romero/vendor/codeigniter4/framework/system/CodeIgniter.php(366): CodeIgniter\CodeIgniter->handleRequest()
#9 /var/www/html/rocio_romero/public/index.php(72): CodeIgniter\CodeIgniter->run()
#10 {main}
CRITICAL - 2024-07-27 04:55:42 --> pg_query(): Query failed: ERROR:  syntax error at or near &quot;,&quot;
LINE 1: ...endencia,estado,cliente) VALUES('242845','242845',,,'8','abi...
                                                             ^
in SYSTEMPATH/Database/postgre/Connection.php on line 187.
 1 [internal function]: CodeIgniter\Debug\Exceptions->errorHandler()
 2 SYSTEMPATH/Database/postgre/Connection.php(187): pg_query()
 3 SYSTEMPATH/Database/BaseConnection.php(692): CodeIgniter\Database\Postgre\Connection->execute()
 4 SYSTEMPATH/Database/BaseConnection.php(606): CodeIgniter\Database\BaseConnection->simpleQuery()
 5 APPPATH/Models/DependenciaModel.php(146): CodeIgniter\Database\BaseConnection->query()
 6 APPPATH/Controllers/dependencia.php(137): App\Models\DependenciaModel->agregarexpediente()
 7 SYSTEMPATH/CodeIgniter.php(932): App\Controllers\Dependencia->expediente()
 8 SYSTEMPATH/CodeIgniter.php(497): CodeIgniter\CodeIgniter->runController()
 9 SYSTEMPATH/CodeIgniter.php(366): CodeIgniter\CodeIgniter->handleRequest()
10 FCPATH/index.php(72): CodeIgniter\CodeIgniter->run()
INFO - 2024-07-27 04:56:27 --> Session: Class initialized using 'CodeIgniter\Session\Handlers\FileHandler' driver.
ERROR - 2024-07-27 04:56:27 --> ErrorException: pg_query(): Query failed: ERROR:  duplicate key value violates unique constraint &quot;rr_expediente_pkey&quot;
DETAIL:  Key (num_contrato)=(242845) already exists. in /var/www/html/rocio_romero/vendor/codeigniter4/framework/system/Database/postgre/Connection.php:187
Stack trace:
#0 [internal function]: CodeIgniter\Debug\Exceptions->errorHandler()
#1 /var/www/html/rocio_romero/vendor/codeigniter4/framework/system/Database/postgre/Connection.php(187): pg_query()
#2 /var/www/html/rocio_romero/vendor/codeigniter4/framework/system/Database/BaseConnection.php(692): CodeIgniter\Database\Postgre\Connection->execute()
#3 /var/www/html/rocio_romero/vendor/codeigniter4/framework/system/Database/BaseConnection.php(606): CodeIgniter\Database\BaseConnection->simpleQuery()
#4 /var/www/html/rocio_romero/app/Models/DependenciaModel.php(146): CodeIgniter\Database\BaseConnection->query()
#5 /var/www/html/rocio_romero/app/Controllers/dependencia.php(137): App\Models\DependenciaModel->agregarexpediente()
#6 /var/www/html/rocio_romero/vendor/codeigniter4/framework/system/CodeIgniter.php(932): App\Controllers\Dependencia->expediente()
#7 /var/www/html/rocio_romero/vendor/codeigniter4/framework/system/CodeIgniter.php(497): CodeIgniter\CodeIgniter->runController()
#8 /var/www/html/rocio_romero/vendor/codeigniter4/framework/system/CodeIgniter.php(366): CodeIgniter\CodeIgniter->handleRequest()
#9 /var/www/html/rocio_romero/public/index.php(72): CodeIgniter\CodeIgniter->run()
#10 {main}
CRITICAL - 2024-07-27 04:56:28 --> pg_query(): Query failed: ERROR:  duplicate key value violates unique constraint &quot;rr_expediente_pkey&quot;
DETAIL:  Key (num_contrato)=(242845) already exists.
in SYSTEMPATH/Database/postgre/Connection.php on line 187.
 1 [internal function]: CodeIgniter\Debug\Exceptions->errorHandler()
 2 SYSTEMPATH/Database/postgre/Connection.php(187): pg_query()
 3 SYSTEMPATH/Database/BaseConnection.php(692): CodeIgniter\Database\Postgre\Connection->execute()
 4 SYSTEMPATH/Database/BaseConnection.php(606): CodeIgniter\Database\BaseConnection->simpleQuery()
 5 APPPATH/Models/DependenciaModel.php(146): CodeIgniter\Database\BaseConnection->query()
 6 APPPATH/Controllers/dependencia.php(137): App\Models\DependenciaModel->agregarexpediente()
 7 SYSTEMPATH/CodeIgniter.php(932): App\Controllers\Dependencia->expediente()
 8 SYSTEMPATH/CodeIgniter.php(497): CodeIgniter\CodeIgniter->runController()
 9 SYSTEMPATH/CodeIgniter.php(366): CodeIgniter\CodeIgniter->handleRequest()
10 FCPATH/index.php(72): CodeIgniter\CodeIgniter->run()
INFO - 2024-07-27 04:57:23 --> Session: Class initialized using 'CodeIgniter\Session\Handlers\FileHandler' driver.
CRITICAL - 2024-07-27 04:57:23 --> Class "App\Controllers\File" not found
in APPPATH/Controllers/BaseController.php on line 253.
 1 APPPATH/Controllers/dependencia.php(150): App\Controllers\BaseController->upload()
 2 SYSTEMPATH/CodeIgniter.php(932): App\Controllers\Dependencia->expediente()
 3 SYSTEMPATH/CodeIgniter.php(497): CodeIgniter\CodeIgniter->runController()
 4 SYSTEMPATH/CodeIgniter.php(366): CodeIgniter\CodeIgniter->handleRequest()
 5 FCPATH/index.php(72): CodeIgniter\CodeIgniter->run()
INFO - 2024-07-27 04:58:23 --> Session: Class initialized using 'CodeIgniter\Session\Handlers\FileHandler' driver.
CRITICAL - 2024-07-27 04:58:23 --> Class "App\Controllers\File" not found
in APPPATH/Controllers/BaseController.php on line 253.
 1 APPPATH/Controllers/dependencia.php(150): App\Controllers\BaseController->upload()
 2 SYSTEMPATH/CodeIgniter.php(932): App\Controllers\Dependencia->expediente()
 3 SYSTEMPATH/CodeIgniter.php(497): CodeIgniter\CodeIgniter->runController()
 4 SYSTEMPATH/CodeIgniter.php(366): CodeIgniter\CodeIgniter->handleRequest()
 5 FCPATH/index.php(72): CodeIgniter\CodeIgniter->run()
INFO - 2024-07-27 04:59:10 --> Session: Class initialized using 'CodeIgniter\Session\Handlers\FileHandler' driver.
ERROR - 2024-07-27 04:59:11 --> ErrorException: pg_query(): Query failed: ERROR:  column &quot;id_socumento&quot; of relation &quot;rr_documentos_expediente&quot; does not exist
LINE 1: INSERT INTO rr_documentos_expediente(id_socumento,complement...
                                             ^ in /var/www/html/rocio_romero/vendor/codeigniter4/framework/system/Database/postgre/Connection.php:187
Stack trace:
#0 [internal function]: CodeIgniter\Debug\Exceptions->errorHandler()
#1 /var/www/html/rocio_romero/vendor/codeigniter4/framework/system/Database/postgre/Connection.php(187): pg_query()
#2 /var/www/html/rocio_romero/vendor/codeigniter4/framework/system/Database/BaseConnection.php(692): CodeIgniter\Database\Postgre\Connection->execute()
#3 /var/www/html/rocio_romero/vendor/codeigniter4/framework/system/Database/BaseConnection.php(606): CodeIgniter\Database\BaseConnection->simpleQuery()
#4 /var/www/html/rocio_romero/app/Models/DependenciaModel.php(135): CodeIgniter\Database\BaseConnection->query()
#5 /var/www/html/rocio_romero/app/Controllers/dependencia.php(161): App\Models\DependenciaModel->agregardocumento()
#6 /var/www/html/rocio_romero/vendor/codeigniter4/framework/system/CodeIgniter.php(932): App\Controllers\Dependencia->expediente()
#7 /var/www/html/rocio_romero/vendor/codeigniter4/framework/system/CodeIgniter.php(497): CodeIgniter\CodeIgniter->runController()
#8 /var/www/html/rocio_romero/vendor/codeigniter4/framework/system/CodeIgniter.php(366): CodeIgniter\CodeIgniter->handleRequest()
#9 /var/www/html/rocio_romero/public/index.php(72): CodeIgniter\CodeIgniter->run()
#10 {main}
CRITICAL - 2024-07-27 04:59:11 --> pg_query(): Query failed: ERROR:  column &quot;id_socumento&quot; of relation &quot;rr_documentos_expediente&quot; does not exist
LINE 1: INSERT INTO rr_documentos_expediente(id_socumento,complement...
                                             ^
in SYSTEMPATH/Database/postgre/Connection.php on line 187.
 1 [internal function]: CodeIgniter\Debug\Exceptions->errorHandler()
 2 SYSTEMPATH/Database/postgre/Connection.php(187): pg_query()
 3 SYSTEMPATH/Database/BaseConnection.php(692): CodeIgniter\Database\Postgre\Connection->execute()
 4 SYSTEMPATH/Database/BaseConnection.php(606): CodeIgniter\Database\BaseConnection->simpleQuery()
 5 APPPATH/Models/DependenciaModel.php(135): CodeIgniter\Database\BaseConnection->query()
 6 APPPATH/Controllers/dependencia.php(161): App\Models\DependenciaModel->agregardocumento()
 7 SYSTEMPATH/CodeIgniter.php(932): App\Controllers\Dependencia->expediente()
 8 SYSTEMPATH/CodeIgniter.php(497): CodeIgniter\CodeIgniter->runController()
 9 SYSTEMPATH/CodeIgniter.php(366): CodeIgniter\CodeIgniter->handleRequest()
10 FCPATH/index.php(72): CodeIgniter\CodeIgniter->run()
INFO - 2024-07-27 04:59:40 --> Session: Class initialized using 'CodeIgniter\Session\Handlers\FileHandler' driver.
CRITICAL - 2024-07-27 04:59:40 --> Undefined array key "comp_12"
in APPPATH/Controllers/dependencia.php on line 144.
 1 APPPATH/Controllers/dependencia.php(144): CodeIgniter\Debug\Exceptions->errorHandler()
 2 SYSTEMPATH/CodeIgniter.php(932): App\Controllers\Dependencia->expediente()
 3 SYSTEMPATH/CodeIgniter.php(497): CodeIgniter\CodeIgniter->runController()
 4 SYSTEMPATH/CodeIgniter.php(366): CodeIgniter\CodeIgniter->handleRequest()
 5 FCPATH/index.php(72): CodeIgniter\CodeIgniter->run()
INFO - 2024-07-27 05:00:21 --> Session: Class initialized using 'CodeIgniter\Session\Handlers\FileHandler' driver.
INFO - 2024-07-27 05:00:29 --> Session: Class initialized using 'CodeIgniter\Session\Handlers\FileHandler' driver.
INFO - 2024-07-27 05:02:07 --> Session: Class initialized using 'CodeIgniter\Session\Handlers\FileHandler' driver.
INFO - 2024-07-27 05:02:16 --> Session: Class initialized using 'CodeIgniter\Session\Handlers\FileHandler' driver.
ERROR - 2024-07-27 05:02:16 --> ErrorException: pg_query(): Query failed: ERROR:  column &quot;fecha_inicio&quot; is of type date but expression is of type integer
LINE 1: ...endencia,estado,cliente) VALUES('245878','245878',2024-07-27...
                                                             ^
HINT:  You will need to rewrite or cast the expression. in /var/www/html/rocio_romero/vendor/codeigniter4/framework/system/Database/postgre/Connection.php:187
Stack trace:
#0 [internal function]: CodeIgniter\Debug\Exceptions->errorHandler()
#1 /var/www/html/rocio_romero/vendor/codeigniter4/framework/system/Database/postgre/Connection.php(187): pg_query()
#2 /var/www/html/rocio_romero/vendor/codeigniter4/framework/system/Database/BaseConnection.php(692): CodeIgniter\Database\Postgre\Connection->execute()
#3 /var/www/html/rocio_romero/vendor/codeigniter4/framework/system/Database/BaseConnection.php(606): CodeIgniter\Database\BaseConnection->simpleQuery()
#4 /var/www/html/rocio_romero/app/Models/DependenciaModel.php(146): CodeIgniter\Database\BaseConnection->query()
#5 /var/www/html/rocio_romero/app/Controllers/dependencia.php(137): App\Models\DependenciaModel->agregarexpediente()
#6 /var/www/html/rocio_romero/vendor/codeigniter4/framework/system/CodeIgniter.php(932): App\Controllers\Dependencia->expediente()
#7 /var/www/html/rocio_romero/vendor/codeigniter4/framework/system/CodeIgniter.php(497): CodeIgniter\CodeIgniter->runController()
#8 /var/www/html/rocio_romero/vendor/codeigniter4/framework/system/CodeIgniter.php(366): CodeIgniter\CodeIgniter->handleRequest()
#9 /var/www/html/rocio_romero/public/index.php(72): CodeIgniter\CodeIgniter->run()
#10 {main}
CRITICAL - 2024-07-27 05:02:16 --> pg_query(): Query failed: ERROR:  column &quot;fecha_inicio&quot; is of type date but expression is of type integer
LINE 1: ...endencia,estado,cliente) VALUES('245878','245878',2024-07-27...
                                                             ^
HINT:  You will need to rewrite or cast the expression.
in SYSTEMPATH/Database/postgre/Connection.php on line 187.
 1 [internal function]: CodeIgniter\Debug\Exceptions->errorHandler()
 2 SYSTEMPATH/Database/postgre/Connection.php(187): pg_query()
 3 SYSTEMPATH/Database/BaseConnection.php(692): CodeIgniter\Database\Postgre\Connection->execute()
 4 SYSTEMPATH/Database/BaseConnection.php(606): CodeIgniter\Database\BaseConnection->simpleQuery()
 5 APPPATH/Models/DependenciaModel.php(146): CodeIgniter\Database\BaseConnection->query()
 6 APPPATH/Controllers/dependencia.php(137): App\Models\DependenciaModel->agregarexpediente()
 7 SYSTEMPATH/CodeIgniter.php(932): App\Controllers\Dependencia->expediente()
 8 SYSTEMPATH/CodeIgniter.php(497): CodeIgniter\CodeIgniter->runController()
 9 SYSTEMPATH/CodeIgniter.php(366): CodeIgniter\CodeIgniter->handleRequest()
10 FCPATH/index.php(72): CodeIgniter\CodeIgniter->run()
INFO - 2024-07-27 05:04:58 --> Session: Class initialized using 'CodeIgniter\Session\Handlers\FileHandler' driver.
ERROR - 2024-07-27 05:04:59 --> ErrorException: pg_query(): Query failed: ERROR:  column &quot;fecha_inicio&quot; is of type timestamp with time zone but expression is of type integer
LINE 1: ...endencia,estado,cliente) VALUES('245878','245878',2024-07-27...
                                                             ^
HINT:  You will need to rewrite or cast the expression. in /var/www/html/rocio_romero/vendor/codeigniter4/framework/system/Database/postgre/Connection.php:187
Stack trace:
#0 [internal function]: CodeIgniter\Debug\Exceptions->errorHandler()
#1 /var/www/html/rocio_romero/vendor/codeigniter4/framework/system/Database/postgre/Connection.php(187): pg_query()
#2 /var/www/html/rocio_romero/vendor/codeigniter4/framework/system/Database/BaseConnection.php(692): CodeIgniter\Database\Postgre\Connection->execute()
#3 /var/www/html/rocio_romero/vendor/codeigniter4/framework/system/Database/BaseConnection.php(606): CodeIgniter\Database\BaseConnection->simpleQuery()
#4 /var/www/html/rocio_romero/app/Models/DependenciaModel.php(146): CodeIgniter\Database\BaseConnection->query()
#5 /var/www/html/rocio_romero/app/Controllers/dependencia.php(137): App\Models\DependenciaModel->agregarexpediente()
#6 /var/www/html/rocio_romero/vendor/codeigniter4/framework/system/CodeIgniter.php(932): App\Controllers\Dependencia->expediente()
#7 /var/www/html/rocio_romero/vendor/codeigniter4/framework/system/CodeIgniter.php(497): CodeIgniter\CodeIgniter->runController()
#8 /var/www/html/rocio_romero/vendor/codeigniter4/framework/system/CodeIgniter.php(366): CodeIgniter\CodeIgniter->handleRequest()
#9 /var/www/html/rocio_romero/public/index.php(72): CodeIgniter\CodeIgniter->run()
#10 {main}
CRITICAL - 2024-07-27 05:04:59 --> pg_query(): Query failed: ERROR:  column &quot;fecha_inicio&quot; is of type timestamp with time zone but expression is of type integer
LINE 1: ...endencia,estado,cliente) VALUES('245878','245878',2024-07-27...
                                                             ^
HINT:  You will need to rewrite or cast the expression.
in SYSTEMPATH/Database/postgre/Connection.php on line 187.
 1 [internal function]: CodeIgniter\Debug\Exceptions->errorHandler()
 2 SYSTEMPATH/Database/postgre/Connection.php(187): pg_query()
 3 SYSTEMPATH/Database/BaseConnection.php(692): CodeIgniter\Database\Postgre\Connection->execute()
 4 SYSTEMPATH/Database/BaseConnection.php(606): CodeIgniter\Database\BaseConnection->simpleQuery()
 5 APPPATH/Models/DependenciaModel.php(146): CodeIgniter\Database\BaseConnection->query()
 6 APPPATH/Controllers/dependencia.php(137): App\Models\DependenciaModel->agregarexpediente()
 7 SYSTEMPATH/CodeIgniter.php(932): App\Controllers\Dependencia->expediente()
 8 SYSTEMPATH/CodeIgniter.php(497): CodeIgniter\CodeIgniter->runController()
 9 SYSTEMPATH/CodeIgniter.php(366): CodeIgniter\CodeIgniter->handleRequest()
10 FCPATH/index.php(72): CodeIgniter\CodeIgniter->run()
INFO - 2024-07-27 05:05:41 --> Session: Class initialized using 'CodeIgniter\Session\Handlers\FileHandler' driver.
INFO - 2024-07-27 05:07:20 --> Session: Class initialized using 'CodeIgniter\Session\Handlers\FileHandler' driver.
ERROR - 2024-07-27 05:07:21 --> ErrorException: pg_query(): Query failed: ERROR:  duplicate key value violates unique constraint &quot;rr_expediente_pkey&quot;
DETAIL:  Key (num_contrato)=(245878) already exists. in /var/www/html/rocio_romero/vendor/codeigniter4/framework/system/Database/postgre/Connection.php:187
Stack trace:
#0 [internal function]: CodeIgniter\Debug\Exceptions->errorHandler()
#1 /var/www/html/rocio_romero/vendor/codeigniter4/framework/system/Database/postgre/Connection.php(187): pg_query()
#2 /var/www/html/rocio_romero/vendor/codeigniter4/framework/system/Database/BaseConnection.php(692): CodeIgniter\Database\Postgre\Connection->execute()
#3 /var/www/html/rocio_romero/vendor/codeigniter4/framework/system/Database/BaseConnection.php(606): CodeIgniter\Database\BaseConnection->simpleQuery()
#4 /var/www/html/rocio_romero/app/Models/DependenciaModel.php(145): CodeIgniter\Database\BaseConnection->query()
#5 /var/www/html/rocio_romero/app/Controllers/dependencia.php(137): App\Models\DependenciaModel->agregarexpediente()
#6 /var/www/html/rocio_romero/vendor/codeigniter4/framework/system/CodeIgniter.php(932): App\Controllers\Dependencia->expediente()
#7 /var/www/html/rocio_romero/vendor/codeigniter4/framework/system/CodeIgniter.php(497): CodeIgniter\CodeIgniter->runController()
#8 /var/www/html/rocio_romero/vendor/codeigniter4/framework/system/CodeIgniter.php(366): CodeIgniter\CodeIgniter->handleRequest()
#9 /var/www/html/rocio_romero/public/index.php(72): CodeIgniter\CodeIgniter->run()
#10 {main}
CRITICAL - 2024-07-27 05:07:21 --> pg_query(): Query failed: ERROR:  duplicate key value violates unique constraint &quot;rr_expediente_pkey&quot;
DETAIL:  Key (num_contrato)=(245878) already exists.
in SYSTEMPATH/Database/postgre/Connection.php on line 187.
 1 [internal function]: CodeIgniter\Debug\Exceptions->errorHandler()
 2 SYSTEMPATH/Database/postgre/Connection.php(187): pg_query()
 3 SYSTEMPATH/Database/BaseConnection.php(692): CodeIgniter\Database\Postgre\Connection->execute()
 4 SYSTEMPATH/Database/BaseConnection.php(606): CodeIgniter\Database\BaseConnection->simpleQuery()
 5 APPPATH/Models/DependenciaModel.php(145): CodeIgniter\Database\BaseConnection->query()
 6 APPPATH/Controllers/dependencia.php(137): App\Models\DependenciaModel->agregarexpediente()
 7 SYSTEMPATH/CodeIgniter.php(932): App\Controllers\Dependencia->expediente()
 8 SYSTEMPATH/CodeIgniter.php(497): CodeIgniter\CodeIgniter->runController()
 9 SYSTEMPATH/CodeIgniter.php(366): CodeIgniter\CodeIgniter->handleRequest()
10 FCPATH/index.php(72): CodeIgniter\CodeIgniter->run()
INFO - 2024-07-27 05:07:32 --> Session: Class initialized using 'CodeIgniter\Session\Handlers\FileHandler' driver.
INFO - 2024-07-27 05:12:06 --> Session: Class initialized using 'CodeIgniter\Session\Handlers\FileHandler' driver.
INFO - 2024-07-27 05:16:10 --> Session: Class initialized using 'CodeIgniter\Session\Handlers\FileHandler' driver.
ERROR - 2024-07-27 05:16:10 --> ErrorException: pg_query(): Query failed: ERROR:  column &quot;id&quot; does not exist
LINE 1: SELECT * FROM rr_expediente ORDER BY id DESC
                                             ^ in /var/www/html/rocio_romero/vendor/codeigniter4/framework/system/Database/postgre/Connection.php:187
Stack trace:
#0 [internal function]: CodeIgniter\Debug\Exceptions->errorHandler()
#1 /var/www/html/rocio_romero/vendor/codeigniter4/framework/system/Database/postgre/Connection.php(187): pg_query()
#2 /var/www/html/rocio_romero/vendor/codeigniter4/framework/system/Database/BaseConnection.php(692): CodeIgniter\Database\Postgre\Connection->execute()
#3 /var/www/html/rocio_romero/vendor/codeigniter4/framework/system/Database/BaseConnection.php(606): CodeIgniter\Database\BaseConnection->simpleQuery()
#4 /var/www/html/rocio_romero/app/Models/DependenciaModel.php(170): CodeIgniter\Database\BaseConnection->query()
#5 /var/www/html/rocio_romero/app/Controllers/dependencia.php(104): App\Models\DependenciaModel->expedientes()
#6 /var/www/html/rocio_romero/vendor/codeigniter4/framework/system/CodeIgniter.php(932): App\Controllers\Dependencia->expediente()
#7 /var/www/html/rocio_romero/vendor/codeigniter4/framework/system/CodeIgniter.php(497): CodeIgniter\CodeIgniter->runController()
#8 /var/www/html/rocio_romero/vendor/codeigniter4/framework/system/CodeIgniter.php(366): CodeIgniter\CodeIgniter->handleRequest()
#9 /var/www/html/rocio_romero/public/index.php(72): CodeIgniter\CodeIgniter->run()
#10 {main}
CRITICAL - 2024-07-27 05:16:10 --> pg_query(): Query failed: ERROR:  column &quot;id&quot; does not exist
LINE 1: SELECT * FROM rr_expediente ORDER BY id DESC
                                             ^
in SYSTEMPATH/Database/postgre/Connection.php on line 187.
 1 [internal function]: CodeIgniter\Debug\Exceptions->errorHandler()
 2 SYSTEMPATH/Database/postgre/Connection.php(187): pg_query()
 3 SYSTEMPATH/Database/BaseConnection.php(692): CodeIgniter\Database\Postgre\Connection->execute()
 4 SYSTEMPATH/Database/BaseConnection.php(606): CodeIgniter\Database\BaseConnection->simpleQuery()
 5 APPPATH/Models/DependenciaModel.php(170): CodeIgniter\Database\BaseConnection->query()
 6 APPPATH/Controllers/dependencia.php(104): App\Models\DependenciaModel->expedientes()
 7 SYSTEMPATH/CodeIgniter.php(932): App\Controllers\Dependencia->expediente()
 8 SYSTEMPATH/CodeIgniter.php(497): CodeIgniter\CodeIgniter->runController()
 9 SYSTEMPATH/CodeIgniter.php(366): CodeIgniter\CodeIgniter->handleRequest()
10 FCPATH/index.php(72): CodeIgniter\CodeIgniter->run()
INFO - 2024-07-27 05:16:36 --> Session: Class initialized using 'CodeIgniter\Session\Handlers\FileHandler' driver.
INFO - 2024-07-27 05:16:48 --> Session: Class initialized using 'CodeIgniter\Session\Handlers\FileHandler' driver.
INFO - 2024-07-27 05:18:02 --> Session: Class initialized using 'CodeIgniter\Session\Handlers\FileHandler' driver.
INFO - 2024-07-27 05:18:19 --> Session: Class initialized using 'CodeIgniter\Session\Handlers\FileHandler' driver.
INFO - 2024-07-27 05:18:28 --> Session: Class initialized using 'CodeIgniter\Session\Handlers\FileHandler' driver.
INFO - 2024-07-27 05:18:41 --> Session: Class initialized using 'CodeIgniter\Session\Handlers\FileHandler' driver.
INFO - 2024-07-27 05:19:42 --> Session: Class initialized using 'CodeIgniter\Session\Handlers\FileHandler' driver.
INFO - 2024-07-27 05:19:59 --> Session: Class initialized using 'CodeIgniter\Session\Handlers\FileHandler' driver.
INFO - 2024-07-27 05:20:09 --> Session: Class initialized using 'CodeIgniter\Session\Handlers\FileHandler' driver.
INFO - 2024-07-27 05:20:19 --> Session: Class initialized using 'CodeIgniter\Session\Handlers\FileHandler' driver.
INFO - 2024-07-27 05:20:26 --> Session: Class initialized using 'CodeIgniter\Session\Handlers\FileHandler' driver.
INFO - 2024-07-27 05:20:58 --> Session: Class initialized using 'CodeIgniter\Session\Handlers\FileHandler' driver.
INFO - 2024-07-27 05:21:02 --> Session: Class initialized using 'CodeIgniter\Session\Handlers\FileHandler' driver.
INFO - 2024-07-27 05:21:05 --> Session: Class initialized using 'CodeIgniter\Session\Handlers\FileHandler' driver.
INFO - 2024-07-27 11:55:40 --> Session: Class initialized using 'CodeIgniter\Session\Handlers\FileHandler' driver.
CRITICAL - 2024-07-27 11:55:43 --> Declaration of App\Controllers\Index::upload($ruta = '') must be compatible with App\Controllers\BaseController::upload($file = '', $token = '')
in APPPATH/Controllers/index.php on line 477.
 1 [internal function]: CodeIgniter\Debug\Exceptions->shutdownHandler()
CRITICAL - 2024-07-27 11:55:57 --> Declaration of App\Controllers\Index::upload($ruta = '') must be compatible with App\Controllers\BaseController::upload($file = '', $token = '')
in APPPATH/Controllers/index.php on line 477.
 1 [internal function]: CodeIgniter\Debug\Exceptions->shutdownHandler()
CRITICAL - 2024-07-27 11:56:39 --> Declaration of App\Controllers\Index::upload($ruta = '') must be compatible with App\Controllers\BaseController::upload($file = '', $token = '')
in APPPATH/Controllers/index.php on line 477.
 1 [internal function]: CodeIgniter\Debug\Exceptions->shutdownHandler()
INFO - 2024-07-27 11:59:06 --> Session: Class initialized using 'CodeIgniter\Session\Handlers\FileHandler' driver.
INFO - 2024-07-27 12:26:38 --> Session: Class initialized using 'CodeIgniter\Session\Handlers\FileHandler' driver.
INFO - 2024-07-27 12:26:41 --> Session: Class initialized using 'CodeIgniter\Session\Handlers\FileHandler' driver.
INFO - 2024-07-27 12:26:54 --> Session: Class initialized using 'CodeIgniter\Session\Handlers\FileHandler' driver.
INFO - 2024-07-27 12:29:24 --> Session: Class initialized using 'CodeIgniter\Session\Handlers\FileHandler' driver.
INFO - 2024-07-27 12:30:24 --> Session: Class initialized using 'CodeIgniter\Session\Handlers\FileHandler' driver.
INFO - 2024-07-27 12:31:11 --> Session: Class initialized using 'CodeIgniter\Session\Handlers\FileHandler' driver.
INFO - 2024-07-27 12:31:48 --> Session: Class initialized using 'CodeIgniter\Session\Handlers\FileHandler' driver.
INFO - 2024-07-27 12:42:02 --> Session: Class initialized using 'CodeIgniter\Session\Handlers\FileHandler' driver.
CRITICAL - 2024-07-27 12:42:03 --> Undefined variable $info
in APPPATH/views/dependencias/expediente.php on line 42.
 1 APPPATH/views/dependencias/expediente.php(42): CodeIgniter\Debug\Exceptions->errorHandler()
 2 APPPATH/Views/template_admin/template.php(15): include('/var/www/html/rocio_romero/app/views/dependencias/expediente.php')
 3 SYSTEMPATH/View/View.php(224): include('/var/www/html/rocio_romero/app/Views/template_admin/template.php')
 4 SYSTEMPATH/View/View.php(227): CodeIgniter\View\View->CodeIgniter\View\{closure}()
 5 SYSTEMPATH/Common.php(1180): CodeIgniter\View\View->render()
 6 APPPATH/Entities/Template.php(47): view()
 7 APPPATH/Controllers/dependencia.php(113): App\Entities\Template->renderview()
 8 SYSTEMPATH/CodeIgniter.php(932): App\Controllers\Dependencia->expediente()
 9 SYSTEMPATH/CodeIgniter.php(497): CodeIgniter\CodeIgniter->runController()
10 SYSTEMPATH/CodeIgniter.php(366): CodeIgniter\CodeIgniter->handleRequest()
11 FCPATH/index.php(72): CodeIgniter\CodeIgniter->run()
INFO - 2024-07-27 12:42:23 --> Session: Class initialized using 'CodeIgniter\Session\Handlers\FileHandler' driver.
CRITICAL - 2024-07-27 12:42:24 --> Undefined variable $info
in APPPATH/views/dependencias/expediente.php on line 105.
 1 APPPATH/views/dependencias/expediente.php(105): CodeIgniter\Debug\Exceptions->errorHandler()
 2 APPPATH/Views/template_admin/template.php(15): include('/var/www/html/rocio_romero/app/views/dependencias/expediente.php')
 3 SYSTEMPATH/View/View.php(224): include('/var/www/html/rocio_romero/app/Views/template_admin/template.php')
 4 SYSTEMPATH/View/View.php(227): CodeIgniter\View\View->CodeIgniter\View\{closure}()
 5 SYSTEMPATH/Common.php(1180): CodeIgniter\View\View->render()
 6 APPPATH/Entities/Template.php(47): view()
 7 APPPATH/Controllers/dependencia.php(113): App\Entities\Template->renderview()
 8 SYSTEMPATH/CodeIgniter.php(932): App\Controllers\Dependencia->expediente()
 9 SYSTEMPATH/CodeIgniter.php(497): CodeIgniter\CodeIgniter->runController()
10 SYSTEMPATH/CodeIgniter.php(366): CodeIgniter\CodeIgniter->handleRequest()
11 FCPATH/index.php(72): CodeIgniter\CodeIgniter->run()
INFO - 2024-07-27 12:42:37 --> Session: Class initialized using 'CodeIgniter\Session\Handlers\FileHandler' driver.
CRITICAL - 2024-07-27 12:42:37 --> Undefined array key "id_dependencia"
in APPPATH/views/dependencias/expediente.php on line 105.
 1 APPPATH/views/dependencias/expediente.php(105): CodeIgniter\Debug\Exceptions->errorHandler()
 2 APPPATH/Views/template_admin/template.php(15): include('/var/www/html/rocio_romero/app/views/dependencias/expediente.php')
 3 SYSTEMPATH/View/View.php(224): include('/var/www/html/rocio_romero/app/Views/template_admin/template.php')
 4 SYSTEMPATH/View/View.php(227): CodeIgniter\View\View->CodeIgniter\View\{closure}()
 5 SYSTEMPATH/Common.php(1180): CodeIgniter\View\View->render()
 6 APPPATH/Entities/Template.php(47): view()
 7 APPPATH/Controllers/dependencia.php(113): App\Entities\Template->renderview()
 8 SYSTEMPATH/CodeIgniter.php(932): App\Controllers\Dependencia->expediente()
 9 SYSTEMPATH/CodeIgniter.php(497): CodeIgniter\CodeIgniter->runController()
10 SYSTEMPATH/CodeIgniter.php(366): CodeIgniter\CodeIgniter->handleRequest()
11 FCPATH/index.php(72): CodeIgniter\CodeIgniter->run()
INFO - 2024-07-27 12:42:58 --> Session: Class initialized using 'CodeIgniter\Session\Handlers\FileHandler' driver.
INFO - 2024-07-27 12:45:14 --> Session: Class initialized using 'CodeIgniter\Session\Handlers\FileHandler' driver.
CRITICAL - 2024-07-27 12:45:15 --> Undefined variable $info
in APPPATH/views/dependencias/expediente.php on line 129.
 1 APPPATH/views/dependencias/expediente.php(129): CodeIgniter\Debug\Exceptions->errorHandler()
 2 APPPATH/Views/template_admin/template.php(15): include('/var/www/html/rocio_romero/app/views/dependencias/expediente.php')
 3 SYSTEMPATH/View/View.php(224): include('/var/www/html/rocio_romero/app/Views/template_admin/template.php')
 4 SYSTEMPATH/View/View.php(227): CodeIgniter\View\View->CodeIgniter\View\{closure}()
 5 SYSTEMPATH/Common.php(1180): CodeIgniter\View\View->render()
 6 APPPATH/Entities/Template.php(47): view()
 7 APPPATH/Controllers/dependencia.php(113): App\Entities\Template->renderview()
 8 SYSTEMPATH/CodeIgniter.php(932): App\Controllers\Dependencia->expediente()
 9 SYSTEMPATH/CodeIgniter.php(497): CodeIgniter\CodeIgniter->runController()
10 SYSTEMPATH/CodeIgniter.php(366): CodeIgniter\CodeIgniter->handleRequest()
11 FCPATH/index.php(72): CodeIgniter\CodeIgniter->run()
INFO - 2024-07-27 12:45:48 --> Session: Class initialized using 'CodeIgniter\Session\Handlers\FileHandler' driver.
INFO - 2024-07-27 12:46:05 --> Session: Class initialized using 'CodeIgniter\Session\Handlers\FileHandler' driver.
INFO - 2024-07-27 12:47:26 --> Session: Class initialized using 'CodeIgniter\Session\Handlers\FileHandler' driver.
INFO - 2024-07-27 12:47:32 --> Session: Class initialized using 'CodeIgniter\Session\Handlers\FileHandler' driver.
INFO - 2024-07-27 12:47:41 --> Session: Class initialized using 'CodeIgniter\Session\Handlers\FileHandler' driver.
INFO - 2024-07-27 12:48:33 --> Session: Class initialized using 'CodeIgniter\Session\Handlers\FileHandler' driver.
INFO - 2024-07-27 13:07:10 --> Session: Class initialized using 'CodeIgniter\Session\Handlers\FileHandler' driver.
INFO - 2024-07-27 13:07:17 --> Session: Class initialized using 'CodeIgniter\Session\Handlers\FileHandler' driver.
INFO - 2024-07-27 13:07:52 --> Session: Class initialized using 'CodeIgniter\Session\Handlers\FileHandler' driver.
INFO - 2024-07-27 13:08:04 --> Session: Class initialized using 'CodeIgniter\Session\Handlers\FileHandler' driver.
INFO - 2024-07-27 13:09:28 --> Session: Class initialized using 'CodeIgniter\Session\Handlers\FileHandler' driver.
INFO - 2024-07-27 13:09:38 --> Session: Class initialized using 'CodeIgniter\Session\Handlers\FileHandler' driver.
INFO - 2024-07-27 13:10:51 --> Session: Class initialized using 'CodeIgniter\Session\Handlers\FileHandler' driver.
INFO - 2024-07-27 13:20:23 --> Session: Class initialized using 'CodeIgniter\Session\Handlers\FileHandler' driver.
INFO - 2024-07-27 15:41:05 --> Session: Class initialized using 'CodeIgniter\Session\Handlers\FileHandler' driver.
INFO - 2024-07-27 15:41:14 --> Session: Class initialized using 'CodeIgniter\Session\Handlers\FileHandler' driver.
ERROR - 2024-07-27 15:43:26 --> Error connecting to the database: ErrorException: pg_connect(): Unable to connect to PostgreSQL server: connection to server at &quot;192.168.13.251&quot;, port 5432 failed: Connection timed out
	Is the server running on that host and accepting TCP/IP connections? in /var/www/html/rocio_romero/vendor/codeigniter4/framework/system/Database/postgre/Connection.php:72
Stack trace:
#0 [internal function]: CodeIgniter\Debug\Exceptions->errorHandler()
#1 /var/www/html/rocio_romero/vendor/codeigniter4/framework/system/Database/postgre/Connection.php(72): pg_connect()
#2 /var/www/html/rocio_romero/vendor/codeigniter4/framework/system/Database/BaseConnection.php(391): CodeIgniter\Database\Postgre\Connection->connect()
#3 /var/www/html/rocio_romero/vendor/codeigniter4/framework/system/Database/BaseConnection.php(574): CodeIgniter\Database\BaseConnection->initialize()
#4 /var/www/html/rocio_romero/app/Models/IndexModel.php(55): CodeIgniter\Database\BaseConnection->query()
#5 /var/www/html/rocio_romero/app/Controllers/index.php(113): App\Models\IndexModel->usuario()
#6 /var/www/html/rocio_romero/vendor/codeigniter4/framework/system/CodeIgniter.php(932): App\Controllers\Index->login()
#7 /var/www/html/rocio_romero/vendor/codeigniter4/framework/system/CodeIgniter.php(497): CodeIgniter\CodeIgniter->runController()
#8 /var/www/html/rocio_romero/vendor/codeigniter4/framework/system/CodeIgniter.php(366): CodeIgniter\CodeIgniter->handleRequest()
#9 /var/www/html/rocio_romero/public/index.php(72): CodeIgniter\CodeIgniter->run()
#10 {main}
CRITICAL - 2024-07-27 15:43:27 --> Unable to connect to the database.
Main connection [postgre]: pg_connect(): Unable to connect to PostgreSQL server: connection to server at &quot;192.168.13.251&quot;, port 5432 failed: Connection timed out
	Is the server running on that host and accepting TCP/IP connections?
in SYSTEMPATH/Database/BaseConnection.php on line 427.
 1 SYSTEMPATH/Database/BaseConnection.php(574): CodeIgniter\Database\BaseConnection->initialize()
 2 APPPATH/Models/IndexModel.php(55): CodeIgniter\Database\BaseConnection->query()
 3 APPPATH/Controllers/index.php(113): App\Models\IndexModel->usuario()
 4 SYSTEMPATH/CodeIgniter.php(932): App\Controllers\Index->login()
 5 SYSTEMPATH/CodeIgniter.php(497): CodeIgniter\CodeIgniter->runController()
 6 SYSTEMPATH/CodeIgniter.php(366): CodeIgniter\CodeIgniter->handleRequest()
 7 FCPATH/index.php(72): CodeIgniter\CodeIgniter->run()
INFO - 2024-07-27 15:48:29 --> Session: Class initialized using 'CodeIgniter\Session\Handlers\FileHandler' driver.
ERROR - 2024-07-27 15:50:41 --> Error connecting to the database: ErrorException: pg_connect(): Unable to connect to PostgreSQL server: connection to server at &quot;192.168.13.251&quot;, port 5432 failed: Connection timed out
	Is the server running on that host and accepting TCP/IP connections? in /var/www/html/rocio_romero/vendor/codeigniter4/framework/system/Database/postgre/Connection.php:72
Stack trace:
#0 [internal function]: CodeIgniter\Debug\Exceptions->errorHandler()
#1 /var/www/html/rocio_romero/vendor/codeigniter4/framework/system/Database/postgre/Connection.php(72): pg_connect()
#2 /var/www/html/rocio_romero/vendor/codeigniter4/framework/system/Database/BaseConnection.php(391): CodeIgniter\Database\Postgre\Connection->connect()
#3 /var/www/html/rocio_romero/vendor/codeigniter4/framework/system/Database/BaseConnection.php(574): CodeIgniter\Database\BaseConnection->initialize()
#4 /var/www/html/rocio_romero/app/Models/IndexModel.php(55): CodeIgniter\Database\BaseConnection->query()
#5 /var/www/html/rocio_romero/app/Controllers/index.php(113): App\Models\IndexModel->usuario()
#6 /var/www/html/rocio_romero/vendor/codeigniter4/framework/system/CodeIgniter.php(932): App\Controllers\Index->login()
#7 /var/www/html/rocio_romero/vendor/codeigniter4/framework/system/CodeIgniter.php(497): CodeIgniter\CodeIgniter->runController()
#8 /var/www/html/rocio_romero/vendor/codeigniter4/framework/system/CodeIgniter.php(366): CodeIgniter\CodeIgniter->handleRequest()
#9 /var/www/html/rocio_romero/public/index.php(72): CodeIgniter\CodeIgniter->run()
#10 {main}
CRITICAL - 2024-07-27 15:50:41 --> Unable to connect to the database.
Main connection [postgre]: pg_connect(): Unable to connect to PostgreSQL server: connection to server at &quot;192.168.13.251&quot;, port 5432 failed: Connection timed out
	Is the server running on that host and accepting TCP/IP connections?
in SYSTEMPATH/Database/BaseConnection.php on line 427.
 1 SYSTEMPATH/Database/BaseConnection.php(574): CodeIgniter\Database\BaseConnection->initialize()
 2 APPPATH/Models/IndexModel.php(55): CodeIgniter\Database\BaseConnection->query()
 3 APPPATH/Controllers/index.php(113): App\Models\IndexModel->usuario()
 4 SYSTEMPATH/CodeIgniter.php(932): App\Controllers\Index->login()
 5 SYSTEMPATH/CodeIgniter.php(497): CodeIgniter\CodeIgniter->runController()
 6 SYSTEMPATH/CodeIgniter.php(366): CodeIgniter\CodeIgniter->handleRequest()
 7 FCPATH/index.php(72): CodeIgniter\CodeIgniter->run()
INFO - 2024-07-27 15:55:14 --> Session: Class initialized using 'CodeIgniter\Session\Handlers\FileHandler' driver.
ERROR - 2024-07-27 15:57:26 --> Error connecting to the database: ErrorException: pg_connect(): Unable to connect to PostgreSQL server: connection to server at &quot;192.168.13.251&quot;, port 5432 failed: Connection timed out
	Is the server running on that host and accepting TCP/IP connections? in /var/www/html/rocio_romero/vendor/codeigniter4/framework/system/Database/postgre/Connection.php:72
Stack trace:
#0 [internal function]: CodeIgniter\Debug\Exceptions->errorHandler()
#1 /var/www/html/rocio_romero/vendor/codeigniter4/framework/system/Database/postgre/Connection.php(72): pg_connect()
#2 /var/www/html/rocio_romero/vendor/codeigniter4/framework/system/Database/BaseConnection.php(391): CodeIgniter\Database\Postgre\Connection->connect()
#3 /var/www/html/rocio_romero/vendor/codeigniter4/framework/system/Database/BaseConnection.php(574): CodeIgniter\Database\BaseConnection->initialize()
#4 /var/www/html/rocio_romero/app/Models/IndexModel.php(55): CodeIgniter\Database\BaseConnection->query()
#5 /var/www/html/rocio_romero/app/Controllers/index.php(113): App\Models\IndexModel->usuario()
#6 /var/www/html/rocio_romero/vendor/codeigniter4/framework/system/CodeIgniter.php(932): App\Controllers\Index->login()
#7 /var/www/html/rocio_romero/vendor/codeigniter4/framework/system/CodeIgniter.php(497): CodeIgniter\CodeIgniter->runController()
#8 /var/www/html/rocio_romero/vendor/codeigniter4/framework/system/CodeIgniter.php(366): CodeIgniter\CodeIgniter->handleRequest()
#9 /var/www/html/rocio_romero/public/index.php(72): CodeIgniter\CodeIgniter->run()
#10 {main}
CRITICAL - 2024-07-27 15:57:26 --> Unable to connect to the database.
Main connection [postgre]: pg_connect(): Unable to connect to PostgreSQL server: connection to server at &quot;192.168.13.251&quot;, port 5432 failed: Connection timed out
	Is the server running on that host and accepting TCP/IP connections?
in SYSTEMPATH/Database/BaseConnection.php on line 427.
 1 SYSTEMPATH/Database/BaseConnection.php(574): CodeIgniter\Database\BaseConnection->initialize()
 2 APPPATH/Models/IndexModel.php(55): CodeIgniter\Database\BaseConnection->query()
 3 APPPATH/Controllers/index.php(113): App\Models\IndexModel->usuario()
 4 SYSTEMPATH/CodeIgniter.php(932): App\Controllers\Index->login()
 5 SYSTEMPATH/CodeIgniter.php(497): CodeIgniter\CodeIgniter->runController()
 6 SYSTEMPATH/CodeIgniter.php(366): CodeIgniter\CodeIgniter->handleRequest()
 7 FCPATH/index.php(72): CodeIgniter\CodeIgniter->run()
