INFO - 2023-11-15 13:27:34 --> Session: Class initialized using 'CodeIgniter\Session\Handlers\FileHandler' driver.
INFO - 2023-11-15 13:27:36 --> Session: Class initialized using 'CodeIgniter\Session\Handlers\FileHandler' driver.
INFO - 2023-11-15 13:38:42 --> Session: Class initialized using 'CodeIgniter\Session\Handlers\FileHandler' driver.
INFO - 2023-11-15 13:38:44 --> Session: Class initialized using 'CodeIgniter\Session\Handlers\FileHandler' driver.
INFO - 2023-11-15 22:19:58 --> Session: Class initialized using 'CodeIgniter\Session\Handlers\FileHandler' driver.
INFO - 2023-11-15 22:20:04 --> Session: Class initialized using 'CodeIgniter\Session\Handlers\FileHandler' driver.
INFO - 2023-11-15 22:20:11 --> Session: Class initialized using 'CodeIgniter\Session\Handlers\FileHandler' driver.
INFO - 2023-11-15 22:20:14 --> Session: Class initialized using 'CodeIgniter\Session\Handlers\FileHandler' driver.
INFO - 2023-11-15 22:20:15 --> Session: Class initialized using 'CodeIgniter\Session\Handlers\FileHandler' driver.
INFO - 2023-11-15 22:27:12 --> Session: Class initialized using 'CodeIgniter\Session\Handlers\FileHandler' driver.
INFO - 2023-11-15 22:28:34 --> Session: Class initialized using 'CodeIgniter\Session\Handlers\FileHandler' driver.
INFO - 2023-11-15 22:29:17 --> Session: Class initialized using 'CodeIgniter\Session\Handlers\FileHandler' driver.
INFO - 2023-11-15 22:29:54 --> Session: Class initialized using 'CodeIgniter\Session\Handlers\FileHandler' driver.
INFO - 2023-11-15 22:31:12 --> Session: Class initialized using 'CodeIgniter\Session\Handlers\FileHandler' driver.
WARNING - 2023-11-15 22:31:18 --> [DEPRECATED] explode(): Passing null to parameter #2 ($string) of type string is deprecated in APPPATH/views/radicados/index.php on line 136.
 1 APPPATH/views/radicados/index.php(136): explode('/', null)
 2 APPPATH/Views/template_admin/template.php(15): include('/var/www/html/pqrsd/app/views/radicados/index.php')
 3 SYSTEMPATH/View/View.php(224): include('/var/www/html/pqrsd/app/Views/template_admin/template.php')
 4 SYSTEMPATH/View/View.php(227): CodeIgniter\View\View->CodeIgniter\View\{closure}()
 5 SYSTEMPATH/Common.php(1180): CodeIgniter\View\View->render('template_admin/template', [], true)
 6 APPPATH/Entities/Template.php(34): view('template_admin/template', [...])
 7 APPPATH/Controllers/radicados.php(23): App\Entities\Template->renderview('radicados/index', '1')
 8 SYSTEMPATH/CodeIgniter.php(932): App\Controllers\Radicados->index()
 9 SYSTEMPATH/CodeIgniter.php(497): CodeIgniter\CodeIgniter->runController(Object(App\Controllers\Radicados))
10 SYSTEMPATH/CodeIgniter.php(366): CodeIgniter\CodeIgniter->handleRequest(null, Object(Config\Cache), false)
11 FCPATH/index.php(72): CodeIgniter\CodeIgniter->run()
WARNING - 2023-11-15 22:31:18 --> [DEPRECATED] explode(): Passing null to parameter #2 ($string) of type string is deprecated in APPPATH/views/radicados/index.php on line 136.
 1 APPPATH/views/radicados/index.php(136): explode('/', null)
 2 APPPATH/Views/template_admin/template.php(15): include('/var/www/html/pqrsd/app/views/radicados/index.php')
 3 SYSTEMPATH/View/View.php(224): include('/var/www/html/pqrsd/app/Views/template_admin/template.php')
 4 SYSTEMPATH/View/View.php(227): CodeIgniter\View\View->CodeIgniter\View\{closure}()
 5 SYSTEMPATH/Common.php(1180): CodeIgniter\View\View->render('template_admin/template', [], true)
 6 APPPATH/Entities/Template.php(34): view('template_admin/template', [...])
 7 APPPATH/Controllers/radicados.php(23): App\Entities\Template->renderview('radicados/index', '1')
 8 SYSTEMPATH/CodeIgniter.php(932): App\Controllers\Radicados->index()
 9 SYSTEMPATH/CodeIgniter.php(497): CodeIgniter\CodeIgniter->runController(Object(App\Controllers\Radicados))
10 SYSTEMPATH/CodeIgniter.php(366): CodeIgniter\CodeIgniter->handleRequest(null, Object(Config\Cache), false)
11 FCPATH/index.php(72): CodeIgniter\CodeIgniter->run()
WARNING - 2023-11-15 22:31:18 --> [DEPRECATED] explode(): Passing null to parameter #2 ($string) of type string is deprecated in APPPATH/views/radicados/index.php on line 136.
 1 APPPATH/views/radicados/index.php(136): explode('/', null)
 2 APPPATH/Views/template_admin/template.php(15): include('/var/www/html/pqrsd/app/views/radicados/index.php')
 3 SYSTEMPATH/View/View.php(224): include('/var/www/html/pqrsd/app/Views/template_admin/template.php')
 4 SYSTEMPATH/View/View.php(227): CodeIgniter\View\View->CodeIgniter\View\{closure}()
 5 SYSTEMPATH/Common.php(1180): CodeIgniter\View\View->render('template_admin/template', [], true)
 6 APPPATH/Entities/Template.php(34): view('template_admin/template', [...])
 7 APPPATH/Controllers/radicados.php(23): App\Entities\Template->renderview('radicados/index', '1')
 8 SYSTEMPATH/CodeIgniter.php(932): App\Controllers\Radicados->index()
 9 SYSTEMPATH/CodeIgniter.php(497): CodeIgniter\CodeIgniter->runController(Object(App\Controllers\Radicados))
10 SYSTEMPATH/CodeIgniter.php(366): CodeIgniter\CodeIgniter->handleRequest(null, Object(Config\Cache), false)
11 FCPATH/index.php(72): CodeIgniter\CodeIgniter->run()
WARNING - 2023-11-15 22:31:18 --> [DEPRECATED] explode(): Passing null to parameter #2 ($string) of type string is deprecated in APPPATH/views/radicados/index.php on line 136.
 1 APPPATH/views/radicados/index.php(136): explode('/', null)
 2 APPPATH/Views/template_admin/template.php(15): include('/var/www/html/pqrsd/app/views/radicados/index.php')
 3 SYSTEMPATH/View/View.php(224): include('/var/www/html/pqrsd/app/Views/template_admin/template.php')
 4 SYSTEMPATH/View/View.php(227): CodeIgniter\View\View->CodeIgniter\View\{closure}()
 5 SYSTEMPATH/Common.php(1180): CodeIgniter\View\View->render('template_admin/template', [], true)
 6 APPPATH/Entities/Template.php(34): view('template_admin/template', [...])
 7 APPPATH/Controllers/radicados.php(23): App\Entities\Template->renderview('radicados/index', '1')
 8 SYSTEMPATH/CodeIgniter.php(932): App\Controllers\Radicados->index()
 9 SYSTEMPATH/CodeIgniter.php(497): CodeIgniter\CodeIgniter->runController(Object(App\Controllers\Radicados))
10 SYSTEMPATH/CodeIgniter.php(366): CodeIgniter\CodeIgniter->handleRequest(null, Object(Config\Cache), false)
11 FCPATH/index.php(72): CodeIgniter\CodeIgniter->run()
WARNING - 2023-11-15 22:31:18 --> [DEPRECATED] explode(): Passing null to parameter #2 ($string) of type string is deprecated in APPPATH/views/radicados/index.php on line 136.
 1 APPPATH/views/radicados/index.php(136): explode('/', null)
 2 APPPATH/Views/template_admin/template.php(15): include('/var/www/html/pqrsd/app/views/radicados/index.php')
 3 SYSTEMPATH/View/View.php(224): include('/var/www/html/pqrsd/app/Views/template_admin/template.php')
 4 SYSTEMPATH/View/View.php(227): CodeIgniter\View\View->CodeIgniter\View\{closure}()
 5 SYSTEMPATH/Common.php(1180): CodeIgniter\View\View->render('template_admin/template', [], true)
 6 APPPATH/Entities/Template.php(34): view('template_admin/template', [...])
 7 APPPATH/Controllers/radicados.php(23): App\Entities\Template->renderview('radicados/index', '1')
 8 SYSTEMPATH/CodeIgniter.php(932): App\Controllers\Radicados->index()
 9 SYSTEMPATH/CodeIgniter.php(497): CodeIgniter\CodeIgniter->runController(Object(App\Controllers\Radicados))
10 SYSTEMPATH/CodeIgniter.php(366): CodeIgniter\CodeIgniter->handleRequest(null, Object(Config\Cache), false)
11 FCPATH/index.php(72): CodeIgniter\CodeIgniter->run()
WARNING - 2023-11-15 22:31:18 --> [DEPRECATED] explode(): Passing null to parameter #2 ($string) of type string is deprecated in APPPATH/views/radicados/index.php on line 136.
 1 APPPATH/views/radicados/index.php(136): explode('/', null)
 2 APPPATH/Views/template_admin/template.php(15): include('/var/www/html/pqrsd/app/views/radicados/index.php')
 3 SYSTEMPATH/View/View.php(224): include('/var/www/html/pqrsd/app/Views/template_admin/template.php')
 4 SYSTEMPATH/View/View.php(227): CodeIgniter\View\View->CodeIgniter\View\{closure}()
 5 SYSTEMPATH/Common.php(1180): CodeIgniter\View\View->render('template_admin/template', [], true)
 6 APPPATH/Entities/Template.php(34): view('template_admin/template', [...])
 7 APPPATH/Controllers/radicados.php(23): App\Entities\Template->renderview('radicados/index', '1')
 8 SYSTEMPATH/CodeIgniter.php(932): App\Controllers\Radicados->index()
 9 SYSTEMPATH/CodeIgniter.php(497): CodeIgniter\CodeIgniter->runController(Object(App\Controllers\Radicados))
10 SYSTEMPATH/CodeIgniter.php(366): CodeIgniter\CodeIgniter->handleRequest(null, Object(Config\Cache), false)
11 FCPATH/index.php(72): CodeIgniter\CodeIgniter->run()
WARNING - 2023-11-15 22:31:18 --> [DEPRECATED] explode(): Passing null to parameter #2 ($string) of type string is deprecated in APPPATH/views/radicados/index.php on line 136.
 1 APPPATH/views/radicados/index.php(136): explode('/', null)
 2 APPPATH/Views/template_admin/template.php(15): include('/var/www/html/pqrsd/app/views/radicados/index.php')
 3 SYSTEMPATH/View/View.php(224): include('/var/www/html/pqrsd/app/Views/template_admin/template.php')
 4 SYSTEMPATH/View/View.php(227): CodeIgniter\View\View->CodeIgniter\View\{closure}()
 5 SYSTEMPATH/Common.php(1180): CodeIgniter\View\View->render('template_admin/template', [], true)
 6 APPPATH/Entities/Template.php(34): view('template_admin/template', [...])
 7 APPPATH/Controllers/radicados.php(23): App\Entities\Template->renderview('radicados/index', '1')
 8 SYSTEMPATH/CodeIgniter.php(932): App\Controllers\Radicados->index()
 9 SYSTEMPATH/CodeIgniter.php(497): CodeIgniter\CodeIgniter->runController(Object(App\Controllers\Radicados))
10 SYSTEMPATH/CodeIgniter.php(366): CodeIgniter\CodeIgniter->handleRequest(null, Object(Config\Cache), false)
11 FCPATH/index.php(72): CodeIgniter\CodeIgniter->run()
WARNING - 2023-11-15 22:31:18 --> [DEPRECATED] explode(): Passing null to parameter #2 ($string) of type string is deprecated in APPPATH/views/radicados/index.php on line 136.
 1 APPPATH/views/radicados/index.php(136): explode('/', null)
 2 APPPATH/Views/template_admin/template.php(15): include('/var/www/html/pqrsd/app/views/radicados/index.php')
 3 SYSTEMPATH/View/View.php(224): include('/var/www/html/pqrsd/app/Views/template_admin/template.php')
 4 SYSTEMPATH/View/View.php(227): CodeIgniter\View\View->CodeIgniter\View\{closure}()
 5 SYSTEMPATH/Common.php(1180): CodeIgniter\View\View->render('template_admin/template', [], true)
 6 APPPATH/Entities/Template.php(34): view('template_admin/template', [...])
 7 APPPATH/Controllers/radicados.php(23): App\Entities\Template->renderview('radicados/index', '1')
 8 SYSTEMPATH/CodeIgniter.php(932): App\Controllers\Radicados->index()
 9 SYSTEMPATH/CodeIgniter.php(497): CodeIgniter\CodeIgniter->runController(Object(App\Controllers\Radicados))
10 SYSTEMPATH/CodeIgniter.php(366): CodeIgniter\CodeIgniter->handleRequest(null, Object(Config\Cache), false)
11 FCPATH/index.php(72): CodeIgniter\CodeIgniter->run()
WARNING - 2023-11-15 22:31:18 --> [DEPRECATED] explode(): Passing null to parameter #2 ($string) of type string is deprecated in APPPATH/views/radicados/index.php on line 136.
 1 APPPATH/views/radicados/index.php(136): explode('/', null)
 2 APPPATH/Views/template_admin/template.php(15): include('/var/www/html/pqrsd/app/views/radicados/index.php')
 3 SYSTEMPATH/View/View.php(224): include('/var/www/html/pqrsd/app/Views/template_admin/template.php')
 4 SYSTEMPATH/View/View.php(227): CodeIgniter\View\View->CodeIgniter\View\{closure}()
 5 SYSTEMPATH/Common.php(1180): CodeIgniter\View\View->render('template_admin/template', [], true)
 6 APPPATH/Entities/Template.php(34): view('template_admin/template', [...])
 7 APPPATH/Controllers/radicados.php(23): App\Entities\Template->renderview('radicados/index', '1')
 8 SYSTEMPATH/CodeIgniter.php(932): App\Controllers\Radicados->index()
 9 SYSTEMPATH/CodeIgniter.php(497): CodeIgniter\CodeIgniter->runController(Object(App\Controllers\Radicados))
10 SYSTEMPATH/CodeIgniter.php(366): CodeIgniter\CodeIgniter->handleRequest(null, Object(Config\Cache), false)
11 FCPATH/index.php(72): CodeIgniter\CodeIgniter->run()
WARNING - 2023-11-15 22:31:18 --> [DEPRECATED] explode(): Passing null to parameter #2 ($string) of type string is deprecated in APPPATH/views/radicados/index.php on line 136.
 1 APPPATH/views/radicados/index.php(136): explode('/', null)
 2 APPPATH/Views/template_admin/template.php(15): include('/var/www/html/pqrsd/app/views/radicados/index.php')
 3 SYSTEMPATH/View/View.php(224): include('/var/www/html/pqrsd/app/Views/template_admin/template.php')
 4 SYSTEMPATH/View/View.php(227): CodeIgniter\View\View->CodeIgniter\View\{closure}()
 5 SYSTEMPATH/Common.php(1180): CodeIgniter\View\View->render('template_admin/template', [], true)
 6 APPPATH/Entities/Template.php(34): view('template_admin/template', [...])
 7 APPPATH/Controllers/radicados.php(23): App\Entities\Template->renderview('radicados/index', '1')
 8 SYSTEMPATH/CodeIgniter.php(932): App\Controllers\Radicados->index()
 9 SYSTEMPATH/CodeIgniter.php(497): CodeIgniter\CodeIgniter->runController(Object(App\Controllers\Radicados))
10 SYSTEMPATH/CodeIgniter.php(366): CodeIgniter\CodeIgniter->handleRequest(null, Object(Config\Cache), false)
11 FCPATH/index.php(72): CodeIgniter\CodeIgniter->run()
WARNING - 2023-11-15 22:31:18 --> [DEPRECATED] explode(): Passing null to parameter #2 ($string) of type string is deprecated in APPPATH/views/radicados/index.php on line 136.
 1 APPPATH/views/radicados/index.php(136): explode('/', null)
 2 APPPATH/Views/template_admin/template.php(15): include('/var/www/html/pqrsd/app/views/radicados/index.php')
 3 SYSTEMPATH/View/View.php(224): include('/var/www/html/pqrsd/app/Views/template_admin/template.php')
 4 SYSTEMPATH/View/View.php(227): CodeIgniter\View\View->CodeIgniter\View\{closure}()
 5 SYSTEMPATH/Common.php(1180): CodeIgniter\View\View->render('template_admin/template', [], true)
 6 APPPATH/Entities/Template.php(34): view('template_admin/template', [...])
 7 APPPATH/Controllers/radicados.php(23): App\Entities\Template->renderview('radicados/index', '1')
 8 SYSTEMPATH/CodeIgniter.php(932): App\Controllers\Radicados->index()
 9 SYSTEMPATH/CodeIgniter.php(497): CodeIgniter\CodeIgniter->runController(Object(App\Controllers\Radicados))
10 SYSTEMPATH/CodeIgniter.php(366): CodeIgniter\CodeIgniter->handleRequest(null, Object(Config\Cache), false)
11 FCPATH/index.php(72): CodeIgniter\CodeIgniter->run()
WARNING - 2023-11-15 22:31:18 --> [DEPRECATED] explode(): Passing null to parameter #2 ($string) of type string is deprecated in APPPATH/views/radicados/index.php on line 136.
 1 APPPATH/views/radicados/index.php(136): explode('/', null)
 2 APPPATH/Views/template_admin/template.php(15): include('/var/www/html/pqrsd/app/views/radicados/index.php')
 3 SYSTEMPATH/View/View.php(224): include('/var/www/html/pqrsd/app/Views/template_admin/template.php')
 4 SYSTEMPATH/View/View.php(227): CodeIgniter\View\View->CodeIgniter\View\{closure}()
 5 SYSTEMPATH/Common.php(1180): CodeIgniter\View\View->render('template_admin/template', [], true)
 6 APPPATH/Entities/Template.php(34): view('template_admin/template', [...])
 7 APPPATH/Controllers/radicados.php(23): App\Entities\Template->renderview('radicados/index', '1')
 8 SYSTEMPATH/CodeIgniter.php(932): App\Controllers\Radicados->index()
 9 SYSTEMPATH/CodeIgniter.php(497): CodeIgniter\CodeIgniter->runController(Object(App\Controllers\Radicados))
10 SYSTEMPATH/CodeIgniter.php(366): CodeIgniter\CodeIgniter->handleRequest(null, Object(Config\Cache), false)
11 FCPATH/index.php(72): CodeIgniter\CodeIgniter->run()
INFO - 2023-11-15 22:31:27 --> Session: Class initialized using 'CodeIgniter\Session\Handlers\FileHandler' driver.
WARNING - 2023-11-15 22:31:27 --> [DEPRECATED] explode(): Passing null to parameter #2 ($string) of type string is deprecated in APPPATH/views/radicados/ugad.php on line 111.
 1 APPPATH/views/radicados/ugad.php(111): explode('/', null)
 2 APPPATH/Views/template_admin/template.php(15): include('/var/www/html/pqrsd/app/views/radicados/ugad.php')
 3 SYSTEMPATH/View/View.php(224): include('/var/www/html/pqrsd/app/Views/template_admin/template.php')
 4 SYSTEMPATH/View/View.php(227): CodeIgniter\View\View->CodeIgniter\View\{closure}()
 5 SYSTEMPATH/Common.php(1180): CodeIgniter\View\View->render('template_admin/template', [], true)
 6 APPPATH/Entities/Template.php(34): view('template_admin/template', [...])
 7 APPPATH/Controllers/radicados.php(128): App\Entities\Template->renderview('radicados/ugad', '1')
 8 SYSTEMPATH/CodeIgniter.php(932): App\Controllers\Radicados->ugad()
 9 SYSTEMPATH/CodeIgniter.php(497): CodeIgniter\CodeIgniter->runController(Object(App\Controllers\Radicados))
10 SYSTEMPATH/CodeIgniter.php(366): CodeIgniter\CodeIgniter->handleRequest(null, Object(Config\Cache), false)
11 FCPATH/index.php(72): CodeIgniter\CodeIgniter->run()
WARNING - 2023-11-15 22:31:27 --> [DEPRECATED] explode(): Passing null to parameter #2 ($string) of type string is deprecated in APPPATH/views/radicados/ugad.php on line 111.
 1 APPPATH/views/radicados/ugad.php(111): explode('/', null)
 2 APPPATH/Views/template_admin/template.php(15): include('/var/www/html/pqrsd/app/views/radicados/ugad.php')
 3 SYSTEMPATH/View/View.php(224): include('/var/www/html/pqrsd/app/Views/template_admin/template.php')
 4 SYSTEMPATH/View/View.php(227): CodeIgniter\View\View->CodeIgniter\View\{closure}()
 5 SYSTEMPATH/Common.php(1180): CodeIgniter\View\View->render('template_admin/template', [], true)
 6 APPPATH/Entities/Template.php(34): view('template_admin/template', [...])
 7 APPPATH/Controllers/radicados.php(128): App\Entities\Template->renderview('radicados/ugad', '1')
 8 SYSTEMPATH/CodeIgniter.php(932): App\Controllers\Radicados->ugad()
 9 SYSTEMPATH/CodeIgniter.php(497): CodeIgniter\CodeIgniter->runController(Object(App\Controllers\Radicados))
10 SYSTEMPATH/CodeIgniter.php(366): CodeIgniter\CodeIgniter->handleRequest(null, Object(Config\Cache), false)
11 FCPATH/index.php(72): CodeIgniter\CodeIgniter->run()
WARNING - 2023-11-15 22:31:27 --> [DEPRECATED] explode(): Passing null to parameter #2 ($string) of type string is deprecated in APPPATH/views/radicados/ugad.php on line 111.
 1 APPPATH/views/radicados/ugad.php(111): explode('/', null)
 2 APPPATH/Views/template_admin/template.php(15): include('/var/www/html/pqrsd/app/views/radicados/ugad.php')
 3 SYSTEMPATH/View/View.php(224): include('/var/www/html/pqrsd/app/Views/template_admin/template.php')
 4 SYSTEMPATH/View/View.php(227): CodeIgniter\View\View->CodeIgniter\View\{closure}()
 5 SYSTEMPATH/Common.php(1180): CodeIgniter\View\View->render('template_admin/template', [], true)
 6 APPPATH/Entities/Template.php(34): view('template_admin/template', [...])
 7 APPPATH/Controllers/radicados.php(128): App\Entities\Template->renderview('radicados/ugad', '1')
 8 SYSTEMPATH/CodeIgniter.php(932): App\Controllers\Radicados->ugad()
 9 SYSTEMPATH/CodeIgniter.php(497): CodeIgniter\CodeIgniter->runController(Object(App\Controllers\Radicados))
10 SYSTEMPATH/CodeIgniter.php(366): CodeIgniter\CodeIgniter->handleRequest(null, Object(Config\Cache), false)
11 FCPATH/index.php(72): CodeIgniter\CodeIgniter->run()
WARNING - 2023-11-15 22:31:27 --> [DEPRECATED] explode(): Passing null to parameter #2 ($string) of type string is deprecated in APPPATH/views/radicados/ugad.php on line 111.
 1 APPPATH/views/radicados/ugad.php(111): explode('/', null)
 2 APPPATH/Views/template_admin/template.php(15): include('/var/www/html/pqrsd/app/views/radicados/ugad.php')
 3 SYSTEMPATH/View/View.php(224): include('/var/www/html/pqrsd/app/Views/template_admin/template.php')
 4 SYSTEMPATH/View/View.php(227): CodeIgniter\View\View->CodeIgniter\View\{closure}()
 5 SYSTEMPATH/Common.php(1180): CodeIgniter\View\View->render('template_admin/template', [], true)
 6 APPPATH/Entities/Template.php(34): view('template_admin/template', [...])
 7 APPPATH/Controllers/radicados.php(128): App\Entities\Template->renderview('radicados/ugad', '1')
 8 SYSTEMPATH/CodeIgniter.php(932): App\Controllers\Radicados->ugad()
 9 SYSTEMPATH/CodeIgniter.php(497): CodeIgniter\CodeIgniter->runController(Object(App\Controllers\Radicados))
10 SYSTEMPATH/CodeIgniter.php(366): CodeIgniter\CodeIgniter->handleRequest(null, Object(Config\Cache), false)
11 FCPATH/index.php(72): CodeIgniter\CodeIgniter->run()
WARNING - 2023-11-15 22:31:27 --> [DEPRECATED] explode(): Passing null to parameter #2 ($string) of type string is deprecated in APPPATH/views/radicados/ugad.php on line 111.
 1 APPPATH/views/radicados/ugad.php(111): explode('/', null)
 2 APPPATH/Views/template_admin/template.php(15): include('/var/www/html/pqrsd/app/views/radicados/ugad.php')
 3 SYSTEMPATH/View/View.php(224): include('/var/www/html/pqrsd/app/Views/template_admin/template.php')
 4 SYSTEMPATH/View/View.php(227): CodeIgniter\View\View->CodeIgniter\View\{closure}()
 5 SYSTEMPATH/Common.php(1180): CodeIgniter\View\View->render('template_admin/template', [], true)
 6 APPPATH/Entities/Template.php(34): view('template_admin/template', [...])
 7 APPPATH/Controllers/radicados.php(128): App\Entities\Template->renderview('radicados/ugad', '1')
 8 SYSTEMPATH/CodeIgniter.php(932): App\Controllers\Radicados->ugad()
 9 SYSTEMPATH/CodeIgniter.php(497): CodeIgniter\CodeIgniter->runController(Object(App\Controllers\Radicados))
10 SYSTEMPATH/CodeIgniter.php(366): CodeIgniter\CodeIgniter->handleRequest(null, Object(Config\Cache), false)
11 FCPATH/index.php(72): CodeIgniter\CodeIgniter->run()
WARNING - 2023-11-15 22:31:27 --> [DEPRECATED] explode(): Passing null to parameter #2 ($string) of type string is deprecated in APPPATH/views/radicados/ugad.php on line 111.
 1 APPPATH/views/radicados/ugad.php(111): explode('/', null)
 2 APPPATH/Views/template_admin/template.php(15): include('/var/www/html/pqrsd/app/views/radicados/ugad.php')
 3 SYSTEMPATH/View/View.php(224): include('/var/www/html/pqrsd/app/Views/template_admin/template.php')
 4 SYSTEMPATH/View/View.php(227): CodeIgniter\View\View->CodeIgniter\View\{closure}()
 5 SYSTEMPATH/Common.php(1180): CodeIgniter\View\View->render('template_admin/template', [], true)
 6 APPPATH/Entities/Template.php(34): view('template_admin/template', [...])
 7 APPPATH/Controllers/radicados.php(128): App\Entities\Template->renderview('radicados/ugad', '1')
 8 SYSTEMPATH/CodeIgniter.php(932): App\Controllers\Radicados->ugad()
 9 SYSTEMPATH/CodeIgniter.php(497): CodeIgniter\CodeIgniter->runController(Object(App\Controllers\Radicados))
10 SYSTEMPATH/CodeIgniter.php(366): CodeIgniter\CodeIgniter->handleRequest(null, Object(Config\Cache), false)
11 FCPATH/index.php(72): CodeIgniter\CodeIgniter->run()
WARNING - 2023-11-15 22:31:27 --> [DEPRECATED] explode(): Passing null to parameter #2 ($string) of type string is deprecated in APPPATH/views/radicados/ugad.php on line 111.
 1 APPPATH/views/radicados/ugad.php(111): explode('/', null)
 2 APPPATH/Views/template_admin/template.php(15): include('/var/www/html/pqrsd/app/views/radicados/ugad.php')
 3 SYSTEMPATH/View/View.php(224): include('/var/www/html/pqrsd/app/Views/template_admin/template.php')
 4 SYSTEMPATH/View/View.php(227): CodeIgniter\View\View->CodeIgniter\View\{closure}()
 5 SYSTEMPATH/Common.php(1180): CodeIgniter\View\View->render('template_admin/template', [], true)
 6 APPPATH/Entities/Template.php(34): view('template_admin/template', [...])
 7 APPPATH/Controllers/radicados.php(128): App\Entities\Template->renderview('radicados/ugad', '1')
 8 SYSTEMPATH/CodeIgniter.php(932): App\Controllers\Radicados->ugad()
 9 SYSTEMPATH/CodeIgniter.php(497): CodeIgniter\CodeIgniter->runController(Object(App\Controllers\Radicados))
10 SYSTEMPATH/CodeIgniter.php(366): CodeIgniter\CodeIgniter->handleRequest(null, Object(Config\Cache), false)
11 FCPATH/index.php(72): CodeIgniter\CodeIgniter->run()
WARNING - 2023-11-15 22:31:27 --> [DEPRECATED] explode(): Passing null to parameter #2 ($string) of type string is deprecated in APPPATH/views/radicados/ugad.php on line 111.
 1 APPPATH/views/radicados/ugad.php(111): explode('/', null)
 2 APPPATH/Views/template_admin/template.php(15): include('/var/www/html/pqrsd/app/views/radicados/ugad.php')
 3 SYSTEMPATH/View/View.php(224): include('/var/www/html/pqrsd/app/Views/template_admin/template.php')
 4 SYSTEMPATH/View/View.php(227): CodeIgniter\View\View->CodeIgniter\View\{closure}()
 5 SYSTEMPATH/Common.php(1180): CodeIgniter\View\View->render('template_admin/template', [], true)
 6 APPPATH/Entities/Template.php(34): view('template_admin/template', [...])
 7 APPPATH/Controllers/radicados.php(128): App\Entities\Template->renderview('radicados/ugad', '1')
 8 SYSTEMPATH/CodeIgniter.php(932): App\Controllers\Radicados->ugad()
 9 SYSTEMPATH/CodeIgniter.php(497): CodeIgniter\CodeIgniter->runController(Object(App\Controllers\Radicados))
10 SYSTEMPATH/CodeIgniter.php(366): CodeIgniter\CodeIgniter->handleRequest(null, Object(Config\Cache), false)
11 FCPATH/index.php(72): CodeIgniter\CodeIgniter->run()
WARNING - 2023-11-15 22:31:27 --> [DEPRECATED] explode(): Passing null to parameter #2 ($string) of type string is deprecated in APPPATH/views/radicados/ugad.php on line 111.
 1 APPPATH/views/radicados/ugad.php(111): explode('/', null)
 2 APPPATH/Views/template_admin/template.php(15): include('/var/www/html/pqrsd/app/views/radicados/ugad.php')
 3 SYSTEMPATH/View/View.php(224): include('/var/www/html/pqrsd/app/Views/template_admin/template.php')
 4 SYSTEMPATH/View/View.php(227): CodeIgniter\View\View->CodeIgniter\View\{closure}()
 5 SYSTEMPATH/Common.php(1180): CodeIgniter\View\View->render('template_admin/template', [], true)
 6 APPPATH/Entities/Template.php(34): view('template_admin/template', [...])
 7 APPPATH/Controllers/radicados.php(128): App\Entities\Template->renderview('radicados/ugad', '1')
 8 SYSTEMPATH/CodeIgniter.php(932): App\Controllers\Radicados->ugad()
 9 SYSTEMPATH/CodeIgniter.php(497): CodeIgniter\CodeIgniter->runController(Object(App\Controllers\Radicados))
10 SYSTEMPATH/CodeIgniter.php(366): CodeIgniter\CodeIgniter->handleRequest(null, Object(Config\Cache), false)
11 FCPATH/index.php(72): CodeIgniter\CodeIgniter->run()
WARNING - 2023-11-15 22:31:27 --> [DEPRECATED] explode(): Passing null to parameter #2 ($string) of type string is deprecated in APPPATH/views/radicados/ugad.php on line 111.
 1 APPPATH/views/radicados/ugad.php(111): explode('/', null)
 2 APPPATH/Views/template_admin/template.php(15): include('/var/www/html/pqrsd/app/views/radicados/ugad.php')
 3 SYSTEMPATH/View/View.php(224): include('/var/www/html/pqrsd/app/Views/template_admin/template.php')
 4 SYSTEMPATH/View/View.php(227): CodeIgniter\View\View->CodeIgniter\View\{closure}()
 5 SYSTEMPATH/Common.php(1180): CodeIgniter\View\View->render('template_admin/template', [], true)
 6 APPPATH/Entities/Template.php(34): view('template_admin/template', [...])
 7 APPPATH/Controllers/radicados.php(128): App\Entities\Template->renderview('radicados/ugad', '1')
 8 SYSTEMPATH/CodeIgniter.php(932): App\Controllers\Radicados->ugad()
 9 SYSTEMPATH/CodeIgniter.php(497): CodeIgniter\CodeIgniter->runController(Object(App\Controllers\Radicados))
10 SYSTEMPATH/CodeIgniter.php(366): CodeIgniter\CodeIgniter->handleRequest(null, Object(Config\Cache), false)
11 FCPATH/index.php(72): CodeIgniter\CodeIgniter->run()
WARNING - 2023-11-15 22:31:27 --> [DEPRECATED] explode(): Passing null to parameter #2 ($string) of type string is deprecated in APPPATH/views/radicados/ugad.php on line 111.
 1 APPPATH/views/radicados/ugad.php(111): explode('/', null)
 2 APPPATH/Views/template_admin/template.php(15): include('/var/www/html/pqrsd/app/views/radicados/ugad.php')
 3 SYSTEMPATH/View/View.php(224): include('/var/www/html/pqrsd/app/Views/template_admin/template.php')
 4 SYSTEMPATH/View/View.php(227): CodeIgniter\View\View->CodeIgniter\View\{closure}()
 5 SYSTEMPATH/Common.php(1180): CodeIgniter\View\View->render('template_admin/template', [], true)
 6 APPPATH/Entities/Template.php(34): view('template_admin/template', [...])
 7 APPPATH/Controllers/radicados.php(128): App\Entities\Template->renderview('radicados/ugad', '1')
 8 SYSTEMPATH/CodeIgniter.php(932): App\Controllers\Radicados->ugad()
 9 SYSTEMPATH/CodeIgniter.php(497): CodeIgniter\CodeIgniter->runController(Object(App\Controllers\Radicados))
10 SYSTEMPATH/CodeIgniter.php(366): CodeIgniter\CodeIgniter->handleRequest(null, Object(Config\Cache), false)
11 FCPATH/index.php(72): CodeIgniter\CodeIgniter->run()
WARNING - 2023-11-15 22:31:27 --> [DEPRECATED] explode(): Passing null to parameter #2 ($string) of type string is deprecated in APPPATH/views/radicados/ugad.php on line 111.
 1 APPPATH/views/radicados/ugad.php(111): explode('/', null)
 2 APPPATH/Views/template_admin/template.php(15): include('/var/www/html/pqrsd/app/views/radicados/ugad.php')
 3 SYSTEMPATH/View/View.php(224): include('/var/www/html/pqrsd/app/Views/template_admin/template.php')
 4 SYSTEMPATH/View/View.php(227): CodeIgniter\View\View->CodeIgniter\View\{closure}()
 5 SYSTEMPATH/Common.php(1180): CodeIgniter\View\View->render('template_admin/template', [], true)
 6 APPPATH/Entities/Template.php(34): view('template_admin/template', [...])
 7 APPPATH/Controllers/radicados.php(128): App\Entities\Template->renderview('radicados/ugad', '1')
 8 SYSTEMPATH/CodeIgniter.php(932): App\Controllers\Radicados->ugad()
 9 SYSTEMPATH/CodeIgniter.php(497): CodeIgniter\CodeIgniter->runController(Object(App\Controllers\Radicados))
10 SYSTEMPATH/CodeIgniter.php(366): CodeIgniter\CodeIgniter->handleRequest(null, Object(Config\Cache), false)
11 FCPATH/index.php(72): CodeIgniter\CodeIgniter->run()
INFO - 2023-11-15 22:31:41 --> Session: Class initialized using 'CodeIgniter\Session\Handlers\FileHandler' driver.
WARNING - 2023-11-15 22:31:41 --> [DEPRECATED] explode(): Passing null to parameter #2 ($string) of type string is deprecated in APPPATH/views/radicados/index.php on line 136.
 1 APPPATH/views/radicados/index.php(136): explode('/', null)
 2 APPPATH/Views/template_admin/template.php(15): include('/var/www/html/pqrsd/app/views/radicados/index.php')
 3 SYSTEMPATH/View/View.php(224): include('/var/www/html/pqrsd/app/Views/template_admin/template.php')
 4 SYSTEMPATH/View/View.php(227): CodeIgniter\View\View->CodeIgniter\View\{closure}()
 5 SYSTEMPATH/Common.php(1180): CodeIgniter\View\View->render('template_admin/template', [], true)
 6 APPPATH/Entities/Template.php(34): view('template_admin/template', [...])
 7 APPPATH/Controllers/radicados.php(23): App\Entities\Template->renderview('radicados/index', '1')
 8 SYSTEMPATH/CodeIgniter.php(932): App\Controllers\Radicados->index()
 9 SYSTEMPATH/CodeIgniter.php(497): CodeIgniter\CodeIgniter->runController(Object(App\Controllers\Radicados))
10 SYSTEMPATH/CodeIgniter.php(366): CodeIgniter\CodeIgniter->handleRequest(null, Object(Config\Cache), false)
11 FCPATH/index.php(72): CodeIgniter\CodeIgniter->run()
WARNING - 2023-11-15 22:31:41 --> [DEPRECATED] explode(): Passing null to parameter #2 ($string) of type string is deprecated in APPPATH/views/radicados/index.php on line 136.
 1 APPPATH/views/radicados/index.php(136): explode('/', null)
 2 APPPATH/Views/template_admin/template.php(15): include('/var/www/html/pqrsd/app/views/radicados/index.php')
 3 SYSTEMPATH/View/View.php(224): include('/var/www/html/pqrsd/app/Views/template_admin/template.php')
 4 SYSTEMPATH/View/View.php(227): CodeIgniter\View\View->CodeIgniter\View\{closure}()
 5 SYSTEMPATH/Common.php(1180): CodeIgniter\View\View->render('template_admin/template', [], true)
 6 APPPATH/Entities/Template.php(34): view('template_admin/template', [...])
 7 APPPATH/Controllers/radicados.php(23): App\Entities\Template->renderview('radicados/index', '1')
 8 SYSTEMPATH/CodeIgniter.php(932): App\Controllers\Radicados->index()
 9 SYSTEMPATH/CodeIgniter.php(497): CodeIgniter\CodeIgniter->runController(Object(App\Controllers\Radicados))
10 SYSTEMPATH/CodeIgniter.php(366): CodeIgniter\CodeIgniter->handleRequest(null, Object(Config\Cache), false)
11 FCPATH/index.php(72): CodeIgniter\CodeIgniter->run()
WARNING - 2023-11-15 22:31:41 --> [DEPRECATED] explode(): Passing null to parameter #2 ($string) of type string is deprecated in APPPATH/views/radicados/index.php on line 136.
 1 APPPATH/views/radicados/index.php(136): explode('/', null)
 2 APPPATH/Views/template_admin/template.php(15): include('/var/www/html/pqrsd/app/views/radicados/index.php')
 3 SYSTEMPATH/View/View.php(224): include('/var/www/html/pqrsd/app/Views/template_admin/template.php')
 4 SYSTEMPATH/View/View.php(227): CodeIgniter\View\View->CodeIgniter\View\{closure}()
 5 SYSTEMPATH/Common.php(1180): CodeIgniter\View\View->render('template_admin/template', [], true)
 6 APPPATH/Entities/Template.php(34): view('template_admin/template', [...])
 7 APPPATH/Controllers/radicados.php(23): App\Entities\Template->renderview('radicados/index', '1')
 8 SYSTEMPATH/CodeIgniter.php(932): App\Controllers\Radicados->index()
 9 SYSTEMPATH/CodeIgniter.php(497): CodeIgniter\CodeIgniter->runController(Object(App\Controllers\Radicados))
10 SYSTEMPATH/CodeIgniter.php(366): CodeIgniter\CodeIgniter->handleRequest(null, Object(Config\Cache), false)
11 FCPATH/index.php(72): CodeIgniter\CodeIgniter->run()
WARNING - 2023-11-15 22:31:41 --> [DEPRECATED] explode(): Passing null to parameter #2 ($string) of type string is deprecated in APPPATH/views/radicados/index.php on line 136.
 1 APPPATH/views/radicados/index.php(136): explode('/', null)
 2 APPPATH/Views/template_admin/template.php(15): include('/var/www/html/pqrsd/app/views/radicados/index.php')
 3 SYSTEMPATH/View/View.php(224): include('/var/www/html/pqrsd/app/Views/template_admin/template.php')
 4 SYSTEMPATH/View/View.php(227): CodeIgniter\View\View->CodeIgniter\View\{closure}()
 5 SYSTEMPATH/Common.php(1180): CodeIgniter\View\View->render('template_admin/template', [], true)
 6 APPPATH/Entities/Template.php(34): view('template_admin/template', [...])
 7 APPPATH/Controllers/radicados.php(23): App\Entities\Template->renderview('radicados/index', '1')
 8 SYSTEMPATH/CodeIgniter.php(932): App\Controllers\Radicados->index()
 9 SYSTEMPATH/CodeIgniter.php(497): CodeIgniter\CodeIgniter->runController(Object(App\Controllers\Radicados))
10 SYSTEMPATH/CodeIgniter.php(366): CodeIgniter\CodeIgniter->handleRequest(null, Object(Config\Cache), false)
11 FCPATH/index.php(72): CodeIgniter\CodeIgniter->run()
WARNING - 2023-11-15 22:31:41 --> [DEPRECATED] explode(): Passing null to parameter #2 ($string) of type string is deprecated in APPPATH/views/radicados/index.php on line 136.
 1 APPPATH/views/radicados/index.php(136): explode('/', null)
 2 APPPATH/Views/template_admin/template.php(15): include('/var/www/html/pqrsd/app/views/radicados/index.php')
 3 SYSTEMPATH/View/View.php(224): include('/var/www/html/pqrsd/app/Views/template_admin/template.php')
 4 SYSTEMPATH/View/View.php(227): CodeIgniter\View\View->CodeIgniter\View\{closure}()
 5 SYSTEMPATH/Common.php(1180): CodeIgniter\View\View->render('template_admin/template', [], true)
 6 APPPATH/Entities/Template.php(34): view('template_admin/template', [...])
 7 APPPATH/Controllers/radicados.php(23): App\Entities\Template->renderview('radicados/index', '1')
 8 SYSTEMPATH/CodeIgniter.php(932): App\Controllers\Radicados->index()
 9 SYSTEMPATH/CodeIgniter.php(497): CodeIgniter\CodeIgniter->runController(Object(App\Controllers\Radicados))
10 SYSTEMPATH/CodeIgniter.php(366): CodeIgniter\CodeIgniter->handleRequest(null, Object(Config\Cache), false)
11 FCPATH/index.php(72): CodeIgniter\CodeIgniter->run()
WARNING - 2023-11-15 22:31:41 --> [DEPRECATED] explode(): Passing null to parameter #2 ($string) of type string is deprecated in APPPATH/views/radicados/index.php on line 136.
 1 APPPATH/views/radicados/index.php(136): explode('/', null)
 2 APPPATH/Views/template_admin/template.php(15): include('/var/www/html/pqrsd/app/views/radicados/index.php')
 3 SYSTEMPATH/View/View.php(224): include('/var/www/html/pqrsd/app/Views/template_admin/template.php')
 4 SYSTEMPATH/View/View.php(227): CodeIgniter\View\View->CodeIgniter\View\{closure}()
 5 SYSTEMPATH/Common.php(1180): CodeIgniter\View\View->render('template_admin/template', [], true)
 6 APPPATH/Entities/Template.php(34): view('template_admin/template', [...])
 7 APPPATH/Controllers/radicados.php(23): App\Entities\Template->renderview('radicados/index', '1')
 8 SYSTEMPATH/CodeIgniter.php(932): App\Controllers\Radicados->index()
 9 SYSTEMPATH/CodeIgniter.php(497): CodeIgniter\CodeIgniter->runController(Object(App\Controllers\Radicados))
10 SYSTEMPATH/CodeIgniter.php(366): CodeIgniter\CodeIgniter->handleRequest(null, Object(Config\Cache), false)
11 FCPATH/index.php(72): CodeIgniter\CodeIgniter->run()
WARNING - 2023-11-15 22:31:41 --> [DEPRECATED] explode(): Passing null to parameter #2 ($string) of type string is deprecated in APPPATH/views/radicados/index.php on line 136.
 1 APPPATH/views/radicados/index.php(136): explode('/', null)
 2 APPPATH/Views/template_admin/template.php(15): include('/var/www/html/pqrsd/app/views/radicados/index.php')
 3 SYSTEMPATH/View/View.php(224): include('/var/www/html/pqrsd/app/Views/template_admin/template.php')
 4 SYSTEMPATH/View/View.php(227): CodeIgniter\View\View->CodeIgniter\View\{closure}()
 5 SYSTEMPATH/Common.php(1180): CodeIgniter\View\View->render('template_admin/template', [], true)
 6 APPPATH/Entities/Template.php(34): view('template_admin/template', [...])
 7 APPPATH/Controllers/radicados.php(23): App\Entities\Template->renderview('radicados/index', '1')
 8 SYSTEMPATH/CodeIgniter.php(932): App\Controllers\Radicados->index()
 9 SYSTEMPATH/CodeIgniter.php(497): CodeIgniter\CodeIgniter->runController(Object(App\Controllers\Radicados))
10 SYSTEMPATH/CodeIgniter.php(366): CodeIgniter\CodeIgniter->handleRequest(null, Object(Config\Cache), false)
11 FCPATH/index.php(72): CodeIgniter\CodeIgniter->run()
WARNING - 2023-11-15 22:31:41 --> [DEPRECATED] explode(): Passing null to parameter #2 ($string) of type string is deprecated in APPPATH/views/radicados/index.php on line 136.
 1 APPPATH/views/radicados/index.php(136): explode('/', null)
 2 APPPATH/Views/template_admin/template.php(15): include('/var/www/html/pqrsd/app/views/radicados/index.php')
 3 SYSTEMPATH/View/View.php(224): include('/var/www/html/pqrsd/app/Views/template_admin/template.php')
 4 SYSTEMPATH/View/View.php(227): CodeIgniter\View\View->CodeIgniter\View\{closure}()
 5 SYSTEMPATH/Common.php(1180): CodeIgniter\View\View->render('template_admin/template', [], true)
 6 APPPATH/Entities/Template.php(34): view('template_admin/template', [...])
 7 APPPATH/Controllers/radicados.php(23): App\Entities\Template->renderview('radicados/index', '1')
 8 SYSTEMPATH/CodeIgniter.php(932): App\Controllers\Radicados->index()
 9 SYSTEMPATH/CodeIgniter.php(497): CodeIgniter\CodeIgniter->runController(Object(App\Controllers\Radicados))
10 SYSTEMPATH/CodeIgniter.php(366): CodeIgniter\CodeIgniter->handleRequest(null, Object(Config\Cache), false)
11 FCPATH/index.php(72): CodeIgniter\CodeIgniter->run()
WARNING - 2023-11-15 22:31:41 --> [DEPRECATED] explode(): Passing null to parameter #2 ($string) of type string is deprecated in APPPATH/views/radicados/index.php on line 136.
 1 APPPATH/views/radicados/index.php(136): explode('/', null)
 2 APPPATH/Views/template_admin/template.php(15): include('/var/www/html/pqrsd/app/views/radicados/index.php')
 3 SYSTEMPATH/View/View.php(224): include('/var/www/html/pqrsd/app/Views/template_admin/template.php')
 4 SYSTEMPATH/View/View.php(227): CodeIgniter\View\View->CodeIgniter\View\{closure}()
 5 SYSTEMPATH/Common.php(1180): CodeIgniter\View\View->render('template_admin/template', [], true)
 6 APPPATH/Entities/Template.php(34): view('template_admin/template', [...])
 7 APPPATH/Controllers/radicados.php(23): App\Entities\Template->renderview('radicados/index', '1')
 8 SYSTEMPATH/CodeIgniter.php(932): App\Controllers\Radicados->index()
 9 SYSTEMPATH/CodeIgniter.php(497): CodeIgniter\CodeIgniter->runController(Object(App\Controllers\Radicados))
10 SYSTEMPATH/CodeIgniter.php(366): CodeIgniter\CodeIgniter->handleRequest(null, Object(Config\Cache), false)
11 FCPATH/index.php(72): CodeIgniter\CodeIgniter->run()
WARNING - 2023-11-15 22:31:41 --> [DEPRECATED] explode(): Passing null to parameter #2 ($string) of type string is deprecated in APPPATH/views/radicados/index.php on line 136.
 1 APPPATH/views/radicados/index.php(136): explode('/', null)
 2 APPPATH/Views/template_admin/template.php(15): include('/var/www/html/pqrsd/app/views/radicados/index.php')
 3 SYSTEMPATH/View/View.php(224): include('/var/www/html/pqrsd/app/Views/template_admin/template.php')
 4 SYSTEMPATH/View/View.php(227): CodeIgniter\View\View->CodeIgniter\View\{closure}()
 5 SYSTEMPATH/Common.php(1180): CodeIgniter\View\View->render('template_admin/template', [], true)
 6 APPPATH/Entities/Template.php(34): view('template_admin/template', [...])
 7 APPPATH/Controllers/radicados.php(23): App\Entities\Template->renderview('radicados/index', '1')
 8 SYSTEMPATH/CodeIgniter.php(932): App\Controllers\Radicados->index()
 9 SYSTEMPATH/CodeIgniter.php(497): CodeIgniter\CodeIgniter->runController(Object(App\Controllers\Radicados))
10 SYSTEMPATH/CodeIgniter.php(366): CodeIgniter\CodeIgniter->handleRequest(null, Object(Config\Cache), false)
11 FCPATH/index.php(72): CodeIgniter\CodeIgniter->run()
WARNING - 2023-11-15 22:31:41 --> [DEPRECATED] explode(): Passing null to parameter #2 ($string) of type string is deprecated in APPPATH/views/radicados/index.php on line 136.
 1 APPPATH/views/radicados/index.php(136): explode('/', null)
 2 APPPATH/Views/template_admin/template.php(15): include('/var/www/html/pqrsd/app/views/radicados/index.php')
 3 SYSTEMPATH/View/View.php(224): include('/var/www/html/pqrsd/app/Views/template_admin/template.php')
 4 SYSTEMPATH/View/View.php(227): CodeIgniter\View\View->CodeIgniter\View\{closure}()
 5 SYSTEMPATH/Common.php(1180): CodeIgniter\View\View->render('template_admin/template', [], true)
 6 APPPATH/Entities/Template.php(34): view('template_admin/template', [...])
 7 APPPATH/Controllers/radicados.php(23): App\Entities\Template->renderview('radicados/index', '1')
 8 SYSTEMPATH/CodeIgniter.php(932): App\Controllers\Radicados->index()
 9 SYSTEMPATH/CodeIgniter.php(497): CodeIgniter\CodeIgniter->runController(Object(App\Controllers\Radicados))
10 SYSTEMPATH/CodeIgniter.php(366): CodeIgniter\CodeIgniter->handleRequest(null, Object(Config\Cache), false)
11 FCPATH/index.php(72): CodeIgniter\CodeIgniter->run()
WARNING - 2023-11-15 22:31:41 --> [DEPRECATED] explode(): Passing null to parameter #2 ($string) of type string is deprecated in APPPATH/views/radicados/index.php on line 136.
 1 APPPATH/views/radicados/index.php(136): explode('/', null)
 2 APPPATH/Views/template_admin/template.php(15): include('/var/www/html/pqrsd/app/views/radicados/index.php')
 3 SYSTEMPATH/View/View.php(224): include('/var/www/html/pqrsd/app/Views/template_admin/template.php')
 4 SYSTEMPATH/View/View.php(227): CodeIgniter\View\View->CodeIgniter\View\{closure}()
 5 SYSTEMPATH/Common.php(1180): CodeIgniter\View\View->render('template_admin/template', [], true)
 6 APPPATH/Entities/Template.php(34): view('template_admin/template', [...])
 7 APPPATH/Controllers/radicados.php(23): App\Entities\Template->renderview('radicados/index', '1')
 8 SYSTEMPATH/CodeIgniter.php(932): App\Controllers\Radicados->index()
 9 SYSTEMPATH/CodeIgniter.php(497): CodeIgniter\CodeIgniter->runController(Object(App\Controllers\Radicados))
10 SYSTEMPATH/CodeIgniter.php(366): CodeIgniter\CodeIgniter->handleRequest(null, Object(Config\Cache), false)
11 FCPATH/index.php(72): CodeIgniter\CodeIgniter->run()
INFO - 2023-11-15 22:31:54 --> Session: Class initialized using 'CodeIgniter\Session\Handlers\FileHandler' driver.
WARNING - 2023-11-15 22:31:55 --> [DEPRECATED] explode(): Passing null to parameter #2 ($string) of type string is deprecated in APPPATH/views/index/radicados.php on line 32.
 1 APPPATH/views/index/radicados.php(32): explode('/', null)
 2 APPPATH/Views/template_admin/template.php(15): include('/var/www/html/pqrsd/app/views/index/radicados.php')
 3 SYSTEMPATH/View/View.php(224): include('/var/www/html/pqrsd/app/Views/template_admin/template.php')
 4 SYSTEMPATH/View/View.php(227): CodeIgniter\View\View->CodeIgniter\View\{closure}()
 5 SYSTEMPATH/Common.php(1180): CodeIgniter\View\View->render('template_admin/template', [], true)
 6 APPPATH/Entities/Template.php(34): view('template_admin/template', [...])
 7 APPPATH/Controllers/index.php(590): App\Entities\Template->renderview('index/radicados', '1')
 8 SYSTEMPATH/CodeIgniter.php(932): App\Controllers\Index->radicados()
 9 SYSTEMPATH/CodeIgniter.php(497): CodeIgniter\CodeIgniter->runController(Object(App\Controllers\Index))
10 SYSTEMPATH/CodeIgniter.php(366): CodeIgniter\CodeIgniter->handleRequest(null, Object(Config\Cache), false)
11 FCPATH/index.php(72): CodeIgniter\CodeIgniter->run()
WARNING - 2023-11-15 22:31:55 --> [DEPRECATED] explode(): Passing null to parameter #2 ($string) of type string is deprecated in APPPATH/views/index/radicados.php on line 32.
 1 APPPATH/views/index/radicados.php(32): explode('/', null)
 2 APPPATH/Views/template_admin/template.php(15): include('/var/www/html/pqrsd/app/views/index/radicados.php')
 3 SYSTEMPATH/View/View.php(224): include('/var/www/html/pqrsd/app/Views/template_admin/template.php')
 4 SYSTEMPATH/View/View.php(227): CodeIgniter\View\View->CodeIgniter\View\{closure}()
 5 SYSTEMPATH/Common.php(1180): CodeIgniter\View\View->render('template_admin/template', [], true)
 6 APPPATH/Entities/Template.php(34): view('template_admin/template', [...])
 7 APPPATH/Controllers/index.php(590): App\Entities\Template->renderview('index/radicados', '1')
 8 SYSTEMPATH/CodeIgniter.php(932): App\Controllers\Index->radicados()
 9 SYSTEMPATH/CodeIgniter.php(497): CodeIgniter\CodeIgniter->runController(Object(App\Controllers\Index))
10 SYSTEMPATH/CodeIgniter.php(366): CodeIgniter\CodeIgniter->handleRequest(null, Object(Config\Cache), false)
11 FCPATH/index.php(72): CodeIgniter\CodeIgniter->run()
WARNING - 2023-11-15 22:31:55 --> [DEPRECATED] explode(): Passing null to parameter #2 ($string) of type string is deprecated in APPPATH/views/index/radicados.php on line 32.
 1 APPPATH/views/index/radicados.php(32): explode('/', null)
 2 APPPATH/Views/template_admin/template.php(15): include('/var/www/html/pqrsd/app/views/index/radicados.php')
 3 SYSTEMPATH/View/View.php(224): include('/var/www/html/pqrsd/app/Views/template_admin/template.php')
 4 SYSTEMPATH/View/View.php(227): CodeIgniter\View\View->CodeIgniter\View\{closure}()
 5 SYSTEMPATH/Common.php(1180): CodeIgniter\View\View->render('template_admin/template', [], true)
 6 APPPATH/Entities/Template.php(34): view('template_admin/template', [...])
 7 APPPATH/Controllers/index.php(590): App\Entities\Template->renderview('index/radicados', '1')
 8 SYSTEMPATH/CodeIgniter.php(932): App\Controllers\Index->radicados()
 9 SYSTEMPATH/CodeIgniter.php(497): CodeIgniter\CodeIgniter->runController(Object(App\Controllers\Index))
10 SYSTEMPATH/CodeIgniter.php(366): CodeIgniter\CodeIgniter->handleRequest(null, Object(Config\Cache), false)
11 FCPATH/index.php(72): CodeIgniter\CodeIgniter->run()
INFO - 2023-11-15 22:31:57 --> Session: Class initialized using 'CodeIgniter\Session\Handlers\FileHandler' driver.
INFO - 2023-11-15 22:34:48 --> Session: Class initialized using 'CodeIgniter\Session\Handlers\FileHandler' driver.
INFO - 2023-11-15 22:34:57 --> Session: Class initialized using 'CodeIgniter\Session\Handlers\FileHandler' driver.
INFO - 2023-11-15 22:35:48 --> Session: Class initialized using 'CodeIgniter\Session\Handlers\FileHandler' driver.
INFO - 2023-11-15 22:36:55 --> Session: Class initialized using 'CodeIgniter\Session\Handlers\FileHandler' driver.
INFO - 2023-11-15 22:37:16 --> Session: Class initialized using 'CodeIgniter\Session\Handlers\FileHandler' driver.
INFO - 2023-11-15 22:38:45 --> Session: Class initialized using 'CodeIgniter\Session\Handlers\FileHandler' driver.
INFO - 2023-11-15 22:42:39 --> Session: Class initialized using 'CodeIgniter\Session\Handlers\FileHandler' driver.
