INFO - 2023-12-13 13:43:05 --> Session: Class initialized using 'CodeIgniter\Session\Handlers\FileHandler' driver.
INFO - 2023-12-13 13:43:14 --> Session: Class initialized using 'CodeIgniter\Session\Handlers\FileHandler' driver.
INFO - 2023-12-13 13:43:52 --> Session: Class initialized using 'CodeIgniter\Session\Handlers\FileHandler' driver.
INFO - 2023-12-13 13:44:01 --> Session: Class initialized using 'CodeIgniter\Session\Handlers\FileHandler' driver.
INFO - 2023-12-13 13:45:04 --> Session: Class initialized using 'CodeIgniter\Session\Handlers\FileHandler' driver.
INFO - 2023-12-13 13:45:10 --> Session: Class initialized using 'CodeIgniter\Session\Handlers\FileHandler' driver.
INFO - 2023-12-13 13:45:32 --> Session: Class initialized using 'CodeIgniter\Session\Handlers\FileHandler' driver.
INFO - 2023-12-13 13:45:33 --> Session: Class initialized using 'CodeIgniter\Session\Handlers\FileHandler' driver.
INFO - 2023-12-13 13:47:22 --> Session: Class initialized using 'CodeIgniter\Session\Handlers\FileHandler' driver.
INFO - 2023-12-13 13:47:23 --> Session: Class initialized using 'CodeIgniter\Session\Handlers\FileHandler' driver.
INFO - 2023-12-13 13:47:44 --> Session: Class initialized using 'CodeIgniter\Session\Handlers\FileHandler' driver.
INFO - 2023-12-13 13:47:45 --> Session: Class initialized using 'CodeIgniter\Session\Handlers\FileHandler' driver.
INFO - 2023-12-13 13:48:01 --> Session: Class initialized using 'CodeIgniter\Session\Handlers\FileHandler' driver.
WARNING - 2023-12-13 13:48:01 --> [DEPRECATED] explode(): Passing null to parameter #2 ($string) of type string is deprecated in APPPATH/views/index/radicados.php on line 32.
 1 APPPATH/views/index/radicados.php(32): explode('/', null)
 2 APPPATH/Views/template_admin/template.php(15): include('/var/www/html/pqrsd/app/views/index/radicados.php')
 3 SYSTEMPATH/View/View.php(224): include('/var/www/html/pqrsd/app/Views/template_admin/template.php')
 4 SYSTEMPATH/View/View.php(227): CodeIgniter\View\View->CodeIgniter\View\{closure}()
 5 SYSTEMPATH/Common.php(1180): CodeIgniter\View\View->render('template_admin/template', [], true)
 6 APPPATH/Entities/Template.php(34): view('template_admin/template', [...])
 7 APPPATH/Controllers/index.php(589): App\Entities\Template->renderview('index/radicados', '1')
 8 SYSTEMPATH/CodeIgniter.php(932): App\Controllers\Index->radicados()
 9 SYSTEMPATH/CodeIgniter.php(497): CodeIgniter\CodeIgniter->runController(Object(App\Controllers\Index))
10 SYSTEMPATH/CodeIgniter.php(366): CodeIgniter\CodeIgniter->handleRequest(null, Object(Config\Cache), false)
11 FCPATH/index.php(72): CodeIgniter\CodeIgniter->run()
WARNING - 2023-12-13 13:48:01 --> [DEPRECATED] explode(): Passing null to parameter #2 ($string) of type string is deprecated in APPPATH/views/index/radicados.php on line 32.
 1 APPPATH/views/index/radicados.php(32): explode('/', null)
 2 APPPATH/Views/template_admin/template.php(15): include('/var/www/html/pqrsd/app/views/index/radicados.php')
 3 SYSTEMPATH/View/View.php(224): include('/var/www/html/pqrsd/app/Views/template_admin/template.php')
 4 SYSTEMPATH/View/View.php(227): CodeIgniter\View\View->CodeIgniter\View\{closure}()
 5 SYSTEMPATH/Common.php(1180): CodeIgniter\View\View->render('template_admin/template', [], true)
 6 APPPATH/Entities/Template.php(34): view('template_admin/template', [...])
 7 APPPATH/Controllers/index.php(589): App\Entities\Template->renderview('index/radicados', '1')
 8 SYSTEMPATH/CodeIgniter.php(932): App\Controllers\Index->radicados()
 9 SYSTEMPATH/CodeIgniter.php(497): CodeIgniter\CodeIgniter->runController(Object(App\Controllers\Index))
10 SYSTEMPATH/CodeIgniter.php(366): CodeIgniter\CodeIgniter->handleRequest(null, Object(Config\Cache), false)
11 FCPATH/index.php(72): CodeIgniter\CodeIgniter->run()
INFO - 2023-12-13 13:48:04 --> Session: Class initialized using 'CodeIgniter\Session\Handlers\FileHandler' driver.
INFO - 2023-12-13 14:04:36 --> Session: Class initialized using 'CodeIgniter\Session\Handlers\FileHandler' driver.
INFO - 2023-12-13 14:04:36 --> Session: Class initialized using 'CodeIgniter\Session\Handlers\FileHandler' driver.
INFO - 2023-12-13 14:04:40 --> Session: Class initialized using 'CodeIgniter\Session\Handlers\FileHandler' driver.
INFO - 2023-12-13 14:04:50 --> Session: Class initialized using 'CodeIgniter\Session\Handlers\FileHandler' driver.
WARNING - 2023-12-13 14:04:50 --> [DEPRECATED] explode(): Passing null to parameter #2 ($string) of type string is deprecated in APPPATH/views/index/radicados.php on line 32.
 1 APPPATH/views/index/radicados.php(32): explode('/', null)
 2 APPPATH/Views/template_admin/template.php(15): include('/var/www/html/pqrsd/app/views/index/radicados.php')
 3 SYSTEMPATH/View/View.php(224): include('/var/www/html/pqrsd/app/Views/template_admin/template.php')
 4 SYSTEMPATH/View/View.php(227): CodeIgniter\View\View->CodeIgniter\View\{closure}()
 5 SYSTEMPATH/Common.php(1180): CodeIgniter\View\View->render('template_admin/template', [], true)
 6 APPPATH/Entities/Template.php(34): view('template_admin/template', [...])
 7 APPPATH/Controllers/index.php(589): App\Entities\Template->renderview('index/radicados', '1')
 8 SYSTEMPATH/CodeIgniter.php(932): App\Controllers\Index->radicados()
 9 SYSTEMPATH/CodeIgniter.php(497): CodeIgniter\CodeIgniter->runController(Object(App\Controllers\Index))
10 SYSTEMPATH/CodeIgniter.php(366): CodeIgniter\CodeIgniter->handleRequest(null, Object(Config\Cache), false)
11 FCPATH/index.php(72): CodeIgniter\CodeIgniter->run()
WARNING - 2023-12-13 14:04:50 --> [DEPRECATED] explode(): Passing null to parameter #2 ($string) of type string is deprecated in APPPATH/views/index/radicados.php on line 32.
 1 APPPATH/views/index/radicados.php(32): explode('/', null)
 2 APPPATH/Views/template_admin/template.php(15): include('/var/www/html/pqrsd/app/views/index/radicados.php')
 3 SYSTEMPATH/View/View.php(224): include('/var/www/html/pqrsd/app/Views/template_admin/template.php')
 4 SYSTEMPATH/View/View.php(227): CodeIgniter\View\View->CodeIgniter\View\{closure}()
 5 SYSTEMPATH/Common.php(1180): CodeIgniter\View\View->render('template_admin/template', [], true)
 6 APPPATH/Entities/Template.php(34): view('template_admin/template', [...])
 7 APPPATH/Controllers/index.php(589): App\Entities\Template->renderview('index/radicados', '1')
 8 SYSTEMPATH/CodeIgniter.php(932): App\Controllers\Index->radicados()
 9 SYSTEMPATH/CodeIgniter.php(497): CodeIgniter\CodeIgniter->runController(Object(App\Controllers\Index))
10 SYSTEMPATH/CodeIgniter.php(366): CodeIgniter\CodeIgniter->handleRequest(null, Object(Config\Cache), false)
11 FCPATH/index.php(72): CodeIgniter\CodeIgniter->run()
