INFO - 2024-02-16 14:49:46 --> Session: Class initialized using 'CodeIgniter\Session\Handlers\FileHandler' driver.
INFO - 2024-02-16 14:51:59 --> Session: Class initialized using 'CodeIgniter\Session\Handlers\FileHandler' driver.
INFO - 2024-02-16 14:52:03 --> Session: Class initialized using 'CodeIgniter\Session\Handlers\FileHandler' driver.
INFO - 2024-02-16 14:52:31 --> Session: Class initialized using 'CodeIgniter\Session\Handlers\FileHandler' driver.
INFO - 2024-02-16 14:54:59 --> Session: Class initialized using 'CodeIgniter\Session\Handlers\FileHandler' driver.
INFO - 2024-02-16 14:56:45 --> Session: Class initialized using 'CodeIgniter\Session\Handlers\FileHandler' driver.
INFO - 2024-02-16 15:04:29 --> Session: Class initialized using 'CodeIgniter\Session\Handlers\FileHandler' driver.
INFO - 2024-02-16 15:05:48 --> Session: Class initialized using 'CodeIgniter\Session\Handlers\FileHandler' driver.
INFO - 2024-02-16 15:06:44 --> Session: Class initialized using 'CodeIgniter\Session\Handlers\FileHandler' driver.
INFO - 2024-02-16 15:07:02 --> Session: Class initialized using 'CodeIgniter\Session\Handlers\FileHandler' driver.
INFO - 2024-02-16 15:07:10 --> Session: Class initialized using 'CodeIgniter\Session\Handlers\FileHandler' driver.
INFO - 2024-02-16 15:07:38 --> Session: Class initialized using 'CodeIgniter\Session\Handlers\FileHandler' driver.
INFO - 2024-02-16 15:09:28 --> Session: Class initialized using 'CodeIgniter\Session\Handlers\FileHandler' driver.
INFO - 2024-02-16 15:11:36 --> Session: Class initialized using 'CodeIgniter\Session\Handlers\FileHandler' driver.
INFO - 2024-02-16 15:12:50 --> Session: Class initialized using 'CodeIgniter\Session\Handlers\FileHandler' driver.
INFO - 2024-02-16 15:13:04 --> Session: Class initialized using 'CodeIgniter\Session\Handlers\FileHandler' driver.
ERROR - 2024-02-16 15:13:48 --> Error connecting to the database: ErrorException: pg_connect(): Unable to connect to PostgreSQL server: connection to server at &quot;192.168.13.28&quot;, port 5432 failed: Connection timed out
	Is the server running on that host and accepting TCP/IP connections? in /var/www/html/pqrsd/vendor/codeigniter4/framework/system/Database/postgre/Connection.php:72
Stack trace:
#0 [internal function]: CodeIgniter\Debug\Exceptions->errorHandler()
#1 /var/www/html/pqrsd/vendor/codeigniter4/framework/system/Database/postgre/Connection.php(72): pg_connect()
#2 /var/www/html/pqrsd/vendor/codeigniter4/framework/system/Database/BaseConnection.php(391): CodeIgniter\Database\Postgre\Connection->connect()
#3 /var/www/html/pqrsd/vendor/codeigniter4/framework/system/Database/BaseConnection.php(574): CodeIgniter\Database\BaseConnection->initialize()
#4 /var/www/html/pqrsd/app/Models/IndexModel.php(25): CodeIgniter\Database\BaseConnection->query()
#5 /var/www/html/pqrsd/app/Controllers/index.php(274): App\Models\IndexModel->radicarpqrsd()
#6 /var/www/html/pqrsd/vendor/codeigniter4/framework/system/CodeIgniter.php(932): App\Controllers\Index->radicar()
#7 /var/www/html/pqrsd/vendor/codeigniter4/framework/system/CodeIgniter.php(497): CodeIgniter\CodeIgniter->runController()
#8 /var/www/html/pqrsd/vendor/codeigniter4/framework/system/CodeIgniter.php(366): CodeIgniter\CodeIgniter->handleRequest()
#9 /var/www/html/pqrsd/public/index.php(72): CodeIgniter\CodeIgniter->run()
#10 {main}
CRITICAL - 2024-02-16 15:13:48 --> Unable to connect to the database.
Main connection [postgre]: pg_connect(): Unable to connect to PostgreSQL server: connection to server at &quot;192.168.13.28&quot;, port 5432 failed: Connection timed out
	Is the server running on that host and accepting TCP/IP connections?
in SYSTEMPATH/Database/BaseConnection.php on line 427.
 1 SYSTEMPATH/Database/BaseConnection.php(574): CodeIgniter\Database\BaseConnection->initialize()
 2 APPPATH/Models/IndexModel.php(25): CodeIgniter\Database\BaseConnection->query()
 3 APPPATH/Controllers/index.php(274): App\Models\IndexModel->radicarpqrsd()
 4 SYSTEMPATH/CodeIgniter.php(932): App\Controllers\Index->radicar()
 5 SYSTEMPATH/CodeIgniter.php(497): CodeIgniter\CodeIgniter->runController()
 6 SYSTEMPATH/CodeIgniter.php(366): CodeIgniter\CodeIgniter->handleRequest()
 7 FCPATH/index.php(72): CodeIgniter\CodeIgniter->run()
ERROR - 2024-02-16 15:15:14 --> Error connecting to the database: ErrorException: pg_connect(): Unable to connect to PostgreSQL server: connection to server at &quot;192.168.13.28&quot;, port 5432 failed: Connection timed out
	Is the server running on that host and accepting TCP/IP connections? in /var/www/html/pqrsd/vendor/codeigniter4/framework/system/Database/postgre/Connection.php:72
Stack trace:
#0 [internal function]: CodeIgniter\Debug\Exceptions->errorHandler()
#1 /var/www/html/pqrsd/vendor/codeigniter4/framework/system/Database/postgre/Connection.php(72): pg_connect()
#2 /var/www/html/pqrsd/vendor/codeigniter4/framework/system/Database/BaseConnection.php(391): CodeIgniter\Database\Postgre\Connection->connect()
#3 /var/www/html/pqrsd/vendor/codeigniter4/framework/system/Database/BaseConnection.php(574): CodeIgniter\Database\BaseConnection->initialize()
#4 /var/www/html/pqrsd/app/Models/IndexModel.php(25): CodeIgniter\Database\BaseConnection->query()
#5 /var/www/html/pqrsd/app/Controllers/index.php(274): App\Models\IndexModel->radicarpqrsd()
#6 /var/www/html/pqrsd/vendor/codeigniter4/framework/system/CodeIgniter.php(932): App\Controllers\Index->radicar()
#7 /var/www/html/pqrsd/vendor/codeigniter4/framework/system/CodeIgniter.php(497): CodeIgniter\CodeIgniter->runController()
#8 /var/www/html/pqrsd/vendor/codeigniter4/framework/system/CodeIgniter.php(366): CodeIgniter\CodeIgniter->handleRequest()
#9 /var/www/html/pqrsd/public/index.php(72): CodeIgniter\CodeIgniter->run()
#10 {main}
CRITICAL - 2024-02-16 15:15:14 --> Unable to connect to the database.
Main connection [postgre]: pg_connect(): Unable to connect to PostgreSQL server: connection to server at &quot;192.168.13.28&quot;, port 5432 failed: Connection timed out
	Is the server running on that host and accepting TCP/IP connections?
in SYSTEMPATH/Database/BaseConnection.php on line 427.
 1 SYSTEMPATH/Database/BaseConnection.php(574): CodeIgniter\Database\BaseConnection->initialize()
 2 APPPATH/Models/IndexModel.php(25): CodeIgniter\Database\BaseConnection->query()
 3 APPPATH/Controllers/index.php(274): App\Models\IndexModel->radicarpqrsd()
 4 SYSTEMPATH/CodeIgniter.php(932): App\Controllers\Index->radicar()
 5 SYSTEMPATH/CodeIgniter.php(497): CodeIgniter\CodeIgniter->runController()
 6 SYSTEMPATH/CodeIgniter.php(366): CodeIgniter\CodeIgniter->handleRequest()
 7 FCPATH/index.php(72): CodeIgniter\CodeIgniter->run()
INFO - 2024-02-16 15:15:14 --> Session: Class initialized using 'CodeIgniter\Session\Handlers\FileHandler' driver.
INFO - 2024-02-16 15:16:16 --> Session: Class initialized using 'CodeIgniter\Session\Handlers\FileHandler' driver.
CRITICAL - 2024-02-16 15:16:16 --> Undefined constant "App\Controllers\size"
in APPPATH/Controllers/index.php on line 195.
 1 SYSTEMPATH/CodeIgniter.php(932): App\Controllers\Index->radicar()
 2 SYSTEMPATH/CodeIgniter.php(497): CodeIgniter\CodeIgniter->runController()
 3 SYSTEMPATH/CodeIgniter.php(366): CodeIgniter\CodeIgniter->handleRequest()
 4 FCPATH/index.php(72): CodeIgniter\CodeIgniter->run()
INFO - 2024-02-16 15:16:23 --> Session: Class initialized using 'CodeIgniter\Session\Handlers\FileHandler' driver.
CRITICAL - 2024-02-16 15:16:24 --> Cannot use object of type CodeIgniter\HTTP\Files\UploadedFile as array
in APPPATH/Controllers/index.php on line 195.
 1 SYSTEMPATH/CodeIgniter.php(932): App\Controllers\Index->radicar()
 2 SYSTEMPATH/CodeIgniter.php(497): CodeIgniter\CodeIgniter->runController()
 3 SYSTEMPATH/CodeIgniter.php(366): CodeIgniter\CodeIgniter->handleRequest()
 4 FCPATH/index.php(72): CodeIgniter\CodeIgniter->run()
INFO - 2024-02-16 15:16:33 --> Session: Class initialized using 'CodeIgniter\Session\Handlers\FileHandler' driver.
CRITICAL - 2024-02-16 15:16:33 --> Cannot access protected property CodeIgniter\HTTP\Files\UploadedFile::$size
in APPPATH/Controllers/index.php on line 195.
 1 SYSTEMPATH/CodeIgniter.php(932): App\Controllers\Index->radicar()
 2 SYSTEMPATH/CodeIgniter.php(497): CodeIgniter\CodeIgniter->runController()
 3 SYSTEMPATH/CodeIgniter.php(366): CodeIgniter\CodeIgniter->handleRequest()
 4 FCPATH/index.php(72): CodeIgniter\CodeIgniter->run()
INFO - 2024-02-16 15:16:46 --> Session: Class initialized using 'CodeIgniter\Session\Handlers\FileHandler' driver.
INFO - 2024-02-16 15:19:44 --> Session: Class initialized using 'CodeIgniter\Session\Handlers\FileHandler' driver.
CRITICAL - 2024-02-16 15:19:44 --> Call to undefined method CodeIgniter\HTTP\IncomingRequest::postFile()
in APPPATH/Controllers/index.php on line 192.
 1 SYSTEMPATH/CodeIgniter.php(932): App\Controllers\Index->radicar()
 2 SYSTEMPATH/CodeIgniter.php(497): CodeIgniter\CodeIgniter->runController()
 3 SYSTEMPATH/CodeIgniter.php(366): CodeIgniter\CodeIgniter->handleRequest()
 4 FCPATH/index.php(72): CodeIgniter\CodeIgniter->run()
INFO - 2024-02-16 15:22:29 --> Session: Class initialized using 'CodeIgniter\Session\Handlers\FileHandler' driver.
CRITICAL - 2024-02-16 15:23:13 --> syntax error, unexpected variable "$token", expecting "function" or "const"
in APPPATH/Controllers/index.php on line 291.
 1 SYSTEMPATH/Autoloader/Autoloader.php(289): CodeIgniter\Autoloader\Autoloader->includeFile()
 2 SYSTEMPATH/Autoloader/Autoloader.php(267): CodeIgniter\Autoloader\Autoloader->loadInNamespace()
 3 [internal function]: CodeIgniter\Autoloader\Autoloader->loadClass()
 4 SYSTEMPATH/CodeIgniter.php(890): class_exists()
 5 SYSTEMPATH/CodeIgniter.php(484): CodeIgniter\CodeIgniter->startController()
 6 SYSTEMPATH/CodeIgniter.php(366): CodeIgniter\CodeIgniter->handleRequest()
 7 FCPATH/index.php(72): CodeIgniter\CodeIgniter->run()
INFO - 2024-02-16 15:23:26 --> Session: Class initialized using 'CodeIgniter\Session\Handlers\FileHandler' driver.
ERROR - 2024-02-16 15:25:37 --> Error connecting to the database: ErrorException: pg_connect(): Unable to connect to PostgreSQL server: connection to server at &quot;192.168.13.28&quot;, port 5432 failed: Connection timed out
	Is the server running on that host and accepting TCP/IP connections? in /var/www/html/pqrsd/vendor/codeigniter4/framework/system/Database/postgre/Connection.php:72
Stack trace:
#0 [internal function]: CodeIgniter\Debug\Exceptions->errorHandler()
#1 /var/www/html/pqrsd/vendor/codeigniter4/framework/system/Database/postgre/Connection.php(72): pg_connect()
#2 /var/www/html/pqrsd/vendor/codeigniter4/framework/system/Database/BaseConnection.php(391): CodeIgniter\Database\Postgre\Connection->connect()
#3 /var/www/html/pqrsd/vendor/codeigniter4/framework/system/Database/BaseConnection.php(574): CodeIgniter\Database\BaseConnection->initialize()
#4 /var/www/html/pqrsd/app/Models/IndexModel.php(25): CodeIgniter\Database\BaseConnection->query()
#5 /var/www/html/pqrsd/app/Controllers/index.php(275): App\Models\IndexModel->radicarpqrsd()
#6 /var/www/html/pqrsd/vendor/codeigniter4/framework/system/CodeIgniter.php(932): App\Controllers\Index->radicar()
#7 /var/www/html/pqrsd/vendor/codeigniter4/framework/system/CodeIgniter.php(497): CodeIgniter\CodeIgniter->runController()
#8 /var/www/html/pqrsd/vendor/codeigniter4/framework/system/CodeIgniter.php(366): CodeIgniter\CodeIgniter->handleRequest()
#9 /var/www/html/pqrsd/public/index.php(72): CodeIgniter\CodeIgniter->run()
#10 {main}
CRITICAL - 2024-02-16 15:25:37 --> Unable to connect to the database.
Main connection [postgre]: pg_connect(): Unable to connect to PostgreSQL server: connection to server at &quot;192.168.13.28&quot;, port 5432 failed: Connection timed out
	Is the server running on that host and accepting TCP/IP connections?
in SYSTEMPATH/Database/BaseConnection.php on line 427.
 1 SYSTEMPATH/Database/BaseConnection.php(574): CodeIgniter\Database\BaseConnection->initialize()
 2 APPPATH/Models/IndexModel.php(25): CodeIgniter\Database\BaseConnection->query()
 3 APPPATH/Controllers/index.php(275): App\Models\IndexModel->radicarpqrsd()
 4 SYSTEMPATH/CodeIgniter.php(932): App\Controllers\Index->radicar()
 5 SYSTEMPATH/CodeIgniter.php(497): CodeIgniter\CodeIgniter->runController()
 6 SYSTEMPATH/CodeIgniter.php(366): CodeIgniter\CodeIgniter->handleRequest()
 7 FCPATH/index.php(72): CodeIgniter\CodeIgniter->run()
INFO - 2024-02-16 15:29:02 --> Session: Class initialized using 'CodeIgniter\Session\Handlers\FileHandler' driver.
ERROR - 2024-02-16 15:31:13 --> Error connecting to the database: ErrorException: pg_connect(): Unable to connect to PostgreSQL server: connection to server at &quot;192.168.13.28&quot;, port 5432 failed: Connection timed out
	Is the server running on that host and accepting TCP/IP connections? in /var/www/html/pqrsd/vendor/codeigniter4/framework/system/Database/postgre/Connection.php:72
Stack trace:
#0 [internal function]: CodeIgniter\Debug\Exceptions->errorHandler()
#1 /var/www/html/pqrsd/vendor/codeigniter4/framework/system/Database/postgre/Connection.php(72): pg_connect()
#2 /var/www/html/pqrsd/vendor/codeigniter4/framework/system/Database/BaseConnection.php(391): CodeIgniter\Database\Postgre\Connection->connect()
#3 /var/www/html/pqrsd/vendor/codeigniter4/framework/system/Database/BaseConnection.php(574): CodeIgniter\Database\BaseConnection->initialize()
#4 /var/www/html/pqrsd/app/Models/IndexModel.php(25): CodeIgniter\Database\BaseConnection->query()
#5 /var/www/html/pqrsd/app/Controllers/index.php(275): App\Models\IndexModel->radicarpqrsd()
#6 /var/www/html/pqrsd/vendor/codeigniter4/framework/system/CodeIgniter.php(932): App\Controllers\Index->radicar()
#7 /var/www/html/pqrsd/vendor/codeigniter4/framework/system/CodeIgniter.php(497): CodeIgniter\CodeIgniter->runController()
#8 /var/www/html/pqrsd/vendor/codeigniter4/framework/system/CodeIgniter.php(366): CodeIgniter\CodeIgniter->handleRequest()
#9 /var/www/html/pqrsd/public/index.php(72): CodeIgniter\CodeIgniter->run()
#10 {main}
CRITICAL - 2024-02-16 15:31:13 --> Unable to connect to the database.
Main connection [postgre]: pg_connect(): Unable to connect to PostgreSQL server: connection to server at &quot;192.168.13.28&quot;, port 5432 failed: Connection timed out
	Is the server running on that host and accepting TCP/IP connections?
in SYSTEMPATH/Database/BaseConnection.php on line 427.
 1 SYSTEMPATH/Database/BaseConnection.php(574): CodeIgniter\Database\BaseConnection->initialize()
 2 APPPATH/Models/IndexModel.php(25): CodeIgniter\Database\BaseConnection->query()
 3 APPPATH/Controllers/index.php(275): App\Models\IndexModel->radicarpqrsd()
 4 SYSTEMPATH/CodeIgniter.php(932): App\Controllers\Index->radicar()
 5 SYSTEMPATH/CodeIgniter.php(497): CodeIgniter\CodeIgniter->runController()
 6 SYSTEMPATH/CodeIgniter.php(366): CodeIgniter\CodeIgniter->handleRequest()
 7 FCPATH/index.php(72): CodeIgniter\CodeIgniter->run()
INFO - 2024-02-16 15:32:29 --> Session: Class initialized using 'CodeIgniter\Session\Handlers\FileHandler' driver.
INFO - 2024-02-16 15:34:47 --> Session: Class initialized using 'CodeIgniter\Session\Handlers\FileHandler' driver.
CRITICAL - 2024-02-16 15:34:47 --> Cannot use object of type CodeIgniter\HTTP\Files\UploadedFile as array
in APPPATH/Controllers/index.php on line 195.
 1 SYSTEMPATH/CodeIgniter.php(932): App\Controllers\Index->radicar()
 2 SYSTEMPATH/CodeIgniter.php(497): CodeIgniter\CodeIgniter->runController()
 3 SYSTEMPATH/CodeIgniter.php(366): CodeIgniter\CodeIgniter->handleRequest()
 4 FCPATH/index.php(72): CodeIgniter\CodeIgniter->run()
INFO - 2024-02-16 15:36:51 --> Session: Class initialized using 'CodeIgniter\Session\Handlers\FileHandler' driver.
INFO - 2024-02-16 15:37:18 --> Session: Class initialized using 'CodeIgniter\Session\Handlers\FileHandler' driver.
INFO - 2024-02-16 15:39:21 --> Session: Class initialized using 'CodeIgniter\Session\Handlers\FileHandler' driver.
ERROR - 2024-02-16 15:39:28 --> Error connecting to the database: ErrorException: pg_connect(): Unable to connect to PostgreSQL server: connection to server at &quot;192.168.13.28&quot;, port 5432 failed: Connection timed out
	Is the server running on that host and accepting TCP/IP connections? in /var/www/html/pqrsd/vendor/codeigniter4/framework/system/Database/postgre/Connection.php:72
Stack trace:
#0 [internal function]: CodeIgniter\Debug\Exceptions->errorHandler()
#1 /var/www/html/pqrsd/vendor/codeigniter4/framework/system/Database/postgre/Connection.php(72): pg_connect()
#2 /var/www/html/pqrsd/vendor/codeigniter4/framework/system/Database/BaseConnection.php(391): CodeIgniter\Database\Postgre\Connection->connect()
#3 /var/www/html/pqrsd/vendor/codeigniter4/framework/system/Database/BaseConnection.php(574): CodeIgniter\Database\BaseConnection->initialize()
#4 /var/www/html/pqrsd/app/Models/IndexModel.php(25): CodeIgniter\Database\BaseConnection->query()
#5 /var/www/html/pqrsd/app/Controllers/index.php(274): App\Models\IndexModel->radicarpqrsd()
#6 /var/www/html/pqrsd/vendor/codeigniter4/framework/system/CodeIgniter.php(932): App\Controllers\Index->radicar()
#7 /var/www/html/pqrsd/vendor/codeigniter4/framework/system/CodeIgniter.php(497): CodeIgniter\CodeIgniter->runController()
#8 /var/www/html/pqrsd/vendor/codeigniter4/framework/system/CodeIgniter.php(366): CodeIgniter\CodeIgniter->handleRequest()
#9 /var/www/html/pqrsd/public/index.php(72): CodeIgniter\CodeIgniter->run()
#10 {main}
CRITICAL - 2024-02-16 15:39:29 --> Unable to connect to the database.
Main connection [postgre]: pg_connect(): Unable to connect to PostgreSQL server: connection to server at &quot;192.168.13.28&quot;, port 5432 failed: Connection timed out
	Is the server running on that host and accepting TCP/IP connections?
in SYSTEMPATH/Database/BaseConnection.php on line 427.
 1 SYSTEMPATH/Database/BaseConnection.php(574): CodeIgniter\Database\BaseConnection->initialize()
 2 APPPATH/Models/IndexModel.php(25): CodeIgniter\Database\BaseConnection->query()
 3 APPPATH/Controllers/index.php(274): App\Models\IndexModel->radicarpqrsd()
 4 SYSTEMPATH/CodeIgniter.php(932): App\Controllers\Index->radicar()
 5 SYSTEMPATH/CodeIgniter.php(497): CodeIgniter\CodeIgniter->runController()
 6 SYSTEMPATH/CodeIgniter.php(366): CodeIgniter\CodeIgniter->handleRequest()
 7 FCPATH/index.php(72): CodeIgniter\CodeIgniter->run()
INFO - 2024-02-16 15:39:29 --> Session: Class initialized using 'CodeIgniter\Session\Handlers\FileHandler' driver.
INFO - 2024-02-16 15:39:30 --> Session: Class initialized using 'CodeIgniter\Session\Handlers\FileHandler' driver.
INFO - 2024-02-16 15:39:37 --> Session: Class initialized using 'CodeIgniter\Session\Handlers\FileHandler' driver.
INFO - 2024-02-16 15:39:56 --> Session: Class initialized using 'CodeIgniter\Session\Handlers\FileHandler' driver.
ERROR - 2024-02-16 15:41:40 --> Error connecting to the database: ErrorException: pg_connect(): Unable to connect to PostgreSQL server: connection to server at &quot;192.168.13.28&quot;, port 5432 failed: Connection timed out
	Is the server running on that host and accepting TCP/IP connections? in /var/www/html/pqrsd/vendor/codeigniter4/framework/system/Database/postgre/Connection.php:72
Stack trace:
#0 [internal function]: CodeIgniter\Debug\Exceptions->errorHandler()
#1 /var/www/html/pqrsd/vendor/codeigniter4/framework/system/Database/postgre/Connection.php(72): pg_connect()
#2 /var/www/html/pqrsd/vendor/codeigniter4/framework/system/Database/BaseConnection.php(391): CodeIgniter\Database\Postgre\Connection->connect()
#3 /var/www/html/pqrsd/vendor/codeigniter4/framework/system/Database/BaseConnection.php(574): CodeIgniter\Database\BaseConnection->initialize()
#4 /var/www/html/pqrsd/app/Models/IndexModel.php(25): CodeIgniter\Database\BaseConnection->query()
#5 /var/www/html/pqrsd/app/Controllers/index.php(274): App\Models\IndexModel->radicarpqrsd()
#6 /var/www/html/pqrsd/vendor/codeigniter4/framework/system/CodeIgniter.php(932): App\Controllers\Index->radicar()
#7 /var/www/html/pqrsd/vendor/codeigniter4/framework/system/CodeIgniter.php(497): CodeIgniter\CodeIgniter->runController()
#8 /var/www/html/pqrsd/vendor/codeigniter4/framework/system/CodeIgniter.php(366): CodeIgniter\CodeIgniter->handleRequest()
#9 /var/www/html/pqrsd/public/index.php(72): CodeIgniter\CodeIgniter->run()
#10 {main}
CRITICAL - 2024-02-16 15:41:40 --> Unable to connect to the database.
Main connection [postgre]: pg_connect(): Unable to connect to PostgreSQL server: connection to server at &quot;192.168.13.28&quot;, port 5432 failed: Connection timed out
	Is the server running on that host and accepting TCP/IP connections?
in SYSTEMPATH/Database/BaseConnection.php on line 427.
 1 SYSTEMPATH/Database/BaseConnection.php(574): CodeIgniter\Database\BaseConnection->initialize()
 2 APPPATH/Models/IndexModel.php(25): CodeIgniter\Database\BaseConnection->query()
 3 APPPATH/Controllers/index.php(274): App\Models\IndexModel->radicarpqrsd()
 4 SYSTEMPATH/CodeIgniter.php(932): App\Controllers\Index->radicar()
 5 SYSTEMPATH/CodeIgniter.php(497): CodeIgniter\CodeIgniter->runController()
 6 SYSTEMPATH/CodeIgniter.php(366): CodeIgniter\CodeIgniter->handleRequest()
 7 FCPATH/index.php(72): CodeIgniter\CodeIgniter->run()
INFO - 2024-02-16 15:41:40 --> Session: Class initialized using 'CodeIgniter\Session\Handlers\FileHandler' driver.
ERROR - 2024-02-16 15:42:08 --> Error connecting to the database: ErrorException: pg_connect(): Unable to connect to PostgreSQL server: connection to server at &quot;192.168.13.28&quot;, port 5432 failed: Connection timed out
	Is the server running on that host and accepting TCP/IP connections? in /var/www/html/pqrsd/vendor/codeigniter4/framework/system/Database/postgre/Connection.php:72
Stack trace:
#0 [internal function]: CodeIgniter\Debug\Exceptions->errorHandler()
#1 /var/www/html/pqrsd/vendor/codeigniter4/framework/system/Database/postgre/Connection.php(72): pg_connect()
#2 /var/www/html/pqrsd/vendor/codeigniter4/framework/system/Database/BaseConnection.php(391): CodeIgniter\Database\Postgre\Connection->connect()
#3 /var/www/html/pqrsd/vendor/codeigniter4/framework/system/Database/BaseConnection.php(574): CodeIgniter\Database\BaseConnection->initialize()
#4 /var/www/html/pqrsd/app/Models/IndexModel.php(55): CodeIgniter\Database\BaseConnection->query()
#5 /var/www/html/pqrsd/app/Controllers/index.php(113): App\Models\IndexModel->usuario()
#6 /var/www/html/pqrsd/vendor/codeigniter4/framework/system/CodeIgniter.php(932): App\Controllers\Index->login()
#7 /var/www/html/pqrsd/vendor/codeigniter4/framework/system/CodeIgniter.php(497): CodeIgniter\CodeIgniter->runController()
#8 /var/www/html/pqrsd/vendor/codeigniter4/framework/system/CodeIgniter.php(366): CodeIgniter\CodeIgniter->handleRequest()
#9 /var/www/html/pqrsd/public/index.php(72): CodeIgniter\CodeIgniter->run()
#10 {main}
CRITICAL - 2024-02-16 15:42:08 --> Unable to connect to the database.
Main connection [postgre]: pg_connect(): Unable to connect to PostgreSQL server: connection to server at &quot;192.168.13.28&quot;, port 5432 failed: Connection timed out
	Is the server running on that host and accepting TCP/IP connections?
in SYSTEMPATH/Database/BaseConnection.php on line 427.
 1 SYSTEMPATH/Database/BaseConnection.php(574): CodeIgniter\Database\BaseConnection->initialize()
 2 APPPATH/Models/IndexModel.php(55): CodeIgniter\Database\BaseConnection->query()
 3 APPPATH/Controllers/index.php(113): App\Models\IndexModel->usuario()
 4 SYSTEMPATH/CodeIgniter.php(932): App\Controllers\Index->login()
 5 SYSTEMPATH/CodeIgniter.php(497): CodeIgniter\CodeIgniter->runController()
 6 SYSTEMPATH/CodeIgniter.php(366): CodeIgniter\CodeIgniter->handleRequest()
 7 FCPATH/index.php(72): CodeIgniter\CodeIgniter->run()
INFO - 2024-02-16 15:54:14 --> Session: Class initialized using 'CodeIgniter\Session\Handlers\FileHandler' driver.
INFO - 2024-02-16 15:54:34 --> Session: Class initialized using 'CodeIgniter\Session\Handlers\FileHandler' driver.
ERROR - 2024-02-16 15:56:45 --> Error connecting to the database: ErrorException: pg_connect(): Unable to connect to PostgreSQL server: connection to server at &quot;192.168.13.28&quot;, port 5432 failed: Connection timed out
	Is the server running on that host and accepting TCP/IP connections? in /var/www/html/pqrsd/vendor/codeigniter4/framework/system/Database/postgre/Connection.php:72
Stack trace:
#0 [internal function]: CodeIgniter\Debug\Exceptions->errorHandler()
#1 /var/www/html/pqrsd/vendor/codeigniter4/framework/system/Database/postgre/Connection.php(72): pg_connect()
#2 /var/www/html/pqrsd/vendor/codeigniter4/framework/system/Database/BaseConnection.php(391): CodeIgniter\Database\Postgre\Connection->connect()
#3 /var/www/html/pqrsd/vendor/codeigniter4/framework/system/Database/BaseConnection.php(574): CodeIgniter\Database\BaseConnection->initialize()
#4 /var/www/html/pqrsd/app/Models/IndexModel.php(25): CodeIgniter\Database\BaseConnection->query()
#5 /var/www/html/pqrsd/app/Controllers/index.php(276): App\Models\IndexModel->radicarpqrsd()
#6 /var/www/html/pqrsd/vendor/codeigniter4/framework/system/CodeIgniter.php(932): App\Controllers\Index->radicar()
#7 /var/www/html/pqrsd/vendor/codeigniter4/framework/system/CodeIgniter.php(497): CodeIgniter\CodeIgniter->runController()
#8 /var/www/html/pqrsd/vendor/codeigniter4/framework/system/CodeIgniter.php(366): CodeIgniter\CodeIgniter->handleRequest()
#9 /var/www/html/pqrsd/public/index.php(72): CodeIgniter\CodeIgniter->run()
#10 {main}
CRITICAL - 2024-02-16 15:56:45 --> Unable to connect to the database.
Main connection [postgre]: pg_connect(): Unable to connect to PostgreSQL server: connection to server at &quot;192.168.13.28&quot;, port 5432 failed: Connection timed out
	Is the server running on that host and accepting TCP/IP connections?
in SYSTEMPATH/Database/BaseConnection.php on line 427.
 1 SYSTEMPATH/Database/BaseConnection.php(574): CodeIgniter\Database\BaseConnection->initialize()
 2 APPPATH/Models/IndexModel.php(25): CodeIgniter\Database\BaseConnection->query()
 3 APPPATH/Controllers/index.php(276): App\Models\IndexModel->radicarpqrsd()
 4 SYSTEMPATH/CodeIgniter.php(932): App\Controllers\Index->radicar()
 5 SYSTEMPATH/CodeIgniter.php(497): CodeIgniter\CodeIgniter->runController()
 6 SYSTEMPATH/CodeIgniter.php(366): CodeIgniter\CodeIgniter->handleRequest()
 7 FCPATH/index.php(72): CodeIgniter\CodeIgniter->run()
INFO - 2024-02-16 16:02:55 --> Session: Class initialized using 'CodeIgniter\Session\Handlers\FileHandler' driver.
ERROR - 2024-02-16 16:05:04 --> Error connecting to the database: ErrorException: pg_connect(): Unable to connect to PostgreSQL server: connection to server at &quot;192.168.13.28&quot;, port 5432 failed: Connection timed out
	Is the server running on that host and accepting TCP/IP connections? in /var/www/html/pqrsd/vendor/codeigniter4/framework/system/Database/postgre/Connection.php:72
Stack trace:
#0 [internal function]: CodeIgniter\Debug\Exceptions->errorHandler()
#1 /var/www/html/pqrsd/vendor/codeigniter4/framework/system/Database/postgre/Connection.php(72): pg_connect()
#2 /var/www/html/pqrsd/vendor/codeigniter4/framework/system/Database/BaseConnection.php(391): CodeIgniter\Database\Postgre\Connection->connect()
#3 /var/www/html/pqrsd/vendor/codeigniter4/framework/system/Database/BaseConnection.php(574): CodeIgniter\Database\BaseConnection->initialize()
#4 /var/www/html/pqrsd/app/Models/IndexModel.php(25): CodeIgniter\Database\BaseConnection->query()
#5 /var/www/html/pqrsd/app/Controllers/index.php(276): App\Models\IndexModel->radicarpqrsd()
#6 /var/www/html/pqrsd/vendor/codeigniter4/framework/system/CodeIgniter.php(932): App\Controllers\Index->radicar()
#7 /var/www/html/pqrsd/vendor/codeigniter4/framework/system/CodeIgniter.php(497): CodeIgniter\CodeIgniter->runController()
#8 /var/www/html/pqrsd/vendor/codeigniter4/framework/system/CodeIgniter.php(366): CodeIgniter\CodeIgniter->handleRequest()
#9 /var/www/html/pqrsd/public/index.php(72): CodeIgniter\CodeIgniter->run()
#10 {main}
CRITICAL - 2024-02-16 16:05:05 --> Unable to connect to the database.
Main connection [postgre]: pg_connect(): Unable to connect to PostgreSQL server: connection to server at &quot;192.168.13.28&quot;, port 5432 failed: Connection timed out
	Is the server running on that host and accepting TCP/IP connections?
in SYSTEMPATH/Database/BaseConnection.php on line 427.
 1 SYSTEMPATH/Database/BaseConnection.php(574): CodeIgniter\Database\BaseConnection->initialize()
 2 APPPATH/Models/IndexModel.php(25): CodeIgniter\Database\BaseConnection->query()
 3 APPPATH/Controllers/index.php(276): App\Models\IndexModel->radicarpqrsd()
 4 SYSTEMPATH/CodeIgniter.php(932): App\Controllers\Index->radicar()
 5 SYSTEMPATH/CodeIgniter.php(497): CodeIgniter\CodeIgniter->runController()
 6 SYSTEMPATH/CodeIgniter.php(366): CodeIgniter\CodeIgniter->handleRequest()
 7 FCPATH/index.php(72): CodeIgniter\CodeIgniter->run()
INFO - 2024-02-16 16:05:50 --> Session: Class initialized using 'CodeIgniter\Session\Handlers\FileHandler' driver.
INFO - 2024-02-16 16:09:10 --> Session: Class initialized using 'CodeIgniter\Session\Handlers\FileHandler' driver.
INFO - 2024-02-16 16:19:01 --> Session: Class initialized using 'CodeIgniter\Session\Handlers\FileHandler' driver.
INFO - 2024-02-16 16:19:08 --> Session: Class initialized using 'CodeIgniter\Session\Handlers\FileHandler' driver.
INFO - 2024-02-16 16:19:12 --> Session: Class initialized using 'CodeIgniter\Session\Handlers\FileHandler' driver.
INFO - 2024-02-16 16:59:42 --> Session: Class initialized using 'CodeIgniter\Session\Handlers\FileHandler' driver.
INFO - 2024-02-16 16:59:47 --> Session: Class initialized using 'CodeIgniter\Session\Handlers\FileHandler' driver.
INFO - 2024-02-16 20:01:02 --> Session: Class initialized using 'CodeIgniter\Session\Handlers\FileHandler' driver.
INFO - 2024-02-16 20:01:13 --> Session: Class initialized using 'CodeIgniter\Session\Handlers\FileHandler' driver.
INFO - 2024-02-16 20:01:21 --> Session: Class initialized using 'CodeIgniter\Session\Handlers\FileHandler' driver.
INFO - 2024-02-16 20:01:28 --> Session: Class initialized using 'CodeIgniter\Session\Handlers\FileHandler' driver.
INFO - 2024-02-16 20:01:31 --> Session: Class initialized using 'CodeIgniter\Session\Handlers\FileHandler' driver.
INFO - 2024-02-16 20:01:41 --> Session: Class initialized using 'CodeIgniter\Session\Handlers\FileHandler' driver.
INFO - 2024-02-16 20:01:43 --> Session: Class initialized using 'CodeIgniter\Session\Handlers\FileHandler' driver.
