INFO - 2023-08-31 14:23:56 --> Session: Class initialized using 'CodeIgniter\Session\Handlers\FileHandler' driver.
INFO - 2023-08-31 14:39:06 --> Session: Class initialized using 'CodeIgniter\Session\Handlers\FileHandler' driver.
INFO - 2023-08-31 14:39:23 --> Session: Class initialized using 'CodeIgniter\Session\Handlers\FileHandler' driver.
INFO - 2023-08-31 14:39:24 --> Session: Class initialized using 'CodeIgniter\Session\Handlers\FileHandler' driver.
INFO - 2023-08-31 14:39:24 --> Session: Class initialized using 'CodeIgniter\Session\Handlers\FileHandler' driver.
INFO - 2023-08-31 14:39:49 --> Session: Class initialized using 'CodeIgniter\Session\Handlers\FileHandler' driver.
INFO - 2023-08-31 15:35:49 --> Session: Class initialized using 'CodeIgniter\Session\Handlers\FileHandler' driver.
INFO - 2023-08-31 15:35:50 --> Session: Class initialized using 'CodeIgniter\Session\Handlers\FileHandler' driver.
INFO - 2023-08-31 15:36:39 --> Session: Class initialized using 'CodeIgniter\Session\Handlers\FileHandler' driver.
INFO - 2023-08-31 15:36:45 --> Session: Class initialized using 'CodeIgniter\Session\Handlers\FileHandler' driver.
INFO - 2023-08-31 15:36:45 --> Session: Class initialized using 'CodeIgniter\Session\Handlers\FileHandler' driver.
INFO - 2023-08-31 15:46:24 --> Session: Class initialized using 'CodeIgniter\Session\Handlers\FileHandler' driver.
CRITICAL - 2023-08-31 15:46:25 --> Class "App\Controllers\Services" not found
in APPPATH/Controllers/Home.php on line 42.
 1 SYSTEMPATH/CodeIgniter.php(932): App\Controllers\Home->login()
 2 SYSTEMPATH/CodeIgniter.php(497): CodeIgniter\CodeIgniter->runController()
 3 SYSTEMPATH/CodeIgniter.php(366): CodeIgniter\CodeIgniter->handleRequest()
 4 FCPATH/index.php(72): CodeIgniter\CodeIgniter->run()
INFO - 2023-08-31 15:47:07 --> Session: Class initialized using 'CodeIgniter\Session\Handlers\FileHandler' driver.
INFO - 2023-08-31 15:47:08 --> Session: Class initialized using 'CodeIgniter\Session\Handlers\FileHandler' driver.
INFO - 2023-08-31 15:47:34 --> Session: Class initialized using 'CodeIgniter\Session\Handlers\FileHandler' driver.
ERROR - 2023-08-31 15:47:34 --> ErrorException: pg_query(): Query failed: ERROR:  invalid input syntax for type numeric: &quot;0ad5e340aaba0315b2fed8e63366ecd6&quot;
LINE 3: WHERE &quot;user&quot;.&quot;id&quot; = '0ad5e340aaba0315b2fed8e63366ecd6'
                            ^ in /var/www/html/ci4-admin-lte/vendor/codeigniter4/framework/system/Database/Postgre/Connection.php:187
Stack trace:
#0 [internal function]: CodeIgniter\Debug\Exceptions->errorHandler()
#1 /var/www/html/ci4-admin-lte/vendor/codeigniter4/framework/system/Database/Postgre/Connection.php(187): pg_query()
#2 /var/www/html/ci4-admin-lte/vendor/codeigniter4/framework/system/Database/BaseConnection.php(692): CodeIgniter\Database\Postgre\Connection->execute()
#3 /var/www/html/ci4-admin-lte/vendor/codeigniter4/framework/system/Database/BaseConnection.php(606): CodeIgniter\Database\BaseConnection->simpleQuery()
#4 /var/www/html/ci4-admin-lte/vendor/codeigniter4/framework/system/Database/BaseBuilder.php(1616): CodeIgniter\Database\BaseConnection->query()
#5 /var/www/html/ci4-admin-lte/vendor/codeigniter4/framework/system/Model.php(200): CodeIgniter\Database\BaseBuilder->get()
#6 /var/www/html/ci4-admin-lte/vendor/codeigniter4/framework/system/BaseModel.php(557): CodeIgniter\Model->doFind()
#7 /var/www/html/ci4-admin-lte/app/Config/Services.php(32): CodeIgniter\BaseModel->find()
#8 /var/www/html/ci4-admin-lte/vendor/codeigniter4/framework/system/Config/BaseService.php(193): Config\Services::login()
#9 /var/www/html/ci4-admin-lte/app/Config/Services.php(29): CodeIgniter\Config\BaseService::getSharedInstance()
#10 /var/www/html/ci4-admin-lte/app/Controllers/User.php(22): Config\Services::login()
#11 /var/www/html/ci4-admin-lte/vendor/codeigniter4/framework/system/CodeIgniter.php(905): App\Controllers\User->initController()
#12 /var/www/html/ci4-admin-lte/vendor/codeigniter4/framework/system/CodeIgniter.php(488): CodeIgniter\CodeIgniter->createController()
#13 /var/www/html/ci4-admin-lte/vendor/codeigniter4/framework/system/CodeIgniter.php(366): CodeIgniter\CodeIgniter->handleRequest()
#14 /var/www/html/ci4-admin-lte/public/index.php(72): CodeIgniter\CodeIgniter->run()
#15 {main}
CRITICAL - 2023-08-31 15:47:34 --> pg_query(): Query failed: ERROR:  invalid input syntax for type numeric: &quot;0ad5e340aaba0315b2fed8e63366ecd6&quot;
LINE 3: WHERE &quot;user&quot;.&quot;id&quot; = '0ad5e340aaba0315b2fed8e63366ecd6'
                            ^
in SYSTEMPATH/Database/Postgre/Connection.php on line 187.
 1 [internal function]: CodeIgniter\Debug\Exceptions->errorHandler()
 2 SYSTEMPATH/Database/Postgre/Connection.php(187): pg_query()
 3 SYSTEMPATH/Database/BaseConnection.php(692): CodeIgniter\Database\Postgre\Connection->execute()
 4 SYSTEMPATH/Database/BaseConnection.php(606): CodeIgniter\Database\BaseConnection->simpleQuery()
 5 SYSTEMPATH/Database/BaseBuilder.php(1616): CodeIgniter\Database\BaseConnection->query()
 6 SYSTEMPATH/Model.php(200): CodeIgniter\Database\BaseBuilder->get()
 7 SYSTEMPATH/BaseModel.php(557): CodeIgniter\Model->doFind()
 8 APPPATH/Config/Services.php(32): CodeIgniter\BaseModel->find()
 9 SYSTEMPATH/Config/BaseService.php(193): Config\Services::login()
10 APPPATH/Config/Services.php(29): CodeIgniter\Config\BaseService::getSharedInstance()
11 APPPATH/Controllers/User.php(22): Config\Services::login()
12 SYSTEMPATH/CodeIgniter.php(905): App\Controllers\User->initController()
13 SYSTEMPATH/CodeIgniter.php(488): CodeIgniter\CodeIgniter->createController()
14 SYSTEMPATH/CodeIgniter.php(366): CodeIgniter\CodeIgniter->handleRequest()
15 FCPATH/index.php(72): CodeIgniter\CodeIgniter->run()
INFO - 2023-08-31 15:47:42 --> Session: Class initialized using 'CodeIgniter\Session\Handlers\FileHandler' driver.
INFO - 2023-08-31 15:47:43 --> Session: Class initialized using 'CodeIgniter\Session\Handlers\FileHandler' driver.
INFO - 2023-08-31 15:47:44 --> Session: Class initialized using 'CodeIgniter\Session\Handlers\FileHandler' driver.
ERROR - 2023-08-31 15:47:44 --> ErrorException: pg_query(): Query failed: ERROR:  invalid input syntax for type numeric: &quot;0ad5e340aaba0315b2fed8e63366ecd6&quot;
LINE 3: WHERE &quot;user&quot;.&quot;id&quot; = '0ad5e340aaba0315b2fed8e63366ecd6'
                            ^ in /var/www/html/ci4-admin-lte/vendor/codeigniter4/framework/system/Database/Postgre/Connection.php:187
Stack trace:
#0 [internal function]: CodeIgniter\Debug\Exceptions->errorHandler()
#1 /var/www/html/ci4-admin-lte/vendor/codeigniter4/framework/system/Database/Postgre/Connection.php(187): pg_query()
#2 /var/www/html/ci4-admin-lte/vendor/codeigniter4/framework/system/Database/BaseConnection.php(692): CodeIgniter\Database\Postgre\Connection->execute()
#3 /var/www/html/ci4-admin-lte/vendor/codeigniter4/framework/system/Database/BaseConnection.php(606): CodeIgniter\Database\BaseConnection->simpleQuery()
#4 /var/www/html/ci4-admin-lte/vendor/codeigniter4/framework/system/Database/BaseBuilder.php(1616): CodeIgniter\Database\BaseConnection->query()
#5 /var/www/html/ci4-admin-lte/vendor/codeigniter4/framework/system/Model.php(200): CodeIgniter\Database\BaseBuilder->get()
#6 /var/www/html/ci4-admin-lte/vendor/codeigniter4/framework/system/BaseModel.php(557): CodeIgniter\Model->doFind()
#7 /var/www/html/ci4-admin-lte/app/Config/Services.php(32): CodeIgniter\BaseModel->find()
#8 /var/www/html/ci4-admin-lte/vendor/codeigniter4/framework/system/Config/BaseService.php(193): Config\Services::login()
#9 /var/www/html/ci4-admin-lte/app/Config/Services.php(29): CodeIgniter\Config\BaseService::getSharedInstance()
#10 /var/www/html/ci4-admin-lte/app/Controllers/User.php(22): Config\Services::login()
#11 /var/www/html/ci4-admin-lte/vendor/codeigniter4/framework/system/CodeIgniter.php(905): App\Controllers\User->initController()
#12 /var/www/html/ci4-admin-lte/vendor/codeigniter4/framework/system/CodeIgniter.php(488): CodeIgniter\CodeIgniter->createController()
#13 /var/www/html/ci4-admin-lte/vendor/codeigniter4/framework/system/CodeIgniter.php(366): CodeIgniter\CodeIgniter->handleRequest()
#14 /var/www/html/ci4-admin-lte/public/index.php(72): CodeIgniter\CodeIgniter->run()
#15 {main}
CRITICAL - 2023-08-31 15:47:44 --> pg_query(): Query failed: ERROR:  invalid input syntax for type numeric: &quot;0ad5e340aaba0315b2fed8e63366ecd6&quot;
LINE 3: WHERE &quot;user&quot;.&quot;id&quot; = '0ad5e340aaba0315b2fed8e63366ecd6'
                            ^
in SYSTEMPATH/Database/Postgre/Connection.php on line 187.
 1 [internal function]: CodeIgniter\Debug\Exceptions->errorHandler()
 2 SYSTEMPATH/Database/Postgre/Connection.php(187): pg_query()
 3 SYSTEMPATH/Database/BaseConnection.php(692): CodeIgniter\Database\Postgre\Connection->execute()
 4 SYSTEMPATH/Database/BaseConnection.php(606): CodeIgniter\Database\BaseConnection->simpleQuery()
 5 SYSTEMPATH/Database/BaseBuilder.php(1616): CodeIgniter\Database\BaseConnection->query()
 6 SYSTEMPATH/Model.php(200): CodeIgniter\Database\BaseBuilder->get()
 7 SYSTEMPATH/BaseModel.php(557): CodeIgniter\Model->doFind()
 8 APPPATH/Config/Services.php(32): CodeIgniter\BaseModel->find()
 9 SYSTEMPATH/Config/BaseService.php(193): Config\Services::login()
10 APPPATH/Config/Services.php(29): CodeIgniter\Config\BaseService::getSharedInstance()
11 APPPATH/Controllers/User.php(22): Config\Services::login()
12 SYSTEMPATH/CodeIgniter.php(905): App\Controllers\User->initController()
13 SYSTEMPATH/CodeIgniter.php(488): CodeIgniter\CodeIgniter->createController()
14 SYSTEMPATH/CodeIgniter.php(366): CodeIgniter\CodeIgniter->handleRequest()
15 FCPATH/index.php(72): CodeIgniter\CodeIgniter->run()
INFO - 2023-08-31 15:47:45 --> Session: Class initialized using 'CodeIgniter\Session\Handlers\FileHandler' driver.
INFO - 2023-08-31 15:47:45 --> Session: Class initialized using 'CodeIgniter\Session\Handlers\FileHandler' driver.
INFO - 2023-08-31 15:47:49 --> Session: Class initialized using 'CodeIgniter\Session\Handlers\FileHandler' driver.
ERROR - 2023-08-31 15:47:49 --> ErrorException: pg_query(): Query failed: ERROR:  invalid input syntax for type numeric: &quot;0ad5e340aaba0315b2fed8e63366ecd6&quot;
LINE 3: WHERE &quot;user&quot;.&quot;id&quot; = '0ad5e340aaba0315b2fed8e63366ecd6'
                            ^ in /var/www/html/ci4-admin-lte/vendor/codeigniter4/framework/system/Database/Postgre/Connection.php:187
Stack trace:
#0 [internal function]: CodeIgniter\Debug\Exceptions->errorHandler()
#1 /var/www/html/ci4-admin-lte/vendor/codeigniter4/framework/system/Database/Postgre/Connection.php(187): pg_query()
#2 /var/www/html/ci4-admin-lte/vendor/codeigniter4/framework/system/Database/BaseConnection.php(692): CodeIgniter\Database\Postgre\Connection->execute()
#3 /var/www/html/ci4-admin-lte/vendor/codeigniter4/framework/system/Database/BaseConnection.php(606): CodeIgniter\Database\BaseConnection->simpleQuery()
#4 /var/www/html/ci4-admin-lte/vendor/codeigniter4/framework/system/Database/BaseBuilder.php(1616): CodeIgniter\Database\BaseConnection->query()
#5 /var/www/html/ci4-admin-lte/vendor/codeigniter4/framework/system/Model.php(200): CodeIgniter\Database\BaseBuilder->get()
#6 /var/www/html/ci4-admin-lte/vendor/codeigniter4/framework/system/BaseModel.php(557): CodeIgniter\Model->doFind()
#7 /var/www/html/ci4-admin-lte/app/Config/Services.php(32): CodeIgniter\BaseModel->find()
#8 /var/www/html/ci4-admin-lte/vendor/codeigniter4/framework/system/Config/BaseService.php(193): Config\Services::login()
#9 /var/www/html/ci4-admin-lte/app/Config/Services.php(29): CodeIgniter\Config\BaseService::getSharedInstance()
#10 /var/www/html/ci4-admin-lte/app/Views/home/navbar.php(1): Config\Services::login()
#11 /var/www/html/ci4-admin-lte/vendor/codeigniter4/framework/system/View/View.php(224): include('...')
#12 /var/www/html/ci4-admin-lte/vendor/codeigniter4/framework/system/View/View.php(227): CodeIgniter\View\View->CodeIgniter\View\{closure}()
#13 /var/www/html/ci4-admin-lte/vendor/codeigniter4/framework/system/Common.php(1180): CodeIgniter\View\View->render()
#14 /var/www/html/ci4-admin-lte/app/Views/home/index.php(7): view()
#15 /var/www/html/ci4-admin-lte/vendor/codeigniter4/framework/system/View/View.php(224): include('...')
#16 /var/www/html/ci4-admin-lte/vendor/codeigniter4/framework/system/View/View.php(227): CodeIgniter\View\View->CodeIgniter\View\{closure}()
#17 /var/www/html/ci4-admin-lte/vendor/codeigniter4/framework/system/Common.php(1180): CodeIgniter\View\View->render()
#18 /var/www/html/ci4-admin-lte/app/Controllers/Home.php(24): view()
#19 /var/www/html/ci4-admin-lte/vendor/codeigniter4/framework/system/CodeIgniter.php(932): App\Controllers\Home->index()
#20 /var/www/html/ci4-admin-lte/vendor/codeigniter4/framework/system/CodeIgniter.php(497): CodeIgniter\CodeIgniter->runController()
#21 /var/www/html/ci4-admin-lte/vendor/codeigniter4/framework/system/CodeIgniter.php(366): CodeIgniter\CodeIgniter->handleRequest()
#22 /var/www/html/ci4-admin-lte/public/index.php(72): CodeIgniter\CodeIgniter->run()
#23 {main}
CRITICAL - 2023-08-31 15:47:49 --> pg_query(): Query failed: ERROR:  invalid input syntax for type numeric: &quot;0ad5e340aaba0315b2fed8e63366ecd6&quot;
LINE 3: WHERE &quot;user&quot;.&quot;id&quot; = '0ad5e340aaba0315b2fed8e63366ecd6'
                            ^
in SYSTEMPATH/Database/Postgre/Connection.php on line 187.
 1 [internal function]: CodeIgniter\Debug\Exceptions->errorHandler()
 2 SYSTEMPATH/Database/Postgre/Connection.php(187): pg_query()
 3 SYSTEMPATH/Database/BaseConnection.php(692): CodeIgniter\Database\Postgre\Connection->execute()
 4 SYSTEMPATH/Database/BaseConnection.php(606): CodeIgniter\Database\BaseConnection->simpleQuery()
 5 SYSTEMPATH/Database/BaseBuilder.php(1616): CodeIgniter\Database\BaseConnection->query()
 6 SYSTEMPATH/Model.php(200): CodeIgniter\Database\BaseBuilder->get()
 7 SYSTEMPATH/BaseModel.php(557): CodeIgniter\Model->doFind()
 8 APPPATH/Config/Services.php(32): CodeIgniter\BaseModel->find()
 9 SYSTEMPATH/Config/BaseService.php(193): Config\Services::login()
10 APPPATH/Config/Services.php(29): CodeIgniter\Config\BaseService::getSharedInstance()
11 APPPATH/Views/home/navbar.php(1): Config\Services::login()
12 SYSTEMPATH/View/View.php(224): include('/var/www/html/ci4-admin-lte/app/Views/home/navbar.php')
13 SYSTEMPATH/View/View.php(227): CodeIgniter\View\View->CodeIgniter\View\{closure}()
14 SYSTEMPATH/Common.php(1180): CodeIgniter\View\View->render()
15 APPPATH/Views/home/index.php(7): view()
16 SYSTEMPATH/View/View.php(224): include('/var/www/html/ci4-admin-lte/app/Views/home/index.php')
17 SYSTEMPATH/View/View.php(227): CodeIgniter\View\View->CodeIgniter\View\{closure}()
18 SYSTEMPATH/Common.php(1180): CodeIgniter\View\View->render()
19 APPPATH/Controllers/Home.php(24): view()
20 SYSTEMPATH/CodeIgniter.php(932): App\Controllers\Home->index()
21 SYSTEMPATH/CodeIgniter.php(497): CodeIgniter\CodeIgniter->runController()
22 SYSTEMPATH/CodeIgniter.php(366): CodeIgniter\CodeIgniter->handleRequest()
23 FCPATH/index.php(72): CodeIgniter\CodeIgniter->run()
INFO - 2023-08-31 15:47:53 --> Session: Class initialized using 'CodeIgniter\Session\Handlers\FileHandler' driver.
INFO - 2023-08-31 15:47:53 --> Session: Class initialized using 'CodeIgniter\Session\Handlers\FileHandler' driver.
ERROR - 2023-08-31 15:47:53 --> ErrorException: pg_query(): Query failed: ERROR:  invalid input syntax for type numeric: &quot;0ad5e340aaba0315b2fed8e63366ecd6&quot;
LINE 3: WHERE &quot;user&quot;.&quot;id&quot; = '0ad5e340aaba0315b2fed8e63366ecd6'
                            ^ in /var/www/html/ci4-admin-lte/vendor/codeigniter4/framework/system/Database/Postgre/Connection.php:187
Stack trace:
#0 [internal function]: CodeIgniter\Debug\Exceptions->errorHandler()
#1 /var/www/html/ci4-admin-lte/vendor/codeigniter4/framework/system/Database/Postgre/Connection.php(187): pg_query()
#2 /var/www/html/ci4-admin-lte/vendor/codeigniter4/framework/system/Database/BaseConnection.php(692): CodeIgniter\Database\Postgre\Connection->execute()
#3 /var/www/html/ci4-admin-lte/vendor/codeigniter4/framework/system/Database/BaseConnection.php(606): CodeIgniter\Database\BaseConnection->simpleQuery()
#4 /var/www/html/ci4-admin-lte/vendor/codeigniter4/framework/system/Database/BaseBuilder.php(1616): CodeIgniter\Database\BaseConnection->query()
#5 /var/www/html/ci4-admin-lte/vendor/codeigniter4/framework/system/Model.php(200): CodeIgniter\Database\BaseBuilder->get()
#6 /var/www/html/ci4-admin-lte/vendor/codeigniter4/framework/system/BaseModel.php(557): CodeIgniter\Model->doFind()
#7 /var/www/html/ci4-admin-lte/app/Config/Services.php(32): CodeIgniter\BaseModel->find()
#8 /var/www/html/ci4-admin-lte/vendor/codeigniter4/framework/system/Config/BaseService.php(193): Config\Services::login()
#9 /var/www/html/ci4-admin-lte/app/Config/Services.php(29): CodeIgniter\Config\BaseService::getSharedInstance()
#10 /var/www/html/ci4-admin-lte/app/Controllers/User.php(22): Config\Services::login()
#11 /var/www/html/ci4-admin-lte/vendor/codeigniter4/framework/system/CodeIgniter.php(905): App\Controllers\User->initController()
#12 /var/www/html/ci4-admin-lte/vendor/codeigniter4/framework/system/CodeIgniter.php(488): CodeIgniter\CodeIgniter->createController()
#13 /var/www/html/ci4-admin-lte/vendor/codeigniter4/framework/system/CodeIgniter.php(366): CodeIgniter\CodeIgniter->handleRequest()
#14 /var/www/html/ci4-admin-lte/public/index.php(72): CodeIgniter\CodeIgniter->run()
#15 {main}
CRITICAL - 2023-08-31 15:47:54 --> pg_query(): Query failed: ERROR:  invalid input syntax for type numeric: &quot;0ad5e340aaba0315b2fed8e63366ecd6&quot;
LINE 3: WHERE &quot;user&quot;.&quot;id&quot; = '0ad5e340aaba0315b2fed8e63366ecd6'
                            ^
in SYSTEMPATH/Database/Postgre/Connection.php on line 187.
 1 [internal function]: CodeIgniter\Debug\Exceptions->errorHandler()
 2 SYSTEMPATH/Database/Postgre/Connection.php(187): pg_query()
 3 SYSTEMPATH/Database/BaseConnection.php(692): CodeIgniter\Database\Postgre\Connection->execute()
 4 SYSTEMPATH/Database/BaseConnection.php(606): CodeIgniter\Database\BaseConnection->simpleQuery()
 5 SYSTEMPATH/Database/BaseBuilder.php(1616): CodeIgniter\Database\BaseConnection->query()
 6 SYSTEMPATH/Model.php(200): CodeIgniter\Database\BaseBuilder->get()
 7 SYSTEMPATH/BaseModel.php(557): CodeIgniter\Model->doFind()
 8 APPPATH/Config/Services.php(32): CodeIgniter\BaseModel->find()
 9 SYSTEMPATH/Config/BaseService.php(193): Config\Services::login()
10 APPPATH/Config/Services.php(29): CodeIgniter\Config\BaseService::getSharedInstance()
11 APPPATH/Controllers/User.php(22): Config\Services::login()
12 SYSTEMPATH/CodeIgniter.php(905): App\Controllers\User->initController()
13 SYSTEMPATH/CodeIgniter.php(488): CodeIgniter\CodeIgniter->createController()
14 SYSTEMPATH/CodeIgniter.php(366): CodeIgniter\CodeIgniter->handleRequest()
15 FCPATH/index.php(72): CodeIgniter\CodeIgniter->run()
INFO - 2023-08-31 15:48:18 --> Session: Class initialized using 'CodeIgniter\Session\Handlers\FileHandler' driver.
ERROR - 2023-08-31 15:48:18 --> ErrorException: pg_query(): Query failed: ERROR:  invalid input syntax for type numeric: &quot;0ad5e340aaba0315b2fed8e63366ecd6&quot;
LINE 3: WHERE &quot;user&quot;.&quot;id&quot; = '0ad5e340aaba0315b2fed8e63366ecd6'
                            ^ in /var/www/html/ci4-admin-lte/vendor/codeigniter4/framework/system/Database/Postgre/Connection.php:187
Stack trace:
#0 [internal function]: CodeIgniter\Debug\Exceptions->errorHandler()
#1 /var/www/html/ci4-admin-lte/vendor/codeigniter4/framework/system/Database/Postgre/Connection.php(187): pg_query()
#2 /var/www/html/ci4-admin-lte/vendor/codeigniter4/framework/system/Database/BaseConnection.php(692): CodeIgniter\Database\Postgre\Connection->execute()
#3 /var/www/html/ci4-admin-lte/vendor/codeigniter4/framework/system/Database/BaseConnection.php(606): CodeIgniter\Database\BaseConnection->simpleQuery()
#4 /var/www/html/ci4-admin-lte/vendor/codeigniter4/framework/system/Database/BaseBuilder.php(1616): CodeIgniter\Database\BaseConnection->query()
#5 /var/www/html/ci4-admin-lte/vendor/codeigniter4/framework/system/Model.php(200): CodeIgniter\Database\BaseBuilder->get()
#6 /var/www/html/ci4-admin-lte/vendor/codeigniter4/framework/system/BaseModel.php(557): CodeIgniter\Model->doFind()
#7 /var/www/html/ci4-admin-lte/app/Config/Services.php(32): CodeIgniter\BaseModel->find()
#8 /var/www/html/ci4-admin-lte/vendor/codeigniter4/framework/system/Config/BaseService.php(193): Config\Services::login()
#9 /var/www/html/ci4-admin-lte/app/Config/Services.php(29): CodeIgniter\Config\BaseService::getSharedInstance()
#10 /var/www/html/ci4-admin-lte/app/Controllers/User.php(22): Config\Services::login()
#11 /var/www/html/ci4-admin-lte/vendor/codeigniter4/framework/system/CodeIgniter.php(905): App\Controllers\User->initController()
#12 /var/www/html/ci4-admin-lte/vendor/codeigniter4/framework/system/CodeIgniter.php(488): CodeIgniter\CodeIgniter->createController()
#13 /var/www/html/ci4-admin-lte/vendor/codeigniter4/framework/system/CodeIgniter.php(366): CodeIgniter\CodeIgniter->handleRequest()
#14 /var/www/html/ci4-admin-lte/public/index.php(72): CodeIgniter\CodeIgniter->run()
#15 {main}
CRITICAL - 2023-08-31 15:48:18 --> pg_query(): Query failed: ERROR:  invalid input syntax for type numeric: &quot;0ad5e340aaba0315b2fed8e63366ecd6&quot;
LINE 3: WHERE &quot;user&quot;.&quot;id&quot; = '0ad5e340aaba0315b2fed8e63366ecd6'
                            ^
in SYSTEMPATH/Database/Postgre/Connection.php on line 187.
 1 [internal function]: CodeIgniter\Debug\Exceptions->errorHandler()
 2 SYSTEMPATH/Database/Postgre/Connection.php(187): pg_query()
 3 SYSTEMPATH/Database/BaseConnection.php(692): CodeIgniter\Database\Postgre\Connection->execute()
 4 SYSTEMPATH/Database/BaseConnection.php(606): CodeIgniter\Database\BaseConnection->simpleQuery()
 5 SYSTEMPATH/Database/BaseBuilder.php(1616): CodeIgniter\Database\BaseConnection->query()
 6 SYSTEMPATH/Model.php(200): CodeIgniter\Database\BaseBuilder->get()
 7 SYSTEMPATH/BaseModel.php(557): CodeIgniter\Model->doFind()
 8 APPPATH/Config/Services.php(32): CodeIgniter\BaseModel->find()
 9 SYSTEMPATH/Config/BaseService.php(193): Config\Services::login()
10 APPPATH/Config/Services.php(29): CodeIgniter\Config\BaseService::getSharedInstance()
11 APPPATH/Controllers/User.php(22): Config\Services::login()
12 SYSTEMPATH/CodeIgniter.php(905): App\Controllers\User->initController()
13 SYSTEMPATH/CodeIgniter.php(488): CodeIgniter\CodeIgniter->createController()
14 SYSTEMPATH/CodeIgniter.php(366): CodeIgniter\CodeIgniter->handleRequest()
15 FCPATH/index.php(72): CodeIgniter\CodeIgniter->run()
INFO - 2023-08-31 15:49:00 --> Session: Class initialized using 'CodeIgniter\Session\Handlers\FileHandler' driver.
ERROR - 2023-08-31 15:49:00 --> ErrorException: pg_query(): Query failed: ERROR:  invalid input syntax for type numeric: &quot;0ad5e340aaba0315b2fed8e63366ecd6&quot;
LINE 3: WHERE &quot;user&quot;.&quot;id&quot; = '0ad5e340aaba0315b2fed8e63366ecd6'
                            ^ in /var/www/html/ci4-admin-lte/vendor/codeigniter4/framework/system/Database/Postgre/Connection.php:187
Stack trace:
#0 [internal function]: CodeIgniter\Debug\Exceptions->errorHandler()
#1 /var/www/html/ci4-admin-lte/vendor/codeigniter4/framework/system/Database/Postgre/Connection.php(187): pg_query()
#2 /var/www/html/ci4-admin-lte/vendor/codeigniter4/framework/system/Database/BaseConnection.php(692): CodeIgniter\Database\Postgre\Connection->execute()
#3 /var/www/html/ci4-admin-lte/vendor/codeigniter4/framework/system/Database/BaseConnection.php(606): CodeIgniter\Database\BaseConnection->simpleQuery()
#4 /var/www/html/ci4-admin-lte/vendor/codeigniter4/framework/system/Database/BaseBuilder.php(1616): CodeIgniter\Database\BaseConnection->query()
#5 /var/www/html/ci4-admin-lte/vendor/codeigniter4/framework/system/Model.php(200): CodeIgniter\Database\BaseBuilder->get()
#6 /var/www/html/ci4-admin-lte/vendor/codeigniter4/framework/system/BaseModel.php(557): CodeIgniter\Model->doFind()
#7 /var/www/html/ci4-admin-lte/app/Config/Services.php(32): CodeIgniter\BaseModel->find()
#8 /var/www/html/ci4-admin-lte/vendor/codeigniter4/framework/system/Config/BaseService.php(193): Config\Services::login()
#9 /var/www/html/ci4-admin-lte/app/Config/Services.php(29): CodeIgniter\Config\BaseService::getSharedInstance()
#10 /var/www/html/ci4-admin-lte/app/Controllers/User.php(22): Config\Services::login()
#11 /var/www/html/ci4-admin-lte/vendor/codeigniter4/framework/system/CodeIgniter.php(905): App\Controllers\User->initController()
#12 /var/www/html/ci4-admin-lte/vendor/codeigniter4/framework/system/CodeIgniter.php(488): CodeIgniter\CodeIgniter->createController()
#13 /var/www/html/ci4-admin-lte/vendor/codeigniter4/framework/system/CodeIgniter.php(366): CodeIgniter\CodeIgniter->handleRequest()
#14 /var/www/html/ci4-admin-lte/public/index.php(72): CodeIgniter\CodeIgniter->run()
#15 {main}
CRITICAL - 2023-08-31 15:49:00 --> pg_query(): Query failed: ERROR:  invalid input syntax for type numeric: &quot;0ad5e340aaba0315b2fed8e63366ecd6&quot;
LINE 3: WHERE &quot;user&quot;.&quot;id&quot; = '0ad5e340aaba0315b2fed8e63366ecd6'
                            ^
in SYSTEMPATH/Database/Postgre/Connection.php on line 187.
 1 [internal function]: CodeIgniter\Debug\Exceptions->errorHandler()
 2 SYSTEMPATH/Database/Postgre/Connection.php(187): pg_query()
 3 SYSTEMPATH/Database/BaseConnection.php(692): CodeIgniter\Database\Postgre\Connection->execute()
 4 SYSTEMPATH/Database/BaseConnection.php(606): CodeIgniter\Database\BaseConnection->simpleQuery()
 5 SYSTEMPATH/Database/BaseBuilder.php(1616): CodeIgniter\Database\BaseConnection->query()
 6 SYSTEMPATH/Model.php(200): CodeIgniter\Database\BaseBuilder->get()
 7 SYSTEMPATH/BaseModel.php(557): CodeIgniter\Model->doFind()
 8 APPPATH/Config/Services.php(32): CodeIgniter\BaseModel->find()
 9 SYSTEMPATH/Config/BaseService.php(193): Config\Services::login()
10 APPPATH/Config/Services.php(29): CodeIgniter\Config\BaseService::getSharedInstance()
11 APPPATH/Controllers/User.php(22): Config\Services::login()
12 SYSTEMPATH/CodeIgniter.php(905): App\Controllers\User->initController()
13 SYSTEMPATH/CodeIgniter.php(488): CodeIgniter\CodeIgniter->createController()
14 SYSTEMPATH/CodeIgniter.php(366): CodeIgniter\CodeIgniter->handleRequest()
15 FCPATH/index.php(72): CodeIgniter\CodeIgniter->run()
INFO - 2023-08-31 15:50:25 --> Session: Class initialized using 'CodeIgniter\Session\Handlers\FileHandler' driver.
ERROR - 2023-08-31 15:50:26 --> ErrorException: pg_query(): Query failed: ERROR:  invalid input syntax for type numeric: &quot;0ad5e340aaba0315b2fed8e63366ecd6&quot;
LINE 3: WHERE &quot;user&quot;.&quot;id&quot; = '0ad5e340aaba0315b2fed8e63366ecd6'
                            ^ in /var/www/html/ci4-admin-lte/vendor/codeigniter4/framework/system/Database/Postgre/Connection.php:187
Stack trace:
#0 [internal function]: CodeIgniter\Debug\Exceptions->errorHandler()
#1 /var/www/html/ci4-admin-lte/vendor/codeigniter4/framework/system/Database/Postgre/Connection.php(187): pg_query()
#2 /var/www/html/ci4-admin-lte/vendor/codeigniter4/framework/system/Database/BaseConnection.php(692): CodeIgniter\Database\Postgre\Connection->execute()
#3 /var/www/html/ci4-admin-lte/vendor/codeigniter4/framework/system/Database/BaseConnection.php(606): CodeIgniter\Database\BaseConnection->simpleQuery()
#4 /var/www/html/ci4-admin-lte/vendor/codeigniter4/framework/system/Database/BaseBuilder.php(1616): CodeIgniter\Database\BaseConnection->query()
#5 /var/www/html/ci4-admin-lte/vendor/codeigniter4/framework/system/Model.php(200): CodeIgniter\Database\BaseBuilder->get()
#6 /var/www/html/ci4-admin-lte/vendor/codeigniter4/framework/system/BaseModel.php(557): CodeIgniter\Model->doFind()
#7 /var/www/html/ci4-admin-lte/app/Config/Services.php(32): CodeIgniter\BaseModel->find()
#8 /var/www/html/ci4-admin-lte/vendor/codeigniter4/framework/system/Config/BaseService.php(193): Config\Services::login()
#9 /var/www/html/ci4-admin-lte/app/Config/Services.php(29): CodeIgniter\Config\BaseService::getSharedInstance()
#10 /var/www/html/ci4-admin-lte/app/Controllers/User.php(22): Config\Services::login()
#11 /var/www/html/ci4-admin-lte/vendor/codeigniter4/framework/system/CodeIgniter.php(905): App\Controllers\User->initController()
#12 /var/www/html/ci4-admin-lte/vendor/codeigniter4/framework/system/CodeIgniter.php(488): CodeIgniter\CodeIgniter->createController()
#13 /var/www/html/ci4-admin-lte/vendor/codeigniter4/framework/system/CodeIgniter.php(366): CodeIgniter\CodeIgniter->handleRequest()
#14 /var/www/html/ci4-admin-lte/public/index.php(72): CodeIgniter\CodeIgniter->run()
#15 {main}
CRITICAL - 2023-08-31 15:50:26 --> pg_query(): Query failed: ERROR:  invalid input syntax for type numeric: &quot;0ad5e340aaba0315b2fed8e63366ecd6&quot;
LINE 3: WHERE &quot;user&quot;.&quot;id&quot; = '0ad5e340aaba0315b2fed8e63366ecd6'
                            ^
in SYSTEMPATH/Database/Postgre/Connection.php on line 187.
 1 [internal function]: CodeIgniter\Debug\Exceptions->errorHandler()
 2 SYSTEMPATH/Database/Postgre/Connection.php(187): pg_query()
 3 SYSTEMPATH/Database/BaseConnection.php(692): CodeIgniter\Database\Postgre\Connection->execute()
 4 SYSTEMPATH/Database/BaseConnection.php(606): CodeIgniter\Database\BaseConnection->simpleQuery()
 5 SYSTEMPATH/Database/BaseBuilder.php(1616): CodeIgniter\Database\BaseConnection->query()
 6 SYSTEMPATH/Model.php(200): CodeIgniter\Database\BaseBuilder->get()
 7 SYSTEMPATH/BaseModel.php(557): CodeIgniter\Model->doFind()
 8 APPPATH/Config/Services.php(32): CodeIgniter\BaseModel->find()
 9 SYSTEMPATH/Config/BaseService.php(193): Config\Services::login()
10 APPPATH/Config/Services.php(29): CodeIgniter\Config\BaseService::getSharedInstance()
11 APPPATH/Controllers/User.php(22): Config\Services::login()
12 SYSTEMPATH/CodeIgniter.php(905): App\Controllers\User->initController()
13 SYSTEMPATH/CodeIgniter.php(488): CodeIgniter\CodeIgniter->createController()
14 SYSTEMPATH/CodeIgniter.php(366): CodeIgniter\CodeIgniter->handleRequest()
15 FCPATH/index.php(72): CodeIgniter\CodeIgniter->run()
INFO - 2023-08-31 15:50:54 --> Session: Class initialized using 'CodeIgniter\Session\Handlers\FileHandler' driver.
INFO - 2023-08-31 15:51:00 --> Session: Class initialized using 'CodeIgniter\Session\Handlers\FileHandler' driver.
ERROR - 2023-08-31 15:51:00 --> ErrorException: pg_query(): Query failed: ERROR:  invalid input syntax for type numeric: &quot;0ad5e340aaba0315b2fed8e63366ecd6&quot;
LINE 3: WHERE &quot;user&quot;.&quot;id&quot; = '0ad5e340aaba0315b2fed8e63366ecd6'
                            ^ in /var/www/html/ci4-admin-lte/vendor/codeigniter4/framework/system/Database/Postgre/Connection.php:187
Stack trace:
#0 [internal function]: CodeIgniter\Debug\Exceptions->errorHandler()
#1 /var/www/html/ci4-admin-lte/vendor/codeigniter4/framework/system/Database/Postgre/Connection.php(187): pg_query()
#2 /var/www/html/ci4-admin-lte/vendor/codeigniter4/framework/system/Database/BaseConnection.php(692): CodeIgniter\Database\Postgre\Connection->execute()
#3 /var/www/html/ci4-admin-lte/vendor/codeigniter4/framework/system/Database/BaseConnection.php(606): CodeIgniter\Database\BaseConnection->simpleQuery()
#4 /var/www/html/ci4-admin-lte/vendor/codeigniter4/framework/system/Database/BaseBuilder.php(1616): CodeIgniter\Database\BaseConnection->query()
#5 /var/www/html/ci4-admin-lte/vendor/codeigniter4/framework/system/Model.php(200): CodeIgniter\Database\BaseBuilder->get()
#6 /var/www/html/ci4-admin-lte/vendor/codeigniter4/framework/system/BaseModel.php(557): CodeIgniter\Model->doFind()
#7 /var/www/html/ci4-admin-lte/app/Config/Services.php(32): CodeIgniter\BaseModel->find()
#8 /var/www/html/ci4-admin-lte/vendor/codeigniter4/framework/system/Config/BaseService.php(193): Config\Services::login()
#9 /var/www/html/ci4-admin-lte/app/Config/Services.php(29): CodeIgniter\Config\BaseService::getSharedInstance()
#10 /var/www/html/ci4-admin-lte/app/Controllers/User.php(22): Config\Services::login()
#11 /var/www/html/ci4-admin-lte/vendor/codeigniter4/framework/system/CodeIgniter.php(905): App\Controllers\User->initController()
#12 /var/www/html/ci4-admin-lte/vendor/codeigniter4/framework/system/CodeIgniter.php(488): CodeIgniter\CodeIgniter->createController()
#13 /var/www/html/ci4-admin-lte/vendor/codeigniter4/framework/system/CodeIgniter.php(366): CodeIgniter\CodeIgniter->handleRequest()
#14 /var/www/html/ci4-admin-lte/public/index.php(72): CodeIgniter\CodeIgniter->run()
#15 {main}
CRITICAL - 2023-08-31 15:51:00 --> pg_query(): Query failed: ERROR:  invalid input syntax for type numeric: &quot;0ad5e340aaba0315b2fed8e63366ecd6&quot;
LINE 3: WHERE &quot;user&quot;.&quot;id&quot; = '0ad5e340aaba0315b2fed8e63366ecd6'
                            ^
in SYSTEMPATH/Database/Postgre/Connection.php on line 187.
 1 [internal function]: CodeIgniter\Debug\Exceptions->errorHandler()
 2 SYSTEMPATH/Database/Postgre/Connection.php(187): pg_query()
 3 SYSTEMPATH/Database/BaseConnection.php(692): CodeIgniter\Database\Postgre\Connection->execute()
 4 SYSTEMPATH/Database/BaseConnection.php(606): CodeIgniter\Database\BaseConnection->simpleQuery()
 5 SYSTEMPATH/Database/BaseBuilder.php(1616): CodeIgniter\Database\BaseConnection->query()
 6 SYSTEMPATH/Model.php(200): CodeIgniter\Database\BaseBuilder->get()
 7 SYSTEMPATH/BaseModel.php(557): CodeIgniter\Model->doFind()
 8 APPPATH/Config/Services.php(32): CodeIgniter\BaseModel->find()
 9 SYSTEMPATH/Config/BaseService.php(193): Config\Services::login()
10 APPPATH/Config/Services.php(29): CodeIgniter\Config\BaseService::getSharedInstance()
11 APPPATH/Controllers/User.php(22): Config\Services::login()
12 SYSTEMPATH/CodeIgniter.php(905): App\Controllers\User->initController()
13 SYSTEMPATH/CodeIgniter.php(488): CodeIgniter\CodeIgniter->createController()
14 SYSTEMPATH/CodeIgniter.php(366): CodeIgniter\CodeIgniter->handleRequest()
15 FCPATH/index.php(72): CodeIgniter\CodeIgniter->run()
INFO - 2023-08-31 15:51:05 --> Session: Class initialized using 'CodeIgniter\Session\Handlers\FileHandler' driver.
INFO - 2023-08-31 15:51:06 --> Session: Class initialized using 'CodeIgniter\Session\Handlers\FileHandler' driver.
ERROR - 2023-08-31 15:51:06 --> ErrorException: pg_query(): Query failed: ERROR:  invalid input syntax for type numeric: &quot;0ad5e340aaba0315b2fed8e63366ecd6&quot;
LINE 3: WHERE &quot;user&quot;.&quot;id&quot; = '0ad5e340aaba0315b2fed8e63366ecd6'
                            ^ in /var/www/html/ci4-admin-lte/vendor/codeigniter4/framework/system/Database/Postgre/Connection.php:187
Stack trace:
#0 [internal function]: CodeIgniter\Debug\Exceptions->errorHandler()
#1 /var/www/html/ci4-admin-lte/vendor/codeigniter4/framework/system/Database/Postgre/Connection.php(187): pg_query()
#2 /var/www/html/ci4-admin-lte/vendor/codeigniter4/framework/system/Database/BaseConnection.php(692): CodeIgniter\Database\Postgre\Connection->execute()
#3 /var/www/html/ci4-admin-lte/vendor/codeigniter4/framework/system/Database/BaseConnection.php(606): CodeIgniter\Database\BaseConnection->simpleQuery()
#4 /var/www/html/ci4-admin-lte/vendor/codeigniter4/framework/system/Database/BaseBuilder.php(1616): CodeIgniter\Database\BaseConnection->query()
#5 /var/www/html/ci4-admin-lte/vendor/codeigniter4/framework/system/Model.php(200): CodeIgniter\Database\BaseBuilder->get()
#6 /var/www/html/ci4-admin-lte/vendor/codeigniter4/framework/system/BaseModel.php(557): CodeIgniter\Model->doFind()
#7 /var/www/html/ci4-admin-lte/app/Config/Services.php(32): CodeIgniter\BaseModel->find()
#8 /var/www/html/ci4-admin-lte/vendor/codeigniter4/framework/system/Config/BaseService.php(193): Config\Services::login()
#9 /var/www/html/ci4-admin-lte/app/Config/Services.php(29): CodeIgniter\Config\BaseService::getSharedInstance()
#10 /var/www/html/ci4-admin-lte/app/Controllers/User.php(22): Config\Services::login()
#11 /var/www/html/ci4-admin-lte/vendor/codeigniter4/framework/system/CodeIgniter.php(905): App\Controllers\User->initController()
#12 /var/www/html/ci4-admin-lte/vendor/codeigniter4/framework/system/CodeIgniter.php(488): CodeIgniter\CodeIgniter->createController()
#13 /var/www/html/ci4-admin-lte/vendor/codeigniter4/framework/system/CodeIgniter.php(366): CodeIgniter\CodeIgniter->handleRequest()
#14 /var/www/html/ci4-admin-lte/public/index.php(72): CodeIgniter\CodeIgniter->run()
#15 {main}
CRITICAL - 2023-08-31 15:51:06 --> pg_query(): Query failed: ERROR:  invalid input syntax for type numeric: &quot;0ad5e340aaba0315b2fed8e63366ecd6&quot;
LINE 3: WHERE &quot;user&quot;.&quot;id&quot; = '0ad5e340aaba0315b2fed8e63366ecd6'
                            ^
in SYSTEMPATH/Database/Postgre/Connection.php on line 187.
 1 [internal function]: CodeIgniter\Debug\Exceptions->errorHandler()
 2 SYSTEMPATH/Database/Postgre/Connection.php(187): pg_query()
 3 SYSTEMPATH/Database/BaseConnection.php(692): CodeIgniter\Database\Postgre\Connection->execute()
 4 SYSTEMPATH/Database/BaseConnection.php(606): CodeIgniter\Database\BaseConnection->simpleQuery()
 5 SYSTEMPATH/Database/BaseBuilder.php(1616): CodeIgniter\Database\BaseConnection->query()
 6 SYSTEMPATH/Model.php(200): CodeIgniter\Database\BaseBuilder->get()
 7 SYSTEMPATH/BaseModel.php(557): CodeIgniter\Model->doFind()
 8 APPPATH/Config/Services.php(32): CodeIgniter\BaseModel->find()
 9 SYSTEMPATH/Config/BaseService.php(193): Config\Services::login()
10 APPPATH/Config/Services.php(29): CodeIgniter\Config\BaseService::getSharedInstance()
11 APPPATH/Controllers/User.php(22): Config\Services::login()
12 SYSTEMPATH/CodeIgniter.php(905): App\Controllers\User->initController()
13 SYSTEMPATH/CodeIgniter.php(488): CodeIgniter\CodeIgniter->createController()
14 SYSTEMPATH/CodeIgniter.php(366): CodeIgniter\CodeIgniter->handleRequest()
15 FCPATH/index.php(72): CodeIgniter\CodeIgniter->run()
INFO - 2023-08-31 15:51:22 --> Session: Class initialized using 'CodeIgniter\Session\Handlers\FileHandler' driver.
ERROR - 2023-08-31 15:51:22 --> ErrorException: pg_query(): Query failed: ERROR:  invalid input syntax for type numeric: &quot;0ad5e340aaba0315b2fed8e63366ecd6&quot;
LINE 3: WHERE &quot;user&quot;.&quot;id&quot; = '0ad5e340aaba0315b2fed8e63366ecd6'
                            ^ in /var/www/html/ci4-admin-lte/vendor/codeigniter4/framework/system/Database/Postgre/Connection.php:187
Stack trace:
#0 [internal function]: CodeIgniter\Debug\Exceptions->errorHandler()
#1 /var/www/html/ci4-admin-lte/vendor/codeigniter4/framework/system/Database/Postgre/Connection.php(187): pg_query()
#2 /var/www/html/ci4-admin-lte/vendor/codeigniter4/framework/system/Database/BaseConnection.php(692): CodeIgniter\Database\Postgre\Connection->execute()
#3 /var/www/html/ci4-admin-lte/vendor/codeigniter4/framework/system/Database/BaseConnection.php(606): CodeIgniter\Database\BaseConnection->simpleQuery()
#4 /var/www/html/ci4-admin-lte/vendor/codeigniter4/framework/system/Database/BaseBuilder.php(1616): CodeIgniter\Database\BaseConnection->query()
#5 /var/www/html/ci4-admin-lte/vendor/codeigniter4/framework/system/Model.php(200): CodeIgniter\Database\BaseBuilder->get()
#6 /var/www/html/ci4-admin-lte/vendor/codeigniter4/framework/system/BaseModel.php(557): CodeIgniter\Model->doFind()
#7 /var/www/html/ci4-admin-lte/app/Config/Services.php(32): CodeIgniter\BaseModel->find()
#8 /var/www/html/ci4-admin-lte/vendor/codeigniter4/framework/system/Config/BaseService.php(193): Config\Services::login()
#9 /var/www/html/ci4-admin-lte/app/Config/Services.php(29): CodeIgniter\Config\BaseService::getSharedInstance()
#10 /var/www/html/ci4-admin-lte/app/Controllers/User.php(22): Config\Services::login()
#11 /var/www/html/ci4-admin-lte/vendor/codeigniter4/framework/system/CodeIgniter.php(905): App\Controllers\User->initController()
#12 /var/www/html/ci4-admin-lte/vendor/codeigniter4/framework/system/CodeIgniter.php(488): CodeIgniter\CodeIgniter->createController()
#13 /var/www/html/ci4-admin-lte/vendor/codeigniter4/framework/system/CodeIgniter.php(366): CodeIgniter\CodeIgniter->handleRequest()
#14 /var/www/html/ci4-admin-lte/public/index.php(72): CodeIgniter\CodeIgniter->run()
#15 {main}
CRITICAL - 2023-08-31 15:51:22 --> pg_query(): Query failed: ERROR:  invalid input syntax for type numeric: &quot;0ad5e340aaba0315b2fed8e63366ecd6&quot;
LINE 3: WHERE &quot;user&quot;.&quot;id&quot; = '0ad5e340aaba0315b2fed8e63366ecd6'
                            ^
in SYSTEMPATH/Database/Postgre/Connection.php on line 187.
 1 [internal function]: CodeIgniter\Debug\Exceptions->errorHandler()
 2 SYSTEMPATH/Database/Postgre/Connection.php(187): pg_query()
 3 SYSTEMPATH/Database/BaseConnection.php(692): CodeIgniter\Database\Postgre\Connection->execute()
 4 SYSTEMPATH/Database/BaseConnection.php(606): CodeIgniter\Database\BaseConnection->simpleQuery()
 5 SYSTEMPATH/Database/BaseBuilder.php(1616): CodeIgniter\Database\BaseConnection->query()
 6 SYSTEMPATH/Model.php(200): CodeIgniter\Database\BaseBuilder->get()
 7 SYSTEMPATH/BaseModel.php(557): CodeIgniter\Model->doFind()
 8 APPPATH/Config/Services.php(32): CodeIgniter\BaseModel->find()
 9 SYSTEMPATH/Config/BaseService.php(193): Config\Services::login()
10 APPPATH/Config/Services.php(29): CodeIgniter\Config\BaseService::getSharedInstance()
11 APPPATH/Controllers/User.php(22): Config\Services::login()
12 SYSTEMPATH/CodeIgniter.php(905): App\Controllers\User->initController()
13 SYSTEMPATH/CodeIgniter.php(488): CodeIgniter\CodeIgniter->createController()
14 SYSTEMPATH/CodeIgniter.php(366): CodeIgniter\CodeIgniter->handleRequest()
15 FCPATH/index.php(72): CodeIgniter\CodeIgniter->run()
INFO - 2023-08-31 15:51:34 --> Session: Class initialized using 'CodeIgniter\Session\Handlers\FileHandler' driver.
ERROR - 2023-08-31 15:51:35 --> ErrorException: pg_query(): Query failed: ERROR:  invalid input syntax for type numeric: &quot;0ad5e340aaba0315b2fed8e63366ecd6&quot;
LINE 3: WHERE &quot;user&quot;.&quot;id&quot; = '0ad5e340aaba0315b2fed8e63366ecd6'
                            ^ in /var/www/html/ci4-admin-lte/vendor/codeigniter4/framework/system/Database/Postgre/Connection.php:187
Stack trace:
#0 [internal function]: CodeIgniter\Debug\Exceptions->errorHandler()
#1 /var/www/html/ci4-admin-lte/vendor/codeigniter4/framework/system/Database/Postgre/Connection.php(187): pg_query()
#2 /var/www/html/ci4-admin-lte/vendor/codeigniter4/framework/system/Database/BaseConnection.php(692): CodeIgniter\Database\Postgre\Connection->execute()
#3 /var/www/html/ci4-admin-lte/vendor/codeigniter4/framework/system/Database/BaseConnection.php(606): CodeIgniter\Database\BaseConnection->simpleQuery()
#4 /var/www/html/ci4-admin-lte/vendor/codeigniter4/framework/system/Database/BaseBuilder.php(1616): CodeIgniter\Database\BaseConnection->query()
#5 /var/www/html/ci4-admin-lte/vendor/codeigniter4/framework/system/Model.php(200): CodeIgniter\Database\BaseBuilder->get()
#6 /var/www/html/ci4-admin-lte/vendor/codeigniter4/framework/system/BaseModel.php(557): CodeIgniter\Model->doFind()
#7 /var/www/html/ci4-admin-lte/app/Config/Services.php(32): CodeIgniter\BaseModel->find()
#8 /var/www/html/ci4-admin-lte/vendor/codeigniter4/framework/system/Config/BaseService.php(193): Config\Services::login()
#9 /var/www/html/ci4-admin-lte/app/Config/Services.php(29): CodeIgniter\Config\BaseService::getSharedInstance()
#10 /var/www/html/ci4-admin-lte/app/Controllers/User.php(22): Config\Services::login()
#11 /var/www/html/ci4-admin-lte/vendor/codeigniter4/framework/system/CodeIgniter.php(905): App\Controllers\User->initController()
#12 /var/www/html/ci4-admin-lte/vendor/codeigniter4/framework/system/CodeIgniter.php(488): CodeIgniter\CodeIgniter->createController()
#13 /var/www/html/ci4-admin-lte/vendor/codeigniter4/framework/system/CodeIgniter.php(366): CodeIgniter\CodeIgniter->handleRequest()
#14 /var/www/html/ci4-admin-lte/public/index.php(72): CodeIgniter\CodeIgniter->run()
#15 {main}
CRITICAL - 2023-08-31 15:51:35 --> pg_query(): Query failed: ERROR:  invalid input syntax for type numeric: &quot;0ad5e340aaba0315b2fed8e63366ecd6&quot;
LINE 3: WHERE &quot;user&quot;.&quot;id&quot; = '0ad5e340aaba0315b2fed8e63366ecd6'
                            ^
in SYSTEMPATH/Database/Postgre/Connection.php on line 187.
 1 [internal function]: CodeIgniter\Debug\Exceptions->errorHandler()
 2 SYSTEMPATH/Database/Postgre/Connection.php(187): pg_query()
 3 SYSTEMPATH/Database/BaseConnection.php(692): CodeIgniter\Database\Postgre\Connection->execute()
 4 SYSTEMPATH/Database/BaseConnection.php(606): CodeIgniter\Database\BaseConnection->simpleQuery()
 5 SYSTEMPATH/Database/BaseBuilder.php(1616): CodeIgniter\Database\BaseConnection->query()
 6 SYSTEMPATH/Model.php(200): CodeIgniter\Database\BaseBuilder->get()
 7 SYSTEMPATH/BaseModel.php(557): CodeIgniter\Model->doFind()
 8 APPPATH/Config/Services.php(32): CodeIgniter\BaseModel->find()
 9 SYSTEMPATH/Config/BaseService.php(193): Config\Services::login()
10 APPPATH/Config/Services.php(29): CodeIgniter\Config\BaseService::getSharedInstance()
11 APPPATH/Controllers/User.php(22): Config\Services::login()
12 SYSTEMPATH/CodeIgniter.php(905): App\Controllers\User->initController()
13 SYSTEMPATH/CodeIgniter.php(488): CodeIgniter\CodeIgniter->createController()
14 SYSTEMPATH/CodeIgniter.php(366): CodeIgniter\CodeIgniter->handleRequest()
15 FCPATH/index.php(72): CodeIgniter\CodeIgniter->run()
INFO - 2023-08-31 15:51:37 --> Session: Class initialized using 'CodeIgniter\Session\Handlers\FileHandler' driver.
CRITICAL - 2023-08-31 15:51:38 --> session_destroy(): Trying to destroy uninitialized session
in SYSTEMPATH/Session/Session.php on line 449.
 1 [internal function]: CodeIgniter\Debug\Exceptions->errorHandler()
 2 SYSTEMPATH/Session/Session.php(449): session_destroy()
 3 APPPATH/Controllers/User.php(40): CodeIgniter\Session\Session->destroy()
 4 APPPATH/Controllers/User.php(23): App\Controllers\User->logout()
 5 SYSTEMPATH/CodeIgniter.php(905): App\Controllers\User->initController()
 6 SYSTEMPATH/CodeIgniter.php(488): CodeIgniter\CodeIgniter->createController()
 7 SYSTEMPATH/CodeIgniter.php(366): CodeIgniter\CodeIgniter->handleRequest()
 8 FCPATH/index.php(72): CodeIgniter\CodeIgniter->run()
INFO - 2023-08-31 15:51:52 --> Session: Class initialized using 'CodeIgniter\Session\Handlers\FileHandler' driver.
INFO - 2023-08-31 15:52:07 --> Session: Class initialized using 'CodeIgniter\Session\Handlers\FileHandler' driver.
INFO - 2023-08-31 15:52:07 --> Session: Class initialized using 'CodeIgniter\Session\Handlers\FileHandler' driver.
ERROR - 2023-08-31 15:52:07 --> ErrorException: pg_query(): Query failed: ERROR:  invalid input syntax for type numeric: &quot;william&quot;
LINE 3: WHERE &quot;user&quot;.&quot;id&quot; IN ('william','williambermon@gmail.com','$...
                              ^ in /var/www/html/ci4-admin-lte/vendor/codeigniter4/framework/system/Database/Postgre/Connection.php:187
Stack trace:
#0 [internal function]: CodeIgniter\Debug\Exceptions->errorHandler()
#1 /var/www/html/ci4-admin-lte/vendor/codeigniter4/framework/system/Database/Postgre/Connection.php(187): pg_query()
#2 /var/www/html/ci4-admin-lte/vendor/codeigniter4/framework/system/Database/BaseConnection.php(692): CodeIgniter\Database\Postgre\Connection->execute()
#3 /var/www/html/ci4-admin-lte/vendor/codeigniter4/framework/system/Database/BaseConnection.php(606): CodeIgniter\Database\BaseConnection->simpleQuery()
#4 /var/www/html/ci4-admin-lte/vendor/codeigniter4/framework/system/Database/BaseBuilder.php(1616): CodeIgniter\Database\BaseConnection->query()
#5 /var/www/html/ci4-admin-lte/vendor/codeigniter4/framework/system/Model.php(196): CodeIgniter\Database\BaseBuilder->get()
#6 /var/www/html/ci4-admin-lte/vendor/codeigniter4/framework/system/BaseModel.php(557): CodeIgniter\Model->doFind()
#7 /var/www/html/ci4-admin-lte/app/Config/Services.php(32): CodeIgniter\BaseModel->find()
#8 /var/www/html/ci4-admin-lte/vendor/codeigniter4/framework/system/Config/BaseService.php(193): Config\Services::login()
#9 /var/www/html/ci4-admin-lte/app/Config/Services.php(29): CodeIgniter\Config\BaseService::getSharedInstance()
#10 /var/www/html/ci4-admin-lte/app/Controllers/User.php(22): Config\Services::login()
#11 /var/www/html/ci4-admin-lte/vendor/codeigniter4/framework/system/CodeIgniter.php(905): App\Controllers\User->initController()
#12 /var/www/html/ci4-admin-lte/vendor/codeigniter4/framework/system/CodeIgniter.php(488): CodeIgniter\CodeIgniter->createController()
#13 /var/www/html/ci4-admin-lte/vendor/codeigniter4/framework/system/CodeIgniter.php(366): CodeIgniter\CodeIgniter->handleRequest()
#14 /var/www/html/ci4-admin-lte/public/index.php(72): CodeIgniter\CodeIgniter->run()
#15 {main}
CRITICAL - 2023-08-31 15:52:07 --> pg_query(): Query failed: ERROR:  invalid input syntax for type numeric: &quot;william&quot;
LINE 3: WHERE &quot;user&quot;.&quot;id&quot; IN ('william','williambermon@gmail.com','$...
                              ^
in SYSTEMPATH/Database/Postgre/Connection.php on line 187.
 1 [internal function]: CodeIgniter\Debug\Exceptions->errorHandler()
 2 SYSTEMPATH/Database/Postgre/Connection.php(187): pg_query()
 3 SYSTEMPATH/Database/BaseConnection.php(692): CodeIgniter\Database\Postgre\Connection->execute()
 4 SYSTEMPATH/Database/BaseConnection.php(606): CodeIgniter\Database\BaseConnection->simpleQuery()
 5 SYSTEMPATH/Database/BaseBuilder.php(1616): CodeIgniter\Database\BaseConnection->query()
 6 SYSTEMPATH/Model.php(196): CodeIgniter\Database\BaseBuilder->get()
 7 SYSTEMPATH/BaseModel.php(557): CodeIgniter\Model->doFind()
 8 APPPATH/Config/Services.php(32): CodeIgniter\BaseModel->find()
 9 SYSTEMPATH/Config/BaseService.php(193): Config\Services::login()
10 APPPATH/Config/Services.php(29): CodeIgniter\Config\BaseService::getSharedInstance()
11 APPPATH/Controllers/User.php(22): Config\Services::login()
12 SYSTEMPATH/CodeIgniter.php(905): App\Controllers\User->initController()
13 SYSTEMPATH/CodeIgniter.php(488): CodeIgniter\CodeIgniter->createController()
14 SYSTEMPATH/CodeIgniter.php(366): CodeIgniter\CodeIgniter->handleRequest()
15 FCPATH/index.php(72): CodeIgniter\CodeIgniter->run()
INFO - 2023-08-31 15:53:54 --> Session: Class initialized using 'CodeIgniter\Session\Handlers\FileHandler' driver.
ERROR - 2023-08-31 15:53:54 --> ErrorException: pg_query(): Query failed: ERROR:  invalid input syntax for type numeric: &quot;william&quot;
LINE 3: WHERE &quot;user&quot;.&quot;id&quot; IN ('william','williambermon@gmail.com','$...
                              ^ in /var/www/html/ci4-admin-lte/vendor/codeigniter4/framework/system/Database/Postgre/Connection.php:187
Stack trace:
#0 [internal function]: CodeIgniter\Debug\Exceptions->errorHandler()
#1 /var/www/html/ci4-admin-lte/vendor/codeigniter4/framework/system/Database/Postgre/Connection.php(187): pg_query()
#2 /var/www/html/ci4-admin-lte/vendor/codeigniter4/framework/system/Database/BaseConnection.php(692): CodeIgniter\Database\Postgre\Connection->execute()
#3 /var/www/html/ci4-admin-lte/vendor/codeigniter4/framework/system/Database/BaseConnection.php(606): CodeIgniter\Database\BaseConnection->simpleQuery()
#4 /var/www/html/ci4-admin-lte/vendor/codeigniter4/framework/system/Database/BaseBuilder.php(1616): CodeIgniter\Database\BaseConnection->query()
#5 /var/www/html/ci4-admin-lte/vendor/codeigniter4/framework/system/Model.php(196): CodeIgniter\Database\BaseBuilder->get()
#6 /var/www/html/ci4-admin-lte/vendor/codeigniter4/framework/system/BaseModel.php(557): CodeIgniter\Model->doFind()
#7 /var/www/html/ci4-admin-lte/app/Config/Services.php(32): CodeIgniter\BaseModel->find()
#8 /var/www/html/ci4-admin-lte/vendor/codeigniter4/framework/system/Config/BaseService.php(193): Config\Services::login()
#9 /var/www/html/ci4-admin-lte/app/Config/Services.php(29): CodeIgniter\Config\BaseService::getSharedInstance()
#10 /var/www/html/ci4-admin-lte/app/Controllers/User.php(22): Config\Services::login()
#11 /var/www/html/ci4-admin-lte/vendor/codeigniter4/framework/system/CodeIgniter.php(905): App\Controllers\User->initController()
#12 /var/www/html/ci4-admin-lte/vendor/codeigniter4/framework/system/CodeIgniter.php(488): CodeIgniter\CodeIgniter->createController()
#13 /var/www/html/ci4-admin-lte/vendor/codeigniter4/framework/system/CodeIgniter.php(366): CodeIgniter\CodeIgniter->handleRequest()
#14 /var/www/html/ci4-admin-lte/public/index.php(72): CodeIgniter\CodeIgniter->run()
#15 {main}
CRITICAL - 2023-08-31 15:53:54 --> pg_query(): Query failed: ERROR:  invalid input syntax for type numeric: &quot;william&quot;
LINE 3: WHERE &quot;user&quot;.&quot;id&quot; IN ('william','williambermon@gmail.com','$...
                              ^
in SYSTEMPATH/Database/Postgre/Connection.php on line 187.
 1 [internal function]: CodeIgniter\Debug\Exceptions->errorHandler()
 2 SYSTEMPATH/Database/Postgre/Connection.php(187): pg_query()
 3 SYSTEMPATH/Database/BaseConnection.php(692): CodeIgniter\Database\Postgre\Connection->execute()
 4 SYSTEMPATH/Database/BaseConnection.php(606): CodeIgniter\Database\BaseConnection->simpleQuery()
 5 SYSTEMPATH/Database/BaseBuilder.php(1616): CodeIgniter\Database\BaseConnection->query()
 6 SYSTEMPATH/Model.php(196): CodeIgniter\Database\BaseBuilder->get()
 7 SYSTEMPATH/BaseModel.php(557): CodeIgniter\Model->doFind()
 8 APPPATH/Config/Services.php(32): CodeIgniter\BaseModel->find()
 9 SYSTEMPATH/Config/BaseService.php(193): Config\Services::login()
10 APPPATH/Config/Services.php(29): CodeIgniter\Config\BaseService::getSharedInstance()
11 APPPATH/Controllers/User.php(22): Config\Services::login()
12 SYSTEMPATH/CodeIgniter.php(905): App\Controllers\User->initController()
13 SYSTEMPATH/CodeIgniter.php(488): CodeIgniter\CodeIgniter->createController()
14 SYSTEMPATH/CodeIgniter.php(366): CodeIgniter\CodeIgniter->handleRequest()
15 FCPATH/index.php(72): CodeIgniter\CodeIgniter->run()
INFO - 2023-08-31 15:53:57 --> Session: Class initialized using 'CodeIgniter\Session\Handlers\FileHandler' driver.
ERROR - 2023-08-31 15:53:57 --> ErrorException: pg_query(): Query failed: ERROR:  invalid input syntax for type numeric: &quot;william&quot;
LINE 3: WHERE &quot;user&quot;.&quot;id&quot; IN ('william','williambermon@gmail.com','$...
                              ^ in /var/www/html/ci4-admin-lte/vendor/codeigniter4/framework/system/Database/Postgre/Connection.php:187
Stack trace:
#0 [internal function]: CodeIgniter\Debug\Exceptions->errorHandler()
#1 /var/www/html/ci4-admin-lte/vendor/codeigniter4/framework/system/Database/Postgre/Connection.php(187): pg_query()
#2 /var/www/html/ci4-admin-lte/vendor/codeigniter4/framework/system/Database/BaseConnection.php(692): CodeIgniter\Database\Postgre\Connection->execute()
#3 /var/www/html/ci4-admin-lte/vendor/codeigniter4/framework/system/Database/BaseConnection.php(606): CodeIgniter\Database\BaseConnection->simpleQuery()
#4 /var/www/html/ci4-admin-lte/vendor/codeigniter4/framework/system/Database/BaseBuilder.php(1616): CodeIgniter\Database\BaseConnection->query()
#5 /var/www/html/ci4-admin-lte/vendor/codeigniter4/framework/system/Model.php(196): CodeIgniter\Database\BaseBuilder->get()
#6 /var/www/html/ci4-admin-lte/vendor/codeigniter4/framework/system/BaseModel.php(557): CodeIgniter\Model->doFind()
#7 /var/www/html/ci4-admin-lte/app/Config/Services.php(32): CodeIgniter\BaseModel->find()
#8 /var/www/html/ci4-admin-lte/vendor/codeigniter4/framework/system/Config/BaseService.php(193): Config\Services::login()
#9 /var/www/html/ci4-admin-lte/app/Config/Services.php(29): CodeIgniter\Config\BaseService::getSharedInstance()
#10 /var/www/html/ci4-admin-lte/app/Controllers/User.php(22): Config\Services::login()
#11 /var/www/html/ci4-admin-lte/vendor/codeigniter4/framework/system/CodeIgniter.php(905): App\Controllers\User->initController()
#12 /var/www/html/ci4-admin-lte/vendor/codeigniter4/framework/system/CodeIgniter.php(488): CodeIgniter\CodeIgniter->createController()
#13 /var/www/html/ci4-admin-lte/vendor/codeigniter4/framework/system/CodeIgniter.php(366): CodeIgniter\CodeIgniter->handleRequest()
#14 /var/www/html/ci4-admin-lte/public/index.php(72): CodeIgniter\CodeIgniter->run()
#15 {main}
CRITICAL - 2023-08-31 15:53:57 --> pg_query(): Query failed: ERROR:  invalid input syntax for type numeric: &quot;william&quot;
LINE 3: WHERE &quot;user&quot;.&quot;id&quot; IN ('william','williambermon@gmail.com','$...
                              ^
in SYSTEMPATH/Database/Postgre/Connection.php on line 187.
 1 [internal function]: CodeIgniter\Debug\Exceptions->errorHandler()
 2 SYSTEMPATH/Database/Postgre/Connection.php(187): pg_query()
 3 SYSTEMPATH/Database/BaseConnection.php(692): CodeIgniter\Database\Postgre\Connection->execute()
 4 SYSTEMPATH/Database/BaseConnection.php(606): CodeIgniter\Database\BaseConnection->simpleQuery()
 5 SYSTEMPATH/Database/BaseBuilder.php(1616): CodeIgniter\Database\BaseConnection->query()
 6 SYSTEMPATH/Model.php(196): CodeIgniter\Database\BaseBuilder->get()
 7 SYSTEMPATH/BaseModel.php(557): CodeIgniter\Model->doFind()
 8 APPPATH/Config/Services.php(32): CodeIgniter\BaseModel->find()
 9 SYSTEMPATH/Config/BaseService.php(193): Config\Services::login()
10 APPPATH/Config/Services.php(29): CodeIgniter\Config\BaseService::getSharedInstance()
11 APPPATH/Controllers/User.php(22): Config\Services::login()
12 SYSTEMPATH/CodeIgniter.php(905): App\Controllers\User->initController()
13 SYSTEMPATH/CodeIgniter.php(488): CodeIgniter\CodeIgniter->createController()
14 SYSTEMPATH/CodeIgniter.php(366): CodeIgniter\CodeIgniter->handleRequest()
15 FCPATH/index.php(72): CodeIgniter\CodeIgniter->run()
INFO - 2023-08-31 15:53:59 --> Session: Class initialized using 'CodeIgniter\Session\Handlers\FileHandler' driver.
INFO - 2023-08-31 15:53:59 --> Session: Class initialized using 'CodeIgniter\Session\Handlers\FileHandler' driver.
ERROR - 2023-08-31 15:53:59 --> ErrorException: pg_query(): Query failed: ERROR:  invalid input syntax for type numeric: &quot;william&quot;
LINE 3: WHERE &quot;user&quot;.&quot;id&quot; IN ('william','williambermon@gmail.com','$...
                              ^ in /var/www/html/ci4-admin-lte/vendor/codeigniter4/framework/system/Database/Postgre/Connection.php:187
Stack trace:
#0 [internal function]: CodeIgniter\Debug\Exceptions->errorHandler()
#1 /var/www/html/ci4-admin-lte/vendor/codeigniter4/framework/system/Database/Postgre/Connection.php(187): pg_query()
#2 /var/www/html/ci4-admin-lte/vendor/codeigniter4/framework/system/Database/BaseConnection.php(692): CodeIgniter\Database\Postgre\Connection->execute()
#3 /var/www/html/ci4-admin-lte/vendor/codeigniter4/framework/system/Database/BaseConnection.php(606): CodeIgniter\Database\BaseConnection->simpleQuery()
#4 /var/www/html/ci4-admin-lte/vendor/codeigniter4/framework/system/Database/BaseBuilder.php(1616): CodeIgniter\Database\BaseConnection->query()
#5 /var/www/html/ci4-admin-lte/vendor/codeigniter4/framework/system/Model.php(196): CodeIgniter\Database\BaseBuilder->get()
#6 /var/www/html/ci4-admin-lte/vendor/codeigniter4/framework/system/BaseModel.php(557): CodeIgniter\Model->doFind()
#7 /var/www/html/ci4-admin-lte/app/Config/Services.php(32): CodeIgniter\BaseModel->find()
#8 /var/www/html/ci4-admin-lte/vendor/codeigniter4/framework/system/Config/BaseService.php(193): Config\Services::login()
#9 /var/www/html/ci4-admin-lte/app/Config/Services.php(29): CodeIgniter\Config\BaseService::getSharedInstance()
#10 /var/www/html/ci4-admin-lte/app/Controllers/User.php(22): Config\Services::login()
#11 /var/www/html/ci4-admin-lte/vendor/codeigniter4/framework/system/CodeIgniter.php(905): App\Controllers\User->initController()
#12 /var/www/html/ci4-admin-lte/vendor/codeigniter4/framework/system/CodeIgniter.php(488): CodeIgniter\CodeIgniter->createController()
#13 /var/www/html/ci4-admin-lte/vendor/codeigniter4/framework/system/CodeIgniter.php(366): CodeIgniter\CodeIgniter->handleRequest()
#14 /var/www/html/ci4-admin-lte/public/index.php(72): CodeIgniter\CodeIgniter->run()
#15 {main}
CRITICAL - 2023-08-31 15:53:59 --> pg_query(): Query failed: ERROR:  invalid input syntax for type numeric: &quot;william&quot;
LINE 3: WHERE &quot;user&quot;.&quot;id&quot; IN ('william','williambermon@gmail.com','$...
                              ^
in SYSTEMPATH/Database/Postgre/Connection.php on line 187.
 1 [internal function]: CodeIgniter\Debug\Exceptions->errorHandler()
 2 SYSTEMPATH/Database/Postgre/Connection.php(187): pg_query()
 3 SYSTEMPATH/Database/BaseConnection.php(692): CodeIgniter\Database\Postgre\Connection->execute()
 4 SYSTEMPATH/Database/BaseConnection.php(606): CodeIgniter\Database\BaseConnection->simpleQuery()
 5 SYSTEMPATH/Database/BaseBuilder.php(1616): CodeIgniter\Database\BaseConnection->query()
 6 SYSTEMPATH/Model.php(196): CodeIgniter\Database\BaseBuilder->get()
 7 SYSTEMPATH/BaseModel.php(557): CodeIgniter\Model->doFind()
 8 APPPATH/Config/Services.php(32): CodeIgniter\BaseModel->find()
 9 SYSTEMPATH/Config/BaseService.php(193): Config\Services::login()
10 APPPATH/Config/Services.php(29): CodeIgniter\Config\BaseService::getSharedInstance()
11 APPPATH/Controllers/User.php(22): Config\Services::login()
12 SYSTEMPATH/CodeIgniter.php(905): App\Controllers\User->initController()
13 SYSTEMPATH/CodeIgniter.php(488): CodeIgniter\CodeIgniter->createController()
14 SYSTEMPATH/CodeIgniter.php(366): CodeIgniter\CodeIgniter->handleRequest()
15 FCPATH/index.php(72): CodeIgniter\CodeIgniter->run()
INFO - 2023-08-31 15:54:01 --> Session: Class initialized using 'CodeIgniter\Session\Handlers\FileHandler' driver.
ERROR - 2023-08-31 15:54:01 --> ErrorException: pg_query(): Query failed: ERROR:  invalid input syntax for type numeric: &quot;william&quot;
LINE 3: WHERE &quot;user&quot;.&quot;id&quot; IN ('william','williambermon@gmail.com','$...
                              ^ in /var/www/html/ci4-admin-lte/vendor/codeigniter4/framework/system/Database/Postgre/Connection.php:187
Stack trace:
#0 [internal function]: CodeIgniter\Debug\Exceptions->errorHandler()
#1 /var/www/html/ci4-admin-lte/vendor/codeigniter4/framework/system/Database/Postgre/Connection.php(187): pg_query()
#2 /var/www/html/ci4-admin-lte/vendor/codeigniter4/framework/system/Database/BaseConnection.php(692): CodeIgniter\Database\Postgre\Connection->execute()
#3 /var/www/html/ci4-admin-lte/vendor/codeigniter4/framework/system/Database/BaseConnection.php(606): CodeIgniter\Database\BaseConnection->simpleQuery()
#4 /var/www/html/ci4-admin-lte/vendor/codeigniter4/framework/system/Database/BaseBuilder.php(1616): CodeIgniter\Database\BaseConnection->query()
#5 /var/www/html/ci4-admin-lte/vendor/codeigniter4/framework/system/Model.php(196): CodeIgniter\Database\BaseBuilder->get()
#6 /var/www/html/ci4-admin-lte/vendor/codeigniter4/framework/system/BaseModel.php(557): CodeIgniter\Model->doFind()
#7 /var/www/html/ci4-admin-lte/app/Config/Services.php(32): CodeIgniter\BaseModel->find()
#8 /var/www/html/ci4-admin-lte/vendor/codeigniter4/framework/system/Config/BaseService.php(193): Config\Services::login()
#9 /var/www/html/ci4-admin-lte/app/Config/Services.php(29): CodeIgniter\Config\BaseService::getSharedInstance()
#10 /var/www/html/ci4-admin-lte/app/Controllers/User.php(22): Config\Services::login()
#11 /var/www/html/ci4-admin-lte/vendor/codeigniter4/framework/system/CodeIgniter.php(905): App\Controllers\User->initController()
#12 /var/www/html/ci4-admin-lte/vendor/codeigniter4/framework/system/CodeIgniter.php(488): CodeIgniter\CodeIgniter->createController()
#13 /var/www/html/ci4-admin-lte/vendor/codeigniter4/framework/system/CodeIgniter.php(366): CodeIgniter\CodeIgniter->handleRequest()
#14 /var/www/html/ci4-admin-lte/public/index.php(72): CodeIgniter\CodeIgniter->run()
#15 {main}
CRITICAL - 2023-08-31 15:54:01 --> pg_query(): Query failed: ERROR:  invalid input syntax for type numeric: &quot;william&quot;
LINE 3: WHERE &quot;user&quot;.&quot;id&quot; IN ('william','williambermon@gmail.com','$...
                              ^
in SYSTEMPATH/Database/Postgre/Connection.php on line 187.
 1 [internal function]: CodeIgniter\Debug\Exceptions->errorHandler()
 2 SYSTEMPATH/Database/Postgre/Connection.php(187): pg_query()
 3 SYSTEMPATH/Database/BaseConnection.php(692): CodeIgniter\Database\Postgre\Connection->execute()
 4 SYSTEMPATH/Database/BaseConnection.php(606): CodeIgniter\Database\BaseConnection->simpleQuery()
 5 SYSTEMPATH/Database/BaseBuilder.php(1616): CodeIgniter\Database\BaseConnection->query()
 6 SYSTEMPATH/Model.php(196): CodeIgniter\Database\BaseBuilder->get()
 7 SYSTEMPATH/BaseModel.php(557): CodeIgniter\Model->doFind()
 8 APPPATH/Config/Services.php(32): CodeIgniter\BaseModel->find()
 9 SYSTEMPATH/Config/BaseService.php(193): Config\Services::login()
10 APPPATH/Config/Services.php(29): CodeIgniter\Config\BaseService::getSharedInstance()
11 APPPATH/Controllers/User.php(22): Config\Services::login()
12 SYSTEMPATH/CodeIgniter.php(905): App\Controllers\User->initController()
13 SYSTEMPATH/CodeIgniter.php(488): CodeIgniter\CodeIgniter->createController()
14 SYSTEMPATH/CodeIgniter.php(366): CodeIgniter\CodeIgniter->handleRequest()
15 FCPATH/index.php(72): CodeIgniter\CodeIgniter->run()
INFO - 2023-08-31 15:54:12 --> Session: Class initialized using 'CodeIgniter\Session\Handlers\FileHandler' driver.
ERROR - 2023-08-31 15:54:12 --> ErrorException: pg_query(): Query failed: ERROR:  invalid input syntax for type numeric: &quot;william&quot;
LINE 3: WHERE &quot;user&quot;.&quot;id&quot; IN ('william','williambermon@gmail.com','$...
                              ^ in /var/www/html/ci4-admin-lte/vendor/codeigniter4/framework/system/Database/Postgre/Connection.php:187
Stack trace:
#0 [internal function]: CodeIgniter\Debug\Exceptions->errorHandler()
#1 /var/www/html/ci4-admin-lte/vendor/codeigniter4/framework/system/Database/Postgre/Connection.php(187): pg_query()
#2 /var/www/html/ci4-admin-lte/vendor/codeigniter4/framework/system/Database/BaseConnection.php(692): CodeIgniter\Database\Postgre\Connection->execute()
#3 /var/www/html/ci4-admin-lte/vendor/codeigniter4/framework/system/Database/BaseConnection.php(606): CodeIgniter\Database\BaseConnection->simpleQuery()
#4 /var/www/html/ci4-admin-lte/vendor/codeigniter4/framework/system/Database/BaseBuilder.php(1616): CodeIgniter\Database\BaseConnection->query()
#5 /var/www/html/ci4-admin-lte/vendor/codeigniter4/framework/system/Model.php(196): CodeIgniter\Database\BaseBuilder->get()
#6 /var/www/html/ci4-admin-lte/vendor/codeigniter4/framework/system/BaseModel.php(557): CodeIgniter\Model->doFind()
#7 /var/www/html/ci4-admin-lte/app/Config/Services.php(32): CodeIgniter\BaseModel->find()
#8 /var/www/html/ci4-admin-lte/vendor/codeigniter4/framework/system/Config/BaseService.php(193): Config\Services::login()
#9 /var/www/html/ci4-admin-lte/app/Config/Services.php(29): CodeIgniter\Config\BaseService::getSharedInstance()
#10 /var/www/html/ci4-admin-lte/app/Controllers/User.php(22): Config\Services::login()
#11 /var/www/html/ci4-admin-lte/vendor/codeigniter4/framework/system/CodeIgniter.php(905): App\Controllers\User->initController()
#12 /var/www/html/ci4-admin-lte/vendor/codeigniter4/framework/system/CodeIgniter.php(488): CodeIgniter\CodeIgniter->createController()
#13 /var/www/html/ci4-admin-lte/vendor/codeigniter4/framework/system/CodeIgniter.php(366): CodeIgniter\CodeIgniter->handleRequest()
#14 /var/www/html/ci4-admin-lte/public/index.php(72): CodeIgniter\CodeIgniter->run()
#15 {main}
CRITICAL - 2023-08-31 15:54:12 --> pg_query(): Query failed: ERROR:  invalid input syntax for type numeric: &quot;william&quot;
LINE 3: WHERE &quot;user&quot;.&quot;id&quot; IN ('william','williambermon@gmail.com','$...
                              ^
in SYSTEMPATH/Database/Postgre/Connection.php on line 187.
 1 [internal function]: CodeIgniter\Debug\Exceptions->errorHandler()
 2 SYSTEMPATH/Database/Postgre/Connection.php(187): pg_query()
 3 SYSTEMPATH/Database/BaseConnection.php(692): CodeIgniter\Database\Postgre\Connection->execute()
 4 SYSTEMPATH/Database/BaseConnection.php(606): CodeIgniter\Database\BaseConnection->simpleQuery()
 5 SYSTEMPATH/Database/BaseBuilder.php(1616): CodeIgniter\Database\BaseConnection->query()
 6 SYSTEMPATH/Model.php(196): CodeIgniter\Database\BaseBuilder->get()
 7 SYSTEMPATH/BaseModel.php(557): CodeIgniter\Model->doFind()
 8 APPPATH/Config/Services.php(32): CodeIgniter\BaseModel->find()
 9 SYSTEMPATH/Config/BaseService.php(193): Config\Services::login()
10 APPPATH/Config/Services.php(29): CodeIgniter\Config\BaseService::getSharedInstance()
11 APPPATH/Controllers/User.php(22): Config\Services::login()
12 SYSTEMPATH/CodeIgniter.php(905): App\Controllers\User->initController()
13 SYSTEMPATH/CodeIgniter.php(488): CodeIgniter\CodeIgniter->createController()
14 SYSTEMPATH/CodeIgniter.php(366): CodeIgniter\CodeIgniter->handleRequest()
15 FCPATH/index.php(72): CodeIgniter\CodeIgniter->run()
INFO - 2023-08-31 15:54:17 --> Session: Class initialized using 'CodeIgniter\Session\Handlers\FileHandler' driver.
CRITICAL - 2023-08-31 15:54:17 --> session_destroy(): Trying to destroy uninitialized session
in SYSTEMPATH/Session/Session.php on line 449.
 1 [internal function]: CodeIgniter\Debug\Exceptions->errorHandler()
 2 SYSTEMPATH/Session/Session.php(449): session_destroy()
 3 APPPATH/Controllers/User.php(40): CodeIgniter\Session\Session->destroy()
 4 APPPATH/Controllers/User.php(23): App\Controllers\User->logout()
 5 SYSTEMPATH/CodeIgniter.php(905): App\Controllers\User->initController()
 6 SYSTEMPATH/CodeIgniter.php(488): CodeIgniter\CodeIgniter->createController()
 7 SYSTEMPATH/CodeIgniter.php(366): CodeIgniter\CodeIgniter->handleRequest()
 8 FCPATH/index.php(72): CodeIgniter\CodeIgniter->run()
INFO - 2023-08-31 15:54:22 --> Session: Class initialized using 'CodeIgniter\Session\Handlers\FileHandler' driver.
INFO - 2023-08-31 15:54:34 --> Session: Class initialized using 'CodeIgniter\Session\Handlers\FileHandler' driver.
INFO - 2023-08-31 15:54:35 --> Session: Class initialized using 'CodeIgniter\Session\Handlers\FileHandler' driver.
ERROR - 2023-08-31 15:54:35 --> ErrorException: pg_query(): Query failed: ERROR:  invalid input syntax for type numeric: &quot;william&quot;
LINE 3: WHERE &quot;user&quot;.&quot;id&quot; IN ('william','williambermon@gmail.com','$...
                              ^ in /var/www/html/ci4-admin-lte/vendor/codeigniter4/framework/system/Database/Postgre/Connection.php:187
Stack trace:
#0 [internal function]: CodeIgniter\Debug\Exceptions->errorHandler()
#1 /var/www/html/ci4-admin-lte/vendor/codeigniter4/framework/system/Database/Postgre/Connection.php(187): pg_query()
#2 /var/www/html/ci4-admin-lte/vendor/codeigniter4/framework/system/Database/BaseConnection.php(692): CodeIgniter\Database\Postgre\Connection->execute()
#3 /var/www/html/ci4-admin-lte/vendor/codeigniter4/framework/system/Database/BaseConnection.php(606): CodeIgniter\Database\BaseConnection->simpleQuery()
#4 /var/www/html/ci4-admin-lte/vendor/codeigniter4/framework/system/Database/BaseBuilder.php(1616): CodeIgniter\Database\BaseConnection->query()
#5 /var/www/html/ci4-admin-lte/vendor/codeigniter4/framework/system/Model.php(196): CodeIgniter\Database\BaseBuilder->get()
#6 /var/www/html/ci4-admin-lte/vendor/codeigniter4/framework/system/BaseModel.php(557): CodeIgniter\Model->doFind()
#7 /var/www/html/ci4-admin-lte/app/Config/Services.php(32): CodeIgniter\BaseModel->find()
#8 /var/www/html/ci4-admin-lte/vendor/codeigniter4/framework/system/Config/BaseService.php(193): Config\Services::login()
#9 /var/www/html/ci4-admin-lte/app/Config/Services.php(29): CodeIgniter\Config\BaseService::getSharedInstance()
#10 /var/www/html/ci4-admin-lte/app/Controllers/User.php(22): Config\Services::login()
#11 /var/www/html/ci4-admin-lte/vendor/codeigniter4/framework/system/CodeIgniter.php(905): App\Controllers\User->initController()
#12 /var/www/html/ci4-admin-lte/vendor/codeigniter4/framework/system/CodeIgniter.php(488): CodeIgniter\CodeIgniter->createController()
#13 /var/www/html/ci4-admin-lte/vendor/codeigniter4/framework/system/CodeIgniter.php(366): CodeIgniter\CodeIgniter->handleRequest()
#14 /var/www/html/ci4-admin-lte/public/index.php(72): CodeIgniter\CodeIgniter->run()
#15 {main}
CRITICAL - 2023-08-31 15:54:35 --> pg_query(): Query failed: ERROR:  invalid input syntax for type numeric: &quot;william&quot;
LINE 3: WHERE &quot;user&quot;.&quot;id&quot; IN ('william','williambermon@gmail.com','$...
                              ^
in SYSTEMPATH/Database/Postgre/Connection.php on line 187.
 1 [internal function]: CodeIgniter\Debug\Exceptions->errorHandler()
 2 SYSTEMPATH/Database/Postgre/Connection.php(187): pg_query()
 3 SYSTEMPATH/Database/BaseConnection.php(692): CodeIgniter\Database\Postgre\Connection->execute()
 4 SYSTEMPATH/Database/BaseConnection.php(606): CodeIgniter\Database\BaseConnection->simpleQuery()
 5 SYSTEMPATH/Database/BaseBuilder.php(1616): CodeIgniter\Database\BaseConnection->query()
 6 SYSTEMPATH/Model.php(196): CodeIgniter\Database\BaseBuilder->get()
 7 SYSTEMPATH/BaseModel.php(557): CodeIgniter\Model->doFind()
 8 APPPATH/Config/Services.php(32): CodeIgniter\BaseModel->find()
 9 SYSTEMPATH/Config/BaseService.php(193): Config\Services::login()
10 APPPATH/Config/Services.php(29): CodeIgniter\Config\BaseService::getSharedInstance()
11 APPPATH/Controllers/User.php(22): Config\Services::login()
12 SYSTEMPATH/CodeIgniter.php(905): App\Controllers\User->initController()
13 SYSTEMPATH/CodeIgniter.php(488): CodeIgniter\CodeIgniter->createController()
14 SYSTEMPATH/CodeIgniter.php(366): CodeIgniter\CodeIgniter->handleRequest()
15 FCPATH/index.php(72): CodeIgniter\CodeIgniter->run()
INFO - 2023-08-31 15:55:25 --> Session: Class initialized using 'CodeIgniter\Session\Handlers\FileHandler' driver.
INFO - 2023-08-31 15:55:26 --> Session: Class initialized using 'CodeIgniter\Session\Handlers\FileHandler' driver.
ERROR - 2023-08-31 15:55:26 --> ErrorException: pg_query(): Query failed: ERROR:  invalid input syntax for type numeric: &quot;william&quot;
LINE 3: WHERE &quot;user&quot;.&quot;id&quot; IN ('william','williambermon@gmail.com','$...
                              ^ in /var/www/html/ci4-admin-lte/vendor/codeigniter4/framework/system/Database/Postgre/Connection.php:187
Stack trace:
#0 [internal function]: CodeIgniter\Debug\Exceptions->errorHandler()
#1 /var/www/html/ci4-admin-lte/vendor/codeigniter4/framework/system/Database/Postgre/Connection.php(187): pg_query()
#2 /var/www/html/ci4-admin-lte/vendor/codeigniter4/framework/system/Database/BaseConnection.php(692): CodeIgniter\Database\Postgre\Connection->execute()
#3 /var/www/html/ci4-admin-lte/vendor/codeigniter4/framework/system/Database/BaseConnection.php(606): CodeIgniter\Database\BaseConnection->simpleQuery()
#4 /var/www/html/ci4-admin-lte/vendor/codeigniter4/framework/system/Database/BaseBuilder.php(1616): CodeIgniter\Database\BaseConnection->query()
#5 /var/www/html/ci4-admin-lte/vendor/codeigniter4/framework/system/Model.php(196): CodeIgniter\Database\BaseBuilder->get()
#6 /var/www/html/ci4-admin-lte/vendor/codeigniter4/framework/system/BaseModel.php(557): CodeIgniter\Model->doFind()
#7 /var/www/html/ci4-admin-lte/app/Config/Services.php(32): CodeIgniter\BaseModel->find()
#8 /var/www/html/ci4-admin-lte/vendor/codeigniter4/framework/system/Config/BaseService.php(193): Config\Services::login()
#9 /var/www/html/ci4-admin-lte/app/Config/Services.php(29): CodeIgniter\Config\BaseService::getSharedInstance()
#10 /var/www/html/ci4-admin-lte/app/Controllers/User.php(22): Config\Services::login()
#11 /var/www/html/ci4-admin-lte/vendor/codeigniter4/framework/system/CodeIgniter.php(905): App\Controllers\User->initController()
#12 /var/www/html/ci4-admin-lte/vendor/codeigniter4/framework/system/CodeIgniter.php(488): CodeIgniter\CodeIgniter->createController()
#13 /var/www/html/ci4-admin-lte/vendor/codeigniter4/framework/system/CodeIgniter.php(366): CodeIgniter\CodeIgniter->handleRequest()
#14 /var/www/html/ci4-admin-lte/public/index.php(72): CodeIgniter\CodeIgniter->run()
#15 {main}
CRITICAL - 2023-08-31 15:55:26 --> pg_query(): Query failed: ERROR:  invalid input syntax for type numeric: &quot;william&quot;
LINE 3: WHERE &quot;user&quot;.&quot;id&quot; IN ('william','williambermon@gmail.com','$...
                              ^
in SYSTEMPATH/Database/Postgre/Connection.php on line 187.
 1 [internal function]: CodeIgniter\Debug\Exceptions->errorHandler()
 2 SYSTEMPATH/Database/Postgre/Connection.php(187): pg_query()
 3 SYSTEMPATH/Database/BaseConnection.php(692): CodeIgniter\Database\Postgre\Connection->execute()
 4 SYSTEMPATH/Database/BaseConnection.php(606): CodeIgniter\Database\BaseConnection->simpleQuery()
 5 SYSTEMPATH/Database/BaseBuilder.php(1616): CodeIgniter\Database\BaseConnection->query()
 6 SYSTEMPATH/Model.php(196): CodeIgniter\Database\BaseBuilder->get()
 7 SYSTEMPATH/BaseModel.php(557): CodeIgniter\Model->doFind()
 8 APPPATH/Config/Services.php(32): CodeIgniter\BaseModel->find()
 9 SYSTEMPATH/Config/BaseService.php(193): Config\Services::login()
10 APPPATH/Config/Services.php(29): CodeIgniter\Config\BaseService::getSharedInstance()
11 APPPATH/Controllers/User.php(22): Config\Services::login()
12 SYSTEMPATH/CodeIgniter.php(905): App\Controllers\User->initController()
13 SYSTEMPATH/CodeIgniter.php(488): CodeIgniter\CodeIgniter->createController()
14 SYSTEMPATH/CodeIgniter.php(366): CodeIgniter\CodeIgniter->handleRequest()
15 FCPATH/index.php(72): CodeIgniter\CodeIgniter->run()
INFO - 2023-08-31 15:55:33 --> Session: Class initialized using 'CodeIgniter\Session\Handlers\FileHandler' driver.
ERROR - 2023-08-31 15:55:33 --> ErrorException: pg_query(): Query failed: ERROR:  invalid input syntax for type numeric: &quot;william&quot;
LINE 3: WHERE &quot;user&quot;.&quot;id&quot; IN ('william','williambermon@gmail.com','$...
                              ^ in /var/www/html/ci4-admin-lte/vendor/codeigniter4/framework/system/Database/Postgre/Connection.php:187
Stack trace:
#0 [internal function]: CodeIgniter\Debug\Exceptions->errorHandler()
#1 /var/www/html/ci4-admin-lte/vendor/codeigniter4/framework/system/Database/Postgre/Connection.php(187): pg_query()
#2 /var/www/html/ci4-admin-lte/vendor/codeigniter4/framework/system/Database/BaseConnection.php(692): CodeIgniter\Database\Postgre\Connection->execute()
#3 /var/www/html/ci4-admin-lte/vendor/codeigniter4/framework/system/Database/BaseConnection.php(606): CodeIgniter\Database\BaseConnection->simpleQuery()
#4 /var/www/html/ci4-admin-lte/vendor/codeigniter4/framework/system/Database/BaseBuilder.php(1616): CodeIgniter\Database\BaseConnection->query()
#5 /var/www/html/ci4-admin-lte/vendor/codeigniter4/framework/system/Model.php(196): CodeIgniter\Database\BaseBuilder->get()
#6 /var/www/html/ci4-admin-lte/vendor/codeigniter4/framework/system/BaseModel.php(557): CodeIgniter\Model->doFind()
#7 /var/www/html/ci4-admin-lte/app/Config/Services.php(32): CodeIgniter\BaseModel->find()
#8 /var/www/html/ci4-admin-lte/vendor/codeigniter4/framework/system/Config/BaseService.php(193): Config\Services::login()
#9 /var/www/html/ci4-admin-lte/app/Config/Services.php(29): CodeIgniter\Config\BaseService::getSharedInstance()
#10 /var/www/html/ci4-admin-lte/app/Controllers/User.php(22): Config\Services::login()
#11 /var/www/html/ci4-admin-lte/vendor/codeigniter4/framework/system/CodeIgniter.php(905): App\Controllers\User->initController()
#12 /var/www/html/ci4-admin-lte/vendor/codeigniter4/framework/system/CodeIgniter.php(488): CodeIgniter\CodeIgniter->createController()
#13 /var/www/html/ci4-admin-lte/vendor/codeigniter4/framework/system/CodeIgniter.php(366): CodeIgniter\CodeIgniter->handleRequest()
#14 /var/www/html/ci4-admin-lte/public/index.php(72): CodeIgniter\CodeIgniter->run()
#15 {main}
CRITICAL - 2023-08-31 15:55:33 --> pg_query(): Query failed: ERROR:  invalid input syntax for type numeric: &quot;william&quot;
LINE 3: WHERE &quot;user&quot;.&quot;id&quot; IN ('william','williambermon@gmail.com','$...
                              ^
in SYSTEMPATH/Database/Postgre/Connection.php on line 187.
 1 [internal function]: CodeIgniter\Debug\Exceptions->errorHandler()
 2 SYSTEMPATH/Database/Postgre/Connection.php(187): pg_query()
 3 SYSTEMPATH/Database/BaseConnection.php(692): CodeIgniter\Database\Postgre\Connection->execute()
 4 SYSTEMPATH/Database/BaseConnection.php(606): CodeIgniter\Database\BaseConnection->simpleQuery()
 5 SYSTEMPATH/Database/BaseBuilder.php(1616): CodeIgniter\Database\BaseConnection->query()
 6 SYSTEMPATH/Model.php(196): CodeIgniter\Database\BaseBuilder->get()
 7 SYSTEMPATH/BaseModel.php(557): CodeIgniter\Model->doFind()
 8 APPPATH/Config/Services.php(32): CodeIgniter\BaseModel->find()
 9 SYSTEMPATH/Config/BaseService.php(193): Config\Services::login()
10 APPPATH/Config/Services.php(29): CodeIgniter\Config\BaseService::getSharedInstance()
11 APPPATH/Controllers/User.php(22): Config\Services::login()
12 SYSTEMPATH/CodeIgniter.php(905): App\Controllers\User->initController()
13 SYSTEMPATH/CodeIgniter.php(488): CodeIgniter\CodeIgniter->createController()
14 SYSTEMPATH/CodeIgniter.php(366): CodeIgniter\CodeIgniter->handleRequest()
15 FCPATH/index.php(72): CodeIgniter\CodeIgniter->run()
INFO - 2023-08-31 15:55:35 --> Session: Class initialized using 'CodeIgniter\Session\Handlers\FileHandler' driver.
CRITICAL - 2023-08-31 15:55:36 --> session_destroy(): Trying to destroy uninitialized session
in SYSTEMPATH/Session/Session.php on line 449.
 1 [internal function]: CodeIgniter\Debug\Exceptions->errorHandler()
 2 SYSTEMPATH/Session/Session.php(449): session_destroy()
 3 APPPATH/Controllers/User.php(40): CodeIgniter\Session\Session->destroy()
 4 APPPATH/Controllers/User.php(23): App\Controllers\User->logout()
 5 SYSTEMPATH/CodeIgniter.php(905): App\Controllers\User->initController()
 6 SYSTEMPATH/CodeIgniter.php(488): CodeIgniter\CodeIgniter->createController()
 7 SYSTEMPATH/CodeIgniter.php(366): CodeIgniter\CodeIgniter->handleRequest()
 8 FCPATH/index.php(72): CodeIgniter\CodeIgniter->run()
INFO - 2023-08-31 15:55:39 --> Session: Class initialized using 'CodeIgniter\Session\Handlers\FileHandler' driver.
INFO - 2023-08-31 15:55:51 --> Session: Class initialized using 'CodeIgniter\Session\Handlers\FileHandler' driver.
INFO - 2023-08-31 15:55:51 --> Session: Class initialized using 'CodeIgniter\Session\Handlers\FileHandler' driver.
INFO - 2023-08-31 15:56:00 --> Session: Class initialized using 'CodeIgniter\Session\Handlers\FileHandler' driver.
INFO - 2023-08-31 15:56:04 --> Session: Class initialized using 'CodeIgniter\Session\Handlers\FileHandler' driver.
INFO - 2023-08-31 15:56:06 --> Session: Class initialized using 'CodeIgniter\Session\Handlers\FileHandler' driver.
INFO - 2023-08-31 15:56:21 --> Session: Class initialized using 'CodeIgniter\Session\Handlers\FileHandler' driver.
INFO - 2023-08-31 15:56:24 --> Session: Class initialized using 'CodeIgniter\Session\Handlers\FileHandler' driver.
INFO - 2023-08-31 15:56:35 --> Session: Class initialized using 'CodeIgniter\Session\Handlers\FileHandler' driver.
INFO - 2023-08-31 15:56:35 --> Session: Class initialized using 'CodeIgniter\Session\Handlers\FileHandler' driver.
INFO - 2023-08-31 15:56:38 --> Session: Class initialized using 'CodeIgniter\Session\Handlers\FileHandler' driver.
INFO - 2023-08-31 15:56:42 --> Session: Class initialized using 'CodeIgniter\Session\Handlers\FileHandler' driver.
INFO - 2023-08-31 15:56:42 --> Session: Class initialized using 'CodeIgniter\Session\Handlers\FileHandler' driver.
INFO - 2023-08-31 15:57:18 --> Session: Class initialized using 'CodeIgniter\Session\Handlers\FileHandler' driver.
INFO - 2023-08-31 15:57:48 --> Session: Class initialized using 'CodeIgniter\Session\Handlers\FileHandler' driver.
INFO - 2023-08-31 15:57:49 --> Session: Class initialized using 'CodeIgniter\Session\Handlers\FileHandler' driver.
INFO - 2023-08-31 16:05:12 --> Session: Class initialized using 'CodeIgniter\Session\Handlers\FileHandler' driver.
INFO - 2023-08-31 16:06:02 --> Session: Class initialized using 'CodeIgniter\Session\Handlers\FileHandler' driver.
INFO - 2023-08-31 16:06:04 --> Session: Class initialized using 'CodeIgniter\Session\Handlers\FileHandler' driver.
INFO - 2023-08-31 16:06:15 --> Session: Class initialized using 'CodeIgniter\Session\Handlers\FileHandler' driver.
INFO - 2023-08-31 16:06:15 --> Session: Class initialized using 'CodeIgniter\Session\Handlers\FileHandler' driver.
INFO - 2023-08-31 16:06:19 --> Session: Class initialized using 'CodeIgniter\Session\Handlers\FileHandler' driver.
INFO - 2023-08-31 16:06:19 --> Session: Class initialized using 'CodeIgniter\Session\Handlers\FileHandler' driver.
INFO - 2023-08-31 16:12:39 --> Session: Class initialized using 'CodeIgniter\Session\Handlers\FileHandler' driver.
INFO - 2023-08-31 16:12:49 --> Session: Class initialized using 'CodeIgniter\Session\Handlers\FileHandler' driver.
CRITICAL - 2023-08-31 16:12:49 --> Call to a member function query() on null
in APPPATH/Models/UserModel.php on line 87.
 1 APPPATH/Controllers/Home.php(39): App\Models\UserModel->usuarios()
 2 SYSTEMPATH/CodeIgniter.php(932): App\Controllers\Home->login()
 3 SYSTEMPATH/CodeIgniter.php(497): CodeIgniter\CodeIgniter->runController()
 4 SYSTEMPATH/CodeIgniter.php(366): CodeIgniter\CodeIgniter->handleRequest()
 5 FCPATH/index.php(72): CodeIgniter\CodeIgniter->run()
INFO - 2023-08-31 16:13:06 --> Session: Class initialized using 'CodeIgniter\Session\Handlers\FileHandler' driver.
INFO - 2023-08-31 16:13:07 --> Session: Class initialized using 'CodeIgniter\Session\Handlers\FileHandler' driver.
INFO - 2023-08-31 16:13:11 --> Session: Class initialized using 'CodeIgniter\Session\Handlers\FileHandler' driver.
INFO - 2023-08-31 16:13:12 --> Session: Class initialized using 'CodeIgniter\Session\Handlers\FileHandler' driver.
INFO - 2023-08-31 20:19:50 --> Session: Class initialized using 'CodeIgniter\Session\Handlers\FileHandler' driver.
INFO - 2023-08-31 20:19:53 --> Session: Class initialized using 'CodeIgniter\Session\Handlers\FileHandler' driver.
INFO - 2023-08-31 20:19:56 --> Session: Class initialized using 'CodeIgniter\Session\Handlers\FileHandler' driver.
INFO - 2023-08-31 20:31:42 --> Session: Class initialized using 'CodeIgniter\Session\Handlers\FileHandler' driver.
INFO - 2023-08-31 20:31:45 --> Session: Class initialized using 'CodeIgniter\Session\Handlers\FileHandler' driver.
INFO - 2023-08-31 20:31:52 --> Session: Class initialized using 'CodeIgniter\Session\Handlers\FileHandler' driver.
CRITICAL - 2023-08-31 20:31:52 --> Call to a member function query() on null
in APPPATH/Models/UserModel.php on line 87.
 1 APPPATH/Controllers/Home.php(39): App\Models\UserModel->usuarios()
 2 SYSTEMPATH/CodeIgniter.php(932): App\Controllers\Home->login()
 3 SYSTEMPATH/CodeIgniter.php(497): CodeIgniter\CodeIgniter->runController()
 4 SYSTEMPATH/CodeIgniter.php(366): CodeIgniter\CodeIgniter->handleRequest()
 5 FCPATH/index.php(72): CodeIgniter\CodeIgniter->run()
INFO - 2023-08-31 20:38:31 --> Session: Class initialized using 'CodeIgniter\Session\Handlers\FileHandler' driver.
CRITICAL - 2023-08-31 20:38:31 --> Undefined variable $oracle
in SYSTEMPATH/Model.php on line 158.
 1 SYSTEMPATH/Model.php(158): CodeIgniter\Debug\Exceptions->errorHandler()
 2 APPPATH/Controllers/Home.php(39): CodeIgniter\Model->__construct()
 3 SYSTEMPATH/CodeIgniter.php(932): App\Controllers\Home->login()
 4 SYSTEMPATH/CodeIgniter.php(497): CodeIgniter\CodeIgniter->runController()
 5 SYSTEMPATH/CodeIgniter.php(366): CodeIgniter\CodeIgniter->handleRequest()
 6 FCPATH/index.php(72): CodeIgniter\CodeIgniter->run()
INFO - 2023-08-31 20:38:42 --> Session: Class initialized using 'CodeIgniter\Session\Handlers\FileHandler' driver.
CRITICAL - 2023-08-31 20:38:42 --> Undefined constant "CodeIgniter\Database\OCI8\OCI_COMMIT_ON_SUCCESS"
in SYSTEMPATH/Database/Database.php on line 137.
 1 SYSTEMPATH/Database/Database.php(55): CodeIgniter\Database\Database->initDriver()
 2 SYSTEMPATH/Database/Config.php(82): CodeIgniter\Database\Database->load()
 3 SYSTEMPATH/Model.php(158): CodeIgniter\Database\Config::connect()
 4 APPPATH/Controllers/Home.php(39): CodeIgniter\Model->__construct()
 5 SYSTEMPATH/CodeIgniter.php(932): App\Controllers\Home->login()
 6 SYSTEMPATH/CodeIgniter.php(497): CodeIgniter\CodeIgniter->runController()
 7 SYSTEMPATH/CodeIgniter.php(366): CodeIgniter\CodeIgniter->handleRequest()
 8 FCPATH/index.php(72): CodeIgniter\CodeIgniter->run()
